[0.020s] Invoking command in '/home/robot/beka_gau/build/nav2_util': AMENT_PREFIX_PATH=/home/robot/beka_gau/install/nav2_msgs:/home/robot/beka_gau/install/nav2_common:${AMENT_PREFIX_PATH} CMAKE_PREFIX_PATH=/home/robot/beka_gau/install/nav2_msgs:/home/robot/beka_gau/install/nav2_common:/home/robot/beka_gau/install/wheelchair_description:/opt/ros/humble LD_LIBRARY_PATH=/home/robot/beka_gau/install/nav2_msgs/lib:${LD_LIBRARY_PATH} PYTHONPATH=/home/robot/beka_gau/install/nav2_msgs/local/lib/python3.10/dist-packages:/home/robot/beka_gau/install/nav2_common/local/lib/python3.10/dist-packages:${PYTHONPATH} /usr/bin/cmake /home/robot/beka_gau/src/ros-planning/navigation2/nav2_util -DCMAKE_INSTALL_PREFIX=/home/robot/beka_gau/install/nav2_util
[0.122s] -- The C compiler identification is GNU 11.4.0
[0.227s] -- The CXX compiler identification is GNU 11.4.0
[0.236s] -- Detecting C compiler ABI info
[0.364s] -- Detecting C compiler ABI info - done
[0.385s] -- Check for working C compiler: /usr/bin/cc - skipped
[0.386s] -- Detecting C compile features
[0.387s] -- Detecting C compile features - done
[0.394s] -- Detecting CXX compiler ABI info
[0.540s] -- Detecting CXX compiler ABI info - done
[0.555s] -- Check for working CXX compiler: /usr/bin/c++ - skipped
[0.555s] -- Detecting CXX compile features
[0.556s] -- Detecting CXX compile features - done
[0.563s] -- Found ament_cmake: 1.3.11 (/opt/ros/humble/share/ament_cmake/cmake)
[0.876s] -- Found Python3: /usr/bin/python3 (found version "3.10.12") found components: Interpreter 
[1.064s] -- Found nav2_common: 1.0.12 (/home/robot/beka_gau/install/nav2_common/share/nav2_common/cmake)
[1.064s] -- Found nav2_msgs: 1.0.12 (/home/robot/beka_gau/install/nav2_msgs/share/nav2_msgs/cmake)
[1.128s] -- Found rosidl_generator_c: 3.1.6 (/opt/ros/humble/share/rosidl_generator_c/cmake)
[1.141s] -- Found rosidl_adapter: 3.1.6 (/opt/ros/humble/share/rosidl_adapter/cmake)
[1.159s] -- Found rosidl_generator_cpp: 3.1.6 (/opt/ros/humble/share/rosidl_generator_cpp/cmake)
[1.180s] -- Using all available rosidl_typesupport_c: rosidl_typesupport_fastrtps_c;rosidl_typesupport_introspection_c
[1.213s] -- Using all available rosidl_typesupport_cpp: rosidl_typesupport_fastrtps_cpp;rosidl_typesupport_introspection_cpp
[1.431s] -- Found tf2_ros: 0.25.12 (/opt/ros/humble/share/tf2_ros/cmake)
[1.616s] -- Found rmw_implementation_cmake: 6.1.2 (/opt/ros/humble/share/rmw_implementation_cmake/cmake)
[1.621s] -- Found rmw_fastrtps_cpp: 6.2.7 (/opt/ros/humble/share/rmw_fastrtps_cpp/cmake)
[1.792s] -- Found OpenSSL: /usr/lib/x86_64-linux-gnu/libcrypto.so (found version "3.0.2")  
[1.861s] -- Found FastRTPS: /opt/ros/humble/include  
[1.942s] -- Using RMW implementation 'rmw_fastrtps_cpp' as default
[1.962s] -- Looking for pthread.h
[2.095s] -- Looking for pthread.h - found
[2.096s] -- Performing Test CMAKE_HAVE_LIBC_PTHREAD
[2.218s] -- Performing Test CMAKE_HAVE_LIBC_PTHREAD - Success
[2.219s] -- Found Threads: TRUE  
[2.389s] -- Found tf2_geometry_msgs: 0.25.12 (/opt/ros/humble/share/tf2_geometry_msgs/cmake)
[2.416s] -- Found eigen3_cmake_module: 0.1.1 (/opt/ros/humble/share/eigen3_cmake_module/cmake)
[2.419s] -- Found Eigen3: TRUE (found version "3.4.0") 
[2.419s] -- Ensuring Eigen3 include directory is part of orocos-kdl CMake target
[2.424s] -- Found lifecycle_msgs: 1.2.1 (/opt/ros/humble/share/lifecycle_msgs/cmake)
[2.457s] -- Found rclcpp_lifecycle: 16.0.11 (/opt/ros/humble/share/rclcpp_lifecycle/cmake)
[2.481s] -- Found bondcpp: 4.1.2 (/opt/ros/humble/share/bondcpp/cmake)
[2.532s] -- Setting build type to Release as none was specified.
[2.557s] -- Found Boost: /usr/lib/x86_64-linux-gnu/cmake/Boost-1.74.0/BoostConfig.cmake (found version "1.74.0") found components: program_options 
[2.566s] -- Found ament_lint_auto: 0.12.11 (/opt/ros/humble/share/ament_lint_auto/cmake)
[2.569s] -- Found ament_cmake_pytest: 1.3.11 (/opt/ros/humble/share/ament_cmake_pytest/cmake)
[2.574s] -- Found launch_testing_ament_cmake: 1.0.7 (/opt/ros/humble/share/launch_testing_ament_cmake/cmake)
[2.578s] -- Found python_cmake_module: 0.10.0 (/opt/ros/humble/share/python_cmake_module/cmake)
[2.634s] -- Found PythonInterp: /usr/bin/python3 (found suitable version "3.10.12", minimum required is "3.6") 
[2.647s] -- Found PythonLibs: /usr/lib/x86_64-linux-gnu/libpython3.10.so (found suitable version "3.10.12", minimum required is "3.5") 
[2.647s] -- Using PYTHON_EXECUTABLE: /usr/bin/python3
[2.648s] -- Using PYTHON_INCLUDE_DIRS: /usr/include/python3.10
[2.648s] -- Using PYTHON_LIBRARIES: /usr/lib/x86_64-linux-gnu/libpython3.10.so
[2.698s] -- Found PythonExtra: .so  
[2.970s] -- Found gtest sources under '/opt/ros/humble/src/gtest_vendor': C++ tests using 'Google Test' will be built
[2.996s] [31mCMake Error at test/CMakeLists.txt:7 (find_package):
[2.997s]   By not providing "Findtest_msgs.cmake" in CMAKE_MODULE_PATH this project
[2.997s]   has asked CMake to find a package configuration file provided by
[2.997s]   "test_msgs", but CMake did not find one.
[2.997s] 
[2.998s]   Could not find a package configuration file provided by "test_msgs" with
[2.999s]   any of the following names:
[2.999s] 
[2.999s]     test_msgsConfig.cmake
[2.999s]     test_msgs-config.cmake
[3.000s] 
[3.000s]   Add the installation prefix of "test_msgs" to CMAKE_PREFIX_PATH or set
[3.000s]   "test_msgs_DIR" to a directory containing one of the above files.  If
[3.000s]   "test_msgs" provides a separate development package or SDK, be sure it has
[3.001s]   been installed.
[3.001s] 
[3.002s] [0m
[3.003s] -- Configuring incomplete, errors occurred!
[3.003s] See also "/home/robot/beka_gau/build/nav2_util/CMakeFiles/CMakeOutput.log".
[3.022s] Invoked command in '/home/robot/beka_gau/build/nav2_util' returned '1': AMENT_PREFIX_PATH=/home/robot/beka_gau/install/nav2_msgs:/home/robot/beka_gau/install/nav2_common:${AMENT_PREFIX_PATH} CMAKE_PREFIX_PATH=/home/robot/beka_gau/install/nav2_msgs:/home/robot/beka_gau/install/nav2_common:/home/robot/beka_gau/install/wheelchair_description:/opt/ros/humble LD_LIBRARY_PATH=/home/robot/beka_gau/install/nav2_msgs/lib:${LD_LIBRARY_PATH} PYTHONPATH=/home/robot/beka_gau/install/nav2_msgs/local/lib/python3.10/dist-packages:/home/robot/beka_gau/install/nav2_common/local/lib/python3.10/dist-packages:${PYTHONPATH} /usr/bin/cmake /home/robot/beka_gau/src/ros-planning/navigation2/nav2_util -DCMAKE_INSTALL_PREFIX=/home/robot/beka_gau/install/nav2_util
