[0.016s] Invoking command in '/home/robot/beka_gau/build/aws_robomaker_small_warehouse_world': CMAKE_PREFIX_PATH=/opt/ros/humble /usr/bin/cmake --build /home/robot/beka_gau/build/aws_robomaker_small_warehouse_world -- -j12 -l12
[0.040s] -- Found ament_cmake: 1.3.11 (/opt/ros/humble/share/ament_cmake/cmake)
[0.171s] [31mCMake Error at CMakeLists.txt:11 (find_package):
[0.172s]   By not providing "Findgazebo_ros.cmake" in CMAKE_MODULE_PATH this project
[0.172s]   has asked CMake to find a package configuration file provided by
[0.172s]   "gazebo_ros", but CMake did not find one.
[0.172s] 
[0.172s]   Could not find a package configuration file provided by "gazebo_ros" with
[0.172s]   any of the following names:
[0.172s] 
[0.172s]     gazebo_rosConfig.cmake
[0.172s]     gazebo_ros-config.cmake
[0.172s] 
[0.172s]   Add the installation prefix of "gazebo_ros" to CMAKE_PREFIX_PATH or set
[0.172s]   "gazebo_ros_DIR" to a directory containing one of the above files.  If
[0.172s]   "gazebo_ros" provides a separate development package or SDK, be sure it has
[0.172s]   been installed.
[0.172s] 
[0.172s] [0m
[0.172s] -- Configuring incomplete, errors occurred!
[0.172s] See also "/home/robot/beka_gau/build/aws_robomaker_small_warehouse_world/CMakeFiles/CMakeOutput.log".
[0.175s] gmake: *** [Makefile:226: cmake_check_build_system] Error 1
[0.177s] Invoked command in '/home/robot/beka_gau/build/aws_robomaker_small_warehouse_world' returned '2': CMAKE_PREFIX_PATH=/opt/ros/humble /usr/bin/cmake --build /home/robot/beka_gau/build/aws_robomaker_small_warehouse_world -- -j12 -l12
