[0.613s] Invoking command in '/home/robot/beka_gau/src/my_python_pkg': PYTHONPATH=/home/robot/beka_gau/build/my_python_pkg/prefix_override:/usr/lib/python3/dist-packages/colcon_core/task/python/colcon_distutils_commands:/home/robot/beka_gau/install/my_python_pkg/lib/python3.10/site-packages:${PYTHONPATH} /usr/bin/python3 -W ignore:setup.py install is deprecated -W ignore:easy_install command is deprecated setup.py egg_info --egg-base ../../build/my_python_pkg build --build-base /home/robot/beka_gau/build/my_python_pkg/build install --record /home/robot/beka_gau/build/my_python_pkg/install.log --single-version-externally-managed install_data
[0.843s] running egg_info
[0.843s] writing ../../build/my_python_pkg/my_python_pkg.egg-info/PKG-INFO
[0.843s] writing dependency_links to ../../build/my_python_pkg/my_python_pkg.egg-info/dependency_links.txt
[0.844s] writing entry points to ../../build/my_python_pkg/my_python_pkg.egg-info/entry_points.txt
[0.844s] writing requirements to ../../build/my_python_pkg/my_python_pkg.egg-info/requires.txt
[0.844s] writing top-level names to ../../build/my_python_pkg/my_python_pkg.egg-info/top_level.txt
[0.845s] reading manifest file '../../build/my_python_pkg/my_python_pkg.egg-info/SOURCES.txt'
[0.846s] writing manifest file '../../build/my_python_pkg/my_python_pkg.egg-info/SOURCES.txt'
[0.846s] running build
[0.846s] running build_py
[0.846s] running install
[0.846s] running install_lib
[0.847s] running install_data
[0.848s] running install_egg_info
[0.849s] removing '/home/robot/beka_gau/install/my_python_pkg/lib/python3.10/site-packages/my_python_pkg-0.0.0-py3.10.egg-info' (and everything under it)
[0.849s] Copying ../../build/my_python_pkg/my_python_pkg.egg-info to /home/robot/beka_gau/install/my_python_pkg/lib/python3.10/site-packages/my_python_pkg-0.0.0-py3.10.egg-info
[0.850s] running install_scripts
[0.868s] Installing udp_twist script to /home/robot/beka_gau/install/my_python_pkg/lib/my_python_pkg
[0.868s] writing list of installed files to '/home/robot/beka_gau/build/my_python_pkg/install.log'
[0.886s] Invoked command in '/home/robot/beka_gau/src/my_python_pkg' returned '0': PYTHONPATH=/home/robot/beka_gau/build/my_python_pkg/prefix_override:/usr/lib/python3/dist-packages/colcon_core/task/python/colcon_distutils_commands:/home/robot/beka_gau/install/my_python_pkg/lib/python3.10/site-packages:${PYTHONPATH} /usr/bin/python3 -W ignore:setup.py install is deprecated -W ignore:easy_install command is deprecated setup.py egg_info --egg-base ../../build/my_python_pkg build --build-base /home/robot/beka_gau/build/my_python_pkg/build install --record /home/robot/beka_gau/build/my_python_pkg/install.log --single-version-externally-managed install_data
