[0.437s] DEBUG:colcon:Command line arguments: ['/usr/bin/colcon', 'build']
[0.437s] DEBUG:colcon:Parsed command line arguments: Namespace(log_base=None, log_level=None, verb_name='build', build_base='build', install_base='install', merge_install=False, symlink_install=False, test_result_base=None, continue_on_error=False, executor='parallel', parallel_workers=12, event_handlers=None, ignore_user_meta=False, metas=['./colcon.meta'], base_paths=['.'], packages_ignore=None, packages_ignore_regex=None, paths=None, packages_up_to=None, packages_up_to_regex=None, packages_above=None, packages_above_and_dependencies=None, packages_above_depth=None, packages_select_by_dep=None, packages_skip_by_dep=None, packages_skip_up_to=None, packages_select_build_failed=False, packages_skip_build_finished=False, packages_select_test_failures=False, packages_skip_test_passed=False, packages_select=None, packages_skip=None, packages_select_regex=None, packages_skip_regex=None, packages_start=None, packages_end=None, allow_overriding=[], cmake_args=None, cmake_target=None, cmake_target_skip_unavailable=False, cmake_clean_cache=False, cmake_clean_first=False, cmake_force_configure=False, ament_cmake_args=None, catkin_cmake_args=None, catkin_skip_building_tests=False, mixin_files=None, mixin=None, verb_parser=<colcon_mixin.mixin.mixin_argument.MixinArgumentDecorator object at 0x7274a8b52740>, verb_extension=<colcon_core.verb.build.BuildVerb object at 0x7274a8b52290>, main=<bound method BuildVerb.main of <colcon_core.verb.build.BuildVerb object at 0x7274a8b52290>>, mixin_verb=('build',))
[0.785s] Level 1:colcon.colcon_core.package_discovery:discover_packages(colcon_meta) check parameters
[0.785s] Level 1:colcon.colcon_core.package_discovery:discover_packages(recursive) check parameters
[0.785s] Level 1:colcon.colcon_core.package_discovery:discover_packages(ignore) check parameters
[0.785s] Level 1:colcon.colcon_core.package_discovery:discover_packages(path) check parameters
[0.785s] Level 1:colcon.colcon_core.package_discovery:discover_packages(colcon_meta) discover
[0.785s] Level 1:colcon.colcon_core.package_discovery:discover_packages(recursive) discover
[0.785s] INFO:colcon.colcon_core.package_discovery:Crawling recursively for packages in '/home/robot/beka_gau'
[0.785s] Level 1:colcon.colcon_core.package_identification:_identify(.) by extensions ['ignore', 'ignore_ament_install']
[0.785s] Level 1:colcon.colcon_core.package_identification:_identify(.) by extension 'ignore'
[0.785s] Level 1:colcon.colcon_core.package_identification:_identify(.) by extension 'ignore_ament_install'
[0.785s] Level 1:colcon.colcon_core.package_identification:_identify(.) by extensions ['colcon_pkg']
[0.785s] Level 1:colcon.colcon_core.package_identification:_identify(.) by extension 'colcon_pkg'
[0.785s] Level 1:colcon.colcon_core.package_identification:_identify(.) by extensions ['colcon_meta']
[0.785s] Level 1:colcon.colcon_core.package_identification:_identify(.) by extension 'colcon_meta'
[0.785s] Level 1:colcon.colcon_core.package_identification:_identify(.) by extensions ['ros']
[0.786s] Level 1:colcon.colcon_core.package_identification:_identify(.) by extension 'ros'
[0.799s] Level 1:colcon.colcon_core.package_identification:_identify(.) by extensions ['cmake', 'python']
[0.800s] Level 1:colcon.colcon_core.package_identification:_identify(.) by extension 'cmake'
[0.800s] Level 1:colcon.colcon_core.package_identification:_identify(.) by extension 'python'
[0.800s] Level 1:colcon.colcon_core.package_identification:_identify(.) by extensions ['python_setup_py']
[0.800s] Level 1:colcon.colcon_core.package_identification:_identify(.) by extension 'python_setup_py'
[0.800s] Level 1:colcon.colcon_core.package_identification:_identify(build) by extensions ['ignore', 'ignore_ament_install']
[0.800s] Level 1:colcon.colcon_core.package_identification:_identify(build) by extension 'ignore'
[0.800s] Level 1:colcon.colcon_core.package_identification:_identify(build) ignored
[0.800s] Level 1:colcon.colcon_core.package_identification:_identify(install) by extensions ['ignore', 'ignore_ament_install']
[0.800s] Level 1:colcon.colcon_core.package_identification:_identify(install) by extension 'ignore'
[0.800s] Level 1:colcon.colcon_core.package_identification:_identify(install) ignored
[0.800s] Level 1:colcon.colcon_core.package_identification:_identify(log) by extensions ['ignore', 'ignore_ament_install']
[0.800s] Level 1:colcon.colcon_core.package_identification:_identify(log) by extension 'ignore'
[0.800s] Level 1:colcon.colcon_core.package_identification:_identify(log) ignored
[0.801s] Level 1:colcon.colcon_core.package_identification:_identify(src) by extensions ['ignore', 'ignore_ament_install']
[0.801s] Level 1:colcon.colcon_core.package_identification:_identify(src) by extension 'ignore'
[0.801s] Level 1:colcon.colcon_core.package_identification:_identify(src) by extension 'ignore_ament_install'
[0.801s] Level 1:colcon.colcon_core.package_identification:_identify(src) by extensions ['colcon_pkg']
[0.801s] Level 1:colcon.colcon_core.package_identification:_identify(src) by extension 'colcon_pkg'
[0.801s] Level 1:colcon.colcon_core.package_identification:_identify(src) by extensions ['colcon_meta']
[0.801s] Level 1:colcon.colcon_core.package_identification:_identify(src) by extension 'colcon_meta'
[0.801s] Level 1:colcon.colcon_core.package_identification:_identify(src) by extensions ['ros']
[0.801s] Level 1:colcon.colcon_core.package_identification:_identify(src) by extension 'ros'
[0.801s] Level 1:colcon.colcon_core.package_identification:_identify(src) by extensions ['cmake', 'python']
[0.801s] Level 1:colcon.colcon_core.package_identification:_identify(src) by extension 'cmake'
[0.801s] Level 1:colcon.colcon_core.package_identification:_identify(src) by extension 'python'
[0.801s] Level 1:colcon.colcon_core.package_identification:_identify(src) by extensions ['python_setup_py']
[0.801s] Level 1:colcon.colcon_core.package_identification:_identify(src) by extension 'python_setup_py'
[0.802s] Level 1:colcon.colcon_core.package_identification:_identify(src/aws-robotics) by extensions ['ignore', 'ignore_ament_install']
[0.803s] Level 1:colcon.colcon_core.package_identification:_identify(src/aws-robotics) by extension 'ignore'
[0.803s] Level 1:colcon.colcon_core.package_identification:_identify(src/aws-robotics) by extension 'ignore_ament_install'
[0.803s] Level 1:colcon.colcon_core.package_identification:_identify(src/aws-robotics) by extensions ['colcon_pkg']
[0.803s] Level 1:colcon.colcon_core.package_identification:_identify(src/aws-robotics) by extension 'colcon_pkg'
[0.803s] Level 1:colcon.colcon_core.package_identification:_identify(src/aws-robotics) by extensions ['colcon_meta']
[0.803s] Level 1:colcon.colcon_core.package_identification:_identify(src/aws-robotics) by extension 'colcon_meta'
[0.803s] Level 1:colcon.colcon_core.package_identification:_identify(src/aws-robotics) by extensions ['ros']
[0.803s] Level 1:colcon.colcon_core.package_identification:_identify(src/aws-robotics) by extension 'ros'
[0.803s] Level 1:colcon.colcon_core.package_identification:_identify(src/aws-robotics) by extensions ['cmake', 'python']
[0.803s] Level 1:colcon.colcon_core.package_identification:_identify(src/aws-robotics) by extension 'cmake'
[0.803s] Level 1:colcon.colcon_core.package_identification:_identify(src/aws-robotics) by extension 'python'
[0.803s] Level 1:colcon.colcon_core.package_identification:_identify(src/aws-robotics) by extensions ['python_setup_py']
[0.803s] Level 1:colcon.colcon_core.package_identification:_identify(src/aws-robotics) by extension 'python_setup_py'
[0.803s] Level 1:colcon.colcon_core.package_identification:_identify(src/aws-robotics/aws-robomaker-small-warehouse-world) by extensions ['ignore', 'ignore_ament_install']
[0.803s] Level 1:colcon.colcon_core.package_identification:_identify(src/aws-robotics/aws-robomaker-small-warehouse-world) by extension 'ignore'
[0.803s] Level 1:colcon.colcon_core.package_identification:_identify(src/aws-robotics/aws-robomaker-small-warehouse-world) by extension 'ignore_ament_install'
[0.803s] Level 1:colcon.colcon_core.package_identification:_identify(src/aws-robotics/aws-robomaker-small-warehouse-world) by extensions ['colcon_pkg']
[0.803s] Level 1:colcon.colcon_core.package_identification:_identify(src/aws-robotics/aws-robomaker-small-warehouse-world) by extension 'colcon_pkg'
[0.803s] Level 1:colcon.colcon_core.package_identification:_identify(src/aws-robotics/aws-robomaker-small-warehouse-world) by extensions ['colcon_meta']
[0.804s] Level 1:colcon.colcon_core.package_identification:_identify(src/aws-robotics/aws-robomaker-small-warehouse-world) by extension 'colcon_meta'
[0.804s] Level 1:colcon.colcon_core.package_identification:_identify(src/aws-robotics/aws-robomaker-small-warehouse-world) by extensions ['ros']
[0.804s] Level 1:colcon.colcon_core.package_identification:_identify(src/aws-robotics/aws-robomaker-small-warehouse-world) by extension 'ros'
[0.809s] DEBUG:colcon.colcon_core.package_identification:Package 'src/aws-robotics/aws-robomaker-small-warehouse-world' with type 'ros.ament_cmake' and name 'aws_robomaker_small_warehouse_world'
[0.809s] Level 1:colcon.colcon_core.package_identification:_identify(src/meshes) by extensions ['ignore', 'ignore_ament_install']
[0.809s] Level 1:colcon.colcon_core.package_identification:_identify(src/meshes) by extension 'ignore'
[0.809s] Level 1:colcon.colcon_core.package_identification:_identify(src/meshes) by extension 'ignore_ament_install'
[0.809s] Level 1:colcon.colcon_core.package_identification:_identify(src/meshes) by extensions ['colcon_pkg']
[0.809s] Level 1:colcon.colcon_core.package_identification:_identify(src/meshes) by extension 'colcon_pkg'
[0.810s] Level 1:colcon.colcon_core.package_identification:_identify(src/meshes) by extensions ['colcon_meta']
[0.810s] Level 1:colcon.colcon_core.package_identification:_identify(src/meshes) by extension 'colcon_meta'
[0.810s] Level 1:colcon.colcon_core.package_identification:_identify(src/meshes) by extensions ['ros']
[0.810s] Level 1:colcon.colcon_core.package_identification:_identify(src/meshes) by extension 'ros'
[0.810s] Level 1:colcon.colcon_core.package_identification:_identify(src/meshes) by extensions ['cmake', 'python']
[0.810s] Level 1:colcon.colcon_core.package_identification:_identify(src/meshes) by extension 'cmake'
[0.810s] Level 1:colcon.colcon_core.package_identification:_identify(src/meshes) by extension 'python'
[0.810s] Level 1:colcon.colcon_core.package_identification:_identify(src/meshes) by extensions ['python_setup_py']
[0.810s] Level 1:colcon.colcon_core.package_identification:_identify(src/meshes) by extension 'python_setup_py'
[0.810s] Level 1:colcon.colcon_core.package_identification:_identify(src/nav2_rosdevday_2021-main) by extensions ['ignore', 'ignore_ament_install']
[0.811s] Level 1:colcon.colcon_core.package_identification:_identify(src/nav2_rosdevday_2021-main) by extension 'ignore'
[0.811s] Level 1:colcon.colcon_core.package_identification:_identify(src/nav2_rosdevday_2021-main) by extension 'ignore_ament_install'
[0.811s] Level 1:colcon.colcon_core.package_identification:_identify(src/nav2_rosdevday_2021-main) by extensions ['colcon_pkg']
[0.811s] Level 1:colcon.colcon_core.package_identification:_identify(src/nav2_rosdevday_2021-main) by extension 'colcon_pkg'
[0.811s] Level 1:colcon.colcon_core.package_identification:_identify(src/nav2_rosdevday_2021-main) by extensions ['colcon_meta']
[0.811s] Level 1:colcon.colcon_core.package_identification:_identify(src/nav2_rosdevday_2021-main) by extension 'colcon_meta'
[0.811s] Level 1:colcon.colcon_core.package_identification:_identify(src/nav2_rosdevday_2021-main) by extensions ['ros']
[0.811s] Level 1:colcon.colcon_core.package_identification:_identify(src/nav2_rosdevday_2021-main) by extension 'ros'
[0.811s] Level 1:colcon.colcon_core.package_identification:_identify(src/nav2_rosdevday_2021-main) by extensions ['cmake', 'python']
[0.811s] Level 1:colcon.colcon_core.package_identification:_identify(src/nav2_rosdevday_2021-main) by extension 'cmake'
[0.811s] Level 1:colcon.colcon_core.package_identification:_identify(src/nav2_rosdevday_2021-main) by extension 'python'
[0.811s] Level 1:colcon.colcon_core.package_identification:_identify(src/nav2_rosdevday_2021-main) by extensions ['python_setup_py']
[0.811s] Level 1:colcon.colcon_core.package_identification:_identify(src/nav2_rosdevday_2021-main) by extension 'python_setup_py'
[0.811s] Level 1:colcon.colcon_core.package_identification:_identify(src/nav2_rosdevday_2021-main/media) by extensions ['ignore', 'ignore_ament_install']
[0.811s] Level 1:colcon.colcon_core.package_identification:_identify(src/nav2_rosdevday_2021-main/media) by extension 'ignore'
[0.811s] Level 1:colcon.colcon_core.package_identification:_identify(src/nav2_rosdevday_2021-main/media) by extension 'ignore_ament_install'
[0.812s] Level 1:colcon.colcon_core.package_identification:_identify(src/nav2_rosdevday_2021-main/media) by extensions ['colcon_pkg']
[0.812s] Level 1:colcon.colcon_core.package_identification:_identify(src/nav2_rosdevday_2021-main/media) by extension 'colcon_pkg'
[0.812s] Level 1:colcon.colcon_core.package_identification:_identify(src/nav2_rosdevday_2021-main/media) by extensions ['colcon_meta']
[0.812s] Level 1:colcon.colcon_core.package_identification:_identify(src/nav2_rosdevday_2021-main/media) by extension 'colcon_meta'
[0.812s] Level 1:colcon.colcon_core.package_identification:_identify(src/nav2_rosdevday_2021-main/media) by extensions ['ros']
[0.812s] Level 1:colcon.colcon_core.package_identification:_identify(src/nav2_rosdevday_2021-main/media) by extension 'ros'
[0.812s] Level 1:colcon.colcon_core.package_identification:_identify(src/nav2_rosdevday_2021-main/media) by extensions ['cmake', 'python']
[0.812s] Level 1:colcon.colcon_core.package_identification:_identify(src/nav2_rosdevday_2021-main/media) by extension 'cmake'
[0.812s] Level 1:colcon.colcon_core.package_identification:_identify(src/nav2_rosdevday_2021-main/media) by extension 'python'
[0.812s] Level 1:colcon.colcon_core.package_identification:_identify(src/nav2_rosdevday_2021-main/media) by extensions ['python_setup_py']
[0.812s] Level 1:colcon.colcon_core.package_identification:_identify(src/nav2_rosdevday_2021-main/media) by extension 'python_setup_py'
[0.812s] Level 1:colcon.colcon_core.package_identification:_identify(src/nav2_rosdevday_2021-main/nav2_rosdevday_2021) by extensions ['ignore', 'ignore_ament_install']
[0.812s] Level 1:colcon.colcon_core.package_identification:_identify(src/nav2_rosdevday_2021-main/nav2_rosdevday_2021) by extension 'ignore'
[0.812s] Level 1:colcon.colcon_core.package_identification:_identify(src/nav2_rosdevday_2021-main/nav2_rosdevday_2021) by extension 'ignore_ament_install'
[0.812s] Level 1:colcon.colcon_core.package_identification:_identify(src/nav2_rosdevday_2021-main/nav2_rosdevday_2021) by extensions ['colcon_pkg']
[0.812s] Level 1:colcon.colcon_core.package_identification:_identify(src/nav2_rosdevday_2021-main/nav2_rosdevday_2021) by extension 'colcon_pkg'
[0.813s] Level 1:colcon.colcon_core.package_identification:_identify(src/nav2_rosdevday_2021-main/nav2_rosdevday_2021) by extensions ['colcon_meta']
[0.813s] Level 1:colcon.colcon_core.package_identification:_identify(src/nav2_rosdevday_2021-main/nav2_rosdevday_2021) by extension 'colcon_meta'
[0.813s] Level 1:colcon.colcon_core.package_identification:_identify(src/nav2_rosdevday_2021-main/nav2_rosdevday_2021) by extensions ['ros']
[0.813s] Level 1:colcon.colcon_core.package_identification:_identify(src/nav2_rosdevday_2021-main/nav2_rosdevday_2021) by extension 'ros'
[0.814s] DEBUG:colcon.colcon_core.package_identification:Package 'src/nav2_rosdevday_2021-main/nav2_rosdevday_2021' with type 'ros.ament_cmake' and name 'nav2_rosdevday_2021'
[0.814s] Level 1:colcon.colcon_core.package_identification:_identify(src/neobotix) by extensions ['ignore', 'ignore_ament_install']
[0.814s] Level 1:colcon.colcon_core.package_identification:_identify(src/neobotix) by extension 'ignore'
[0.814s] Level 1:colcon.colcon_core.package_identification:_identify(src/neobotix) by extension 'ignore_ament_install'
[0.814s] Level 1:colcon.colcon_core.package_identification:_identify(src/neobotix) by extensions ['colcon_pkg']
[0.814s] Level 1:colcon.colcon_core.package_identification:_identify(src/neobotix) by extension 'colcon_pkg'
[0.814s] Level 1:colcon.colcon_core.package_identification:_identify(src/neobotix) by extensions ['colcon_meta']
[0.814s] Level 1:colcon.colcon_core.package_identification:_identify(src/neobotix) by extension 'colcon_meta'
[0.814s] Level 1:colcon.colcon_core.package_identification:_identify(src/neobotix) by extensions ['ros']
[0.814s] Level 1:colcon.colcon_core.package_identification:_identify(src/neobotix) by extension 'ros'
[0.814s] Level 1:colcon.colcon_core.package_identification:_identify(src/neobotix) by extensions ['cmake', 'python']
[0.814s] Level 1:colcon.colcon_core.package_identification:_identify(src/neobotix) by extension 'cmake'
[0.815s] Level 1:colcon.colcon_core.package_identification:_identify(src/neobotix) by extension 'python'
[0.815s] Level 1:colcon.colcon_core.package_identification:_identify(src/neobotix) by extensions ['python_setup_py']
[0.815s] Level 1:colcon.colcon_core.package_identification:_identify(src/neobotix) by extension 'python_setup_py'
[0.815s] Level 1:colcon.colcon_core.package_identification:_identify(src/neobotix/neo_simulation2) by extensions ['ignore', 'ignore_ament_install']
[0.815s] Level 1:colcon.colcon_core.package_identification:_identify(src/neobotix/neo_simulation2) by extension 'ignore'
[0.815s] Level 1:colcon.colcon_core.package_identification:_identify(src/neobotix/neo_simulation2) by extension 'ignore_ament_install'
[0.815s] Level 1:colcon.colcon_core.package_identification:_identify(src/neobotix/neo_simulation2) by extensions ['colcon_pkg']
[0.815s] Level 1:colcon.colcon_core.package_identification:_identify(src/neobotix/neo_simulation2) by extension 'colcon_pkg'
[0.815s] Level 1:colcon.colcon_core.package_identification:_identify(src/neobotix/neo_simulation2) by extensions ['colcon_meta']
[0.815s] Level 1:colcon.colcon_core.package_identification:_identify(src/neobotix/neo_simulation2) by extension 'colcon_meta'
[0.815s] Level 1:colcon.colcon_core.package_identification:_identify(src/neobotix/neo_simulation2) by extensions ['ros']
[0.815s] Level 1:colcon.colcon_core.package_identification:_identify(src/neobotix/neo_simulation2) by extension 'ros'
[0.817s] DEBUG:colcon.colcon_core.package_identification:Package 'src/neobotix/neo_simulation2' with type 'ros.ament_cmake' and name 'neo_simulation2'
[0.818s] Level 1:colcon.colcon_core.package_identification:_identify(src/wheelchair_description) by extensions ['ignore', 'ignore_ament_install']
[0.818s] Level 1:colcon.colcon_core.package_identification:_identify(src/wheelchair_description) by extension 'ignore'
[0.818s] Level 1:colcon.colcon_core.package_identification:_identify(src/wheelchair_description) by extension 'ignore_ament_install'
[0.818s] Level 1:colcon.colcon_core.package_identification:_identify(src/wheelchair_description) by extensions ['colcon_pkg']
[0.818s] Level 1:colcon.colcon_core.package_identification:_identify(src/wheelchair_description) by extension 'colcon_pkg'
[0.818s] Level 1:colcon.colcon_core.package_identification:_identify(src/wheelchair_description) by extensions ['colcon_meta']
[0.818s] Level 1:colcon.colcon_core.package_identification:_identify(src/wheelchair_description) by extension 'colcon_meta'
[0.818s] Level 1:colcon.colcon_core.package_identification:_identify(src/wheelchair_description) by extensions ['ros']
[0.818s] Level 1:colcon.colcon_core.package_identification:_identify(src/wheelchair_description) by extension 'ros'
[0.819s] DEBUG:colcon.colcon_core.package_identification:Package 'src/wheelchair_description' with type 'ros.ament_cmake' and name 'wheelchair_description'
[0.819s] Level 1:colcon.colcon_core.package_discovery:discover_packages(recursive) using defaults
[0.819s] Level 1:colcon.colcon_core.package_discovery:discover_packages(ignore) discover
[0.819s] Level 1:colcon.colcon_core.package_discovery:discover_packages(ignore) using defaults
[0.819s] Level 1:colcon.colcon_core.package_discovery:discover_packages(path) discover
[0.819s] Level 1:colcon.colcon_core.package_discovery:discover_packages(path) using defaults
[0.863s] Level 1:colcon.colcon_core.package_discovery:discover_packages(prefix_path) check parameters
[0.863s] Level 1:colcon.colcon_core.package_discovery:discover_packages(prefix_path) discover
[0.868s] DEBUG:colcon.colcon_installed_package_information.package_discovery:Found 12 installed packages in /home/robot/beka_gau/install
[0.870s] DEBUG:colcon.colcon_installed_package_information.package_discovery:Found 385 installed packages in /opt/ros/humble
[0.872s] Level 1:colcon.colcon_core.package_discovery:discover_packages(prefix_path) using defaults
[0.933s] Level 5:colcon.colcon_core.verb:set package 'aws_robomaker_small_warehouse_world' build argument 'cmake_args' from command line to 'None'
[0.933s] Level 5:colcon.colcon_core.verb:set package 'aws_robomaker_small_warehouse_world' build argument 'cmake_target' from command line to 'None'
[0.933s] Level 5:colcon.colcon_core.verb:set package 'aws_robomaker_small_warehouse_world' build argument 'cmake_target_skip_unavailable' from command line to 'False'
[0.933s] Level 5:colcon.colcon_core.verb:set package 'aws_robomaker_small_warehouse_world' build argument 'cmake_clean_cache' from command line to 'False'
[0.933s] Level 5:colcon.colcon_core.verb:set package 'aws_robomaker_small_warehouse_world' build argument 'cmake_clean_first' from command line to 'False'
[0.933s] Level 5:colcon.colcon_core.verb:set package 'aws_robomaker_small_warehouse_world' build argument 'cmake_force_configure' from command line to 'False'
[0.933s] Level 5:colcon.colcon_core.verb:set package 'aws_robomaker_small_warehouse_world' build argument 'ament_cmake_args' from command line to 'None'
[0.933s] Level 5:colcon.colcon_core.verb:set package 'aws_robomaker_small_warehouse_world' build argument 'catkin_cmake_args' from command line to 'None'
[0.933s] Level 5:colcon.colcon_core.verb:set package 'aws_robomaker_small_warehouse_world' build argument 'catkin_skip_building_tests' from command line to 'False'
[0.933s] DEBUG:colcon.colcon_core.verb:Building package 'aws_robomaker_small_warehouse_world' with the following arguments: {'ament_cmake_args': None, 'build_base': '/home/robot/beka_gau/build/aws_robomaker_small_warehouse_world', 'catkin_cmake_args': None, 'catkin_skip_building_tests': False, 'cmake_args': None, 'cmake_clean_cache': False, 'cmake_clean_first': False, 'cmake_force_configure': False, 'cmake_target': None, 'cmake_target_skip_unavailable': False, 'install_base': '/home/robot/beka_gau/install/aws_robomaker_small_warehouse_world', 'merge_install': False, 'path': '/home/robot/beka_gau/src/aws-robotics/aws-robomaker-small-warehouse-world', 'symlink_install': False, 'test_result_base': None}
[0.933s] Level 5:colcon.colcon_core.verb:set package 'neo_simulation2' build argument 'cmake_args' from command line to 'None'
[0.933s] Level 5:colcon.colcon_core.verb:set package 'neo_simulation2' build argument 'cmake_target' from command line to 'None'
[0.933s] Level 5:colcon.colcon_core.verb:set package 'neo_simulation2' build argument 'cmake_target_skip_unavailable' from command line to 'False'
[0.933s] Level 5:colcon.colcon_core.verb:set package 'neo_simulation2' build argument 'cmake_clean_cache' from command line to 'False'
[0.933s] Level 5:colcon.colcon_core.verb:set package 'neo_simulation2' build argument 'cmake_clean_first' from command line to 'False'
[0.933s] Level 5:colcon.colcon_core.verb:set package 'neo_simulation2' build argument 'cmake_force_configure' from command line to 'False'
[0.933s] Level 5:colcon.colcon_core.verb:set package 'neo_simulation2' build argument 'ament_cmake_args' from command line to 'None'
[0.933s] Level 5:colcon.colcon_core.verb:set package 'neo_simulation2' build argument 'catkin_cmake_args' from command line to 'None'
[0.933s] Level 5:colcon.colcon_core.verb:set package 'neo_simulation2' build argument 'catkin_skip_building_tests' from command line to 'False'
[0.933s] DEBUG:colcon.colcon_core.verb:Building package 'neo_simulation2' with the following arguments: {'ament_cmake_args': None, 'build_base': '/home/robot/beka_gau/build/neo_simulation2', 'catkin_cmake_args': None, 'catkin_skip_building_tests': False, 'cmake_args': None, 'cmake_clean_cache': False, 'cmake_clean_first': False, 'cmake_force_configure': False, 'cmake_target': None, 'cmake_target_skip_unavailable': False, 'install_base': '/home/robot/beka_gau/install/neo_simulation2', 'merge_install': False, 'path': '/home/robot/beka_gau/src/neobotix/neo_simulation2', 'symlink_install': False, 'test_result_base': None}
[0.934s] Level 5:colcon.colcon_core.verb:set package 'wheelchair_description' build argument 'cmake_args' from command line to 'None'
[0.934s] Level 5:colcon.colcon_core.verb:set package 'wheelchair_description' build argument 'cmake_target' from command line to 'None'
[0.934s] Level 5:colcon.colcon_core.verb:set package 'wheelchair_description' build argument 'cmake_target_skip_unavailable' from command line to 'False'
[0.934s] Level 5:colcon.colcon_core.verb:set package 'wheelchair_description' build argument 'cmake_clean_cache' from command line to 'False'
[0.934s] Level 5:colcon.colcon_core.verb:set package 'wheelchair_description' build argument 'cmake_clean_first' from command line to 'False'
[0.934s] Level 5:colcon.colcon_core.verb:set package 'wheelchair_description' build argument 'cmake_force_configure' from command line to 'False'
[0.934s] Level 5:colcon.colcon_core.verb:set package 'wheelchair_description' build argument 'ament_cmake_args' from command line to 'None'
[0.934s] Level 5:colcon.colcon_core.verb:set package 'wheelchair_description' build argument 'catkin_cmake_args' from command line to 'None'
[0.934s] Level 5:colcon.colcon_core.verb:set package 'wheelchair_description' build argument 'catkin_skip_building_tests' from command line to 'False'
[0.934s] DEBUG:colcon.colcon_core.verb:Building package 'wheelchair_description' with the following arguments: {'ament_cmake_args': None, 'build_base': '/home/robot/beka_gau/build/wheelchair_description', 'catkin_cmake_args': None, 'catkin_skip_building_tests': False, 'cmake_args': None, 'cmake_clean_cache': False, 'cmake_clean_first': False, 'cmake_force_configure': False, 'cmake_target': None, 'cmake_target_skip_unavailable': False, 'install_base': '/home/robot/beka_gau/install/wheelchair_description', 'merge_install': False, 'path': '/home/robot/beka_gau/src/wheelchair_description', 'symlink_install': False, 'test_result_base': None}
[0.934s] Level 5:colcon.colcon_core.verb:set package 'nav2_rosdevday_2021' build argument 'cmake_args' from command line to 'None'
[0.934s] Level 5:colcon.colcon_core.verb:set package 'nav2_rosdevday_2021' build argument 'cmake_target' from command line to 'None'
[0.934s] Level 5:colcon.colcon_core.verb:set package 'nav2_rosdevday_2021' build argument 'cmake_target_skip_unavailable' from command line to 'False'
[0.934s] Level 5:colcon.colcon_core.verb:set package 'nav2_rosdevday_2021' build argument 'cmake_clean_cache' from command line to 'False'
[0.934s] Level 5:colcon.colcon_core.verb:set package 'nav2_rosdevday_2021' build argument 'cmake_clean_first' from command line to 'False'
[0.934s] Level 5:colcon.colcon_core.verb:set package 'nav2_rosdevday_2021' build argument 'cmake_force_configure' from command line to 'False'
[0.934s] Level 5:colcon.colcon_core.verb:set package 'nav2_rosdevday_2021' build argument 'ament_cmake_args' from command line to 'None'
[0.934s] Level 5:colcon.colcon_core.verb:set package 'nav2_rosdevday_2021' build argument 'catkin_cmake_args' from command line to 'None'
[0.934s] Level 5:colcon.colcon_core.verb:set package 'nav2_rosdevday_2021' build argument 'catkin_skip_building_tests' from command line to 'False'
[0.934s] DEBUG:colcon.colcon_core.verb:Building package 'nav2_rosdevday_2021' with the following arguments: {'ament_cmake_args': None, 'build_base': '/home/robot/beka_gau/build/nav2_rosdevday_2021', 'catkin_cmake_args': None, 'catkin_skip_building_tests': False, 'cmake_args': None, 'cmake_clean_cache': False, 'cmake_clean_first': False, 'cmake_force_configure': False, 'cmake_target': None, 'cmake_target_skip_unavailable': False, 'install_base': '/home/robot/beka_gau/install/nav2_rosdevday_2021', 'merge_install': False, 'path': '/home/robot/beka_gau/src/nav2_rosdevday_2021-main/nav2_rosdevday_2021', 'symlink_install': False, 'test_result_base': None}
[0.934s] INFO:colcon.colcon_core.executor:Executing jobs using 'parallel' executor
[0.935s] DEBUG:colcon.colcon_parallel_executor.executor.parallel:run_until_complete
[0.935s] INFO:colcon.colcon_ros.task.ament_cmake.build:Building ROS package in '/home/robot/beka_gau/src/aws-robotics/aws-robomaker-small-warehouse-world' with build type 'ament_cmake'
[0.935s] INFO:colcon.colcon_cmake.task.cmake.build:Building CMake package in '/home/robot/beka_gau/src/aws-robotics/aws-robomaker-small-warehouse-world'
[0.943s] INFO:colcon.colcon_core.plugin_system:Skipping extension 'colcon_core.shell.bat': Not used on non-Windows systems
[0.943s] INFO:colcon.colcon_core.shell:Skip shell extension 'powershell' for command environment: Not usable outside of PowerShell
[0.943s] DEBUG:colcon.colcon_core.shell:Skip shell extension 'dsv' for command environment
[0.949s] INFO:colcon.colcon_ros.task.ament_cmake.build:Building ROS package in '/home/robot/beka_gau/src/neobotix/neo_simulation2' with build type 'ament_cmake'
[0.949s] INFO:colcon.colcon_cmake.task.cmake.build:Building CMake package in '/home/robot/beka_gau/src/neobotix/neo_simulation2'
[0.949s] INFO:colcon.colcon_core.shell:Skip shell extension 'powershell' for command environment: Not usable outside of PowerShell
[0.949s] DEBUG:colcon.colcon_core.shell:Skip shell extension 'dsv' for command environment
[0.955s] INFO:colcon.colcon_ros.task.ament_cmake.build:Building ROS package in '/home/robot/beka_gau/src/wheelchair_description' with build type 'ament_cmake'
[0.955s] INFO:colcon.colcon_cmake.task.cmake.build:Building CMake package in '/home/robot/beka_gau/src/wheelchair_description'
[0.956s] INFO:colcon.colcon_core.shell:Skip shell extension 'powershell' for command environment: Not usable outside of PowerShell
[0.956s] DEBUG:colcon.colcon_core.shell:Skip shell extension 'dsv' for command environment
[0.973s] DEBUG:colcon.colcon_core.event_handler.log_command:Invoking command in '/home/robot/beka_gau/build/aws_robomaker_small_warehouse_world': CMAKE_PREFIX_PATH=${CMAKE_PREFIX_PATH}:/home/robot/beka_gau/install/nav2_simple_commander:/home/robot/beka_gau/install/nav2_gazebo_spawner:/opt/ros/humble /usr/bin/cmake --build /home/robot/beka_gau/build/aws_robomaker_small_warehouse_world -- -j12 -l12
[0.981s] DEBUG:colcon.colcon_core.event_handler.log_command:Invoking command in '/home/robot/beka_gau/build/neo_simulation2': CMAKE_PREFIX_PATH=${CMAKE_PREFIX_PATH}:/home/robot/beka_gau/install/nav2_simple_commander:/home/robot/beka_gau/install/nav2_gazebo_spawner:/opt/ros/humble /usr/bin/cmake --build /home/robot/beka_gau/build/neo_simulation2 -- -j12 -l12
[0.984s] DEBUG:colcon.colcon_core.event_handler.log_command:Invoking command in '/home/robot/beka_gau/build/wheelchair_description': CMAKE_PREFIX_PATH=${CMAKE_PREFIX_PATH}:/home/robot/beka_gau/install/nav2_simple_commander:/home/robot/beka_gau/install/nav2_gazebo_spawner:/opt/ros/humble /usr/bin/cmake --build /home/robot/beka_gau/build/wheelchair_description -- -j12 -l12
[1.086s] DEBUG:colcon.colcon_core.event_handler.log_command:Invoked command in '/home/robot/beka_gau/build/neo_simulation2' returned '0': CMAKE_PREFIX_PATH=${CMAKE_PREFIX_PATH}:/home/robot/beka_gau/install/nav2_simple_commander:/home/robot/beka_gau/install/nav2_gazebo_spawner:/opt/ros/humble /usr/bin/cmake --build /home/robot/beka_gau/build/neo_simulation2 -- -j12 -l12
[1.098s] DEBUG:colcon.colcon_core.event_handler.log_command:Invoking command in '/home/robot/beka_gau/build/neo_simulation2': CMAKE_PREFIX_PATH=${CMAKE_PREFIX_PATH}:/home/robot/beka_gau/install/nav2_simple_commander:/home/robot/beka_gau/install/nav2_gazebo_spawner:/opt/ros/humble /usr/bin/cmake --install /home/robot/beka_gau/build/neo_simulation2
[1.099s] DEBUG:colcon.colcon_core.event_handler.log_command:Invoked command in '/home/robot/beka_gau/build/wheelchair_description' returned '0': CMAKE_PREFIX_PATH=${CMAKE_PREFIX_PATH}:/home/robot/beka_gau/install/nav2_simple_commander:/home/robot/beka_gau/install/nav2_gazebo_spawner:/opt/ros/humble /usr/bin/cmake --build /home/robot/beka_gau/build/wheelchair_description -- -j12 -l12
[1.101s] DEBUG:colcon.colcon_core.event_handler.log_command:Invoking command in '/home/robot/beka_gau/build/wheelchair_description': CMAKE_PREFIX_PATH=${CMAKE_PREFIX_PATH}:/home/robot/beka_gau/install/nav2_simple_commander:/home/robot/beka_gau/install/nav2_gazebo_spawner:/opt/ros/humble /usr/bin/cmake --install /home/robot/beka_gau/build/wheelchair_description
[1.120s] Level 1:colcon.colcon_core.environment:create_environment_scripts_only(wheelchair_description)
[1.135s] DEBUG:colcon.colcon_core.event_handler.log_command:Invoked command in '/home/robot/beka_gau/build/wheelchair_description' returned '0': CMAKE_PREFIX_PATH=${CMAKE_PREFIX_PATH}:/home/robot/beka_gau/install/nav2_simple_commander:/home/robot/beka_gau/install/nav2_gazebo_spawner:/opt/ros/humble /usr/bin/cmake --install /home/robot/beka_gau/build/wheelchair_description
[1.145s] Level 1:colcon.colcon_core.environment:checking '/home/robot/beka_gau/install/wheelchair_description' for CMake module files
[1.148s] Level 1:colcon.colcon_core.environment:checking '/home/robot/beka_gau/install/wheelchair_description' for CMake config files
[1.156s] Level 1:colcon.colcon_core.shell:create_environment_hook('wheelchair_description', 'cmake_prefix_path')
[1.157s] INFO:colcon.colcon_core.shell:Creating environment hook '/home/robot/beka_gau/install/wheelchair_description/share/wheelchair_description/hook/cmake_prefix_path.ps1'
[1.159s] INFO:colcon.colcon_core.shell:Creating environment descriptor '/home/robot/beka_gau/install/wheelchair_description/share/wheelchair_description/hook/cmake_prefix_path.dsv'
[1.162s] INFO:colcon.colcon_core.shell:Creating environment hook '/home/robot/beka_gau/install/wheelchair_description/share/wheelchair_description/hook/cmake_prefix_path.sh'
[1.164s] Level 1:colcon.colcon_core.environment:checking '/home/robot/beka_gau/install/wheelchair_description/bin'
[1.165s] Level 1:colcon.colcon_core.environment:checking '/home/robot/beka_gau/install/wheelchair_description/lib/pkgconfig/wheelchair_description.pc'
[1.165s] Level 1:colcon.colcon_core.environment:checking '/home/robot/beka_gau/install/wheelchair_description/lib/python3.10/site-packages'
[1.165s] Level 1:colcon.colcon_core.environment:checking '/home/robot/beka_gau/install/wheelchair_description/bin'
[1.165s] INFO:colcon.colcon_core.shell:Creating package script '/home/robot/beka_gau/install/wheelchair_description/share/wheelchair_description/package.ps1'
[1.168s] INFO:colcon.colcon_core.shell:Creating package descriptor '/home/robot/beka_gau/install/wheelchair_description/share/wheelchair_description/package.dsv'
[1.169s] INFO:colcon.colcon_core.shell:Creating package script '/home/robot/beka_gau/install/wheelchair_description/share/wheelchair_description/package.sh'
[1.171s] INFO:colcon.colcon_core.shell:Creating package script '/home/robot/beka_gau/install/wheelchair_description/share/wheelchair_description/package.bash'
[1.173s] INFO:colcon.colcon_core.shell:Creating package script '/home/robot/beka_gau/install/wheelchair_description/share/wheelchair_description/package.zsh'
[1.175s] Level 1:colcon.colcon_core.environment:create_file_with_runtime_dependencies(/home/robot/beka_gau/install/wheelchair_description/share/colcon-core/packages/wheelchair_description)
[1.177s] Level 1:colcon.colcon_core.environment:create_environment_scripts_only(wheelchair_description)
[1.177s] Level 1:colcon.colcon_core.environment:checking '/home/robot/beka_gau/install/wheelchair_description' for CMake module files
[1.178s] Level 1:colcon.colcon_core.environment:checking '/home/robot/beka_gau/install/wheelchair_description' for CMake config files
[1.178s] Level 1:colcon.colcon_core.shell:create_environment_hook('wheelchair_description', 'cmake_prefix_path')
[1.178s] INFO:colcon.colcon_core.shell:Creating environment hook '/home/robot/beka_gau/install/wheelchair_description/share/wheelchair_description/hook/cmake_prefix_path.ps1'
[1.180s] INFO:colcon.colcon_core.shell:Creating environment descriptor '/home/robot/beka_gau/install/wheelchair_description/share/wheelchair_description/hook/cmake_prefix_path.dsv'
[1.181s] INFO:colcon.colcon_core.shell:Creating environment hook '/home/robot/beka_gau/install/wheelchair_description/share/wheelchair_description/hook/cmake_prefix_path.sh'
[1.182s] Level 1:colcon.colcon_core.environment:checking '/home/robot/beka_gau/install/wheelchair_description/bin'
[1.182s] Level 1:colcon.colcon_core.environment:checking '/home/robot/beka_gau/install/wheelchair_description/lib/pkgconfig/wheelchair_description.pc'
[1.183s] Level 1:colcon.colcon_core.environment:checking '/home/robot/beka_gau/install/wheelchair_description/lib/python3.10/site-packages'
[1.183s] Level 1:colcon.colcon_core.environment:checking '/home/robot/beka_gau/install/wheelchair_description/bin'
[1.183s] INFO:colcon.colcon_core.shell:Creating package script '/home/robot/beka_gau/install/wheelchair_description/share/wheelchair_description/package.ps1'
[1.184s] INFO:colcon.colcon_core.shell:Creating package descriptor '/home/robot/beka_gau/install/wheelchair_description/share/wheelchair_description/package.dsv'
[1.185s] INFO:colcon.colcon_core.shell:Creating package script '/home/robot/beka_gau/install/wheelchair_description/share/wheelchair_description/package.sh'
[1.187s] INFO:colcon.colcon_core.shell:Creating package script '/home/robot/beka_gau/install/wheelchair_description/share/wheelchair_description/package.bash'
[1.187s] INFO:colcon.colcon_core.shell:Creating package script '/home/robot/beka_gau/install/wheelchair_description/share/wheelchair_description/package.zsh'
[1.189s] Level 1:colcon.colcon_core.environment:create_file_with_runtime_dependencies(/home/robot/beka_gau/install/wheelchair_description/share/colcon-core/packages/wheelchair_description)
[1.190s] DEBUG:colcon.colcon_core.event_handler.log_command:Invoked command in '/home/robot/beka_gau/build/aws_robomaker_small_warehouse_world' returned '0': CMAKE_PREFIX_PATH=${CMAKE_PREFIX_PATH}:/home/robot/beka_gau/install/nav2_simple_commander:/home/robot/beka_gau/install/nav2_gazebo_spawner:/opt/ros/humble /usr/bin/cmake --build /home/robot/beka_gau/build/aws_robomaker_small_warehouse_world -- -j12 -l12
[1.193s] DEBUG:colcon.colcon_core.event_handler.log_command:Invoking command in '/home/robot/beka_gau/build/aws_robomaker_small_warehouse_world': CMAKE_PREFIX_PATH=${CMAKE_PREFIX_PATH}:/home/robot/beka_gau/install/nav2_simple_commander:/home/robot/beka_gau/install/nav2_gazebo_spawner:/opt/ros/humble /usr/bin/cmake --install /home/robot/beka_gau/build/aws_robomaker_small_warehouse_world
[1.193s] Level 1:colcon.colcon_core.environment:create_environment_scripts_only(neo_simulation2)
[1.194s] Level 1:colcon.colcon_core.environment:checking '/home/robot/beka_gau/install/neo_simulation2' for CMake module files
[1.194s] DEBUG:colcon.colcon_core.event_handler.log_command:Invoked command in '/home/robot/beka_gau/build/neo_simulation2' returned '0': CMAKE_PREFIX_PATH=${CMAKE_PREFIX_PATH}:/home/robot/beka_gau/install/nav2_simple_commander:/home/robot/beka_gau/install/nav2_gazebo_spawner:/opt/ros/humble /usr/bin/cmake --install /home/robot/beka_gau/build/neo_simulation2
[1.195s] Level 1:colcon.colcon_core.environment:checking '/home/robot/beka_gau/install/neo_simulation2' for CMake config files
[1.197s] Level 1:colcon.colcon_core.shell:create_environment_hook('neo_simulation2', 'cmake_prefix_path')
[1.197s] INFO:colcon.colcon_core.shell:Creating environment hook '/home/robot/beka_gau/install/neo_simulation2/share/neo_simulation2/hook/cmake_prefix_path.ps1'
[1.198s] INFO:colcon.colcon_core.shell:Creating environment descriptor '/home/robot/beka_gau/install/neo_simulation2/share/neo_simulation2/hook/cmake_prefix_path.dsv'
[1.198s] INFO:colcon.colcon_core.shell:Creating environment hook '/home/robot/beka_gau/install/neo_simulation2/share/neo_simulation2/hook/cmake_prefix_path.sh'
[1.199s] Level 1:colcon.colcon_core.environment:checking '/home/robot/beka_gau/install/neo_simulation2/bin'
[1.199s] Level 1:colcon.colcon_core.environment:checking '/home/robot/beka_gau/install/neo_simulation2/lib/pkgconfig/neo_simulation2.pc'
[1.199s] Level 1:colcon.colcon_core.environment:checking '/home/robot/beka_gau/install/neo_simulation2/lib/python3.10/site-packages'
[1.199s] Level 1:colcon.colcon_core.environment:checking '/home/robot/beka_gau/install/neo_simulation2/bin'
[1.199s] INFO:colcon.colcon_core.shell:Creating package script '/home/robot/beka_gau/install/neo_simulation2/share/neo_simulation2/package.ps1'
[1.200s] INFO:colcon.colcon_core.shell:Creating package descriptor '/home/robot/beka_gau/install/neo_simulation2/share/neo_simulation2/package.dsv'
[1.201s] INFO:colcon.colcon_core.shell:Creating package script '/home/robot/beka_gau/install/neo_simulation2/share/neo_simulation2/package.sh'
[1.202s] INFO:colcon.colcon_core.shell:Creating package script '/home/robot/beka_gau/install/neo_simulation2/share/neo_simulation2/package.bash'
[1.202s] INFO:colcon.colcon_core.shell:Creating package script '/home/robot/beka_gau/install/neo_simulation2/share/neo_simulation2/package.zsh'
[1.203s] Level 1:colcon.colcon_core.environment:create_file_with_runtime_dependencies(/home/robot/beka_gau/install/neo_simulation2/share/colcon-core/packages/neo_simulation2)
[1.204s] Level 1:colcon.colcon_core.environment:create_environment_scripts_only(neo_simulation2)
[1.204s] Level 1:colcon.colcon_core.environment:checking '/home/robot/beka_gau/install/neo_simulation2' for CMake module files
[1.206s] Level 1:colcon.colcon_core.environment:checking '/home/robot/beka_gau/install/neo_simulation2' for CMake config files
[1.211s] Level 1:colcon.colcon_core.shell:create_environment_hook('neo_simulation2', 'cmake_prefix_path')
[1.211s] INFO:colcon.colcon_core.shell:Creating environment hook '/home/robot/beka_gau/install/neo_simulation2/share/neo_simulation2/hook/cmake_prefix_path.ps1'
[1.212s] INFO:colcon.colcon_core.shell:Creating environment descriptor '/home/robot/beka_gau/install/neo_simulation2/share/neo_simulation2/hook/cmake_prefix_path.dsv'
[1.213s] INFO:colcon.colcon_core.shell:Creating environment hook '/home/robot/beka_gau/install/neo_simulation2/share/neo_simulation2/hook/cmake_prefix_path.sh'
[1.214s] Level 1:colcon.colcon_core.environment:checking '/home/robot/beka_gau/install/neo_simulation2/bin'
[1.214s] Level 1:colcon.colcon_core.environment:checking '/home/robot/beka_gau/install/neo_simulation2/lib/pkgconfig/neo_simulation2.pc'
[1.214s] Level 1:colcon.colcon_core.environment:checking '/home/robot/beka_gau/install/neo_simulation2/lib/python3.10/site-packages'
[1.214s] Level 1:colcon.colcon_core.environment:checking '/home/robot/beka_gau/install/neo_simulation2/bin'
[1.215s] INFO:colcon.colcon_core.shell:Creating package script '/home/robot/beka_gau/install/neo_simulation2/share/neo_simulation2/package.ps1'
[1.215s] INFO:colcon.colcon_core.shell:Creating package descriptor '/home/robot/beka_gau/install/neo_simulation2/share/neo_simulation2/package.dsv'
[1.216s] INFO:colcon.colcon_core.shell:Creating package script '/home/robot/beka_gau/install/neo_simulation2/share/neo_simulation2/package.sh'
[1.217s] INFO:colcon.colcon_core.shell:Creating package script '/home/robot/beka_gau/install/neo_simulation2/share/neo_simulation2/package.bash'
[1.218s] INFO:colcon.colcon_core.shell:Creating package script '/home/robot/beka_gau/install/neo_simulation2/share/neo_simulation2/package.zsh'
[1.218s] Level 1:colcon.colcon_core.environment:create_file_with_runtime_dependencies(/home/robot/beka_gau/install/neo_simulation2/share/colcon-core/packages/neo_simulation2)
[1.233s] Level 1:colcon.colcon_core.environment:create_environment_scripts_only(aws_robomaker_small_warehouse_world)
[1.234s] Level 1:colcon.colcon_core.environment:checking '/home/robot/beka_gau/install/aws_robomaker_small_warehouse_world' for CMake module files
[1.234s] DEBUG:colcon.colcon_core.event_handler.log_command:Invoked command in '/home/robot/beka_gau/build/aws_robomaker_small_warehouse_world' returned '0': CMAKE_PREFIX_PATH=${CMAKE_PREFIX_PATH}:/home/robot/beka_gau/install/nav2_simple_commander:/home/robot/beka_gau/install/nav2_gazebo_spawner:/opt/ros/humble /usr/bin/cmake --install /home/robot/beka_gau/build/aws_robomaker_small_warehouse_world
[1.234s] Level 1:colcon.colcon_core.environment:checking '/home/robot/beka_gau/install/aws_robomaker_small_warehouse_world' for CMake config files
[1.236s] Level 1:colcon.colcon_core.shell:create_environment_hook('aws_robomaker_small_warehouse_world', 'cmake_prefix_path')
[1.236s] INFO:colcon.colcon_core.shell:Creating environment hook '/home/robot/beka_gau/install/aws_robomaker_small_warehouse_world/share/aws_robomaker_small_warehouse_world/hook/cmake_prefix_path.ps1'
[1.236s] INFO:colcon.colcon_core.shell:Creating environment descriptor '/home/robot/beka_gau/install/aws_robomaker_small_warehouse_world/share/aws_robomaker_small_warehouse_world/hook/cmake_prefix_path.dsv'
[1.236s] INFO:colcon.colcon_core.shell:Creating environment hook '/home/robot/beka_gau/install/aws_robomaker_small_warehouse_world/share/aws_robomaker_small_warehouse_world/hook/cmake_prefix_path.sh'
[1.237s] Level 1:colcon.colcon_core.environment:checking '/home/robot/beka_gau/install/aws_robomaker_small_warehouse_world/bin'
[1.237s] Level 1:colcon.colcon_core.environment:checking '/home/robot/beka_gau/install/aws_robomaker_small_warehouse_world/lib/pkgconfig/aws_robomaker_small_warehouse_world.pc'
[1.237s] Level 1:colcon.colcon_core.environment:checking '/home/robot/beka_gau/install/aws_robomaker_small_warehouse_world/lib/python3.10/site-packages'
[1.237s] Level 1:colcon.colcon_core.environment:checking '/home/robot/beka_gau/install/aws_robomaker_small_warehouse_world/bin'
[1.238s] INFO:colcon.colcon_core.shell:Creating package script '/home/robot/beka_gau/install/aws_robomaker_small_warehouse_world/share/aws_robomaker_small_warehouse_world/package.ps1'
[1.238s] INFO:colcon.colcon_core.shell:Creating package descriptor '/home/robot/beka_gau/install/aws_robomaker_small_warehouse_world/share/aws_robomaker_small_warehouse_world/package.dsv'
[1.238s] INFO:colcon.colcon_core.shell:Creating package script '/home/robot/beka_gau/install/aws_robomaker_small_warehouse_world/share/aws_robomaker_small_warehouse_world/package.sh'
[1.239s] INFO:colcon.colcon_core.shell:Creating package script '/home/robot/beka_gau/install/aws_robomaker_small_warehouse_world/share/aws_robomaker_small_warehouse_world/package.bash'
[1.239s] INFO:colcon.colcon_core.shell:Creating package script '/home/robot/beka_gau/install/aws_robomaker_small_warehouse_world/share/aws_robomaker_small_warehouse_world/package.zsh'
[1.239s] Level 1:colcon.colcon_core.environment:create_file_with_runtime_dependencies(/home/robot/beka_gau/install/aws_robomaker_small_warehouse_world/share/colcon-core/packages/aws_robomaker_small_warehouse_world)
[1.240s] Level 1:colcon.colcon_core.environment:create_environment_scripts_only(aws_robomaker_small_warehouse_world)
[1.240s] Level 1:colcon.colcon_core.environment:checking '/home/robot/beka_gau/install/aws_robomaker_small_warehouse_world' for CMake module files
[1.240s] Level 1:colcon.colcon_core.environment:checking '/home/robot/beka_gau/install/aws_robomaker_small_warehouse_world' for CMake config files
[1.241s] Level 1:colcon.colcon_core.shell:create_environment_hook('aws_robomaker_small_warehouse_world', 'cmake_prefix_path')
[1.241s] INFO:colcon.colcon_core.shell:Creating environment hook '/home/robot/beka_gau/install/aws_robomaker_small_warehouse_world/share/aws_robomaker_small_warehouse_world/hook/cmake_prefix_path.ps1'
[1.242s] INFO:colcon.colcon_core.shell:Creating environment descriptor '/home/robot/beka_gau/install/aws_robomaker_small_warehouse_world/share/aws_robomaker_small_warehouse_world/hook/cmake_prefix_path.dsv'
[1.242s] INFO:colcon.colcon_core.shell:Creating environment hook '/home/robot/beka_gau/install/aws_robomaker_small_warehouse_world/share/aws_robomaker_small_warehouse_world/hook/cmake_prefix_path.sh'
[1.242s] Level 1:colcon.colcon_core.environment:checking '/home/robot/beka_gau/install/aws_robomaker_small_warehouse_world/bin'
[1.243s] Level 1:colcon.colcon_core.environment:checking '/home/robot/beka_gau/install/aws_robomaker_small_warehouse_world/lib/pkgconfig/aws_robomaker_small_warehouse_world.pc'
[1.243s] Level 1:colcon.colcon_core.environment:checking '/home/robot/beka_gau/install/aws_robomaker_small_warehouse_world/lib/python3.10/site-packages'
[1.243s] Level 1:colcon.colcon_core.environment:checking '/home/robot/beka_gau/install/aws_robomaker_small_warehouse_world/bin'
[1.243s] INFO:colcon.colcon_core.shell:Creating package script '/home/robot/beka_gau/install/aws_robomaker_small_warehouse_world/share/aws_robomaker_small_warehouse_world/package.ps1'
[1.244s] INFO:colcon.colcon_core.shell:Creating package descriptor '/home/robot/beka_gau/install/aws_robomaker_small_warehouse_world/share/aws_robomaker_small_warehouse_world/package.dsv'
[1.244s] INFO:colcon.colcon_core.shell:Creating package script '/home/robot/beka_gau/install/aws_robomaker_small_warehouse_world/share/aws_robomaker_small_warehouse_world/package.sh'
[1.244s] INFO:colcon.colcon_core.shell:Creating package script '/home/robot/beka_gau/install/aws_robomaker_small_warehouse_world/share/aws_robomaker_small_warehouse_world/package.bash'
[1.245s] INFO:colcon.colcon_core.shell:Creating package script '/home/robot/beka_gau/install/aws_robomaker_small_warehouse_world/share/aws_robomaker_small_warehouse_world/package.zsh'
[1.245s] Level 1:colcon.colcon_core.environment:create_file_with_runtime_dependencies(/home/robot/beka_gau/install/aws_robomaker_small_warehouse_world/share/colcon-core/packages/aws_robomaker_small_warehouse_world)
[1.245s] INFO:colcon.colcon_ros.task.ament_cmake.build:Building ROS package in '/home/robot/beka_gau/src/nav2_rosdevday_2021-main/nav2_rosdevday_2021' with build type 'ament_cmake'
[1.245s] INFO:colcon.colcon_cmake.task.cmake.build:Building CMake package in '/home/robot/beka_gau/src/nav2_rosdevday_2021-main/nav2_rosdevday_2021'
[1.246s] INFO:colcon.colcon_core.shell:Skip shell extension 'powershell' for command environment: Not usable outside of PowerShell
[1.246s] DEBUG:colcon.colcon_core.shell:Skip shell extension 'dsv' for command environment
[1.256s] DEBUG:colcon.colcon_core.event_handler.log_command:Invoking command in '/home/robot/beka_gau/build/nav2_rosdevday_2021': CMAKE_PREFIX_PATH=/home/robot/beka_gau/install/aws_robomaker_small_warehouse_world:/home/robot/beka_gau/install/wheelchair_description:/home/robot/beka_gau/install/neo_simulation2:/home/robot/beka_gau/install/dwb_msgs:/home/robot/beka_gau/install/nav_2d_msgs:/home/robot/beka_gau/install/nav2_voxel_grid:/home/robot/beka_gau/install/nav2_rosdevday_2021:/home/robot/beka_gau/install/nav2_msgs:/home/robot/beka_gau/install/nav2_common:/home/robot/beka_gau/install/nav2_simple_commander:/home/robot/beka_gau/install/nav2_gazebo_spawner:/opt/ros/humble /usr/bin/cmake --build /home/robot/beka_gau/build/nav2_rosdevday_2021 -- -j12 -l12
[1.333s] DEBUG:colcon.colcon_core.event_handler.log_command:Invoked command in '/home/robot/beka_gau/build/nav2_rosdevday_2021' returned '0': CMAKE_PREFIX_PATH=/home/robot/beka_gau/install/aws_robomaker_small_warehouse_world:/home/robot/beka_gau/install/wheelchair_description:/home/robot/beka_gau/install/neo_simulation2:/home/robot/beka_gau/install/dwb_msgs:/home/robot/beka_gau/install/nav_2d_msgs:/home/robot/beka_gau/install/nav2_voxel_grid:/home/robot/beka_gau/install/nav2_rosdevday_2021:/home/robot/beka_gau/install/nav2_msgs:/home/robot/beka_gau/install/nav2_common:/home/robot/beka_gau/install/nav2_simple_commander:/home/robot/beka_gau/install/nav2_gazebo_spawner:/opt/ros/humble /usr/bin/cmake --build /home/robot/beka_gau/build/nav2_rosdevday_2021 -- -j12 -l12
[1.337s] DEBUG:colcon.colcon_core.event_handler.log_command:Invoking command in '/home/robot/beka_gau/build/nav2_rosdevday_2021': CMAKE_PREFIX_PATH=/home/robot/beka_gau/install/aws_robomaker_small_warehouse_world:/home/robot/beka_gau/install/wheelchair_description:/home/robot/beka_gau/install/neo_simulation2:/home/robot/beka_gau/install/dwb_msgs:/home/robot/beka_gau/install/nav_2d_msgs:/home/robot/beka_gau/install/nav2_voxel_grid:/home/robot/beka_gau/install/nav2_rosdevday_2021:/home/robot/beka_gau/install/nav2_msgs:/home/robot/beka_gau/install/nav2_common:/home/robot/beka_gau/install/nav2_simple_commander:/home/robot/beka_gau/install/nav2_gazebo_spawner:/opt/ros/humble /usr/bin/cmake --install /home/robot/beka_gau/build/nav2_rosdevday_2021
[1.355s] Level 1:colcon.colcon_core.environment:create_environment_scripts_only(nav2_rosdevday_2021)
[1.356s] Level 1:colcon.colcon_core.environment:checking '/home/robot/beka_gau/install/nav2_rosdevday_2021' for CMake module files
[1.356s] DEBUG:colcon.colcon_core.event_handler.log_command:Invoked command in '/home/robot/beka_gau/build/nav2_rosdevday_2021' returned '0': CMAKE_PREFIX_PATH=/home/robot/beka_gau/install/aws_robomaker_small_warehouse_world:/home/robot/beka_gau/install/wheelchair_description:/home/robot/beka_gau/install/neo_simulation2:/home/robot/beka_gau/install/dwb_msgs:/home/robot/beka_gau/install/nav_2d_msgs:/home/robot/beka_gau/install/nav2_voxel_grid:/home/robot/beka_gau/install/nav2_rosdevday_2021:/home/robot/beka_gau/install/nav2_msgs:/home/robot/beka_gau/install/nav2_common:/home/robot/beka_gau/install/nav2_simple_commander:/home/robot/beka_gau/install/nav2_gazebo_spawner:/opt/ros/humble /usr/bin/cmake --install /home/robot/beka_gau/build/nav2_rosdevday_2021
[1.357s] Level 1:colcon.colcon_core.environment:checking '/home/robot/beka_gau/install/nav2_rosdevday_2021' for CMake config files
[1.357s] Level 1:colcon.colcon_core.shell:create_environment_hook('nav2_rosdevday_2021', 'cmake_prefix_path')
[1.358s] INFO:colcon.colcon_core.shell:Creating environment hook '/home/robot/beka_gau/install/nav2_rosdevday_2021/share/nav2_rosdevday_2021/hook/cmake_prefix_path.ps1'
[1.358s] INFO:colcon.colcon_core.shell:Creating environment descriptor '/home/robot/beka_gau/install/nav2_rosdevday_2021/share/nav2_rosdevday_2021/hook/cmake_prefix_path.dsv'
[1.359s] INFO:colcon.colcon_core.shell:Creating environment hook '/home/robot/beka_gau/install/nav2_rosdevday_2021/share/nav2_rosdevday_2021/hook/cmake_prefix_path.sh'
[1.359s] Level 1:colcon.colcon_core.environment:checking '/home/robot/beka_gau/install/nav2_rosdevday_2021/bin'
[1.360s] Level 1:colcon.colcon_core.environment:checking '/home/robot/beka_gau/install/nav2_rosdevday_2021/lib/pkgconfig/nav2_rosdevday_2021.pc'
[1.360s] Level 1:colcon.colcon_core.environment:checking '/home/robot/beka_gau/install/nav2_rosdevday_2021/lib/python3.10/site-packages'
[1.360s] Level 1:colcon.colcon_core.environment:checking '/home/robot/beka_gau/install/nav2_rosdevday_2021/bin'
[1.361s] INFO:colcon.colcon_core.shell:Creating package script '/home/robot/beka_gau/install/nav2_rosdevday_2021/share/nav2_rosdevday_2021/package.ps1'
[1.361s] INFO:colcon.colcon_core.shell:Creating package descriptor '/home/robot/beka_gau/install/nav2_rosdevday_2021/share/nav2_rosdevday_2021/package.dsv'
[1.362s] INFO:colcon.colcon_core.shell:Creating package script '/home/robot/beka_gau/install/nav2_rosdevday_2021/share/nav2_rosdevday_2021/package.sh'
[1.362s] INFO:colcon.colcon_core.shell:Creating package script '/home/robot/beka_gau/install/nav2_rosdevday_2021/share/nav2_rosdevday_2021/package.bash'
[1.363s] INFO:colcon.colcon_core.shell:Creating package script '/home/robot/beka_gau/install/nav2_rosdevday_2021/share/nav2_rosdevday_2021/package.zsh'
[1.363s] Level 1:colcon.colcon_core.environment:create_file_with_runtime_dependencies(/home/robot/beka_gau/install/nav2_rosdevday_2021/share/colcon-core/packages/nav2_rosdevday_2021)
[1.364s] Level 1:colcon.colcon_core.environment:create_environment_scripts_only(nav2_rosdevday_2021)
[1.365s] Level 1:colcon.colcon_core.environment:checking '/home/robot/beka_gau/install/nav2_rosdevday_2021' for CMake module files
[1.365s] Level 1:colcon.colcon_core.environment:checking '/home/robot/beka_gau/install/nav2_rosdevday_2021' for CMake config files
[1.366s] Level 1:colcon.colcon_core.shell:create_environment_hook('nav2_rosdevday_2021', 'cmake_prefix_path')
[1.366s] INFO:colcon.colcon_core.shell:Creating environment hook '/home/robot/beka_gau/install/nav2_rosdevday_2021/share/nav2_rosdevday_2021/hook/cmake_prefix_path.ps1'
[1.366s] INFO:colcon.colcon_core.shell:Creating environment descriptor '/home/robot/beka_gau/install/nav2_rosdevday_2021/share/nav2_rosdevday_2021/hook/cmake_prefix_path.dsv'
[1.367s] INFO:colcon.colcon_core.shell:Creating environment hook '/home/robot/beka_gau/install/nav2_rosdevday_2021/share/nav2_rosdevday_2021/hook/cmake_prefix_path.sh'
[1.368s] Level 1:colcon.colcon_core.environment:checking '/home/robot/beka_gau/install/nav2_rosdevday_2021/bin'
[1.368s] Level 1:colcon.colcon_core.environment:checking '/home/robot/beka_gau/install/nav2_rosdevday_2021/lib/pkgconfig/nav2_rosdevday_2021.pc'
[1.368s] Level 1:colcon.colcon_core.environment:checking '/home/robot/beka_gau/install/nav2_rosdevday_2021/lib/python3.10/site-packages'
[1.369s] Level 1:colcon.colcon_core.environment:checking '/home/robot/beka_gau/install/nav2_rosdevday_2021/bin'
[1.369s] INFO:colcon.colcon_core.shell:Creating package script '/home/robot/beka_gau/install/nav2_rosdevday_2021/share/nav2_rosdevday_2021/package.ps1'
[1.370s] INFO:colcon.colcon_core.shell:Creating package descriptor '/home/robot/beka_gau/install/nav2_rosdevday_2021/share/nav2_rosdevday_2021/package.dsv'
[1.371s] INFO:colcon.colcon_core.shell:Creating package script '/home/robot/beka_gau/install/nav2_rosdevday_2021/share/nav2_rosdevday_2021/package.sh'
[1.371s] INFO:colcon.colcon_core.shell:Creating package script '/home/robot/beka_gau/install/nav2_rosdevday_2021/share/nav2_rosdevday_2021/package.bash'
[1.372s] INFO:colcon.colcon_core.shell:Creating package script '/home/robot/beka_gau/install/nav2_rosdevday_2021/share/nav2_rosdevday_2021/package.zsh'
[1.372s] Level 1:colcon.colcon_core.environment:create_file_with_runtime_dependencies(/home/robot/beka_gau/install/nav2_rosdevday_2021/share/colcon-core/packages/nav2_rosdevday_2021)
[1.373s] DEBUG:colcon.colcon_parallel_executor.executor.parallel:closing loop
[1.373s] DEBUG:colcon.colcon_parallel_executor.executor.parallel:loop closed
[1.373s] DEBUG:colcon.colcon_parallel_executor.executor.parallel:run_until_complete finished with '0'
[1.373s] DEBUG:colcon.colcon_core.event_reactor:joining thread
[1.382s] INFO:colcon.colcon_core.plugin_system:Skipping extension 'colcon_notification.desktop_notification.terminal_notifier': Not used on non-Darwin systems
[1.382s] INFO:colcon.colcon_core.plugin_system:Skipping extension 'colcon_notification.desktop_notification.win32': Not used on non-Windows systems
[1.383s] INFO:colcon.colcon_notification.desktop_notification:Sending desktop notification using 'notify2'
[1.408s] DEBUG:colcon.colcon_core.event_reactor:joined thread
[1.408s] INFO:colcon.colcon_core.shell:Creating prefix script '/home/robot/beka_gau/install/local_setup.ps1'
[1.410s] INFO:colcon.colcon_core.shell:Creating prefix util module '/home/robot/beka_gau/install/_local_setup_util_ps1.py'
[1.412s] INFO:colcon.colcon_core.shell:Creating prefix chain script '/home/robot/beka_gau/install/setup.ps1'
[1.414s] INFO:colcon.colcon_core.shell:Creating prefix script '/home/robot/beka_gau/install/local_setup.sh'
[1.416s] INFO:colcon.colcon_core.shell:Creating prefix util module '/home/robot/beka_gau/install/_local_setup_util_sh.py'
[1.417s] INFO:colcon.colcon_core.shell:Creating prefix chain script '/home/robot/beka_gau/install/setup.sh'
[1.419s] INFO:colcon.colcon_core.shell:Creating prefix script '/home/robot/beka_gau/install/local_setup.bash'
[1.420s] INFO:colcon.colcon_core.shell:Creating prefix chain script '/home/robot/beka_gau/install/setup.bash'
[1.423s] INFO:colcon.colcon_core.shell:Creating prefix script '/home/robot/beka_gau/install/local_setup.zsh'
[1.424s] INFO:colcon.colcon_core.shell:Creating prefix chain script '/home/robot/beka_gau/install/setup.zsh'
