-- Install configuration: ""
-- Up-to-date: /home/robot/beka_gau/install/wheelchair_description/share/wheelchair_description//launch
-- Up-to-date: /home/robot/beka_gau/install/wheelchair_description/share/wheelchair_description//launch/wheelchair_visualize.launch.py
-- Up-to-date: /home/robot/beka_gau/install/wheelchair_description/share/wheelchair_description//launch/spawn_robot.launch.py
-- Up-to-date: /home/robot/beka_gau/install/wheelchair_description/share/wheelchair_description//launch/simulation.launch.py
-- Up-to-date: /home/robot/beka_gau/install/wheelchair_description/share/wheelchair_description//launch/state_robot_publisher.launch.py
-- Up-to-date: /home/robot/beka_gau/install/wheelchair_description/share/wheelchair_description//launch/rtab_sim_demo.launch.py
-- Up-to-date: /home/robot/beka_gau/install/wheelchair_description/share/wheelchair_description//config
-- Up-to-date: /home/robot/beka_gau/install/wheelchair_description/share/wheelchair_description//config/controller.yaml
-- Up-to-date: /home/robot/beka_gau/install/wheelchair_description/share/wheelchair_description//config/nav2_params2.yaml
-- Up-to-date: /home/robot/beka_gau/install/wheelchair_description/share/wheelchair_description//config/ekf.yaml
-- Up-to-date: /home/robot/beka_gau/install/wheelchair_description/share/wheelchair_description//config/ekf_localization.yaml
-- Up-to-date: /home/robot/beka_gau/install/wheelchair_description/share/wheelchair_description//config/robot_localization.yaml
-- Up-to-date: /home/robot/beka_gau/install/wheelchair_description/share/wheelchair_description//config/diff_drive_controller.yaml
-- Up-to-date: /home/robot/beka_gau/install/wheelchair_description/share/wheelchair_description//config/nav2_params.yaml
-- Up-to-date: /home/robot/beka_gau/install/wheelchair_description/share/wheelchair_description//config/wheelchair.yaml
-- Up-to-date: /home/robot/beka_gau/install/wheelchair_description/share/wheelchair_description//config/gz_bridge.yaml
-- Up-to-date: /home/robot/beka_gau/install/wheelchair_description/share/wheelchair_description//meshes
-- Up-to-date: /home/robot/beka_gau/install/wheelchair_description/share/wheelchair_description//meshes/frontwheel_r.dae
-- Up-to-date: /home/robot/beka_gau/install/wheelchair_description/share/wheelchair_description//meshes/wheel3.STL
-- Up-to-date: /home/robot/beka_gau/install/wheelchair_description/share/wheelchair_description//meshes/frontsupport_l.dae
-- Up-to-date: /home/robot/beka_gau/install/wheelchair_description/share/wheelchair_description//meshes/wheel1.STL
-- Up-to-date: /home/robot/beka_gau/install/wheelchair_description/share/wheelchair_description//meshes/frontwheel_l.dae
-- Up-to-date: /home/robot/beka_gau/install/wheelchair_description/share/wheelchair_description//meshes/wheel2.STL
-- Up-to-date: /home/robot/beka_gau/install/wheelchair_description/share/wheelchair_description//meshes/base_link.STL
-- Up-to-date: /home/robot/beka_gau/install/wheelchair_description/share/wheelchair_description//meshes/base_link.dae
-- Up-to-date: /home/robot/beka_gau/install/wheelchair_description/share/wheelchair_description//meshes/imu.dae
-- Up-to-date: /home/robot/beka_gau/install/wheelchair_description/share/wheelchair_description//meshes/BackWheel_L.STL
-- Up-to-date: /home/robot/beka_gau/install/wheelchair_description/share/wheelchair_description//meshes/wheel4.STL
-- Up-to-date: /home/robot/beka_gau/install/wheelchair_description/share/wheelchair_description//meshes/backcam.dae
-- Up-to-date: /home/robot/beka_gau/install/wheelchair_description/share/wheelchair_description//meshes/frontWheel_L.STL
-- Up-to-date: /home/robot/beka_gau/install/wheelchair_description/share/wheelchair_description//meshes/base_link3.STL
-- Up-to-date: /home/robot/beka_gau/install/wheelchair_description/share/wheelchair_description//meshes/IMU.STL
-- Up-to-date: /home/robot/beka_gau/install/wheelchair_description/share/wheelchair_description//meshes/camera.STL
-- Up-to-date: /home/robot/beka_gau/install/wheelchair_description/share/wheelchair_description//meshes/frontCam.STL
-- Up-to-date: /home/robot/beka_gau/install/wheelchair_description/share/wheelchair_description//meshes/frontWheel_R.STL
-- Up-to-date: /home/robot/beka_gau/install/wheelchair_description/share/wheelchair_description//meshes/worlds
-- Up-to-date: /home/robot/beka_gau/install/wheelchair_description/share/wheelchair_description//meshes/worlds/turtlebot3_world.world
-- Up-to-date: /home/robot/beka_gau/install/wheelchair_description/share/wheelchair_description//meshes/worlds/harmonic.sdf
-- Up-to-date: /home/robot/beka_gau/install/wheelchair_description/share/wheelchair_description//meshes/worlds/model.config
-- Up-to-date: /home/robot/beka_gau/install/wheelchair_description/share/wheelchair_description//meshes/worlds/small_house.world
-- Up-to-date: /home/robot/beka_gau/install/wheelchair_description/share/wheelchair_description//meshes/worlds/simple.world
-- Up-to-date: /home/robot/beka_gau/install/wheelchair_description/share/wheelchair_description//meshes/worlds/thumbnails
-- Up-to-date: /home/robot/beka_gau/install/wheelchair_description/share/wheelchair_description//meshes/worlds/thumbnails/5.png
-- Up-to-date: /home/robot/beka_gau/install/wheelchair_description/share/wheelchair_description//meshes/worlds/thumbnails/2.png
-- Up-to-date: /home/robot/beka_gau/install/wheelchair_description/share/wheelchair_description//meshes/worlds/thumbnails/3.png
-- Up-to-date: /home/robot/beka_gau/install/wheelchair_description/share/wheelchair_description//meshes/worlds/thumbnails/4.png
-- Up-to-date: /home/robot/beka_gau/install/wheelchair_description/share/wheelchair_description//meshes/worlds/thumbnails/1.png
-- Up-to-date: /home/robot/beka_gau/install/wheelchair_description/share/wheelchair_description//meshes/worlds/world_dynamic.world
-- Up-to-date: /home/robot/beka_gau/install/wheelchair_description/share/wheelchair_description//meshes/worlds/tugbot_depot.sdf
-- Up-to-date: /home/robot/beka_gau/install/wheelchair_description/share/wheelchair_description//meshes/worlds/industrial-warehouse.sdf
-- Up-to-date: /home/robot/beka_gau/install/wheelchair_description/share/wheelchair_description//meshes/worlds/my_world.world
-- Up-to-date: /home/robot/beka_gau/install/wheelchair_description/share/wheelchair_description//meshes/worlds/model.sdf
-- Installing: /home/robot/beka_gau/install/wheelchair_description/share/wheelchair_description//meshes/worlds/empty_world.world
-- Up-to-date: /home/robot/beka_gau/install/wheelchair_description/share/wheelchair_description//meshes/worlds/industrial_warehouse.sdf
-- Up-to-date: /home/robot/beka_gau/install/wheelchair_description/share/wheelchair_description//meshes/backwheel_r.dae
-- Up-to-date: /home/robot/beka_gau/install/wheelchair_description/share/wheelchair_description//meshes/frontcam.dae
-- Up-to-date: /home/robot/beka_gau/install/wheelchair_description/share/wheelchair_description//meshes/BackWheel_R.STL
-- Up-to-date: /home/robot/beka_gau/install/wheelchair_description/share/wheelchair_description//meshes/frontSupport_R.STL
-- Up-to-date: /home/robot/beka_gau/install/wheelchair_description/share/wheelchair_description//meshes/frontsupport_r.dae
-- Up-to-date: /home/robot/beka_gau/install/wheelchair_description/share/wheelchair_description//meshes/backCam.STL
-- Up-to-date: /home/robot/beka_gau/install/wheelchair_description/share/wheelchair_description//meshes/frontSupport_L.STL
-- Up-to-date: /home/robot/beka_gau/install/wheelchair_description/share/wheelchair_description//meshes/wheelchair.srdf
-- Up-to-date: /home/robot/beka_gau/install/wheelchair_description/share/wheelchair_description//urdf
-- Up-to-date: /home/robot/beka_gau/install/wheelchair_description/share/wheelchair_description//urdf/wheelchair_gazebo.urdf
-- Up-to-date: /home/robot/beka_gau/install/wheelchair_description/share/wheelchair_description//urdf/materials.xacro
-- Up-to-date: /home/robot/beka_gau/install/wheelchair_description/share/wheelchair_description//urdf/imu_sensor.xacro
-- Up-to-date: /home/robot/beka_gau/install/wheelchair_description/share/wheelchair_description//urdf/wheelchair.urdf
-- Up-to-date: /home/robot/beka_gau/install/wheelchair_description/share/wheelchair_description//urdf/wheelchair_full.urdf
-- Up-to-date: /home/robot/beka_gau/install/wheelchair_description/share/wheelchair_description//urdf/wheelchair_calibration.urdf
-- Up-to-date: /home/robot/beka_gau/install/wheelchair_description/share/wheelchair_description//urdf/wheelchair_depthcamera.urdf
-- Up-to-date: /home/robot/beka_gau/install/wheelchair_description/share/wheelchair_description//urdf/wcurdf.urdf
-- Up-to-date: /home/robot/beka_gau/install/wheelchair_description/share/wheelchair_description//urdf/wheelchair.xacro
-- Up-to-date: /home/robot/beka_gau/install/wheelchair_description/share/wheelchair_description//urdf/wheelchair_body.urdf
-- Up-to-date: /home/robot/beka_gau/install/wheelchair_description/share/wheelchair_description//urdf/wheelchair.trans
-- Up-to-date: /home/robot/beka_gau/install/wheelchair_description/share/wheelchair_description//urdf/rtab.rviz
-- Up-to-date: /home/robot/beka_gau/install/wheelchair_description/share/wheelchair_description//urdf/urdf.rviz
-- Up-to-date: /home/robot/beka_gau/install/wheelchair_description/share/wheelchair_description//urdf/wheelchair.gazebo
-- Up-to-date: /home/robot/beka_gau/install/wheelchair_description/share/wheelchair_description//urdf/wheelchair_new.urdf
-- Up-to-date: /home/robot/beka_gau/install/wheelchair_description/share/wheelchair_description//src
-- Up-to-date: /home/robot/beka_gau/install/wheelchair_description/share/wheelchair_description//src/nav_through_poses_demo.py
-- Up-to-date: /home/robot/beka_gau/install/wheelchair_description/share/wheelchair_description//src/nav2_simulations.launch.py
-- Up-to-date: /home/robot/beka_gau/install/wheelchair_description/share/wheelchair_description//src/nav_to_pose_demo.py
-- Up-to-date: /home/robot/beka_gau/install/wheelchair_description/share/wheelchair_description//src/robot_navigator.py
-- Up-to-date: /home/robot/beka_gau/install/wheelchair_description/share/wheelchair_description//src/waypoint_follower_demo.py
-- Up-to-date: /home/robot/beka_gau/install/wheelchair_description/share/wheelchair_description//src/cmd_vel_republisher.py
-- Up-to-date: /home/robot/beka_gau/install/wheelchair_description/share/wheelchair_description//src/security_demo.py
-- Up-to-date: /home/robot/beka_gau/install/wheelchair_description/share/wheelchair_description//src/picking_demo.py
-- Up-to-date: /home/robot/beka_gau/install/wheelchair_description/share/wheelchair_description//src/inspection_demo.py
-- Up-to-date: /home/robot/beka_gau/install/wheelchair_description/share/ament_index/resource_index/package_run_dependencies/wheelchair_description
-- Up-to-date: /home/robot/beka_gau/install/wheelchair_description/share/ament_index/resource_index/parent_prefix_path/wheelchair_description
-- Up-to-date: /home/robot/beka_gau/install/wheelchair_description/share/wheelchair_description/environment/ament_prefix_path.sh
-- Up-to-date: /home/robot/beka_gau/install/wheelchair_description/share/wheelchair_description/environment/ament_prefix_path.dsv
-- Up-to-date: /home/robot/beka_gau/install/wheelchair_description/share/wheelchair_description/environment/path.sh
-- Up-to-date: /home/robot/beka_gau/install/wheelchair_description/share/wheelchair_description/environment/path.dsv
-- Up-to-date: /home/robot/beka_gau/install/wheelchair_description/share/wheelchair_description/local_setup.bash
-- Up-to-date: /home/robot/beka_gau/install/wheelchair_description/share/wheelchair_description/local_setup.sh
-- Up-to-date: /home/robot/beka_gau/install/wheelchair_description/share/wheelchair_description/local_setup.zsh
-- Up-to-date: /home/robot/beka_gau/install/wheelchair_description/share/wheelchair_description/local_setup.dsv
-- Installing: /home/robot/beka_gau/install/wheelchair_description/share/wheelchair_description/package.dsv
-- Up-to-date: /home/robot/beka_gau/install/wheelchair_description/share/ament_index/resource_index/packages/wheelchair_description
-- Up-to-date: /home/robot/beka_gau/install/wheelchair_description/share/wheelchair_description/cmake/wheelchair_descriptionConfig.cmake
-- Up-to-date: /home/robot/beka_gau/install/wheelchair_description/share/wheelchair_description/cmake/wheelchair_descriptionConfig-version.cmake
-- Up-to-date: /home/robot/beka_gau/install/wheelchair_description/share/wheelchair_description/package.xml
