[0.198s] DEBUG:colcon:Command line arguments: ['/usr/bin/colcon', 'build']
[0.198s] DEBUG:colcon:Parsed command line arguments: Namespace(log_base=None, log_level=None, verb_name='build', build_base='build', install_base='install', merge_install=False, symlink_install=False, test_result_base=None, continue_on_error=False, executor='parallel', parallel_workers=12, event_handlers=None, ignore_user_meta=False, metas=['./colcon.meta'], base_paths=['.'], packages_ignore=None, packages_ignore_regex=None, paths=None, packages_up_to=None, packages_up_to_regex=None, packages_above=None, packages_above_and_dependencies=None, packages_above_depth=None, packages_select_by_dep=None, packages_skip_by_dep=None, packages_skip_up_to=None, packages_select_build_failed=False, packages_skip_build_finished=False, packages_select_test_failures=False, packages_skip_test_passed=False, packages_select=None, packages_skip=None, packages_select_regex=None, packages_skip_regex=None, packages_start=None, packages_end=None, allow_overriding=[], cmake_args=None, cmake_target=None, cmake_target_skip_unavailable=False, cmake_clean_cache=False, cmake_clean_first=False, cmake_force_configure=False, ament_cmake_args=None, catkin_cmake_args=None, catkin_skip_building_tests=False, mixin_files=None, mixin=None, verb_parser=<colcon_mixin.mixin.mixin_argument.MixinArgumentDecorator object at 0x76ba9515d240>, verb_extension=<colcon_core.verb.build.BuildVerb object at 0x76ba9515cd90>, main=<bound method BuildVerb.main of <colcon_core.verb.build.BuildVerb object at 0x76ba9515cd90>>, mixin_verb=('build',))
[0.506s] Level 1:colcon.colcon_core.package_discovery:discover_packages(colcon_meta) check parameters
[0.506s] Level 1:colcon.colcon_core.package_discovery:discover_packages(recursive) check parameters
[0.506s] Level 1:colcon.colcon_core.package_discovery:discover_packages(ignore) check parameters
[0.506s] Level 1:colcon.colcon_core.package_discovery:discover_packages(path) check parameters
[0.506s] Level 1:colcon.colcon_core.package_discovery:discover_packages(colcon_meta) discover
[0.507s] Level 1:colcon.colcon_core.package_discovery:discover_packages(recursive) discover
[0.507s] INFO:colcon.colcon_core.package_discovery:Crawling recursively for packages in '/home/robot/beka_gau'
[0.507s] Level 1:colcon.colcon_core.package_identification:_identify(.) by extensions ['ignore', 'ignore_ament_install']
[0.507s] Level 1:colcon.colcon_core.package_identification:_identify(.) by extension 'ignore'
[0.507s] Level 1:colcon.colcon_core.package_identification:_identify(.) by extension 'ignore_ament_install'
[0.507s] Level 1:colcon.colcon_core.package_identification:_identify(.) by extensions ['colcon_pkg']
[0.507s] Level 1:colcon.colcon_core.package_identification:_identify(.) by extension 'colcon_pkg'
[0.507s] Level 1:colcon.colcon_core.package_identification:_identify(.) by extensions ['colcon_meta']
[0.507s] Level 1:colcon.colcon_core.package_identification:_identify(.) by extension 'colcon_meta'
[0.507s] Level 1:colcon.colcon_core.package_identification:_identify(.) by extensions ['ros']
[0.507s] Level 1:colcon.colcon_core.package_identification:_identify(.) by extension 'ros'
[0.524s] Level 1:colcon.colcon_core.package_identification:_identify(.) by extensions ['cmake', 'python']
[0.524s] Level 1:colcon.colcon_core.package_identification:_identify(.) by extension 'cmake'
[0.524s] Level 1:colcon.colcon_core.package_identification:_identify(.) by extension 'python'
[0.525s] Level 1:colcon.colcon_core.package_identification:_identify(.) by extensions ['python_setup_py']
[0.525s] Level 1:colcon.colcon_core.package_identification:_identify(.) by extension 'python_setup_py'
[0.525s] Level 1:colcon.colcon_core.package_identification:_identify(build) by extensions ['ignore', 'ignore_ament_install']
[0.525s] Level 1:colcon.colcon_core.package_identification:_identify(build) by extension 'ignore'
[0.525s] Level 1:colcon.colcon_core.package_identification:_identify(build) ignored
[0.526s] Level 1:colcon.colcon_core.package_identification:_identify(install) by extensions ['ignore', 'ignore_ament_install']
[0.527s] Level 1:colcon.colcon_core.package_identification:_identify(install) by extension 'ignore'
[0.527s] Level 1:colcon.colcon_core.package_identification:_identify(install) ignored
[0.528s] Level 1:colcon.colcon_core.package_identification:_identify(log) by extensions ['ignore', 'ignore_ament_install']
[0.528s] Level 1:colcon.colcon_core.package_identification:_identify(log) by extension 'ignore'
[0.528s] Level 1:colcon.colcon_core.package_identification:_identify(log) ignored
[0.529s] Level 1:colcon.colcon_core.package_identification:_identify(src) by extensions ['ignore', 'ignore_ament_install']
[0.529s] Level 1:colcon.colcon_core.package_identification:_identify(src) by extension 'ignore'
[0.529s] Level 1:colcon.colcon_core.package_identification:_identify(src) by extension 'ignore_ament_install'
[0.530s] Level 1:colcon.colcon_core.package_identification:_identify(src) by extensions ['colcon_pkg']
[0.530s] Level 1:colcon.colcon_core.package_identification:_identify(src) by extension 'colcon_pkg'
[0.530s] Level 1:colcon.colcon_core.package_identification:_identify(src) by extensions ['colcon_meta']
[0.530s] Level 1:colcon.colcon_core.package_identification:_identify(src) by extension 'colcon_meta'
[0.530s] Level 1:colcon.colcon_core.package_identification:_identify(src) by extensions ['ros']
[0.530s] Level 1:colcon.colcon_core.package_identification:_identify(src) by extension 'ros'
[0.530s] Level 1:colcon.colcon_core.package_identification:_identify(src) by extensions ['cmake', 'python']
[0.531s] Level 1:colcon.colcon_core.package_identification:_identify(src) by extension 'cmake'
[0.531s] Level 1:colcon.colcon_core.package_identification:_identify(src) by extension 'python'
[0.531s] Level 1:colcon.colcon_core.package_identification:_identify(src) by extensions ['python_setup_py']
[0.531s] Level 1:colcon.colcon_core.package_identification:_identify(src) by extension 'python_setup_py'
[0.531s] Level 1:colcon.colcon_core.package_identification:_identify(src/meshes) by extensions ['ignore', 'ignore_ament_install']
[0.531s] Level 1:colcon.colcon_core.package_identification:_identify(src/meshes) by extension 'ignore'
[0.532s] Level 1:colcon.colcon_core.package_identification:_identify(src/meshes) by extension 'ignore_ament_install'
[0.532s] Level 1:colcon.colcon_core.package_identification:_identify(src/meshes) by extensions ['colcon_pkg']
[0.532s] Level 1:colcon.colcon_core.package_identification:_identify(src/meshes) by extension 'colcon_pkg'
[0.532s] Level 1:colcon.colcon_core.package_identification:_identify(src/meshes) by extensions ['colcon_meta']
[0.532s] Level 1:colcon.colcon_core.package_identification:_identify(src/meshes) by extension 'colcon_meta'
[0.532s] Level 1:colcon.colcon_core.package_identification:_identify(src/meshes) by extensions ['ros']
[0.532s] Level 1:colcon.colcon_core.package_identification:_identify(src/meshes) by extension 'ros'
[0.532s] Level 1:colcon.colcon_core.package_identification:_identify(src/meshes) by extensions ['cmake', 'python']
[0.532s] Level 1:colcon.colcon_core.package_identification:_identify(src/meshes) by extension 'cmake'
[0.532s] Level 1:colcon.colcon_core.package_identification:_identify(src/meshes) by extension 'python'
[0.532s] Level 1:colcon.colcon_core.package_identification:_identify(src/meshes) by extensions ['python_setup_py']
[0.532s] Level 1:colcon.colcon_core.package_identification:_identify(src/meshes) by extension 'python_setup_py'
[0.532s] Level 1:colcon.colcon_core.package_identification:_identify(src/nav2_rosdevday_2021-main) by extensions ['ignore', 'ignore_ament_install']
[0.532s] Level 1:colcon.colcon_core.package_identification:_identify(src/nav2_rosdevday_2021-main) by extension 'ignore'
[0.532s] Level 1:colcon.colcon_core.package_identification:_identify(src/nav2_rosdevday_2021-main) by extension 'ignore_ament_install'
[0.532s] Level 1:colcon.colcon_core.package_identification:_identify(src/nav2_rosdevday_2021-main) by extensions ['colcon_pkg']
[0.532s] Level 1:colcon.colcon_core.package_identification:_identify(src/nav2_rosdevday_2021-main) by extension 'colcon_pkg'
[0.533s] Level 1:colcon.colcon_core.package_identification:_identify(src/nav2_rosdevday_2021-main) by extensions ['colcon_meta']
[0.533s] Level 1:colcon.colcon_core.package_identification:_identify(src/nav2_rosdevday_2021-main) by extension 'colcon_meta'
[0.533s] Level 1:colcon.colcon_core.package_identification:_identify(src/nav2_rosdevday_2021-main) by extensions ['ros']
[0.533s] Level 1:colcon.colcon_core.package_identification:_identify(src/nav2_rosdevday_2021-main) by extension 'ros'
[0.533s] Level 1:colcon.colcon_core.package_identification:_identify(src/nav2_rosdevday_2021-main) by extensions ['cmake', 'python']
[0.533s] Level 1:colcon.colcon_core.package_identification:_identify(src/nav2_rosdevday_2021-main) by extension 'cmake'
[0.533s] Level 1:colcon.colcon_core.package_identification:_identify(src/nav2_rosdevday_2021-main) by extension 'python'
[0.533s] Level 1:colcon.colcon_core.package_identification:_identify(src/nav2_rosdevday_2021-main) by extensions ['python_setup_py']
[0.533s] Level 1:colcon.colcon_core.package_identification:_identify(src/nav2_rosdevday_2021-main) by extension 'python_setup_py'
[0.533s] Level 1:colcon.colcon_core.package_identification:_identify(src/nav2_rosdevday_2021-main/media) by extensions ['ignore', 'ignore_ament_install']
[0.533s] Level 1:colcon.colcon_core.package_identification:_identify(src/nav2_rosdevday_2021-main/media) by extension 'ignore'
[0.533s] Level 1:colcon.colcon_core.package_identification:_identify(src/nav2_rosdevday_2021-main/media) by extension 'ignore_ament_install'
[0.533s] Level 1:colcon.colcon_core.package_identification:_identify(src/nav2_rosdevday_2021-main/media) by extensions ['colcon_pkg']
[0.533s] Level 1:colcon.colcon_core.package_identification:_identify(src/nav2_rosdevday_2021-main/media) by extension 'colcon_pkg'
[0.533s] Level 1:colcon.colcon_core.package_identification:_identify(src/nav2_rosdevday_2021-main/media) by extensions ['colcon_meta']
[0.533s] Level 1:colcon.colcon_core.package_identification:_identify(src/nav2_rosdevday_2021-main/media) by extension 'colcon_meta'
[0.533s] Level 1:colcon.colcon_core.package_identification:_identify(src/nav2_rosdevday_2021-main/media) by extensions ['ros']
[0.533s] Level 1:colcon.colcon_core.package_identification:_identify(src/nav2_rosdevday_2021-main/media) by extension 'ros'
[0.534s] Level 1:colcon.colcon_core.package_identification:_identify(src/nav2_rosdevday_2021-main/media) by extensions ['cmake', 'python']
[0.534s] Level 1:colcon.colcon_core.package_identification:_identify(src/nav2_rosdevday_2021-main/media) by extension 'cmake'
[0.534s] Level 1:colcon.colcon_core.package_identification:_identify(src/nav2_rosdevday_2021-main/media) by extension 'python'
[0.534s] Level 1:colcon.colcon_core.package_identification:_identify(src/nav2_rosdevday_2021-main/media) by extensions ['python_setup_py']
[0.534s] Level 1:colcon.colcon_core.package_identification:_identify(src/nav2_rosdevday_2021-main/media) by extension 'python_setup_py'
[0.535s] Level 1:colcon.colcon_core.package_identification:_identify(src/nav2_rosdevday_2021-main/nav2_rosdevday_2021) by extensions ['ignore', 'ignore_ament_install']
[0.536s] Level 1:colcon.colcon_core.package_identification:_identify(src/nav2_rosdevday_2021-main/nav2_rosdevday_2021) by extension 'ignore'
[0.536s] Level 1:colcon.colcon_core.package_identification:_identify(src/nav2_rosdevday_2021-main/nav2_rosdevday_2021) by extension 'ignore_ament_install'
[0.537s] Level 1:colcon.colcon_core.package_identification:_identify(src/nav2_rosdevday_2021-main/nav2_rosdevday_2021) by extensions ['colcon_pkg']
[0.537s] Level 1:colcon.colcon_core.package_identification:_identify(src/nav2_rosdevday_2021-main/nav2_rosdevday_2021) by extension 'colcon_pkg'
[0.537s] Level 1:colcon.colcon_core.package_identification:_identify(src/nav2_rosdevday_2021-main/nav2_rosdevday_2021) by extensions ['colcon_meta']
[0.537s] Level 1:colcon.colcon_core.package_identification:_identify(src/nav2_rosdevday_2021-main/nav2_rosdevday_2021) by extension 'colcon_meta'
[0.537s] Level 1:colcon.colcon_core.package_identification:_identify(src/nav2_rosdevday_2021-main/nav2_rosdevday_2021) by extensions ['ros']
[0.537s] Level 1:colcon.colcon_core.package_identification:_identify(src/nav2_rosdevday_2021-main/nav2_rosdevday_2021) by extension 'ros'
[0.544s] DEBUG:colcon.colcon_core.package_identification:Package 'src/nav2_rosdevday_2021-main/nav2_rosdevday_2021' with type 'ros.ament_cmake' and name 'nav2_rosdevday_2021'
[0.545s] Level 1:colcon.colcon_core.package_identification:_identify(src/wheelchair_description) by extensions ['ignore', 'ignore_ament_install']
[0.545s] Level 1:colcon.colcon_core.package_identification:_identify(src/wheelchair_description) by extension 'ignore'
[0.545s] Level 1:colcon.colcon_core.package_identification:_identify(src/wheelchair_description) by extension 'ignore_ament_install'
[0.545s] Level 1:colcon.colcon_core.package_identification:_identify(src/wheelchair_description) by extensions ['colcon_pkg']
[0.545s] Level 1:colcon.colcon_core.package_identification:_identify(src/wheelchair_description) by extension 'colcon_pkg'
[0.545s] Level 1:colcon.colcon_core.package_identification:_identify(src/wheelchair_description) by extensions ['colcon_meta']
[0.545s] Level 1:colcon.colcon_core.package_identification:_identify(src/wheelchair_description) by extension 'colcon_meta'
[0.545s] Level 1:colcon.colcon_core.package_identification:_identify(src/wheelchair_description) by extensions ['ros']
[0.546s] Level 1:colcon.colcon_core.package_identification:_identify(src/wheelchair_description) by extension 'ros'
[0.546s] DEBUG:colcon.colcon_core.package_identification:Package 'src/wheelchair_description' with type 'ros.ament_cmake' and name 'wheelchair_description'
[0.547s] Level 1:colcon.colcon_core.package_discovery:discover_packages(recursive) using defaults
[0.547s] Level 1:colcon.colcon_core.package_discovery:discover_packages(ignore) discover
[0.547s] Level 1:colcon.colcon_core.package_discovery:discover_packages(ignore) using defaults
[0.547s] Level 1:colcon.colcon_core.package_discovery:discover_packages(path) discover
[0.547s] Level 1:colcon.colcon_core.package_discovery:discover_packages(path) using defaults
[0.595s] Level 1:colcon.colcon_core.package_discovery:discover_packages(prefix_path) check parameters
[0.595s] Level 1:colcon.colcon_core.package_discovery:discover_packages(prefix_path) discover
[0.597s] DEBUG:colcon.colcon_installed_package_information.package_discovery:Found 1 installed packages in /home/robot/beka_gau/install
[0.599s] DEBUG:colcon.colcon_installed_package_information.package_discovery:Found 385 installed packages in /opt/ros/humble
[0.603s] Level 1:colcon.colcon_core.package_discovery:discover_packages(prefix_path) using defaults
[0.679s] Level 5:colcon.colcon_core.verb:set package 'nav2_rosdevday_2021' build argument 'cmake_args' from command line to 'None'
[0.679s] Level 5:colcon.colcon_core.verb:set package 'nav2_rosdevday_2021' build argument 'cmake_target' from command line to 'None'
[0.679s] Level 5:colcon.colcon_core.verb:set package 'nav2_rosdevday_2021' build argument 'cmake_target_skip_unavailable' from command line to 'False'
[0.679s] Level 5:colcon.colcon_core.verb:set package 'nav2_rosdevday_2021' build argument 'cmake_clean_cache' from command line to 'False'
[0.679s] Level 5:colcon.colcon_core.verb:set package 'nav2_rosdevday_2021' build argument 'cmake_clean_first' from command line to 'False'
[0.679s] Level 5:colcon.colcon_core.verb:set package 'nav2_rosdevday_2021' build argument 'cmake_force_configure' from command line to 'False'
[0.679s] Level 5:colcon.colcon_core.verb:set package 'nav2_rosdevday_2021' build argument 'ament_cmake_args' from command line to 'None'
[0.679s] Level 5:colcon.colcon_core.verb:set package 'nav2_rosdevday_2021' build argument 'catkin_cmake_args' from command line to 'None'
[0.679s] Level 5:colcon.colcon_core.verb:set package 'nav2_rosdevday_2021' build argument 'catkin_skip_building_tests' from command line to 'False'
[0.679s] DEBUG:colcon.colcon_core.verb:Building package 'nav2_rosdevday_2021' with the following arguments: {'ament_cmake_args': None, 'build_base': '/home/robot/beka_gau/build/nav2_rosdevday_2021', 'catkin_cmake_args': None, 'catkin_skip_building_tests': False, 'cmake_args': None, 'cmake_clean_cache': False, 'cmake_clean_first': False, 'cmake_force_configure': False, 'cmake_target': None, 'cmake_target_skip_unavailable': False, 'install_base': '/home/robot/beka_gau/install/nav2_rosdevday_2021', 'merge_install': False, 'path': '/home/robot/beka_gau/src/nav2_rosdevday_2021-main/nav2_rosdevday_2021', 'symlink_install': False, 'test_result_base': None}
[0.680s] Level 5:colcon.colcon_core.verb:set package 'wheelchair_description' build argument 'cmake_args' from command line to 'None'
[0.680s] Level 5:colcon.colcon_core.verb:set package 'wheelchair_description' build argument 'cmake_target' from command line to 'None'
[0.680s] Level 5:colcon.colcon_core.verb:set package 'wheelchair_description' build argument 'cmake_target_skip_unavailable' from command line to 'False'
[0.680s] Level 5:colcon.colcon_core.verb:set package 'wheelchair_description' build argument 'cmake_clean_cache' from command line to 'False'
[0.680s] Level 5:colcon.colcon_core.verb:set package 'wheelchair_description' build argument 'cmake_clean_first' from command line to 'False'
[0.680s] Level 5:colcon.colcon_core.verb:set package 'wheelchair_description' build argument 'cmake_force_configure' from command line to 'False'
[0.680s] Level 5:colcon.colcon_core.verb:set package 'wheelchair_description' build argument 'ament_cmake_args' from command line to 'None'
[0.680s] Level 5:colcon.colcon_core.verb:set package 'wheelchair_description' build argument 'catkin_cmake_args' from command line to 'None'
[0.680s] Level 5:colcon.colcon_core.verb:set package 'wheelchair_description' build argument 'catkin_skip_building_tests' from command line to 'False'
[0.680s] DEBUG:colcon.colcon_core.verb:Building package 'wheelchair_description' with the following arguments: {'ament_cmake_args': None, 'build_base': '/home/robot/beka_gau/build/wheelchair_description', 'catkin_cmake_args': None, 'catkin_skip_building_tests': False, 'cmake_args': None, 'cmake_clean_cache': False, 'cmake_clean_first': False, 'cmake_force_configure': False, 'cmake_target': None, 'cmake_target_skip_unavailable': False, 'install_base': '/home/robot/beka_gau/install/wheelchair_description', 'merge_install': False, 'path': '/home/robot/beka_gau/src/wheelchair_description', 'symlink_install': False, 'test_result_base': None}
[0.680s] INFO:colcon.colcon_core.executor:Executing jobs using 'parallel' executor
[0.681s] DEBUG:colcon.colcon_parallel_executor.executor.parallel:run_until_complete
[0.682s] INFO:colcon.colcon_ros.task.ament_cmake.build:Building ROS package in '/home/robot/beka_gau/src/nav2_rosdevday_2021-main/nav2_rosdevday_2021' with build type 'ament_cmake'
[0.682s] INFO:colcon.colcon_cmake.task.cmake.build:Building CMake package in '/home/robot/beka_gau/src/nav2_rosdevday_2021-main/nav2_rosdevday_2021'
[0.689s] INFO:colcon.colcon_core.plugin_system:Skipping extension 'colcon_core.shell.bat': Not used on non-Windows systems
[0.689s] INFO:colcon.colcon_core.shell:Skip shell extension 'powershell' for command environment: Not usable outside of PowerShell
[0.689s] DEBUG:colcon.colcon_core.shell:Skip shell extension 'dsv' for command environment
[0.693s] INFO:colcon.colcon_ros.task.ament_cmake.build:Building ROS package in '/home/robot/beka_gau/src/wheelchair_description' with build type 'ament_cmake'
[0.693s] INFO:colcon.colcon_cmake.task.cmake.build:Building CMake package in '/home/robot/beka_gau/src/wheelchair_description'
[0.693s] INFO:colcon.colcon_core.shell:Skip shell extension 'powershell' for command environment: Not usable outside of PowerShell
[0.693s] DEBUG:colcon.colcon_core.shell:Skip shell extension 'dsv' for command environment
[0.704s] DEBUG:colcon.colcon_core.event_handler.log_command:Invoking command in '/home/robot/beka_gau/build/nav2_rosdevday_2021': CMAKE_PREFIX_PATH=${CMAKE_PREFIX_PATH}:/opt/ros/humble /usr/bin/cmake /home/robot/beka_gau/src/nav2_rosdevday_2021-main/nav2_rosdevday_2021 -DCMAKE_INSTALL_PREFIX=/home/robot/beka_gau/install/nav2_rosdevday_2021
[0.711s] DEBUG:colcon.colcon_core.event_handler.log_command:Invoking command in '/home/robot/beka_gau/build/wheelchair_description': CMAKE_PREFIX_PATH=${CMAKE_PREFIX_PATH}:/opt/ros/humble /usr/bin/cmake --build /home/robot/beka_gau/build/wheelchair_description -- -j12 -l12
[0.785s] DEBUG:colcon.colcon_core.event_handler.log_command:Invoked command in '/home/robot/beka_gau/build/wheelchair_description' returned '0': CMAKE_PREFIX_PATH=${CMAKE_PREFIX_PATH}:/opt/ros/humble /usr/bin/cmake --build /home/robot/beka_gau/build/wheelchair_description -- -j12 -l12
[0.803s] DEBUG:colcon.colcon_core.event_handler.log_command:Invoking command in '/home/robot/beka_gau/build/wheelchair_description': CMAKE_PREFIX_PATH=${CMAKE_PREFIX_PATH}:/opt/ros/humble /usr/bin/cmake --install /home/robot/beka_gau/build/wheelchair_description
[0.821s] Level 1:colcon.colcon_core.environment:create_environment_scripts_only(wheelchair_description)
[0.823s] DEBUG:colcon.colcon_core.event_handler.log_command:Invoked command in '/home/robot/beka_gau/build/wheelchair_description' returned '0': CMAKE_PREFIX_PATH=${CMAKE_PREFIX_PATH}:/opt/ros/humble /usr/bin/cmake --install /home/robot/beka_gau/build/wheelchair_description
[0.825s] Level 1:colcon.colcon_core.environment:checking '/home/robot/beka_gau/install/wheelchair_description' for CMake module files
[0.826s] Level 1:colcon.colcon_core.environment:checking '/home/robot/beka_gau/install/wheelchair_description' for CMake config files
[0.826s] Level 1:colcon.colcon_core.shell:create_environment_hook('wheelchair_description', 'cmake_prefix_path')
[0.826s] INFO:colcon.colcon_core.shell:Creating environment hook '/home/robot/beka_gau/install/wheelchair_description/share/wheelchair_description/hook/cmake_prefix_path.ps1'
[0.827s] INFO:colcon.colcon_core.shell:Creating environment descriptor '/home/robot/beka_gau/install/wheelchair_description/share/wheelchair_description/hook/cmake_prefix_path.dsv'
[0.827s] INFO:colcon.colcon_core.shell:Creating environment hook '/home/robot/beka_gau/install/wheelchair_description/share/wheelchair_description/hook/cmake_prefix_path.sh'
[0.829s] Level 1:colcon.colcon_core.environment:checking '/home/robot/beka_gau/install/wheelchair_description/bin'
[0.830s] Level 1:colcon.colcon_core.environment:checking '/home/robot/beka_gau/install/wheelchair_description/lib/pkgconfig/wheelchair_description.pc'
[0.831s] Level 1:colcon.colcon_core.environment:checking '/home/robot/beka_gau/install/wheelchair_description/lib/python3.10/site-packages'
[0.832s] Level 1:colcon.colcon_core.environment:checking '/home/robot/beka_gau/install/wheelchair_description/bin'
[0.832s] INFO:colcon.colcon_core.shell:Creating package script '/home/robot/beka_gau/install/wheelchair_description/share/wheelchair_description/package.ps1'
[0.834s] INFO:colcon.colcon_core.shell:Creating package descriptor '/home/robot/beka_gau/install/wheelchair_description/share/wheelchair_description/package.dsv'
[0.835s] INFO:colcon.colcon_core.shell:Creating package script '/home/robot/beka_gau/install/wheelchair_description/share/wheelchair_description/package.sh'
[0.836s] INFO:colcon.colcon_core.shell:Creating package script '/home/robot/beka_gau/install/wheelchair_description/share/wheelchair_description/package.bash'
[0.836s] INFO:colcon.colcon_core.shell:Creating package script '/home/robot/beka_gau/install/wheelchair_description/share/wheelchair_description/package.zsh'
[0.837s] Level 1:colcon.colcon_core.environment:create_file_with_runtime_dependencies(/home/robot/beka_gau/install/wheelchair_description/share/colcon-core/packages/wheelchair_description)
[0.838s] Level 1:colcon.colcon_core.environment:create_environment_scripts_only(wheelchair_description)
[0.838s] Level 1:colcon.colcon_core.environment:checking '/home/robot/beka_gau/install/wheelchair_description' for CMake module files
[0.839s] Level 1:colcon.colcon_core.environment:checking '/home/robot/beka_gau/install/wheelchair_description' for CMake config files
[0.839s] Level 1:colcon.colcon_core.shell:create_environment_hook('wheelchair_description', 'cmake_prefix_path')
[0.840s] INFO:colcon.colcon_core.shell:Creating environment hook '/home/robot/beka_gau/install/wheelchair_description/share/wheelchair_description/hook/cmake_prefix_path.ps1'
[0.840s] INFO:colcon.colcon_core.shell:Creating environment descriptor '/home/robot/beka_gau/install/wheelchair_description/share/wheelchair_description/hook/cmake_prefix_path.dsv'
[0.841s] INFO:colcon.colcon_core.shell:Creating environment hook '/home/robot/beka_gau/install/wheelchair_description/share/wheelchair_description/hook/cmake_prefix_path.sh'
[0.842s] Level 1:colcon.colcon_core.environment:checking '/home/robot/beka_gau/install/wheelchair_description/bin'
[0.842s] Level 1:colcon.colcon_core.environment:checking '/home/robot/beka_gau/install/wheelchair_description/lib/pkgconfig/wheelchair_description.pc'
[0.844s] Level 1:colcon.colcon_core.environment:checking '/home/robot/beka_gau/install/wheelchair_description/lib/python3.10/site-packages'
[0.845s] Level 1:colcon.colcon_core.environment:checking '/home/robot/beka_gau/install/wheelchair_description/bin'
[0.847s] INFO:colcon.colcon_core.shell:Creating package script '/home/robot/beka_gau/install/wheelchair_description/share/wheelchair_description/package.ps1'
[0.848s] INFO:colcon.colcon_core.shell:Creating package descriptor '/home/robot/beka_gau/install/wheelchair_description/share/wheelchair_description/package.dsv'
[0.849s] INFO:colcon.colcon_core.shell:Creating package script '/home/robot/beka_gau/install/wheelchair_description/share/wheelchair_description/package.sh'
[0.851s] INFO:colcon.colcon_core.shell:Creating package script '/home/robot/beka_gau/install/wheelchair_description/share/wheelchair_description/package.bash'
[0.851s] INFO:colcon.colcon_core.shell:Creating package script '/home/robot/beka_gau/install/wheelchair_description/share/wheelchair_description/package.zsh'
[0.852s] Level 1:colcon.colcon_core.environment:create_file_with_runtime_dependencies(/home/robot/beka_gau/install/wheelchair_description/share/colcon-core/packages/wheelchair_description)
[2.050s] DEBUG:colcon.colcon_core.event_handler.log_command:Invoked command in '/home/robot/beka_gau/build/nav2_rosdevday_2021' returned '0': CMAKE_PREFIX_PATH=${CMAKE_PREFIX_PATH}:/opt/ros/humble /usr/bin/cmake /home/robot/beka_gau/src/nav2_rosdevday_2021-main/nav2_rosdevday_2021 -DCMAKE_INSTALL_PREFIX=/home/robot/beka_gau/install/nav2_rosdevday_2021
[2.051s] DEBUG:colcon.colcon_core.event_handler.log_command:Invoking command in '/home/robot/beka_gau/build/nav2_rosdevday_2021': CMAKE_PREFIX_PATH=${CMAKE_PREFIX_PATH}:/opt/ros/humble /usr/bin/cmake --build /home/robot/beka_gau/build/nav2_rosdevday_2021 -- -j12 -l12
[2.116s] DEBUG:colcon.colcon_core.event_handler.log_command:Invoked command in '/home/robot/beka_gau/build/nav2_rosdevday_2021' returned '0': CMAKE_PREFIX_PATH=${CMAKE_PREFIX_PATH}:/opt/ros/humble /usr/bin/cmake --build /home/robot/beka_gau/build/nav2_rosdevday_2021 -- -j12 -l12
[2.117s] DEBUG:colcon.colcon_core.event_handler.log_command:Invoking command in '/home/robot/beka_gau/build/nav2_rosdevday_2021': CMAKE_PREFIX_PATH=${CMAKE_PREFIX_PATH}:/opt/ros/humble /usr/bin/cmake --install /home/robot/beka_gau/build/nav2_rosdevday_2021
[2.149s] Level 1:colcon.colcon_core.environment:create_environment_scripts_only(nav2_rosdevday_2021)
[2.150s] DEBUG:colcon.colcon_core.event_handler.log_command:Invoked command in '/home/robot/beka_gau/build/nav2_rosdevday_2021' returned '0': CMAKE_PREFIX_PATH=${CMAKE_PREFIX_PATH}:/opt/ros/humble /usr/bin/cmake --install /home/robot/beka_gau/build/nav2_rosdevday_2021
[2.150s] Level 1:colcon.colcon_core.environment:checking '/home/robot/beka_gau/install/nav2_rosdevday_2021' for CMake module files
[2.151s] Level 1:colcon.colcon_core.environment:checking '/home/robot/beka_gau/install/nav2_rosdevday_2021' for CMake config files
[2.151s] Level 1:colcon.colcon_core.shell:create_environment_hook('nav2_rosdevday_2021', 'cmake_prefix_path')
[2.152s] INFO:colcon.colcon_core.shell:Creating environment hook '/home/robot/beka_gau/install/nav2_rosdevday_2021/share/nav2_rosdevday_2021/hook/cmake_prefix_path.ps1'
[2.152s] INFO:colcon.colcon_core.shell:Creating environment descriptor '/home/robot/beka_gau/install/nav2_rosdevday_2021/share/nav2_rosdevday_2021/hook/cmake_prefix_path.dsv'
[2.153s] INFO:colcon.colcon_core.shell:Creating environment hook '/home/robot/beka_gau/install/nav2_rosdevday_2021/share/nav2_rosdevday_2021/hook/cmake_prefix_path.sh'
[2.154s] Level 1:colcon.colcon_core.environment:checking '/home/robot/beka_gau/install/nav2_rosdevday_2021/bin'
[2.154s] Level 1:colcon.colcon_core.environment:checking '/home/robot/beka_gau/install/nav2_rosdevday_2021/lib/pkgconfig/nav2_rosdevday_2021.pc'
[2.155s] Level 1:colcon.colcon_core.environment:checking '/home/robot/beka_gau/install/nav2_rosdevday_2021/lib/python3.10/site-packages'
[2.157s] Level 1:colcon.colcon_core.environment:checking '/home/robot/beka_gau/install/nav2_rosdevday_2021/bin'
[2.159s] INFO:colcon.colcon_core.shell:Creating package script '/home/robot/beka_gau/install/nav2_rosdevday_2021/share/nav2_rosdevday_2021/package.ps1'
[2.160s] INFO:colcon.colcon_core.shell:Creating package descriptor '/home/robot/beka_gau/install/nav2_rosdevday_2021/share/nav2_rosdevday_2021/package.dsv'
[2.161s] INFO:colcon.colcon_core.shell:Creating package script '/home/robot/beka_gau/install/nav2_rosdevday_2021/share/nav2_rosdevday_2021/package.sh'
[2.161s] INFO:colcon.colcon_core.shell:Creating package script '/home/robot/beka_gau/install/nav2_rosdevday_2021/share/nav2_rosdevday_2021/package.bash'
[2.162s] INFO:colcon.colcon_core.shell:Creating package script '/home/robot/beka_gau/install/nav2_rosdevday_2021/share/nav2_rosdevday_2021/package.zsh'
[2.163s] Level 1:colcon.colcon_core.environment:create_file_with_runtime_dependencies(/home/robot/beka_gau/install/nav2_rosdevday_2021/share/colcon-core/packages/nav2_rosdevday_2021)
[2.163s] Level 1:colcon.colcon_core.environment:create_environment_scripts_only(nav2_rosdevday_2021)
[2.164s] Level 1:colcon.colcon_core.environment:checking '/home/robot/beka_gau/install/nav2_rosdevday_2021' for CMake module files
[2.165s] Level 1:colcon.colcon_core.environment:checking '/home/robot/beka_gau/install/nav2_rosdevday_2021' for CMake config files
[2.165s] Level 1:colcon.colcon_core.shell:create_environment_hook('nav2_rosdevday_2021', 'cmake_prefix_path')
[2.165s] INFO:colcon.colcon_core.shell:Creating environment hook '/home/robot/beka_gau/install/nav2_rosdevday_2021/share/nav2_rosdevday_2021/hook/cmake_prefix_path.ps1'
[2.166s] INFO:colcon.colcon_core.shell:Creating environment descriptor '/home/robot/beka_gau/install/nav2_rosdevday_2021/share/nav2_rosdevday_2021/hook/cmake_prefix_path.dsv'
[2.167s] INFO:colcon.colcon_core.shell:Creating environment hook '/home/robot/beka_gau/install/nav2_rosdevday_2021/share/nav2_rosdevday_2021/hook/cmake_prefix_path.sh'
[2.168s] Level 1:colcon.colcon_core.environment:checking '/home/robot/beka_gau/install/nav2_rosdevday_2021/bin'
[2.168s] Level 1:colcon.colcon_core.environment:checking '/home/robot/beka_gau/install/nav2_rosdevday_2021/lib/pkgconfig/nav2_rosdevday_2021.pc'
[2.168s] Level 1:colcon.colcon_core.environment:checking '/home/robot/beka_gau/install/nav2_rosdevday_2021/lib/python3.10/site-packages'
[2.168s] Level 1:colcon.colcon_core.environment:checking '/home/robot/beka_gau/install/nav2_rosdevday_2021/bin'
[2.169s] INFO:colcon.colcon_core.shell:Creating package script '/home/robot/beka_gau/install/nav2_rosdevday_2021/share/nav2_rosdevday_2021/package.ps1'
[2.169s] INFO:colcon.colcon_core.shell:Creating package descriptor '/home/robot/beka_gau/install/nav2_rosdevday_2021/share/nav2_rosdevday_2021/package.dsv'
[2.170s] INFO:colcon.colcon_core.shell:Creating package script '/home/robot/beka_gau/install/nav2_rosdevday_2021/share/nav2_rosdevday_2021/package.sh'
[2.171s] INFO:colcon.colcon_core.shell:Creating package script '/home/robot/beka_gau/install/nav2_rosdevday_2021/share/nav2_rosdevday_2021/package.bash'
[2.172s] INFO:colcon.colcon_core.shell:Creating package script '/home/robot/beka_gau/install/nav2_rosdevday_2021/share/nav2_rosdevday_2021/package.zsh'
[2.172s] Level 1:colcon.colcon_core.environment:create_file_with_runtime_dependencies(/home/robot/beka_gau/install/nav2_rosdevday_2021/share/colcon-core/packages/nav2_rosdevday_2021)
[2.173s] DEBUG:colcon.colcon_parallel_executor.executor.parallel:closing loop
[2.174s] DEBUG:colcon.colcon_parallel_executor.executor.parallel:loop closed
[2.174s] DEBUG:colcon.colcon_parallel_executor.executor.parallel:run_until_complete finished with '0'
[2.174s] DEBUG:colcon.colcon_core.event_reactor:joining thread
[2.180s] INFO:colcon.colcon_core.plugin_system:Skipping extension 'colcon_notification.desktop_notification.terminal_notifier': Not used on non-Darwin systems
[2.180s] INFO:colcon.colcon_core.plugin_system:Skipping extension 'colcon_notification.desktop_notification.win32': Not used on non-Windows systems
[2.180s] INFO:colcon.colcon_notification.desktop_notification:Sending desktop notification using 'notify2'
[2.201s] DEBUG:colcon.colcon_core.event_reactor:joined thread
[2.202s] INFO:colcon.colcon_core.shell:Creating prefix script '/home/robot/beka_gau/install/local_setup.ps1'
[2.206s] INFO:colcon.colcon_core.shell:Creating prefix util module '/home/robot/beka_gau/install/_local_setup_util_ps1.py'
[2.209s] INFO:colcon.colcon_core.shell:Creating prefix chain script '/home/robot/beka_gau/install/setup.ps1'
[2.210s] INFO:colcon.colcon_core.shell:Creating prefix script '/home/robot/beka_gau/install/local_setup.sh'
[2.211s] INFO:colcon.colcon_core.shell:Creating prefix util module '/home/robot/beka_gau/install/_local_setup_util_sh.py'
[2.211s] INFO:colcon.colcon_core.shell:Creating prefix chain script '/home/robot/beka_gau/install/setup.sh'
[2.212s] INFO:colcon.colcon_core.shell:Creating prefix script '/home/robot/beka_gau/install/local_setup.bash'
[2.213s] INFO:colcon.colcon_core.shell:Creating prefix chain script '/home/robot/beka_gau/install/setup.bash'
[2.215s] INFO:colcon.colcon_core.shell:Creating prefix script '/home/robot/beka_gau/install/local_setup.zsh'
[2.215s] INFO:colcon.colcon_core.shell:Creating prefix chain script '/home/robot/beka_gau/install/setup.zsh'
