[0.049s] Invoking command in '/home/robot/beka_gau/build/nav_2d_msgs': CMAKE_PREFIX_PATH=${CMAKE_PREFIX_PATH}:/opt/ros/humble /usr/bin/cmake /home/robot/beka_gau/src/ros-planning/navigation2/nav2_dwb_controller/nav_2d_msgs -DCMAKE_INSTALL_PREFIX=/home/robot/beka_gau/install/nav_2d_msgs
[0.182s] -- The C compiler identification is GNU 11.4.0
[0.307s] -- The CXX compiler identification is GNU 11.4.0
[0.318s] -- Detecting C compiler ABI info
[0.489s] -- Detecting C compiler ABI info - done
[0.510s] -- Check for working C compiler: /usr/bin/cc - skipped
[0.510s] -- Detecting C compile features
[0.511s] -- Detecting C compile features - done
[0.520s] -- Detecting CXX compiler ABI info
[0.700s] -- Detecting CXX compiler ABI info - done
[0.728s] -- Check for working CXX compiler: /usr/bin/c++ - skipped
[0.728s] -- Detecting CXX compile features
[0.729s] -- Detecting CXX compile features - done
[0.738s] -- Found geometry_msgs: 4.2.4 (/opt/ros/humble/share/geometry_msgs/cmake)
[1.112s] -- Found Python3: /usr/bin/python3 (found version "3.10.12") found components: Interpreter 
[1.450s] -- Found rosidl_generator_c: 3.1.6 (/opt/ros/humble/share/rosidl_generator_c/cmake)
[1.460s] -- Found rosidl_adapter: 3.1.6 (/opt/ros/humble/share/rosidl_adapter/cmake)
[1.481s] -- Found rosidl_generator_cpp: 3.1.6 (/opt/ros/humble/share/rosidl_generator_cpp/cmake)
[1.515s] -- Using all available rosidl_typesupport_c: rosidl_typesupport_fastrtps_c;rosidl_typesupport_introspection_c
[1.555s] -- Using all available rosidl_typesupport_cpp: rosidl_typesupport_fastrtps_cpp;rosidl_typesupport_introspection_cpp
[1.688s] -- Found rosidl_default_generators: 1.2.0 (/opt/ros/humble/share/rosidl_default_generators/cmake)
[2.526s] -- Found ament_cmake_ros: 0.10.0 (/opt/ros/humble/share/ament_cmake_ros/cmake)
[3.642s] -- Using all available rosidl_typesupport_c: rosidl_typesupport_fastrtps_c;rosidl_typesupport_introspection_c
[4.024s] -- Using all available rosidl_typesupport_cpp: rosidl_typesupport_fastrtps_cpp;rosidl_typesupport_introspection_cpp
[4.084s] -- Found PythonInterp: /usr/bin/python3 (found suitable version "3.10.12", minimum required is "3.6") 
[4.089s] -- Found python_cmake_module: 0.10.0 (/opt/ros/humble/share/python_cmake_module/cmake)
[4.157s] -- Found PythonLibs: /usr/lib/x86_64-linux-gnu/libpython3.10.so (found suitable version "3.10.12", minimum required is "3.5") 
[4.157s] -- Using PYTHON_EXECUTABLE: /usr/bin/python3
[4.157s] -- Using PYTHON_INCLUDE_DIRS: /usr/include/python3.10
[4.157s] -- Using PYTHON_LIBRARIES: /usr/lib/x86_64-linux-gnu/libpython3.10.so
[4.208s] -- Found PythonExtra: .so  
[4.400s] -- Configuring done
[4.518s] -- Generating done
[4.556s] -- Build files have been written to: /home/robot/beka_gau/build/nav_2d_msgs
[4.582s] Invoked command in '/home/robot/beka_gau/build/nav_2d_msgs' returned '0': CMAKE_PREFIX_PATH=${CMAKE_PREFIX_PATH}:/opt/ros/humble /usr/bin/cmake /home/robot/beka_gau/src/ros-planning/navigation2/nav2_dwb_controller/nav_2d_msgs -DCMAKE_INSTALL_PREFIX=/home/robot/beka_gau/install/nav_2d_msgs
[4.586s] Invoking command in '/home/robot/beka_gau/build/nav_2d_msgs': CMAKE_PREFIX_PATH=${CMAKE_PREFIX_PATH}:/opt/ros/humble /usr/bin/cmake --build /home/robot/beka_gau/build/nav_2d_msgs -- -j12 -l12
[4.679s] [  1%] [34m[1mGenerating C code for ROS interfaces[0m
[4.712s] [  2%] [34m[1mGenerating C++ code for ROS interfaces[0m
[4.726s] [  2%] Built target ament_cmake_python_copy_nav_2d_msgs
[5.477s] running egg_info
[5.482s] creating nav_2d_msgs.egg-info
[5.482s] writing nav_2d_msgs.egg-info/PKG-INFO
[5.482s] writing dependency_links to nav_2d_msgs.egg-info/dependency_links.txt
[5.482s] writing top-level names to nav_2d_msgs.egg-info/top_level.txt
[5.482s] writing manifest file 'nav_2d_msgs.egg-info/SOURCES.txt'
[5.489s] reading manifest file 'nav_2d_msgs.egg-info/SOURCES.txt'
[5.493s] writing manifest file 'nav_2d_msgs.egg-info/SOURCES.txt'
[5.585s] [  2%] Built target ament_cmake_python_build_nav_2d_msgs_egg
[6.391s] [  2%] Built target nav_2d_msgs__cpp
[6.424s] [  4%] [34m[1mGenerating C++ type support for eProsima Fast-RTPS[0m
[6.431s] [  5%] [34m[1mGenerating C++ introspection for ROS interfaces[0m
[6.432s] [  7%] [34m[1mGenerating C++ type support dispatch for ROS interfaces[0m
[6.432s] [  8%] [32mBuilding C object CMakeFiles/nav_2d_msgs__rosidl_generator_c.dir/rosidl_generator_c/nav_2d_msgs/msg/detail/path2_d__functions.c.o[0m
[6.437s] [  9%] [32mBuilding C object CMakeFiles/nav_2d_msgs__rosidl_generator_c.dir/rosidl_generator_c/nav_2d_msgs/msg/detail/pose2_d32__functions.c.o[0m
[6.446s] [ 11%] [32mBuilding C object CMakeFiles/nav_2d_msgs__rosidl_generator_c.dir/rosidl_generator_c/nav_2d_msgs/msg/detail/twist2_d32__functions.c.o[0m
[6.457s] [ 12%] [32mBuilding C object CMakeFiles/nav_2d_msgs__rosidl_generator_c.dir/rosidl_generator_c/nav_2d_msgs/msg/detail/twist2_d__functions.c.o[0m
[6.463s] [ 14%] [32mBuilding C object CMakeFiles/nav_2d_msgs__rosidl_generator_c.dir/rosidl_generator_c/nav_2d_msgs/msg/detail/pose2_d_stamped__functions.c.o[0m
[6.474s] [ 15%] [32mBuilding C object CMakeFiles/nav_2d_msgs__rosidl_generator_c.dir/rosidl_generator_c/nav_2d_msgs/msg/detail/twist2_d_stamped__functions.c.o[0m
[6.720s] [ 16%] [32m[1mLinking C shared library libnav_2d_msgs__rosidl_generator_c.so[0m
[6.887s] [ 16%] Built target nav_2d_msgs__rosidl_generator_c
[6.923s] [ 18%] [34m[1mGenerating C type support for eProsima Fast-RTPS[0m
[6.927s] [ 21%] [34m[1mGenerating C type support dispatch for ROS interfaces[0m
[6.928s] [ 21%] [34m[1mGenerating C introspection for ROS interfaces[0m
[7.894s] [ 22%] [32mBuilding CXX object CMakeFiles/nav_2d_msgs__rosidl_typesupport_introspection_cpp.dir/rosidl_typesupport_introspection_cpp/nav_2d_msgs/msg/detail/path2_d__type_support.cpp.o[0m
[7.918s] [ 23%] [32mBuilding CXX object CMakeFiles/nav_2d_msgs__rosidl_typesupport_introspection_cpp.dir/rosidl_typesupport_introspection_cpp/nav_2d_msgs/msg/detail/pose2_d32__type_support.cpp.o[0m
[7.932s] [ 25%] [32mBuilding CXX object CMakeFiles/nav_2d_msgs__rosidl_typesupport_introspection_cpp.dir/rosidl_typesupport_introspection_cpp/nav_2d_msgs/msg/detail/pose2_d_stamped__type_support.cpp.o[0m
[7.936s] [ 26%] [32mBuilding CXX object CMakeFiles/nav_2d_msgs__rosidl_typesupport_cpp.dir/rosidl_typesupport_cpp/nav_2d_msgs/msg/path2_d__type_support.cpp.o[0m
[7.946s] [ 28%] [32mBuilding CXX object CMakeFiles/nav_2d_msgs__rosidl_typesupport_introspection_cpp.dir/rosidl_typesupport_introspection_cpp/nav_2d_msgs/msg/detail/twist2_d__type_support.cpp.o[0m
[7.963s] [ 29%] [32mBuilding CXX object CMakeFiles/nav_2d_msgs__rosidl_typesupport_introspection_cpp.dir/rosidl_typesupport_introspection_cpp/nav_2d_msgs/msg/detail/twist2_d32__type_support.cpp.o[0m
[7.964s] [ 30%] [32mBuilding CXX object CMakeFiles/nav_2d_msgs__rosidl_typesupport_cpp.dir/rosidl_typesupport_cpp/nav_2d_msgs/msg/pose2_d_stamped__type_support.cpp.o[0m
[7.980s] [ 32%] [32mBuilding CXX object CMakeFiles/nav_2d_msgs__rosidl_typesupport_cpp.dir/rosidl_typesupport_cpp/nav_2d_msgs/msg/pose2_d32__type_support.cpp.o[0m
[8.805s] [ 33%] [32mBuilding CXX object CMakeFiles/nav_2d_msgs__rosidl_typesupport_c.dir/rosidl_typesupport_c/nav_2d_msgs/msg/path2_d__type_support.cpp.o[0m
[8.989s] [ 35%] [32mBuilding CXX object CMakeFiles/nav_2d_msgs__rosidl_typesupport_c.dir/rosidl_typesupport_c/nav_2d_msgs/msg/pose2_d32__type_support.cpp.o[0m
[9.092s] [ 36%] [32mBuilding CXX object CMakeFiles/nav_2d_msgs__rosidl_typesupport_c.dir/rosidl_typesupport_c/nav_2d_msgs/msg/pose2_d_stamped__type_support.cpp.o[0m
[9.251s] [ 38%] [32mBuilding CXX object CMakeFiles/nav_2d_msgs__rosidl_typesupport_c.dir/rosidl_typesupport_c/nav_2d_msgs/msg/twist2_d__type_support.cpp.o[0m
[9.328s] [ 39%] [32mBuilding CXX object CMakeFiles/nav_2d_msgs__rosidl_typesupport_fastrtps_cpp.dir/rosidl_typesupport_fastrtps_cpp/nav_2d_msgs/msg/detail/dds_fastrtps/path2_d__type_support.cpp.o[0m
[9.450s] [ 40%] [32mBuilding C object CMakeFiles/nav_2d_msgs__rosidl_typesupport_introspection_c.dir/rosidl_typesupport_introspection_c/nav_2d_msgs/msg/detail/path2_d__type_support.c.o[0m
[9.455s] [ 42%] [32mBuilding CXX object CMakeFiles/nav_2d_msgs__rosidl_typesupport_c.dir/rosidl_typesupport_c/nav_2d_msgs/msg/twist2_d32__type_support.cpp.o[0m
[9.542s] [ 43%] [32mBuilding CXX object CMakeFiles/nav_2d_msgs__rosidl_typesupport_cpp.dir/rosidl_typesupport_cpp/nav_2d_msgs/msg/twist2_d__type_support.cpp.o[0m
[9.544s] [ 45%] [32mBuilding CXX object CMakeFiles/nav_2d_msgs__rosidl_typesupport_fastrtps_cpp.dir/rosidl_typesupport_fastrtps_cpp/nav_2d_msgs/msg/detail/dds_fastrtps/pose2_d32__type_support.cpp.o[0m
[9.646s] [ 46%] [32mBuilding CXX object CMakeFiles/nav_2d_msgs__rosidl_typesupport_c.dir/rosidl_typesupport_c/nav_2d_msgs/msg/twist2_d_stamped__type_support.cpp.o[0m
[9.730s] [ 47%] [32mBuilding CXX object CMakeFiles/nav_2d_msgs__rosidl_typesupport_fastrtps_c.dir/rosidl_typesupport_fastrtps_c/nav_2d_msgs/msg/detail/path2_d__type_support_c.cpp.o[0m
[9.762s] [ 49%] [32mBuilding C object CMakeFiles/nav_2d_msgs__rosidl_typesupport_introspection_c.dir/rosidl_typesupport_introspection_c/nav_2d_msgs/msg/detail/pose2_d32__type_support.c.o[0m
[9.810s] [ 50%] [32mBuilding CXX object CMakeFiles/nav_2d_msgs__rosidl_typesupport_fastrtps_c.dir/rosidl_typesupport_fastrtps_c/nav_2d_msgs/msg/detail/pose2_d32__type_support_c.cpp.o[0m
[9.885s] [ 52%] [32m[1mLinking CXX shared library libnav_2d_msgs__rosidl_typesupport_c.so[0m
[10.009s] [ 53%] [32mBuilding C object CMakeFiles/nav_2d_msgs__rosidl_typesupport_introspection_c.dir/rosidl_typesupport_introspection_c/nav_2d_msgs/msg/detail/pose2_d_stamped__type_support.c.o[0m
[10.235s] [ 53%] Built target nav_2d_msgs__rosidl_typesupport_c
[10.235s] [ 54%] [32mBuilding C object CMakeFiles/nav_2d_msgs__rosidl_typesupport_introspection_c.dir/rosidl_typesupport_introspection_c/nav_2d_msgs/msg/detail/twist2_d__type_support.c.o[0m
[10.311s] [ 56%] [32mBuilding CXX object CMakeFiles/nav_2d_msgs__rosidl_typesupport_fastrtps_c.dir/rosidl_typesupport_fastrtps_c/nav_2d_msgs/msg/detail/pose2_d_stamped__type_support_c.cpp.o[0m
[10.401s] [ 57%] [32mBuilding C object CMakeFiles/nav_2d_msgs__rosidl_typesupport_introspection_c.dir/rosidl_typesupport_introspection_c/nav_2d_msgs/msg/detail/twist2_d32__type_support.c.o[0m
[10.411s] [ 59%] [32mBuilding CXX object CMakeFiles/nav_2d_msgs__rosidl_typesupport_fastrtps_c.dir/rosidl_typesupport_fastrtps_c/nav_2d_msgs/msg/detail/twist2_d__type_support_c.cpp.o[0m
[10.559s] [ 60%] [32mBuilding C object CMakeFiles/nav_2d_msgs__rosidl_typesupport_introspection_c.dir/rosidl_typesupport_introspection_c/nav_2d_msgs/msg/detail/twist2_d_stamped__type_support.c.o[0m
[10.576s] [ 61%] [32mBuilding CXX object CMakeFiles/nav_2d_msgs__rosidl_typesupport_introspection_cpp.dir/rosidl_typesupport_introspection_cpp/nav_2d_msgs/msg/detail/twist2_d_stamped__type_support.cpp.o[0m
[10.735s] [ 63%] [32mBuilding CXX object CMakeFiles/nav_2d_msgs__rosidl_typesupport_cpp.dir/rosidl_typesupport_cpp/nav_2d_msgs/msg/twist2_d32__type_support.cpp.o[0m
[10.872s] [ 64%] [32m[1mLinking C shared library libnav_2d_msgs__rosidl_typesupport_introspection_c.so[0m
[11.115s] [ 64%] Built target nav_2d_msgs__rosidl_typesupport_introspection_c
[11.135s] [ 66%] [32mBuilding CXX object CMakeFiles/nav_2d_msgs__rosidl_typesupport_fastrtps_c.dir/rosidl_typesupport_fastrtps_c/nav_2d_msgs/msg/detail/twist2_d32__type_support_c.cpp.o[0m
[11.143s] [ 67%] [32mBuilding CXX object CMakeFiles/nav_2d_msgs__rosidl_typesupport_fastrtps_cpp.dir/rosidl_typesupport_fastrtps_cpp/nav_2d_msgs/msg/detail/dds_fastrtps/pose2_d_stamped__type_support.cpp.o[0m
[11.246s] [ 69%] [32mBuilding CXX object CMakeFiles/nav_2d_msgs__rosidl_typesupport_cpp.dir/rosidl_typesupport_cpp/nav_2d_msgs/msg/twist2_d_stamped__type_support.cpp.o[0m
[11.550s] [ 70%] [32mBuilding CXX object CMakeFiles/nav_2d_msgs__rosidl_typesupport_fastrtps_c.dir/rosidl_typesupport_fastrtps_c/nav_2d_msgs/msg/detail/twist2_d_stamped__type_support_c.cpp.o[0m
[11.922s] [ 71%] [32mBuilding CXX object CMakeFiles/nav_2d_msgs__rosidl_typesupport_fastrtps_cpp.dir/rosidl_typesupport_fastrtps_cpp/nav_2d_msgs/msg/detail/dds_fastrtps/twist2_d__type_support.cpp.o[0m
[12.037s] [ 73%] [32mBuilding CXX object CMakeFiles/nav_2d_msgs__rosidl_typesupport_fastrtps_cpp.dir/rosidl_typesupport_fastrtps_cpp/nav_2d_msgs/msg/detail/dds_fastrtps/twist2_d32__type_support.cpp.o[0m
[12.145s] [ 74%] [32mBuilding CXX object CMakeFiles/nav_2d_msgs__rosidl_typesupport_fastrtps_cpp.dir/rosidl_typesupport_fastrtps_cpp/nav_2d_msgs/msg/detail/dds_fastrtps/twist2_d_stamped__type_support.cpp.o[0m
[12.991s] [ 76%] [32m[1mLinking CXX shared library libnav_2d_msgs__rosidl_typesupport_introspection_cpp.so[0m
[13.082s] [ 77%] [32m[1mLinking CXX shared library libnav_2d_msgs__rosidl_typesupport_fastrtps_c.so[0m
[13.170s] [ 78%] [32m[1mLinking CXX shared library libnav_2d_msgs__rosidl_typesupport_cpp.so[0m
[13.366s] [ 78%] Built target nav_2d_msgs__rosidl_typesupport_cpp
[13.372s] [ 78%] Built target nav_2d_msgs__rosidl_typesupport_introspection_cpp
[13.396s] [ 78%] Built target nav_2d_msgs__rosidl_typesupport_fastrtps_c
[13.805s] [ 80%] [32m[1mLinking CXX shared library libnav_2d_msgs__rosidl_typesupport_fastrtps_cpp.so[0m
[14.041s] [ 80%] Built target nav_2d_msgs__rosidl_typesupport_fastrtps_cpp
[14.080s] [ 80%] Built target nav_2d_msgs
[14.126s] [ 81%] [34m[1mGenerating Python code for ROS interfaces[0m
[15.957s] [ 81%] Built target nav_2d_msgs__py
[16.017s] [ 83%] [32mBuilding C object CMakeFiles/nav_2d_msgs__rosidl_generator_py.dir/rosidl_generator_py/nav_2d_msgs/msg/_pose2_d_stamped_s.c.o[0m
[16.018s] [ 84%] [32mBuilding C object CMakeFiles/nav_2d_msgs__rosidl_generator_py.dir/rosidl_generator_py/nav_2d_msgs/msg/_pose2_d32_s.c.o[0m
[16.025s] [ 85%] [32mBuilding C object CMakeFiles/nav_2d_msgs__rosidl_generator_py.dir/rosidl_generator_py/nav_2d_msgs/msg/_twist2_d_s.c.o[0m
[16.027s] [ 87%] [32mBuilding C object CMakeFiles/nav_2d_msgs__rosidl_generator_py.dir/rosidl_generator_py/nav_2d_msgs/msg/_twist2_d_stamped_s.c.o[0m
[16.031s] [ 88%] [32mBuilding C object CMakeFiles/nav_2d_msgs__rosidl_generator_py.dir/rosidl_generator_py/nav_2d_msgs/msg/_path2_d_s.c.o[0m
[16.031s] [ 90%] [32mBuilding C object CMakeFiles/nav_2d_msgs__rosidl_generator_py.dir/rosidl_generator_py/nav_2d_msgs/msg/_twist2_d32_s.c.o[0m
[16.403s] [ 91%] [32m[1mLinking C shared library rosidl_generator_py/nav_2d_msgs/libnav_2d_msgs__rosidl_generator_py.so[0m
[16.521s] [ 91%] Built target nav_2d_msgs__rosidl_generator_py
[16.593s] [ 92%] [32mBuilding C object CMakeFiles/nav_2d_msgs__rosidl_typesupport_introspection_c__pyext.dir/rosidl_generator_py/nav_2d_msgs/_nav_2d_msgs_s.ep.rosidl_typesupport_introspection_c.c.o[0m
[16.602s] [ 94%] [32mBuilding C object CMakeFiles/nav_2d_msgs__rosidl_typesupport_c__pyext.dir/rosidl_generator_py/nav_2d_msgs/_nav_2d_msgs_s.ep.rosidl_typesupport_c.c.o[0m
[16.605s] [ 95%] [32mBuilding C object CMakeFiles/nav_2d_msgs__rosidl_typesupport_fastrtps_c__pyext.dir/rosidl_generator_py/nav_2d_msgs/_nav_2d_msgs_s.ep.rosidl_typesupport_fastrtps_c.c.o[0m
[16.938s] [ 97%] [32m[1mLinking C shared library rosidl_generator_py/nav_2d_msgs/nav_2d_msgs_s__rosidl_typesupport_c.cpython-310-x86_64-linux-gnu.so[0m
[16.973s] [ 98%] [32m[1mLinking C shared library rosidl_generator_py/nav_2d_msgs/nav_2d_msgs_s__rosidl_typesupport_fastrtps_c.cpython-310-x86_64-linux-gnu.so[0m
[16.975s] [100%] [32m[1mLinking C shared library rosidl_generator_py/nav_2d_msgs/nav_2d_msgs_s__rosidl_typesupport_introspection_c.cpython-310-x86_64-linux-gnu.so[0m
[17.074s] [100%] Built target nav_2d_msgs__rosidl_typesupport_c__pyext
[17.088s] [100%] Built target nav_2d_msgs__rosidl_typesupport_fastrtps_c__pyext
[17.108s] [100%] Built target nav_2d_msgs__rosidl_typesupport_introspection_c__pyext
[17.128s] Invoked command in '/home/robot/beka_gau/build/nav_2d_msgs' returned '0': CMAKE_PREFIX_PATH=${CMAKE_PREFIX_PATH}:/opt/ros/humble /usr/bin/cmake --build /home/robot/beka_gau/build/nav_2d_msgs -- -j12 -l12
[17.131s] Invoking command in '/home/robot/beka_gau/build/nav_2d_msgs': CMAKE_PREFIX_PATH=${CMAKE_PREFIX_PATH}:/opt/ros/humble /usr/bin/cmake --install /home/robot/beka_gau/build/nav_2d_msgs
[17.150s] -- Install configuration: ""
[17.150s] -- Installing: /home/robot/beka_gau/install/nav_2d_msgs/share/ament_index/resource_index/rosidl_interfaces/nav_2d_msgs
[17.150s] -- Installing: /home/robot/beka_gau/install/nav_2d_msgs/include/nav_2d_msgs/nav_2d_msgs
[17.150s] -- Installing: /home/robot/beka_gau/install/nav_2d_msgs/include/nav_2d_msgs/nav_2d_msgs/msg
[17.150s] -- Installing: /home/robot/beka_gau/install/nav_2d_msgs/include/nav_2d_msgs/nav_2d_msgs/msg/pose2_d_stamped.h
[17.151s] -- Installing: /home/robot/beka_gau/install/nav_2d_msgs/include/nav_2d_msgs/nav_2d_msgs/msg/twist2_d32.h
[17.151s] -- Installing: /home/robot/beka_gau/install/nav_2d_msgs/include/nav_2d_msgs/nav_2d_msgs/msg/rosidl_generator_c__visibility_control.h
[17.151s] -- Installing: /home/robot/beka_gau/install/nav_2d_msgs/include/nav_2d_msgs/nav_2d_msgs/msg/twist2_d_stamped.h
[17.151s] -- Installing: /home/robot/beka_gau/install/nav_2d_msgs/include/nav_2d_msgs/nav_2d_msgs/msg/path2_d.h
[17.152s] -- Installing: /home/robot/beka_gau/install/nav_2d_msgs/include/nav_2d_msgs/nav_2d_msgs/msg/pose2_d32.h
[17.154s] -- Installing: /home/robot/beka_gau/install/nav_2d_msgs/include/nav_2d_msgs/nav_2d_msgs/msg/detail
[17.155s] -- Installing: /home/robot/beka_gau/install/nav_2d_msgs/include/nav_2d_msgs/nav_2d_msgs/msg/detail/twist2_d__struct.h
[17.156s] -- Installing: /home/robot/beka_gau/install/nav_2d_msgs/include/nav_2d_msgs/nav_2d_msgs/msg/detail/path2_d__functions.c
[17.156s] -- Installing: /home/robot/beka_gau/install/nav_2d_msgs/include/nav_2d_msgs/nav_2d_msgs/msg/detail/path2_d__functions.h
[17.157s] -- Installing: /home/robot/beka_gau/install/nav_2d_msgs/include/nav_2d_msgs/nav_2d_msgs/msg/detail/pose2_d32__functions.h
[17.157s] -- Installing: /home/robot/beka_gau/install/nav_2d_msgs/include/nav_2d_msgs/nav_2d_msgs/msg/detail/pose2_d_stamped__functions.c
[17.158s] -- Installing: /home/robot/beka_gau/install/nav_2d_msgs/include/nav_2d_msgs/nav_2d_msgs/msg/detail/twist2_d_stamped__type_support.h
[17.158s] -- Installing: /home/robot/beka_gau/install/nav_2d_msgs/include/nav_2d_msgs/nav_2d_msgs/msg/detail/twist2_d__type_support.h
[17.158s] -- Installing: /home/robot/beka_gau/install/nav_2d_msgs/include/nav_2d_msgs/nav_2d_msgs/msg/detail/pose2_d_stamped__type_support.h
[17.158s] -- Installing: /home/robot/beka_gau/install/nav_2d_msgs/include/nav_2d_msgs/nav_2d_msgs/msg/detail/twist2_d__functions.c
[17.158s] -- Installing: /home/robot/beka_gau/install/nav_2d_msgs/include/nav_2d_msgs/nav_2d_msgs/msg/detail/twist2_d32__functions.c
[17.158s] -- Installing: /home/robot/beka_gau/install/nav_2d_msgs/include/nav_2d_msgs/nav_2d_msgs/msg/detail/path2_d__struct.h
[17.158s] -- Installing: /home/robot/beka_gau/install/nav_2d_msgs/include/nav_2d_msgs/nav_2d_msgs/msg/detail/path2_d__type_support.h
[17.159s] -- Installing: /home/robot/beka_gau/install/nav_2d_msgs/include/nav_2d_msgs/nav_2d_msgs/msg/detail/twist2_d32__functions.h
[17.159s] -- Installing: /home/robot/beka_gau/install/nav_2d_msgs/include/nav_2d_msgs/nav_2d_msgs/msg/detail/twist2_d_stamped__functions.c
[17.159s] -- Installing: /home/robot/beka_gau/install/nav_2d_msgs/include/nav_2d_msgs/nav_2d_msgs/msg/detail/pose2_d_stamped__functions.h
[17.159s] -- Installing: /home/robot/beka_gau/install/nav_2d_msgs/include/nav_2d_msgs/nav_2d_msgs/msg/detail/pose2_d32__type_support.h
[17.159s] -- Installing: /home/robot/beka_gau/install/nav_2d_msgs/include/nav_2d_msgs/nav_2d_msgs/msg/detail/twist2_d32__type_support.h
[17.159s] -- Installing: /home/robot/beka_gau/install/nav_2d_msgs/include/nav_2d_msgs/nav_2d_msgs/msg/detail/twist2_d32__struct.h
[17.159s] -- Installing: /home/robot/beka_gau/install/nav_2d_msgs/include/nav_2d_msgs/nav_2d_msgs/msg/detail/twist2_d_stamped__struct.h
[17.159s] -- Installing: /home/robot/beka_gau/install/nav_2d_msgs/include/nav_2d_msgs/nav_2d_msgs/msg/detail/pose2_d_stamped__struct.h
[17.160s] -- Installing: /home/robot/beka_gau/install/nav_2d_msgs/include/nav_2d_msgs/nav_2d_msgs/msg/detail/twist2_d_stamped__functions.h
[17.160s] -- Installing: /home/robot/beka_gau/install/nav_2d_msgs/include/nav_2d_msgs/nav_2d_msgs/msg/detail/twist2_d__functions.h
[17.160s] -- Installing: /home/robot/beka_gau/install/nav_2d_msgs/include/nav_2d_msgs/nav_2d_msgs/msg/detail/pose2_d32__functions.c
[17.160s] -- Installing: /home/robot/beka_gau/install/nav_2d_msgs/include/nav_2d_msgs/nav_2d_msgs/msg/detail/pose2_d32__struct.h
[17.160s] -- Installing: /home/robot/beka_gau/install/nav_2d_msgs/include/nav_2d_msgs/nav_2d_msgs/msg/twist2_d.h
[17.160s] -- Installing: /home/robot/beka_gau/install/nav_2d_msgs/share/nav_2d_msgs/environment/library_path.sh
[17.161s] -- Installing: /home/robot/beka_gau/install/nav_2d_msgs/share/nav_2d_msgs/environment/library_path.dsv
[17.161s] -- Installing: /home/robot/beka_gau/install/nav_2d_msgs/lib/libnav_2d_msgs__rosidl_generator_c.so
[17.162s] -- Set runtime path of "/home/robot/beka_gau/install/nav_2d_msgs/lib/libnav_2d_msgs__rosidl_generator_c.so" to ""
[17.162s] -- Up-to-date: /home/robot/beka_gau/install/nav_2d_msgs/include/nav_2d_msgs/nav_2d_msgs
[17.162s] -- Up-to-date: /home/robot/beka_gau/install/nav_2d_msgs/include/nav_2d_msgs/nav_2d_msgs/msg
[17.162s] -- Installing: /home/robot/beka_gau/install/nav_2d_msgs/include/nav_2d_msgs/nav_2d_msgs/msg/rosidl_typesupport_fastrtps_c__visibility_control.h
[17.162s] -- Up-to-date: /home/robot/beka_gau/install/nav_2d_msgs/include/nav_2d_msgs/nav_2d_msgs/msg/detail
[17.162s] -- Installing: /home/robot/beka_gau/install/nav_2d_msgs/include/nav_2d_msgs/nav_2d_msgs/msg/detail/pose2_d32__rosidl_typesupport_fastrtps_c.h
[17.163s] -- Installing: /home/robot/beka_gau/install/nav_2d_msgs/include/nav_2d_msgs/nav_2d_msgs/msg/detail/twist2_d_stamped__rosidl_typesupport_fastrtps_c.h
[17.163s] -- Installing: /home/robot/beka_gau/install/nav_2d_msgs/include/nav_2d_msgs/nav_2d_msgs/msg/detail/twist2_d__rosidl_typesupport_fastrtps_c.h
[17.163s] -- Installing: /home/robot/beka_gau/install/nav_2d_msgs/include/nav_2d_msgs/nav_2d_msgs/msg/detail/path2_d__rosidl_typesupport_fastrtps_c.h
[17.163s] -- Installing: /home/robot/beka_gau/install/nav_2d_msgs/include/nav_2d_msgs/nav_2d_msgs/msg/detail/pose2_d_stamped__rosidl_typesupport_fastrtps_c.h
[17.163s] -- Installing: /home/robot/beka_gau/install/nav_2d_msgs/include/nav_2d_msgs/nav_2d_msgs/msg/detail/twist2_d32__rosidl_typesupport_fastrtps_c.h
[17.163s] -- Installing: /home/robot/beka_gau/install/nav_2d_msgs/lib/libnav_2d_msgs__rosidl_typesupport_fastrtps_c.so
[17.164s] -- Set runtime path of "/home/robot/beka_gau/install/nav_2d_msgs/lib/libnav_2d_msgs__rosidl_typesupport_fastrtps_c.so" to ""
[17.164s] -- Up-to-date: /home/robot/beka_gau/install/nav_2d_msgs/include/nav_2d_msgs/nav_2d_msgs
[17.164s] -- Up-to-date: /home/robot/beka_gau/install/nav_2d_msgs/include/nav_2d_msgs/nav_2d_msgs/msg
[17.164s] -- Installing: /home/robot/beka_gau/install/nav_2d_msgs/include/nav_2d_msgs/nav_2d_msgs/msg/rosidl_generator_cpp__visibility_control.hpp
[17.165s] -- Installing: /home/robot/beka_gau/install/nav_2d_msgs/include/nav_2d_msgs/nav_2d_msgs/msg/twist2_d_stamped.hpp
[17.165s] -- Installing: /home/robot/beka_gau/install/nav_2d_msgs/include/nav_2d_msgs/nav_2d_msgs/msg/pose2_d32.hpp
[17.165s] -- Installing: /home/robot/beka_gau/install/nav_2d_msgs/include/nav_2d_msgs/nav_2d_msgs/msg/pose2_d_stamped.hpp
[17.165s] -- Installing: /home/robot/beka_gau/install/nav_2d_msgs/include/nav_2d_msgs/nav_2d_msgs/msg/path2_d.hpp
[17.165s] -- Installing: /home/robot/beka_gau/install/nav_2d_msgs/include/nav_2d_msgs/nav_2d_msgs/msg/twist2_d.hpp
[17.165s] -- Up-to-date: /home/robot/beka_gau/install/nav_2d_msgs/include/nav_2d_msgs/nav_2d_msgs/msg/detail
[17.166s] -- Installing: /home/robot/beka_gau/install/nav_2d_msgs/include/nav_2d_msgs/nav_2d_msgs/msg/detail/pose2_d32__builder.hpp
[17.166s] -- Installing: /home/robot/beka_gau/install/nav_2d_msgs/include/nav_2d_msgs/nav_2d_msgs/msg/detail/twist2_d__type_support.hpp
[17.169s] -- Installing: /home/robot/beka_gau/install/nav_2d_msgs/include/nav_2d_msgs/nav_2d_msgs/msg/detail/pose2_d_stamped__type_support.hpp
[17.171s] -- Installing: /home/robot/beka_gau/install/nav_2d_msgs/include/nav_2d_msgs/nav_2d_msgs/msg/detail/pose2_d_stamped__traits.hpp
[17.171s] -- Installing: /home/robot/beka_gau/install/nav_2d_msgs/include/nav_2d_msgs/nav_2d_msgs/msg/detail/twist2_d__struct.hpp
[17.171s] -- Installing: /home/robot/beka_gau/install/nav_2d_msgs/include/nav_2d_msgs/nav_2d_msgs/msg/detail/pose2_d32__type_support.hpp
[17.172s] -- Installing: /home/robot/beka_gau/install/nav_2d_msgs/include/nav_2d_msgs/nav_2d_msgs/msg/detail/twist2_d_stamped__builder.hpp
[17.173s] -- Installing: /home/robot/beka_gau/install/nav_2d_msgs/include/nav_2d_msgs/nav_2d_msgs/msg/detail/pose2_d_stamped__struct.hpp
[17.174s] -- Installing: /home/robot/beka_gau/install/nav_2d_msgs/include/nav_2d_msgs/nav_2d_msgs/msg/detail/pose2_d32__traits.hpp
[17.174s] -- Installing: /home/robot/beka_gau/install/nav_2d_msgs/include/nav_2d_msgs/nav_2d_msgs/msg/detail/pose2_d_stamped__builder.hpp
[17.174s] -- Installing: /home/robot/beka_gau/install/nav_2d_msgs/include/nav_2d_msgs/nav_2d_msgs/msg/detail/twist2_d_stamped__type_support.hpp
[17.174s] -- Installing: /home/robot/beka_gau/install/nav_2d_msgs/include/nav_2d_msgs/nav_2d_msgs/msg/detail/twist2_d32__type_support.hpp
[17.174s] -- Installing: /home/robot/beka_gau/install/nav_2d_msgs/include/nav_2d_msgs/nav_2d_msgs/msg/detail/path2_d__builder.hpp
[17.174s] -- Installing: /home/robot/beka_gau/install/nav_2d_msgs/include/nav_2d_msgs/nav_2d_msgs/msg/detail/twist2_d32__struct.hpp
[17.175s] -- Installing: /home/robot/beka_gau/install/nav_2d_msgs/include/nav_2d_msgs/nav_2d_msgs/msg/detail/twist2_d__traits.hpp
[17.175s] -- Installing: /home/robot/beka_gau/install/nav_2d_msgs/include/nav_2d_msgs/nav_2d_msgs/msg/detail/pose2_d32__struct.hpp
[17.175s] -- Installing: /home/robot/beka_gau/install/nav_2d_msgs/include/nav_2d_msgs/nav_2d_msgs/msg/detail/twist2_d32__traits.hpp
[17.175s] -- Installing: /home/robot/beka_gau/install/nav_2d_msgs/include/nav_2d_msgs/nav_2d_msgs/msg/detail/path2_d__struct.hpp
[17.175s] -- Installing: /home/robot/beka_gau/install/nav_2d_msgs/include/nav_2d_msgs/nav_2d_msgs/msg/detail/twist2_d32__builder.hpp
[17.175s] -- Installing: /home/robot/beka_gau/install/nav_2d_msgs/include/nav_2d_msgs/nav_2d_msgs/msg/detail/twist2_d_stamped__traits.hpp
[17.176s] -- Installing: /home/robot/beka_gau/install/nav_2d_msgs/include/nav_2d_msgs/nav_2d_msgs/msg/detail/path2_d__type_support.hpp
[17.176s] -- Installing: /home/robot/beka_gau/install/nav_2d_msgs/include/nav_2d_msgs/nav_2d_msgs/msg/detail/twist2_d_stamped__struct.hpp
[17.176s] -- Installing: /home/robot/beka_gau/install/nav_2d_msgs/include/nav_2d_msgs/nav_2d_msgs/msg/detail/path2_d__traits.hpp
[17.176s] -- Installing: /home/robot/beka_gau/install/nav_2d_msgs/include/nav_2d_msgs/nav_2d_msgs/msg/detail/twist2_d__builder.hpp
[17.176s] -- Installing: /home/robot/beka_gau/install/nav_2d_msgs/include/nav_2d_msgs/nav_2d_msgs/msg/twist2_d32.hpp
[17.177s] -- Up-to-date: /home/robot/beka_gau/install/nav_2d_msgs/include/nav_2d_msgs/nav_2d_msgs
[17.177s] -- Up-to-date: /home/robot/beka_gau/install/nav_2d_msgs/include/nav_2d_msgs/nav_2d_msgs/msg
[17.177s] -- Installing: /home/robot/beka_gau/install/nav_2d_msgs/include/nav_2d_msgs/nav_2d_msgs/msg/rosidl_typesupport_fastrtps_cpp__visibility_control.h
[17.177s] -- Up-to-date: /home/robot/beka_gau/install/nav_2d_msgs/include/nav_2d_msgs/nav_2d_msgs/msg/detail
[17.177s] -- Installing: /home/robot/beka_gau/install/nav_2d_msgs/include/nav_2d_msgs/nav_2d_msgs/msg/detail/twist2_d__rosidl_typesupport_fastrtps_cpp.hpp
[17.178s] -- Installing: /home/robot/beka_gau/install/nav_2d_msgs/include/nav_2d_msgs/nav_2d_msgs/msg/detail/dds_fastrtps
[17.178s] -- Installing: /home/robot/beka_gau/install/nav_2d_msgs/include/nav_2d_msgs/nav_2d_msgs/msg/detail/path2_d__rosidl_typesupport_fastrtps_cpp.hpp
[17.180s] -- Installing: /home/robot/beka_gau/install/nav_2d_msgs/include/nav_2d_msgs/nav_2d_msgs/msg/detail/twist2_d32__rosidl_typesupport_fastrtps_cpp.hpp
[17.181s] -- Installing: /home/robot/beka_gau/install/nav_2d_msgs/include/nav_2d_msgs/nav_2d_msgs/msg/detail/pose2_d32__rosidl_typesupport_fastrtps_cpp.hpp
[17.181s] -- Installing: /home/robot/beka_gau/install/nav_2d_msgs/include/nav_2d_msgs/nav_2d_msgs/msg/detail/pose2_d_stamped__rosidl_typesupport_fastrtps_cpp.hpp
[17.181s] -- Installing: /home/robot/beka_gau/install/nav_2d_msgs/include/nav_2d_msgs/nav_2d_msgs/msg/detail/twist2_d_stamped__rosidl_typesupport_fastrtps_cpp.hpp
[17.181s] -- Installing: /home/robot/beka_gau/install/nav_2d_msgs/lib/libnav_2d_msgs__rosidl_typesupport_fastrtps_cpp.so
[17.182s] -- Set runtime path of "/home/robot/beka_gau/install/nav_2d_msgs/lib/libnav_2d_msgs__rosidl_typesupport_fastrtps_cpp.so" to ""
[17.182s] -- Up-to-date: /home/robot/beka_gau/install/nav_2d_msgs/include/nav_2d_msgs/nav_2d_msgs
[17.182s] -- Up-to-date: /home/robot/beka_gau/install/nav_2d_msgs/include/nav_2d_msgs/nav_2d_msgs/msg
[17.182s] -- Up-to-date: /home/robot/beka_gau/install/nav_2d_msgs/include/nav_2d_msgs/nav_2d_msgs/msg/detail
[17.182s] -- Installing: /home/robot/beka_gau/install/nav_2d_msgs/include/nav_2d_msgs/nav_2d_msgs/msg/detail/twist2_d32__type_support.c
[17.182s] -- Installing: /home/robot/beka_gau/install/nav_2d_msgs/include/nav_2d_msgs/nav_2d_msgs/msg/detail/path2_d__type_support.c
[17.183s] -- Installing: /home/robot/beka_gau/install/nav_2d_msgs/include/nav_2d_msgs/nav_2d_msgs/msg/detail/twist2_d_stamped__type_support.c
[17.183s] -- Installing: /home/robot/beka_gau/install/nav_2d_msgs/include/nav_2d_msgs/nav_2d_msgs/msg/detail/path2_d__rosidl_typesupport_introspection_c.h
[17.183s] -- Installing: /home/robot/beka_gau/install/nav_2d_msgs/include/nav_2d_msgs/nav_2d_msgs/msg/detail/twist2_d__rosidl_typesupport_introspection_c.h
[17.183s] -- Installing: /home/robot/beka_gau/install/nav_2d_msgs/include/nav_2d_msgs/nav_2d_msgs/msg/detail/pose2_d32__rosidl_typesupport_introspection_c.h
[17.185s] -- Installing: /home/robot/beka_gau/install/nav_2d_msgs/include/nav_2d_msgs/nav_2d_msgs/msg/detail/twist2_d32__rosidl_typesupport_introspection_c.h
[17.185s] -- Installing: /home/robot/beka_gau/install/nav_2d_msgs/include/nav_2d_msgs/nav_2d_msgs/msg/detail/pose2_d_stamped__rosidl_typesupport_introspection_c.h
[17.189s] -- Installing: /home/robot/beka_gau/install/nav_2d_msgs/include/nav_2d_msgs/nav_2d_msgs/msg/detail/pose2_d_stamped__type_support.c
[17.190s] -- Installing: /home/robot/beka_gau/install/nav_2d_msgs/include/nav_2d_msgs/nav_2d_msgs/msg/detail/twist2_d__type_support.c
[17.191s] -- Installing: /home/robot/beka_gau/install/nav_2d_msgs/include/nav_2d_msgs/nav_2d_msgs/msg/detail/twist2_d_stamped__rosidl_typesupport_introspection_c.h
[17.191s] -- Installing: /home/robot/beka_gau/install/nav_2d_msgs/include/nav_2d_msgs/nav_2d_msgs/msg/detail/pose2_d32__type_support.c
[17.191s] -- Installing: /home/robot/beka_gau/install/nav_2d_msgs/include/nav_2d_msgs/nav_2d_msgs/msg/rosidl_typesupport_introspection_c__visibility_control.h
[17.192s] -- Installing: /home/robot/beka_gau/install/nav_2d_msgs/lib/libnav_2d_msgs__rosidl_typesupport_introspection_c.so
[17.192s] -- Set runtime path of "/home/robot/beka_gau/install/nav_2d_msgs/lib/libnav_2d_msgs__rosidl_typesupport_introspection_c.so" to ""
[17.193s] -- Installing: /home/robot/beka_gau/install/nav_2d_msgs/lib/libnav_2d_msgs__rosidl_typesupport_c.so
[17.193s] -- Set runtime path of "/home/robot/beka_gau/install/nav_2d_msgs/lib/libnav_2d_msgs__rosidl_typesupport_c.so" to ""
[17.193s] -- Up-to-date: /home/robot/beka_gau/install/nav_2d_msgs/include/nav_2d_msgs/nav_2d_msgs
[17.193s] -- Up-to-date: /home/robot/beka_gau/install/nav_2d_msgs/include/nav_2d_msgs/nav_2d_msgs/msg
[17.193s] -- Up-to-date: /home/robot/beka_gau/install/nav_2d_msgs/include/nav_2d_msgs/nav_2d_msgs/msg/detail
[17.194s] -- Installing: /home/robot/beka_gau/install/nav_2d_msgs/include/nav_2d_msgs/nav_2d_msgs/msg/detail/twist2_d__rosidl_typesupport_introspection_cpp.hpp
[17.194s] -- Installing: /home/robot/beka_gau/install/nav_2d_msgs/include/nav_2d_msgs/nav_2d_msgs/msg/detail/pose2_d_stamped__rosidl_typesupport_introspection_cpp.hpp
[17.194s] -- Installing: /home/robot/beka_gau/install/nav_2d_msgs/include/nav_2d_msgs/nav_2d_msgs/msg/detail/twist2_d_stamped__type_support.cpp
[17.194s] -- Installing: /home/robot/beka_gau/install/nav_2d_msgs/include/nav_2d_msgs/nav_2d_msgs/msg/detail/twist2_d32__type_support.cpp
[17.194s] -- Installing: /home/robot/beka_gau/install/nav_2d_msgs/include/nav_2d_msgs/nav_2d_msgs/msg/detail/twist2_d32__rosidl_typesupport_introspection_cpp.hpp
[17.195s] -- Installing: /home/robot/beka_gau/install/nav_2d_msgs/include/nav_2d_msgs/nav_2d_msgs/msg/detail/pose2_d32__type_support.cpp
[17.195s] -- Installing: /home/robot/beka_gau/install/nav_2d_msgs/include/nav_2d_msgs/nav_2d_msgs/msg/detail/pose2_d_stamped__type_support.cpp
[17.196s] -- Installing: /home/robot/beka_gau/install/nav_2d_msgs/include/nav_2d_msgs/nav_2d_msgs/msg/detail/path2_d__rosidl_typesupport_introspection_cpp.hpp
[17.196s] -- Installing: /home/robot/beka_gau/install/nav_2d_msgs/include/nav_2d_msgs/nav_2d_msgs/msg/detail/twist2_d__type_support.cpp
[17.197s] -- Installing: /home/robot/beka_gau/install/nav_2d_msgs/include/nav_2d_msgs/nav_2d_msgs/msg/detail/path2_d__type_support.cpp
[17.197s] -- Installing: /home/robot/beka_gau/install/nav_2d_msgs/include/nav_2d_msgs/nav_2d_msgs/msg/detail/pose2_d32__rosidl_typesupport_introspection_cpp.hpp
[17.197s] -- Installing: /home/robot/beka_gau/install/nav_2d_msgs/include/nav_2d_msgs/nav_2d_msgs/msg/detail/twist2_d_stamped__rosidl_typesupport_introspection_cpp.hpp
[17.197s] -- Installing: /home/robot/beka_gau/install/nav_2d_msgs/lib/libnav_2d_msgs__rosidl_typesupport_introspection_cpp.so
[17.197s] -- Set runtime path of "/home/robot/beka_gau/install/nav_2d_msgs/lib/libnav_2d_msgs__rosidl_typesupport_introspection_cpp.so" to ""
[17.198s] -- Installing: /home/robot/beka_gau/install/nav_2d_msgs/lib/libnav_2d_msgs__rosidl_typesupport_cpp.so
[17.198s] -- Set runtime path of "/home/robot/beka_gau/install/nav_2d_msgs/lib/libnav_2d_msgs__rosidl_typesupport_cpp.so" to ""
[17.198s] -- Installing: /home/robot/beka_gau/install/nav_2d_msgs/share/nav_2d_msgs/environment/pythonpath.sh
[17.198s] -- Installing: /home/robot/beka_gau/install/nav_2d_msgs/share/nav_2d_msgs/environment/pythonpath.dsv
[17.200s] -- Installing: /home/robot/beka_gau/install/nav_2d_msgs/local/lib/python3.10/dist-packages/nav_2d_msgs-1.0.12-py3.10.egg-info
[17.201s] -- Installing: /home/robot/beka_gau/install/nav_2d_msgs/local/lib/python3.10/dist-packages/nav_2d_msgs-1.0.12-py3.10.egg-info/top_level.txt
[17.202s] -- Installing: /home/robot/beka_gau/install/nav_2d_msgs/local/lib/python3.10/dist-packages/nav_2d_msgs-1.0.12-py3.10.egg-info/PKG-INFO
[17.203s] -- Installing: /home/robot/beka_gau/install/nav_2d_msgs/local/lib/python3.10/dist-packages/nav_2d_msgs-1.0.12-py3.10.egg-info/SOURCES.txt
[17.203s] -- Installing: /home/robot/beka_gau/install/nav_2d_msgs/local/lib/python3.10/dist-packages/nav_2d_msgs-1.0.12-py3.10.egg-info/dependency_links.txt
[17.203s] -- Installing: /home/robot/beka_gau/install/nav_2d_msgs/local/lib/python3.10/dist-packages/nav_2d_msgs
[17.203s] -- Installing: /home/robot/beka_gau/install/nav_2d_msgs/local/lib/python3.10/dist-packages/nav_2d_msgs/msg
[17.203s] -- Installing: /home/robot/beka_gau/install/nav_2d_msgs/local/lib/python3.10/dist-packages/nav_2d_msgs/msg/_pose2_d_stamped_s.c
[17.204s] -- Installing: /home/robot/beka_gau/install/nav_2d_msgs/local/lib/python3.10/dist-packages/nav_2d_msgs/msg/_pose2_d_stamped.py
[17.204s] -- Installing: /home/robot/beka_gau/install/nav_2d_msgs/local/lib/python3.10/dist-packages/nav_2d_msgs/msg/_twist2_d32_s.c
[17.204s] -- Installing: /home/robot/beka_gau/install/nav_2d_msgs/local/lib/python3.10/dist-packages/nav_2d_msgs/msg/_twist2_d_stamped_s.c
[17.205s] -- Installing: /home/robot/beka_gau/install/nav_2d_msgs/local/lib/python3.10/dist-packages/nav_2d_msgs/msg/_twist2_d32.py
[17.205s] -- Installing: /home/robot/beka_gau/install/nav_2d_msgs/local/lib/python3.10/dist-packages/nav_2d_msgs/msg/_path2_d_s.c
[17.205s] -- Installing: /home/robot/beka_gau/install/nav_2d_msgs/local/lib/python3.10/dist-packages/nav_2d_msgs/msg/_twist2_d_s.c
[17.205s] -- Installing: /home/robot/beka_gau/install/nav_2d_msgs/local/lib/python3.10/dist-packages/nav_2d_msgs/msg/_twist2_d.py
[17.205s] -- Installing: /home/robot/beka_gau/install/nav_2d_msgs/local/lib/python3.10/dist-packages/nav_2d_msgs/msg/_path2_d.py
[17.205s] -- Installing: /home/robot/beka_gau/install/nav_2d_msgs/local/lib/python3.10/dist-packages/nav_2d_msgs/msg/_pose2_d32.py
[17.205s] -- Installing: /home/robot/beka_gau/install/nav_2d_msgs/local/lib/python3.10/dist-packages/nav_2d_msgs/msg/__init__.py
[17.205s] -- Installing: /home/robot/beka_gau/install/nav_2d_msgs/local/lib/python3.10/dist-packages/nav_2d_msgs/msg/_pose2_d32_s.c
[17.206s] -- Installing: /home/robot/beka_gau/install/nav_2d_msgs/local/lib/python3.10/dist-packages/nav_2d_msgs/msg/_twist2_d_stamped.py
[17.206s] -- Installing: /home/robot/beka_gau/install/nav_2d_msgs/local/lib/python3.10/dist-packages/nav_2d_msgs/nav_2d_msgs_s__rosidl_typesupport_fastrtps_c.cpython-310-x86_64-linux-gnu.so
[17.206s] -- Installing: /home/robot/beka_gau/install/nav_2d_msgs/local/lib/python3.10/dist-packages/nav_2d_msgs/nav_2d_msgs_s__rosidl_typesupport_c.cpython-310-x86_64-linux-gnu.so
[17.206s] -- Installing: /home/robot/beka_gau/install/nav_2d_msgs/local/lib/python3.10/dist-packages/nav_2d_msgs/_nav_2d_msgs_s.ep.rosidl_typesupport_introspection_c.c
[17.206s] -- Installing: /home/robot/beka_gau/install/nav_2d_msgs/local/lib/python3.10/dist-packages/nav_2d_msgs/_nav_2d_msgs_s.ep.rosidl_typesupport_c.c
[17.206s] -- Installing: /home/robot/beka_gau/install/nav_2d_msgs/local/lib/python3.10/dist-packages/nav_2d_msgs/_nav_2d_msgs_s.ep.rosidl_typesupport_fastrtps_c.c
[17.206s] -- Installing: /home/robot/beka_gau/install/nav_2d_msgs/local/lib/python3.10/dist-packages/nav_2d_msgs/nav_2d_msgs_s__rosidl_typesupport_introspection_c.cpython-310-x86_64-linux-gnu.so
[17.206s] -- Installing: /home/robot/beka_gau/install/nav_2d_msgs/local/lib/python3.10/dist-packages/nav_2d_msgs/__init__.py
[17.206s] -- Installing: /home/robot/beka_gau/install/nav_2d_msgs/local/lib/python3.10/dist-packages/nav_2d_msgs/libnav_2d_msgs__rosidl_generator_py.so
[17.304s] Listing '/home/robot/beka_gau/install/nav_2d_msgs/local/lib/python3.10/dist-packages/nav_2d_msgs'...
[17.307s] Compiling '/home/robot/beka_gau/install/nav_2d_msgs/local/lib/python3.10/dist-packages/nav_2d_msgs/__init__.py'...
[17.308s] Listing '/home/robot/beka_gau/install/nav_2d_msgs/local/lib/python3.10/dist-packages/nav_2d_msgs/msg'...
[17.308s] Compiling '/home/robot/beka_gau/install/nav_2d_msgs/local/lib/python3.10/dist-packages/nav_2d_msgs/msg/__init__.py'...
[17.309s] Compiling '/home/robot/beka_gau/install/nav_2d_msgs/local/lib/python3.10/dist-packages/nav_2d_msgs/msg/_path2_d.py'...
[17.309s] Compiling '/home/robot/beka_gau/install/nav_2d_msgs/local/lib/python3.10/dist-packages/nav_2d_msgs/msg/_pose2_d32.py'...
[17.310s] Compiling '/home/robot/beka_gau/install/nav_2d_msgs/local/lib/python3.10/dist-packages/nav_2d_msgs/msg/_pose2_d_stamped.py'...
[17.310s] Compiling '/home/robot/beka_gau/install/nav_2d_msgs/local/lib/python3.10/dist-packages/nav_2d_msgs/msg/_twist2_d.py'...
[17.310s] Compiling '/home/robot/beka_gau/install/nav_2d_msgs/local/lib/python3.10/dist-packages/nav_2d_msgs/msg/_twist2_d32.py'...
[17.310s] Compiling '/home/robot/beka_gau/install/nav_2d_msgs/local/lib/python3.10/dist-packages/nav_2d_msgs/msg/_twist2_d_stamped.py'...
[17.322s] -- Installing: /home/robot/beka_gau/install/nav_2d_msgs/local/lib/python3.10/dist-packages/nav_2d_msgs/nav_2d_msgs_s__rosidl_typesupport_fastrtps_c.cpython-310-x86_64-linux-gnu.so
[17.322s] -- Set runtime path of "/home/robot/beka_gau/install/nav_2d_msgs/local/lib/python3.10/dist-packages/nav_2d_msgs/nav_2d_msgs_s__rosidl_typesupport_fastrtps_c.cpython-310-x86_64-linux-gnu.so" to ""
[17.323s] -- Installing: /home/robot/beka_gau/install/nav_2d_msgs/local/lib/python3.10/dist-packages/nav_2d_msgs/nav_2d_msgs_s__rosidl_typesupport_introspection_c.cpython-310-x86_64-linux-gnu.so
[17.323s] -- Set runtime path of "/home/robot/beka_gau/install/nav_2d_msgs/local/lib/python3.10/dist-packages/nav_2d_msgs/nav_2d_msgs_s__rosidl_typesupport_introspection_c.cpython-310-x86_64-linux-gnu.so" to ""
[17.324s] -- Installing: /home/robot/beka_gau/install/nav_2d_msgs/local/lib/python3.10/dist-packages/nav_2d_msgs/nav_2d_msgs_s__rosidl_typesupport_c.cpython-310-x86_64-linux-gnu.so
[17.325s] -- Set runtime path of "/home/robot/beka_gau/install/nav_2d_msgs/local/lib/python3.10/dist-packages/nav_2d_msgs/nav_2d_msgs_s__rosidl_typesupport_c.cpython-310-x86_64-linux-gnu.so" to ""
[17.325s] -- Installing: /home/robot/beka_gau/install/nav_2d_msgs/lib/libnav_2d_msgs__rosidl_generator_py.so
[17.325s] -- Set runtime path of "/home/robot/beka_gau/install/nav_2d_msgs/lib/libnav_2d_msgs__rosidl_generator_py.so" to ""
[17.326s] -- Installing: /home/robot/beka_gau/install/nav_2d_msgs/share/nav_2d_msgs/msg/Path2D.idl
[17.326s] -- Installing: /home/robot/beka_gau/install/nav_2d_msgs/share/nav_2d_msgs/msg/Pose2D32.idl
[17.326s] -- Installing: /home/robot/beka_gau/install/nav_2d_msgs/share/nav_2d_msgs/msg/Pose2DStamped.idl
[17.326s] -- Installing: /home/robot/beka_gau/install/nav_2d_msgs/share/nav_2d_msgs/msg/Twist2D.idl
[17.328s] -- Installing: /home/robot/beka_gau/install/nav_2d_msgs/share/nav_2d_msgs/msg/Twist2D32.idl
[17.329s] -- Installing: /home/robot/beka_gau/install/nav_2d_msgs/share/nav_2d_msgs/msg/Twist2DStamped.idl
[17.330s] -- Installing: /home/robot/beka_gau/install/nav_2d_msgs/share/nav_2d_msgs/msg/Path2D.msg
[17.331s] -- Installing: /home/robot/beka_gau/install/nav_2d_msgs/share/nav_2d_msgs/msg/Pose2D32.msg
[17.331s] -- Installing: /home/robot/beka_gau/install/nav_2d_msgs/share/nav_2d_msgs/msg/Pose2DStamped.msg
[17.332s] -- Installing: /home/robot/beka_gau/install/nav_2d_msgs/share/nav_2d_msgs/msg/Twist2D.msg
[17.332s] -- Installing: /home/robot/beka_gau/install/nav_2d_msgs/share/nav_2d_msgs/msg/Twist2D32.msg
[17.333s] -- Installing: /home/robot/beka_gau/install/nav_2d_msgs/share/nav_2d_msgs/msg/Twist2DStamped.msg
[17.334s] -- Installing: /home/robot/beka_gau/install/nav_2d_msgs/share/ament_index/resource_index/package_run_dependencies/nav_2d_msgs
[17.335s] -- Installing: /home/robot/beka_gau/install/nav_2d_msgs/share/ament_index/resource_index/parent_prefix_path/nav_2d_msgs
[17.335s] -- Installing: /home/robot/beka_gau/install/nav_2d_msgs/share/nav_2d_msgs/environment/ament_prefix_path.sh
[17.335s] -- Installing: /home/robot/beka_gau/install/nav_2d_msgs/share/nav_2d_msgs/environment/ament_prefix_path.dsv
[17.335s] -- Installing: /home/robot/beka_gau/install/nav_2d_msgs/share/nav_2d_msgs/environment/path.sh
[17.335s] -- Installing: /home/robot/beka_gau/install/nav_2d_msgs/share/nav_2d_msgs/environment/path.dsv
[17.335s] -- Installing: /home/robot/beka_gau/install/nav_2d_msgs/share/nav_2d_msgs/local_setup.bash
[17.336s] -- Installing: /home/robot/beka_gau/install/nav_2d_msgs/share/nav_2d_msgs/local_setup.sh
[17.336s] -- Installing: /home/robot/beka_gau/install/nav_2d_msgs/share/nav_2d_msgs/local_setup.zsh
[17.336s] -- Installing: /home/robot/beka_gau/install/nav_2d_msgs/share/nav_2d_msgs/local_setup.dsv
[17.336s] -- Installing: /home/robot/beka_gau/install/nav_2d_msgs/share/nav_2d_msgs/package.dsv
[17.336s] -- Installing: /home/robot/beka_gau/install/nav_2d_msgs/share/ament_index/resource_index/packages/nav_2d_msgs
[17.337s] -- Installing: /home/robot/beka_gau/install/nav_2d_msgs/share/nav_2d_msgs/cmake/export_nav_2d_msgs__rosidl_generator_cExport.cmake
[17.337s] -- Installing: /home/robot/beka_gau/install/nav_2d_msgs/share/nav_2d_msgs/cmake/export_nav_2d_msgs__rosidl_generator_cExport-noconfig.cmake
[17.337s] -- Installing: /home/robot/beka_gau/install/nav_2d_msgs/share/nav_2d_msgs/cmake/export_nav_2d_msgs__rosidl_typesupport_fastrtps_cExport.cmake
[17.338s] -- Installing: /home/robot/beka_gau/install/nav_2d_msgs/share/nav_2d_msgs/cmake/export_nav_2d_msgs__rosidl_typesupport_fastrtps_cExport-noconfig.cmake
[17.338s] -- Installing: /home/robot/beka_gau/install/nav_2d_msgs/share/nav_2d_msgs/cmake/export_nav_2d_msgs__rosidl_generator_cppExport.cmake
[17.338s] -- Installing: /home/robot/beka_gau/install/nav_2d_msgs/share/nav_2d_msgs/cmake/export_nav_2d_msgs__rosidl_typesupport_fastrtps_cppExport.cmake
[17.341s] -- Installing: /home/robot/beka_gau/install/nav_2d_msgs/share/nav_2d_msgs/cmake/export_nav_2d_msgs__rosidl_typesupport_fastrtps_cppExport-noconfig.cmake
[17.341s] -- Installing: /home/robot/beka_gau/install/nav_2d_msgs/share/nav_2d_msgs/cmake/nav_2d_msgs__rosidl_typesupport_introspection_cExport.cmake
[17.341s] -- Installing: /home/robot/beka_gau/install/nav_2d_msgs/share/nav_2d_msgs/cmake/nav_2d_msgs__rosidl_typesupport_introspection_cExport-noconfig.cmake
[17.342s] -- Installing: /home/robot/beka_gau/install/nav_2d_msgs/share/nav_2d_msgs/cmake/nav_2d_msgs__rosidl_typesupport_cExport.cmake
[17.342s] -- Installing: /home/robot/beka_gau/install/nav_2d_msgs/share/nav_2d_msgs/cmake/nav_2d_msgs__rosidl_typesupport_cExport-noconfig.cmake
[17.342s] -- Installing: /home/robot/beka_gau/install/nav_2d_msgs/share/nav_2d_msgs/cmake/nav_2d_msgs__rosidl_typesupport_introspection_cppExport.cmake
[17.342s] -- Installing: /home/robot/beka_gau/install/nav_2d_msgs/share/nav_2d_msgs/cmake/nav_2d_msgs__rosidl_typesupport_introspection_cppExport-noconfig.cmake
[17.342s] -- Installing: /home/robot/beka_gau/install/nav_2d_msgs/share/nav_2d_msgs/cmake/nav_2d_msgs__rosidl_typesupport_cppExport.cmake
[17.342s] -- Installing: /home/robot/beka_gau/install/nav_2d_msgs/share/nav_2d_msgs/cmake/nav_2d_msgs__rosidl_typesupport_cppExport-noconfig.cmake
[17.342s] -- Installing: /home/robot/beka_gau/install/nav_2d_msgs/share/nav_2d_msgs/cmake/export_nav_2d_msgs__rosidl_generator_pyExport.cmake
[17.343s] -- Installing: /home/robot/beka_gau/install/nav_2d_msgs/share/nav_2d_msgs/cmake/export_nav_2d_msgs__rosidl_generator_pyExport-noconfig.cmake
[17.345s] -- Installing: /home/robot/beka_gau/install/nav_2d_msgs/share/nav_2d_msgs/cmake/rosidl_cmake-extras.cmake
[17.345s] -- Installing: /home/robot/beka_gau/install/nav_2d_msgs/share/nav_2d_msgs/cmake/ament_cmake_export_dependencies-extras.cmake
[17.346s] -- Installing: /home/robot/beka_gau/install/nav_2d_msgs/share/nav_2d_msgs/cmake/ament_cmake_export_include_directories-extras.cmake
[17.348s] -- Installing: /home/robot/beka_gau/install/nav_2d_msgs/share/nav_2d_msgs/cmake/ament_cmake_export_libraries-extras.cmake
[17.349s] -- Installing: /home/robot/beka_gau/install/nav_2d_msgs/share/nav_2d_msgs/cmake/ament_cmake_export_targets-extras.cmake
[17.350s] -- Installing: /home/robot/beka_gau/install/nav_2d_msgs/share/nav_2d_msgs/cmake/rosidl_cmake_export_typesupport_targets-extras.cmake
[17.351s] -- Installing: /home/robot/beka_gau/install/nav_2d_msgs/share/nav_2d_msgs/cmake/rosidl_cmake_export_typesupport_libraries-extras.cmake
[17.351s] -- Installing: /home/robot/beka_gau/install/nav_2d_msgs/share/nav_2d_msgs/cmake/nav_2d_msgsConfig.cmake
[17.351s] -- Installing: /home/robot/beka_gau/install/nav_2d_msgs/share/nav_2d_msgs/cmake/nav_2d_msgsConfig-version.cmake
[17.351s] -- Installing: /home/robot/beka_gau/install/nav_2d_msgs/share/nav_2d_msgs/package.xml
[17.356s] Invoked command in '/home/robot/beka_gau/build/nav_2d_msgs' returned '0': CMAKE_PREFIX_PATH=${CMAKE_PREFIX_PATH}:/opt/ros/humble /usr/bin/cmake --install /home/robot/beka_gau/build/nav_2d_msgs
