-- Install configuration: ""
-- Up-to-date: /home/robot/beka_gau/install/nav2_rosdevday_2021/share/nav2_rosdevday_2021/launch
-- Up-to-date: /home/robot/beka_gau/install/nav2_rosdevday_2021/share/nav2_rosdevday_2021/launch/system_launch.py
-- Up-to-date: /home/robot/beka_gau/install/nav2_rosdevday_2021/share/nav2_rosdevday_2021/maps
-- Up-to-date: /home/robot/beka_gau/install/nav2_rosdevday_2021/share/nav2_rosdevday_2021/maps/keepout_rotated2.pgm
-- Up-to-date: /home/robot/beka_gau/install/nav2_rosdevday_2021/share/nav2_rosdevday_2021/maps/keepout2.yaml
-- Up-to-date: /home/robot/beka_gau/install/nav2_rosdevday_2021/share/nav2_rosdevday_2021/maps/lanes_rotated.pgm
-- Up-to-date: /home/robot/beka_gau/install/nav2_rosdevday_2021/share/nav2_rosdevday_2021/maps/lanes.yaml
-- Up-to-date: /home/robot/beka_gau/install/nav2_rosdevday_2021/share/nav2_rosdevday_2021/params
-- Up-to-date: /home/robot/beka_gau/install/nav2_rosdevday_2021/share/nav2_rosdevday_2021/params/basic_params.yaml
-- Up-to-date: /home/robot/beka_gau/install/nav2_rosdevday_2021/share/nav2_rosdevday_2021/scripts
-- Up-to-date: /home/robot/beka_gau/install/nav2_rosdevday_2021/share/nav2_rosdevday_2021/scripts/nav_through_poses_demo.py
-- Up-to-date: /home/robot/beka_gau/install/nav2_rosdevday_2021/share/nav2_rosdevday_2021/scripts/nav_to_pose_demo.py
-- Up-to-date: /home/robot/beka_gau/install/nav2_rosdevday_2021/share/nav2_rosdevday_2021/scripts/robot_navigator.py
-- Up-to-date: /home/robot/beka_gau/install/nav2_rosdevday_2021/share/nav2_rosdevday_2021/scripts/waypoint_follower_demo.py
-- Up-to-date: /home/robot/beka_gau/install/nav2_rosdevday_2021/share/nav2_rosdevday_2021/scripts/security_demo.py
-- Up-to-date: /home/robot/beka_gau/install/nav2_rosdevday_2021/share/nav2_rosdevday_2021/scripts/picking_demo.py
-- Up-to-date: /home/robot/beka_gau/install/nav2_rosdevday_2021/share/nav2_rosdevday_2021/scripts/inspection_demo.py
-- Up-to-date: /home/robot/beka_gau/install/nav2_rosdevday_2021/share/nav2_rosdevday_2021/worlds
-- Up-to-date: /home/robot/beka_gau/install/nav2_rosdevday_2021/share/nav2_rosdevday_2021/worlds/industrial_sim.world
-- Up-to-date: /home/robot/beka_gau/install/nav2_rosdevday_2021/share/ament_index/resource_index/package_run_dependencies/nav2_rosdevday_2021
-- Up-to-date: /home/robot/beka_gau/install/nav2_rosdevday_2021/share/ament_index/resource_index/parent_prefix_path/nav2_rosdevday_2021
-- Up-to-date: /home/robot/beka_gau/install/nav2_rosdevday_2021/share/nav2_rosdevday_2021/environment/ament_prefix_path.sh
-- Up-to-date: /home/robot/beka_gau/install/nav2_rosdevday_2021/share/nav2_rosdevday_2021/environment/ament_prefix_path.dsv
-- Up-to-date: /home/robot/beka_gau/install/nav2_rosdevday_2021/share/nav2_rosdevday_2021/environment/path.sh
-- Up-to-date: /home/robot/beka_gau/install/nav2_rosdevday_2021/share/nav2_rosdevday_2021/environment/path.dsv
-- Up-to-date: /home/robot/beka_gau/install/nav2_rosdevday_2021/share/nav2_rosdevday_2021/local_setup.bash
-- Up-to-date: /home/robot/beka_gau/install/nav2_rosdevday_2021/share/nav2_rosdevday_2021/local_setup.sh
-- Up-to-date: /home/robot/beka_gau/install/nav2_rosdevday_2021/share/nav2_rosdevday_2021/local_setup.zsh
-- Up-to-date: /home/robot/beka_gau/install/nav2_rosdevday_2021/share/nav2_rosdevday_2021/local_setup.dsv
-- Up-to-date: /home/robot/beka_gau/install/nav2_rosdevday_2021/share/nav2_rosdevday_2021/package.dsv
-- Up-to-date: /home/robot/beka_gau/install/nav2_rosdevday_2021/share/ament_index/resource_index/packages/nav2_rosdevday_2021
-- Up-to-date: /home/robot/beka_gau/install/nav2_rosdevday_2021/share/nav2_rosdevday_2021/cmake/nav2_rosdevday_2021Config.cmake
-- Up-to-date: /home/robot/beka_gau/install/nav2_rosdevday_2021/share/nav2_rosdevday_2021/cmake/nav2_rosdevday_2021Config-version.cmake
-- Up-to-date: /home/robot/beka_gau/install/nav2_rosdevday_2021/share/nav2_rosdevday_2021/package.xml
