[0.016s] Invoking command in '/home/robot/beka_gau/build/nav2_rosdevday_2021': AMENT_PREFIX_PATH=/home/robot/beka_gau/install/aws_robomaker_small_warehouse_world:${AMENT_PREFIX_PATH} CMAKE_PREFIX_PATH=/home/robot/beka_gau/install/aws_robomaker_small_warehouse_world:/home/robot/beka_gau/install/wheelchair_description:/opt/ros/humble /usr/bin/cmake --build /home/robot/beka_gau/build/nav2_rosdevday_2021 -- -j12 -l12
[0.086s] Invoked command in '/home/robot/beka_gau/build/nav2_rosdevday_2021' returned '0': AMENT_PREFIX_PATH=/home/robot/beka_gau/install/aws_robomaker_small_warehouse_world:${AMENT_PREFIX_PATH} CMAKE_PREFIX_PATH=/home/robot/beka_gau/install/aws_robomaker_small_warehouse_world:/home/robot/beka_gau/install/wheelchair_description:/opt/ros/humble /usr/bin/cmake --build /home/robot/beka_gau/build/nav2_rosdevday_2021 -- -j12 -l12
[0.092s] Invoking command in '/home/robot/beka_gau/build/nav2_rosdevday_2021': AMENT_PREFIX_PATH=/home/robot/beka_gau/install/aws_robomaker_small_warehouse_world:${AMENT_PREFIX_PATH} CMAKE_PREFIX_PATH=/home/robot/beka_gau/install/aws_robomaker_small_warehouse_world:/home/robot/beka_gau/install/wheelchair_description:/opt/ros/humble /usr/bin/cmake --install /home/robot/beka_gau/build/nav2_rosdevday_2021
[0.101s] -- Install configuration: ""
[0.101s] -- Up-to-date: /home/robot/beka_gau/install/nav2_rosdevday_2021/share/nav2_rosdevday_2021/launch
[0.102s] -- Up-to-date: /home/robot/beka_gau/install/nav2_rosdevday_2021/share/nav2_rosdevday_2021/launch/system_launch.py
[0.102s] -- Up-to-date: /home/robot/beka_gau/install/nav2_rosdevday_2021/share/nav2_rosdevday_2021/maps
[0.102s] -- Up-to-date: /home/robot/beka_gau/install/nav2_rosdevday_2021/share/nav2_rosdevday_2021/maps/keepout_rotated2.pgm
[0.102s] -- Up-to-date: /home/robot/beka_gau/install/nav2_rosdevday_2021/share/nav2_rosdevday_2021/maps/keepout2.yaml
[0.102s] -- Up-to-date: /home/robot/beka_gau/install/nav2_rosdevday_2021/share/nav2_rosdevday_2021/maps/lanes_rotated.pgm
[0.103s] -- Up-to-date: /home/robot/beka_gau/install/nav2_rosdevday_2021/share/nav2_rosdevday_2021/maps/lanes.yaml
[0.103s] -- Up-to-date: /home/robot/beka_gau/install/nav2_rosdevday_2021/share/nav2_rosdevday_2021/params
[0.103s] -- Up-to-date: /home/robot/beka_gau/install/nav2_rosdevday_2021/share/nav2_rosdevday_2021/params/basic_params.yaml
[0.103s] -- Up-to-date: /home/robot/beka_gau/install/nav2_rosdevday_2021/share/nav2_rosdevday_2021/scripts
[0.103s] -- Up-to-date: /home/robot/beka_gau/install/nav2_rosdevday_2021/share/nav2_rosdevday_2021/scripts/nav_through_poses_demo.py
[0.103s] -- Up-to-date: /home/robot/beka_gau/install/nav2_rosdevday_2021/share/nav2_rosdevday_2021/scripts/nav_to_pose_demo.py
[0.104s] -- Up-to-date: /home/robot/beka_gau/install/nav2_rosdevday_2021/share/nav2_rosdevday_2021/scripts/robot_navigator.py
[0.104s] -- Up-to-date: /home/robot/beka_gau/install/nav2_rosdevday_2021/share/nav2_rosdevday_2021/scripts/waypoint_follower_demo.py
[0.104s] -- Up-to-date: /home/robot/beka_gau/install/nav2_rosdevday_2021/share/nav2_rosdevday_2021/scripts/security_demo.py
[0.104s] -- Up-to-date: /home/robot/beka_gau/install/nav2_rosdevday_2021/share/nav2_rosdevday_2021/scripts/picking_demo.py
[0.104s] -- Up-to-date: /home/robot/beka_gau/install/nav2_rosdevday_2021/share/nav2_rosdevday_2021/scripts/inspection_demo.py
[0.104s] -- Up-to-date: /home/robot/beka_gau/install/nav2_rosdevday_2021/share/nav2_rosdevday_2021/worlds
[0.104s] -- Up-to-date: /home/robot/beka_gau/install/nav2_rosdevday_2021/share/nav2_rosdevday_2021/worlds/industrial_sim.world
[0.105s] -- Up-to-date: /home/robot/beka_gau/install/nav2_rosdevday_2021/share/ament_index/resource_index/package_run_dependencies/nav2_rosdevday_2021
[0.105s] -- Up-to-date: /home/robot/beka_gau/install/nav2_rosdevday_2021/share/ament_index/resource_index/parent_prefix_path/nav2_rosdevday_2021
[0.105s] -- Up-to-date: /home/robot/beka_gau/install/nav2_rosdevday_2021/share/nav2_rosdevday_2021/environment/ament_prefix_path.sh
[0.109s] -- Up-to-date: /home/robot/beka_gau/install/nav2_rosdevday_2021/share/nav2_rosdevday_2021/environment/ament_prefix_path.dsv
[0.109s] -- Up-to-date: /home/robot/beka_gau/install/nav2_rosdevday_2021/share/nav2_rosdevday_2021/environment/path.sh
[0.110s] -- Up-to-date: /home/robot/beka_gau/install/nav2_rosdevday_2021/share/nav2_rosdevday_2021/environment/path.dsv
[0.110s] -- Up-to-date: /home/robot/beka_gau/install/nav2_rosdevday_2021/share/nav2_rosdevday_2021/local_setup.bash
[0.111s] -- Up-to-date: /home/robot/beka_gau/install/nav2_rosdevday_2021/share/nav2_rosdevday_2021/local_setup.sh
[0.112s] -- Up-to-date: /home/robot/beka_gau/install/nav2_rosdevday_2021/share/nav2_rosdevday_2021/local_setup.zsh
[0.112s] -- Up-to-date: /home/robot/beka_gau/install/nav2_rosdevday_2021/share/nav2_rosdevday_2021/local_setup.dsv
[0.112s] -- Up-to-date: /home/robot/beka_gau/install/nav2_rosdevday_2021/share/nav2_rosdevday_2021/package.dsv
[0.112s] -- Up-to-date: /home/robot/beka_gau/install/nav2_rosdevday_2021/share/ament_index/resource_index/packages/nav2_rosdevday_2021
[0.113s] -- Up-to-date: /home/robot/beka_gau/install/nav2_rosdevday_2021/share/nav2_rosdevday_2021/cmake/nav2_rosdevday_2021Config.cmake
[0.113s] -- Up-to-date: /home/robot/beka_gau/install/nav2_rosdevday_2021/share/nav2_rosdevday_2021/cmake/nav2_rosdevday_2021Config-version.cmake
[0.113s] -- Up-to-date: /home/robot/beka_gau/install/nav2_rosdevday_2021/share/nav2_rosdevday_2021/package.xml
[0.113s] Invoked command in '/home/robot/beka_gau/build/nav2_rosdevday_2021' returned '0': AMENT_PREFIX_PATH=/home/robot/beka_gau/install/aws_robomaker_small_warehouse_world:${AMENT_PREFIX_PATH} CMAKE_PREFIX_PATH=/home/robot/beka_gau/install/aws_robomaker_small_warehouse_world:/home/robot/beka_gau/install/wheelchair_description:/opt/ros/humble /usr/bin/cmake --install /home/robot/beka_gau/build/nav2_rosdevday_2021
