[0.481s] DEBUG:colcon:Command line arguments: ['/usr/bin/colcon', 'build']
[0.482s] DEBUG:colcon:Parsed command line arguments: Namespace(log_base=None, log_level=None, verb_name='build', build_base='build', install_base='install', merge_install=False, symlink_install=False, test_result_base=None, continue_on_error=False, executor='parallel', parallel_workers=12, event_handlers=None, ignore_user_meta=False, metas=['./colcon.meta'], base_paths=['.'], packages_ignore=None, packages_ignore_regex=None, paths=None, packages_up_to=None, packages_up_to_regex=None, packages_above=None, packages_above_and_dependencies=None, packages_above_depth=None, packages_select_by_dep=None, packages_skip_by_dep=None, packages_skip_up_to=None, packages_select_build_failed=False, packages_skip_build_finished=False, packages_select_test_failures=False, packages_skip_test_passed=False, packages_select=None, packages_skip=None, packages_select_regex=None, packages_skip_regex=None, packages_start=None, packages_end=None, allow_overriding=[], cmake_args=None, cmake_target=None, cmake_target_skip_unavailable=False, cmake_clean_cache=False, cmake_clean_first=False, cmake_force_configure=False, ament_cmake_args=None, catkin_cmake_args=None, catkin_skip_building_tests=False, mixin_files=None, mixin=None, verb_parser=<colcon_mixin.mixin.mixin_argument.MixinArgumentDecorator object at 0x70bb2cb57400>, verb_extension=<colcon_core.verb.build.BuildVerb object at 0x70bb2cb56e30>, main=<bound method BuildVerb.main of <colcon_core.verb.build.BuildVerb object at 0x70bb2cb56e30>>, mixin_verb=('build',))
[1.277s] Level 1:colcon.colcon_core.package_discovery:discover_packages(colcon_meta) check parameters
[1.278s] Level 1:colcon.colcon_core.package_discovery:discover_packages(recursive) check parameters
[1.278s] Level 1:colcon.colcon_core.package_discovery:discover_packages(ignore) check parameters
[1.278s] Level 1:colcon.colcon_core.package_discovery:discover_packages(path) check parameters
[1.278s] Level 1:colcon.colcon_core.package_discovery:discover_packages(colcon_meta) discover
[1.278s] Level 1:colcon.colcon_core.package_discovery:discover_packages(recursive) discover
[1.279s] INFO:colcon.colcon_core.package_discovery:Crawling recursively for packages in '/home/robot/beka_gau'
[1.279s] Level 1:colcon.colcon_core.package_identification:_identify(.) by extensions ['ignore', 'ignore_ament_install']
[1.279s] Level 1:colcon.colcon_core.package_identification:_identify(.) by extension 'ignore'
[1.280s] Level 1:colcon.colcon_core.package_identification:_identify(.) by extension 'ignore_ament_install'
[1.280s] Level 1:colcon.colcon_core.package_identification:_identify(.) by extensions ['colcon_pkg']
[1.280s] Level 1:colcon.colcon_core.package_identification:_identify(.) by extension 'colcon_pkg'
[1.280s] Level 1:colcon.colcon_core.package_identification:_identify(.) by extensions ['colcon_meta']
[1.280s] Level 1:colcon.colcon_core.package_identification:_identify(.) by extension 'colcon_meta'
[1.280s] Level 1:colcon.colcon_core.package_identification:_identify(.) by extensions ['ros']
[1.281s] Level 1:colcon.colcon_core.package_identification:_identify(.) by extension 'ros'
[1.328s] Level 1:colcon.colcon_core.package_identification:_identify(.) by extensions ['cmake', 'python']
[1.328s] Level 1:colcon.colcon_core.package_identification:_identify(.) by extension 'cmake'
[1.328s] Level 1:colcon.colcon_core.package_identification:_identify(.) by extension 'python'
[1.328s] Level 1:colcon.colcon_core.package_identification:_identify(.) by extensions ['python_setup_py']
[1.329s] Level 1:colcon.colcon_core.package_identification:_identify(.) by extension 'python_setup_py'
[1.329s] Level 1:colcon.colcon_core.package_identification:_identify(build) by extensions ['ignore', 'ignore_ament_install']
[1.330s] Level 1:colcon.colcon_core.package_identification:_identify(build) by extension 'ignore'
[1.330s] Level 1:colcon.colcon_core.package_identification:_identify(build) ignored
[1.331s] Level 1:colcon.colcon_core.package_identification:_identify(install) by extensions ['ignore', 'ignore_ament_install']
[1.331s] Level 1:colcon.colcon_core.package_identification:_identify(install) by extension 'ignore'
[1.332s] Level 1:colcon.colcon_core.package_identification:_identify(install) ignored
[1.332s] Level 1:colcon.colcon_core.package_identification:_identify(log) by extensions ['ignore', 'ignore_ament_install']
[1.333s] Level 1:colcon.colcon_core.package_identification:_identify(log) by extension 'ignore'
[1.333s] Level 1:colcon.colcon_core.package_identification:_identify(log) ignored
[1.333s] Level 1:colcon.colcon_core.package_identification:_identify(src) by extensions ['ignore', 'ignore_ament_install']
[1.334s] Level 1:colcon.colcon_core.package_identification:_identify(src) by extension 'ignore'
[1.334s] Level 1:colcon.colcon_core.package_identification:_identify(src) by extension 'ignore_ament_install'
[1.334s] Level 1:colcon.colcon_core.package_identification:_identify(src) by extensions ['colcon_pkg']
[1.334s] Level 1:colcon.colcon_core.package_identification:_identify(src) by extension 'colcon_pkg'
[1.335s] Level 1:colcon.colcon_core.package_identification:_identify(src) by extensions ['colcon_meta']
[1.335s] Level 1:colcon.colcon_core.package_identification:_identify(src) by extension 'colcon_meta'
[1.335s] Level 1:colcon.colcon_core.package_identification:_identify(src) by extensions ['ros']
[1.335s] Level 1:colcon.colcon_core.package_identification:_identify(src) by extension 'ros'
[1.335s] Level 1:colcon.colcon_core.package_identification:_identify(src) by extensions ['cmake', 'python']
[1.336s] Level 1:colcon.colcon_core.package_identification:_identify(src) by extension 'cmake'
[1.336s] Level 1:colcon.colcon_core.package_identification:_identify(src) by extension 'python'
[1.336s] Level 1:colcon.colcon_core.package_identification:_identify(src) by extensions ['python_setup_py']
[1.336s] Level 1:colcon.colcon_core.package_identification:_identify(src) by extension 'python_setup_py'
[1.337s] Level 1:colcon.colcon_core.package_identification:_identify(src/meshes) by extensions ['ignore', 'ignore_ament_install']
[1.337s] Level 1:colcon.colcon_core.package_identification:_identify(src/meshes) by extension 'ignore'
[1.337s] Level 1:colcon.colcon_core.package_identification:_identify(src/meshes) by extension 'ignore_ament_install'
[1.338s] Level 1:colcon.colcon_core.package_identification:_identify(src/meshes) by extensions ['colcon_pkg']
[1.338s] Level 1:colcon.colcon_core.package_identification:_identify(src/meshes) by extension 'colcon_pkg'
[1.338s] Level 1:colcon.colcon_core.package_identification:_identify(src/meshes) by extensions ['colcon_meta']
[1.338s] Level 1:colcon.colcon_core.package_identification:_identify(src/meshes) by extension 'colcon_meta'
[1.338s] Level 1:colcon.colcon_core.package_identification:_identify(src/meshes) by extensions ['ros']
[1.338s] Level 1:colcon.colcon_core.package_identification:_identify(src/meshes) by extension 'ros'
[1.339s] Level 1:colcon.colcon_core.package_identification:_identify(src/meshes) by extensions ['cmake', 'python']
[1.339s] Level 1:colcon.colcon_core.package_identification:_identify(src/meshes) by extension 'cmake'
[1.339s] Level 1:colcon.colcon_core.package_identification:_identify(src/meshes) by extension 'python'
[1.339s] Level 1:colcon.colcon_core.package_identification:_identify(src/meshes) by extensions ['python_setup_py']
[1.339s] Level 1:colcon.colcon_core.package_identification:_identify(src/meshes) by extension 'python_setup_py'
[1.340s] Level 1:colcon.colcon_core.package_identification:_identify(src/my_python_pkg) by extensions ['ignore', 'ignore_ament_install']
[1.340s] Level 1:colcon.colcon_core.package_identification:_identify(src/my_python_pkg) by extension 'ignore'
[1.340s] Level 1:colcon.colcon_core.package_identification:_identify(src/my_python_pkg) by extension 'ignore_ament_install'
[1.341s] Level 1:colcon.colcon_core.package_identification:_identify(src/my_python_pkg) by extensions ['colcon_pkg']
[1.341s] Level 1:colcon.colcon_core.package_identification:_identify(src/my_python_pkg) by extension 'colcon_pkg'
[1.341s] Level 1:colcon.colcon_core.package_identification:_identify(src/my_python_pkg) by extensions ['colcon_meta']
[1.341s] Level 1:colcon.colcon_core.package_identification:_identify(src/my_python_pkg) by extension 'colcon_meta'
[1.341s] Level 1:colcon.colcon_core.package_identification:_identify(src/my_python_pkg) by extensions ['ros']
[1.341s] Level 1:colcon.colcon_core.package_identification:_identify(src/my_python_pkg) by extension 'ros'
[1.352s] DEBUG:colcon.colcon_core.package_identification:Package 'src/my_python_pkg' with type 'ros.ament_python' and name 'my_python_pkg'
[1.353s] Level 1:colcon.colcon_core.package_identification:_identify(src/nav2_rosdevday_2021-main) by extensions ['ignore', 'ignore_ament_install']
[1.353s] Level 1:colcon.colcon_core.package_identification:_identify(src/nav2_rosdevday_2021-main) by extension 'ignore'
[1.354s] Level 1:colcon.colcon_core.package_identification:_identify(src/nav2_rosdevday_2021-main) by extension 'ignore_ament_install'
[1.354s] Level 1:colcon.colcon_core.package_identification:_identify(src/nav2_rosdevday_2021-main) by extensions ['colcon_pkg']
[1.354s] Level 1:colcon.colcon_core.package_identification:_identify(src/nav2_rosdevday_2021-main) by extension 'colcon_pkg'
[1.354s] Level 1:colcon.colcon_core.package_identification:_identify(src/nav2_rosdevday_2021-main) by extensions ['colcon_meta']
[1.354s] Level 1:colcon.colcon_core.package_identification:_identify(src/nav2_rosdevday_2021-main) by extension 'colcon_meta'
[1.355s] Level 1:colcon.colcon_core.package_identification:_identify(src/nav2_rosdevday_2021-main) by extensions ['ros']
[1.355s] Level 1:colcon.colcon_core.package_identification:_identify(src/nav2_rosdevday_2021-main) by extension 'ros'
[1.355s] Level 1:colcon.colcon_core.package_identification:_identify(src/nav2_rosdevday_2021-main) by extensions ['cmake', 'python']
[1.355s] Level 1:colcon.colcon_core.package_identification:_identify(src/nav2_rosdevday_2021-main) by extension 'cmake'
[1.355s] Level 1:colcon.colcon_core.package_identification:_identify(src/nav2_rosdevday_2021-main) by extension 'python'
[1.355s] Level 1:colcon.colcon_core.package_identification:_identify(src/nav2_rosdevday_2021-main) by extensions ['python_setup_py']
[1.356s] Level 1:colcon.colcon_core.package_identification:_identify(src/nav2_rosdevday_2021-main) by extension 'python_setup_py'
[1.356s] Level 1:colcon.colcon_core.package_identification:_identify(src/nav2_rosdevday_2021-main/media) by extensions ['ignore', 'ignore_ament_install']
[1.356s] Level 1:colcon.colcon_core.package_identification:_identify(src/nav2_rosdevday_2021-main/media) by extension 'ignore'
[1.357s] Level 1:colcon.colcon_core.package_identification:_identify(src/nav2_rosdevday_2021-main/media) by extension 'ignore_ament_install'
[1.357s] Level 1:colcon.colcon_core.package_identification:_identify(src/nav2_rosdevday_2021-main/media) by extensions ['colcon_pkg']
[1.357s] Level 1:colcon.colcon_core.package_identification:_identify(src/nav2_rosdevday_2021-main/media) by extension 'colcon_pkg'
[1.357s] Level 1:colcon.colcon_core.package_identification:_identify(src/nav2_rosdevday_2021-main/media) by extensions ['colcon_meta']
[1.357s] Level 1:colcon.colcon_core.package_identification:_identify(src/nav2_rosdevday_2021-main/media) by extension 'colcon_meta'
[1.358s] Level 1:colcon.colcon_core.package_identification:_identify(src/nav2_rosdevday_2021-main/media) by extensions ['ros']
[1.358s] Level 1:colcon.colcon_core.package_identification:_identify(src/nav2_rosdevday_2021-main/media) by extension 'ros'
[1.358s] Level 1:colcon.colcon_core.package_identification:_identify(src/nav2_rosdevday_2021-main/media) by extensions ['cmake', 'python']
[1.358s] Level 1:colcon.colcon_core.package_identification:_identify(src/nav2_rosdevday_2021-main/media) by extension 'cmake'
[1.358s] Level 1:colcon.colcon_core.package_identification:_identify(src/nav2_rosdevday_2021-main/media) by extension 'python'
[1.359s] Level 1:colcon.colcon_core.package_identification:_identify(src/nav2_rosdevday_2021-main/media) by extensions ['python_setup_py']
[1.359s] Level 1:colcon.colcon_core.package_identification:_identify(src/nav2_rosdevday_2021-main/media) by extension 'python_setup_py'
[1.359s] Level 1:colcon.colcon_core.package_identification:_identify(src/nav2_rosdevday_2021-main/nav2_rosdevday_2021) by extensions ['ignore', 'ignore_ament_install']
[1.360s] Level 1:colcon.colcon_core.package_identification:_identify(src/nav2_rosdevday_2021-main/nav2_rosdevday_2021) by extension 'ignore'
[1.360s] Level 1:colcon.colcon_core.package_identification:_identify(src/nav2_rosdevday_2021-main/nav2_rosdevday_2021) by extension 'ignore_ament_install'
[1.360s] Level 1:colcon.colcon_core.package_identification:_identify(src/nav2_rosdevday_2021-main/nav2_rosdevday_2021) by extensions ['colcon_pkg']
[1.360s] Level 1:colcon.colcon_core.package_identification:_identify(src/nav2_rosdevday_2021-main/nav2_rosdevday_2021) by extension 'colcon_pkg'
[1.360s] Level 1:colcon.colcon_core.package_identification:_identify(src/nav2_rosdevday_2021-main/nav2_rosdevday_2021) by extensions ['colcon_meta']
[1.360s] Level 1:colcon.colcon_core.package_identification:_identify(src/nav2_rosdevday_2021-main/nav2_rosdevday_2021) by extension 'colcon_meta'
[1.361s] Level 1:colcon.colcon_core.package_identification:_identify(src/nav2_rosdevday_2021-main/nav2_rosdevday_2021) by extensions ['ros']
[1.361s] Level 1:colcon.colcon_core.package_identification:_identify(src/nav2_rosdevday_2021-main/nav2_rosdevday_2021) by extension 'ros'
[1.364s] DEBUG:colcon.colcon_core.package_identification:Package 'src/nav2_rosdevday_2021-main/nav2_rosdevday_2021' with type 'ros.ament_cmake' and name 'nav2_rosdevday_2021'
[1.364s] Level 1:colcon.colcon_core.package_identification:_identify(src/wheelchair_description) by extensions ['ignore', 'ignore_ament_install']
[1.365s] Level 1:colcon.colcon_core.package_identification:_identify(src/wheelchair_description) by extension 'ignore'
[1.365s] Level 1:colcon.colcon_core.package_identification:_identify(src/wheelchair_description) by extension 'ignore_ament_install'
[1.365s] Level 1:colcon.colcon_core.package_identification:_identify(src/wheelchair_description) by extensions ['colcon_pkg']
[1.365s] Level 1:colcon.colcon_core.package_identification:_identify(src/wheelchair_description) by extension 'colcon_pkg'
[1.365s] Level 1:colcon.colcon_core.package_identification:_identify(src/wheelchair_description) by extensions ['colcon_meta']
[1.365s] Level 1:colcon.colcon_core.package_identification:_identify(src/wheelchair_description) by extension 'colcon_meta'
[1.366s] Level 1:colcon.colcon_core.package_identification:_identify(src/wheelchair_description) by extensions ['ros']
[1.366s] Level 1:colcon.colcon_core.package_identification:_identify(src/wheelchair_description) by extension 'ros'
[1.368s] DEBUG:colcon.colcon_core.package_identification:Package 'src/wheelchair_description' with type 'ros.ament_cmake' and name 'wheelchair_description'
[1.369s] Level 1:colcon.colcon_core.package_discovery:discover_packages(recursive) using defaults
[1.369s] Level 1:colcon.colcon_core.package_discovery:discover_packages(ignore) discover
[1.369s] Level 1:colcon.colcon_core.package_discovery:discover_packages(ignore) using defaults
[1.369s] Level 1:colcon.colcon_core.package_discovery:discover_packages(path) discover
[1.369s] Level 1:colcon.colcon_core.package_discovery:discover_packages(path) using defaults
[1.478s] Level 1:colcon.colcon_core.package_discovery:discover_packages(prefix_path) check parameters
[1.478s] Level 1:colcon.colcon_core.package_discovery:discover_packages(prefix_path) discover
[1.488s] DEBUG:colcon.colcon_installed_package_information.package_discovery:Found 13 installed packages in /home/robot/beka_gau/install
[1.496s] DEBUG:colcon.colcon_installed_package_information.package_discovery:Found 381 installed packages in /opt/ros/humble
[1.504s] Level 1:colcon.colcon_core.package_discovery:discover_packages(prefix_path) using defaults
[1.720s] Level 5:colcon.colcon_core.verb:set package 'my_python_pkg' build argument 'cmake_args' from command line to 'None'
[1.720s] Level 5:colcon.colcon_core.verb:set package 'my_python_pkg' build argument 'cmake_target' from command line to 'None'
[1.720s] Level 5:colcon.colcon_core.verb:set package 'my_python_pkg' build argument 'cmake_target_skip_unavailable' from command line to 'False'
[1.720s] Level 5:colcon.colcon_core.verb:set package 'my_python_pkg' build argument 'cmake_clean_cache' from command line to 'False'
[1.721s] Level 5:colcon.colcon_core.verb:set package 'my_python_pkg' build argument 'cmake_clean_first' from command line to 'False'
[1.721s] Level 5:colcon.colcon_core.verb:set package 'my_python_pkg' build argument 'cmake_force_configure' from command line to 'False'
[1.721s] Level 5:colcon.colcon_core.verb:set package 'my_python_pkg' build argument 'ament_cmake_args' from command line to 'None'
[1.721s] Level 5:colcon.colcon_core.verb:set package 'my_python_pkg' build argument 'catkin_cmake_args' from command line to 'None'
[1.721s] Level 5:colcon.colcon_core.verb:set package 'my_python_pkg' build argument 'catkin_skip_building_tests' from command line to 'False'
[1.721s] DEBUG:colcon.colcon_core.verb:Building package 'my_python_pkg' with the following arguments: {'ament_cmake_args': None, 'build_base': '/home/robot/beka_gau/build/my_python_pkg', 'catkin_cmake_args': None, 'catkin_skip_building_tests': False, 'cmake_args': None, 'cmake_clean_cache': False, 'cmake_clean_first': False, 'cmake_force_configure': False, 'cmake_target': None, 'cmake_target_skip_unavailable': False, 'install_base': '/home/robot/beka_gau/install/my_python_pkg', 'merge_install': False, 'path': '/home/robot/beka_gau/src/my_python_pkg', 'symlink_install': False, 'test_result_base': None}
[1.723s] Level 5:colcon.colcon_core.verb:set package 'nav2_rosdevday_2021' build argument 'cmake_args' from command line to 'None'
[1.723s] Level 5:colcon.colcon_core.verb:set package 'nav2_rosdevday_2021' build argument 'cmake_target' from command line to 'None'
[1.723s] Level 5:colcon.colcon_core.verb:set package 'nav2_rosdevday_2021' build argument 'cmake_target_skip_unavailable' from command line to 'False'
[1.723s] Level 5:colcon.colcon_core.verb:set package 'nav2_rosdevday_2021' build argument 'cmake_clean_cache' from command line to 'False'
[1.723s] Level 5:colcon.colcon_core.verb:set package 'nav2_rosdevday_2021' build argument 'cmake_clean_first' from command line to 'False'
[1.723s] Level 5:colcon.colcon_core.verb:set package 'nav2_rosdevday_2021' build argument 'cmake_force_configure' from command line to 'False'
[1.723s] Level 5:colcon.colcon_core.verb:set package 'nav2_rosdevday_2021' build argument 'ament_cmake_args' from command line to 'None'
[1.724s] Level 5:colcon.colcon_core.verb:set package 'nav2_rosdevday_2021' build argument 'catkin_cmake_args' from command line to 'None'
[1.724s] Level 5:colcon.colcon_core.verb:set package 'nav2_rosdevday_2021' build argument 'catkin_skip_building_tests' from command line to 'False'
[1.724s] DEBUG:colcon.colcon_core.verb:Building package 'nav2_rosdevday_2021' with the following arguments: {'ament_cmake_args': None, 'build_base': '/home/robot/beka_gau/build/nav2_rosdevday_2021', 'catkin_cmake_args': None, 'catkin_skip_building_tests': False, 'cmake_args': None, 'cmake_clean_cache': False, 'cmake_clean_first': False, 'cmake_force_configure': False, 'cmake_target': None, 'cmake_target_skip_unavailable': False, 'install_base': '/home/robot/beka_gau/install/nav2_rosdevday_2021', 'merge_install': False, 'path': '/home/robot/beka_gau/src/nav2_rosdevday_2021-main/nav2_rosdevday_2021', 'symlink_install': False, 'test_result_base': None}
[1.725s] Level 5:colcon.colcon_core.verb:set package 'wheelchair_description' build argument 'cmake_args' from command line to 'None'
[1.725s] Level 5:colcon.colcon_core.verb:set package 'wheelchair_description' build argument 'cmake_target' from command line to 'None'
[1.726s] Level 5:colcon.colcon_core.verb:set package 'wheelchair_description' build argument 'cmake_target_skip_unavailable' from command line to 'False'
[1.726s] Level 5:colcon.colcon_core.verb:set package 'wheelchair_description' build argument 'cmake_clean_cache' from command line to 'False'
[1.726s] Level 5:colcon.colcon_core.verb:set package 'wheelchair_description' build argument 'cmake_clean_first' from command line to 'False'
[1.726s] Level 5:colcon.colcon_core.verb:set package 'wheelchair_description' build argument 'cmake_force_configure' from command line to 'False'
[1.726s] Level 5:colcon.colcon_core.verb:set package 'wheelchair_description' build argument 'ament_cmake_args' from command line to 'None'
[1.726s] Level 5:colcon.colcon_core.verb:set package 'wheelchair_description' build argument 'catkin_cmake_args' from command line to 'None'
[1.726s] Level 5:colcon.colcon_core.verb:set package 'wheelchair_description' build argument 'catkin_skip_building_tests' from command line to 'False'
[1.726s] DEBUG:colcon.colcon_core.verb:Building package 'wheelchair_description' with the following arguments: {'ament_cmake_args': None, 'build_base': '/home/robot/beka_gau/build/wheelchair_description', 'catkin_cmake_args': None, 'catkin_skip_building_tests': False, 'cmake_args': None, 'cmake_clean_cache': False, 'cmake_clean_first': False, 'cmake_force_configure': False, 'cmake_target': None, 'cmake_target_skip_unavailable': False, 'install_base': '/home/robot/beka_gau/install/wheelchair_description', 'merge_install': False, 'path': '/home/robot/beka_gau/src/wheelchair_description', 'symlink_install': False, 'test_result_base': None}
[1.727s] INFO:colcon.colcon_core.executor:Executing jobs using 'parallel' executor
[1.730s] DEBUG:colcon.colcon_parallel_executor.executor.parallel:run_until_complete
[1.731s] INFO:colcon.colcon_ros.task.ament_python.build:Building ROS package in '/home/robot/beka_gau/src/my_python_pkg' with build type 'ament_python'
[1.731s] Level 1:colcon.colcon_core.shell:create_environment_hook('my_python_pkg', 'ament_prefix_path')
[1.740s] INFO:colcon.colcon_core.plugin_system:Skipping extension 'colcon_core.shell.bat': Not used on non-Windows systems
[1.741s] INFO:colcon.colcon_core.shell:Creating environment hook '/home/robot/beka_gau/install/my_python_pkg/share/my_python_pkg/hook/ament_prefix_path.ps1'
[1.744s] INFO:colcon.colcon_core.shell:Creating environment descriptor '/home/robot/beka_gau/install/my_python_pkg/share/my_python_pkg/hook/ament_prefix_path.dsv'
[1.745s] INFO:colcon.colcon_core.shell:Creating environment hook '/home/robot/beka_gau/install/my_python_pkg/share/my_python_pkg/hook/ament_prefix_path.sh'
[1.748s] INFO:colcon.colcon_core.shell:Skip shell extension 'powershell' for command environment: Not usable outside of PowerShell
[1.749s] DEBUG:colcon.colcon_core.shell:Skip shell extension 'dsv' for command environment
[1.768s] INFO:colcon.colcon_ros.task.ament_cmake.build:Building ROS package in '/home/robot/beka_gau/src/nav2_rosdevday_2021-main/nav2_rosdevday_2021' with build type 'ament_cmake'
[1.769s] INFO:colcon.colcon_cmake.task.cmake.build:Building CMake package in '/home/robot/beka_gau/src/nav2_rosdevday_2021-main/nav2_rosdevday_2021'
[1.770s] INFO:colcon.colcon_core.shell:Skip shell extension 'powershell' for command environment: Not usable outside of PowerShell
[1.770s] DEBUG:colcon.colcon_core.shell:Skip shell extension 'dsv' for command environment
[1.788s] INFO:colcon.colcon_ros.task.ament_cmake.build:Building ROS package in '/home/robot/beka_gau/src/wheelchair_description' with build type 'ament_cmake'
[1.789s] INFO:colcon.colcon_cmake.task.cmake.build:Building CMake package in '/home/robot/beka_gau/src/wheelchair_description'
[1.790s] INFO:colcon.colcon_core.shell:Skip shell extension 'powershell' for command environment: Not usable outside of PowerShell
[1.791s] DEBUG:colcon.colcon_core.shell:Skip shell extension 'dsv' for command environment
[3.005s] INFO:colcon.colcon_core.task.python.build:Building Python package in '/home/robot/beka_gau/src/my_python_pkg'
[3.006s] INFO:colcon.colcon_core.shell:Skip shell extension 'powershell' for command environment: Not usable outside of PowerShell
[3.006s] DEBUG:colcon.colcon_core.shell:Skip shell extension 'dsv' for command environment
[3.040s] DEBUG:colcon.colcon_core.event_handler.log_command:Invoking command in '/home/robot/beka_gau/build/nav2_rosdevday_2021': CMAKE_PREFIX_PATH=${CMAKE_PREFIX_PATH}:/home/robot/beka_gau/install/my_python_pkg:/home/robot/beka_gau/install/nav2_simple_commander:/home/robot/beka_gau/install/nav2_gazebo_spawner:/opt/ros/humble /usr/bin/cmake --build /home/robot/beka_gau/build/nav2_rosdevday_2021 -- -j12 -l12
[3.063s] DEBUG:colcon.colcon_core.event_handler.log_command:Invoking command in '/home/robot/beka_gau/build/wheelchair_description': CMAKE_PREFIX_PATH=${CMAKE_PREFIX_PATH}:/home/robot/beka_gau/install/my_python_pkg:/home/robot/beka_gau/install/nav2_simple_commander:/home/robot/beka_gau/install/nav2_gazebo_spawner:/opt/ros/humble /usr/bin/cmake --build /home/robot/beka_gau/build/wheelchair_description -- -j12 -l12
[3.214s] DEBUG:colcon.colcon_core.event_handler.log_command:Invoked command in '/home/robot/beka_gau/build/nav2_rosdevday_2021' returned '0': CMAKE_PREFIX_PATH=${CMAKE_PREFIX_PATH}:/home/robot/beka_gau/install/my_python_pkg:/home/robot/beka_gau/install/nav2_simple_commander:/home/robot/beka_gau/install/nav2_gazebo_spawner:/opt/ros/humble /usr/bin/cmake --build /home/robot/beka_gau/build/nav2_rosdevday_2021 -- -j12 -l12
[3.256s] DEBUG:colcon.colcon_core.event_handler.log_command:Invoking command in '/home/robot/beka_gau/build/nav2_rosdevday_2021': CMAKE_PREFIX_PATH=${CMAKE_PREFIX_PATH}:/home/robot/beka_gau/install/my_python_pkg:/home/robot/beka_gau/install/nav2_simple_commander:/home/robot/beka_gau/install/nav2_gazebo_spawner:/opt/ros/humble /usr/bin/cmake --install /home/robot/beka_gau/build/nav2_rosdevday_2021
[3.261s] DEBUG:colcon.colcon_core.event_handler.log_command:Invoked command in '/home/robot/beka_gau/build/wheelchair_description' returned '0': CMAKE_PREFIX_PATH=${CMAKE_PREFIX_PATH}:/home/robot/beka_gau/install/my_python_pkg:/home/robot/beka_gau/install/nav2_simple_commander:/home/robot/beka_gau/install/nav2_gazebo_spawner:/opt/ros/humble /usr/bin/cmake --build /home/robot/beka_gau/build/wheelchair_description -- -j12 -l12
[3.270s] DEBUG:colcon.colcon_core.event_handler.log_command:Invoking command in '/home/robot/beka_gau/build/wheelchair_description': CMAKE_PREFIX_PATH=${CMAKE_PREFIX_PATH}:/home/robot/beka_gau/install/my_python_pkg:/home/robot/beka_gau/install/nav2_simple_commander:/home/robot/beka_gau/install/nav2_gazebo_spawner:/opt/ros/humble /usr/bin/cmake --install /home/robot/beka_gau/build/wheelchair_description
[3.312s] Level 1:colcon.colcon_core.environment:create_environment_scripts_only(nav2_rosdevday_2021)
[3.322s] DEBUG:colcon.colcon_core.event_handler.log_command:Invoked command in '/home/robot/beka_gau/build/nav2_rosdevday_2021' returned '0': CMAKE_PREFIX_PATH=${CMAKE_PREFIX_PATH}:/home/robot/beka_gau/install/my_python_pkg:/home/robot/beka_gau/install/nav2_simple_commander:/home/robot/beka_gau/install/nav2_gazebo_spawner:/opt/ros/humble /usr/bin/cmake --install /home/robot/beka_gau/build/nav2_rosdevday_2021
[3.381s] Level 1:colcon.colcon_core.environment:checking '/home/robot/beka_gau/install/nav2_rosdevday_2021' for CMake module files
[3.395s] Level 1:colcon.colcon_core.environment:checking '/home/robot/beka_gau/install/nav2_rosdevday_2021' for CMake config files
[3.402s] Level 1:colcon.colcon_core.shell:create_environment_hook('nav2_rosdevday_2021', 'cmake_prefix_path')
[3.403s] INFO:colcon.colcon_core.shell:Creating environment hook '/home/robot/beka_gau/install/nav2_rosdevday_2021/share/nav2_rosdevday_2021/hook/cmake_prefix_path.ps1'
[3.405s] INFO:colcon.colcon_core.shell:Creating environment descriptor '/home/robot/beka_gau/install/nav2_rosdevday_2021/share/nav2_rosdevday_2021/hook/cmake_prefix_path.dsv'
[3.406s] INFO:colcon.colcon_core.shell:Creating environment hook '/home/robot/beka_gau/install/nav2_rosdevday_2021/share/nav2_rosdevday_2021/hook/cmake_prefix_path.sh'
[3.409s] Level 1:colcon.colcon_core.environment:checking '/home/robot/beka_gau/install/nav2_rosdevday_2021/bin'
[3.409s] Level 1:colcon.colcon_core.environment:checking '/home/robot/beka_gau/install/nav2_rosdevday_2021/lib/pkgconfig/nav2_rosdevday_2021.pc'
[3.411s] Level 1:colcon.colcon_core.environment:checking '/home/robot/beka_gau/install/nav2_rosdevday_2021/lib/python3.10/site-packages'
[3.412s] Level 1:colcon.colcon_core.environment:checking '/home/robot/beka_gau/install/nav2_rosdevday_2021/bin'
[3.413s] INFO:colcon.colcon_core.shell:Creating package script '/home/robot/beka_gau/install/nav2_rosdevday_2021/share/nav2_rosdevday_2021/package.ps1'
[3.416s] INFO:colcon.colcon_core.shell:Creating package descriptor '/home/robot/beka_gau/install/nav2_rosdevday_2021/share/nav2_rosdevday_2021/package.dsv'
[3.419s] INFO:colcon.colcon_core.shell:Creating package script '/home/robot/beka_gau/install/nav2_rosdevday_2021/share/nav2_rosdevday_2021/package.sh'
[3.422s] INFO:colcon.colcon_core.shell:Creating package script '/home/robot/beka_gau/install/nav2_rosdevday_2021/share/nav2_rosdevday_2021/package.bash'
[3.425s] INFO:colcon.colcon_core.shell:Creating package script '/home/robot/beka_gau/install/nav2_rosdevday_2021/share/nav2_rosdevday_2021/package.zsh'
[3.429s] Level 1:colcon.colcon_core.environment:create_file_with_runtime_dependencies(/home/robot/beka_gau/install/nav2_rosdevday_2021/share/colcon-core/packages/nav2_rosdevday_2021)
[3.432s] Level 1:colcon.colcon_core.environment:create_environment_scripts_only(nav2_rosdevday_2021)
[3.434s] Level 1:colcon.colcon_core.environment:checking '/home/robot/beka_gau/install/nav2_rosdevday_2021' for CMake module files
[3.441s] Level 1:colcon.colcon_core.environment:checking '/home/robot/beka_gau/install/nav2_rosdevday_2021' for CMake config files
[3.443s] Level 1:colcon.colcon_core.shell:create_environment_hook('nav2_rosdevday_2021', 'cmake_prefix_path')
[3.445s] INFO:colcon.colcon_core.shell:Creating environment hook '/home/robot/beka_gau/install/nav2_rosdevday_2021/share/nav2_rosdevday_2021/hook/cmake_prefix_path.ps1'
[3.447s] INFO:colcon.colcon_core.shell:Creating environment descriptor '/home/robot/beka_gau/install/nav2_rosdevday_2021/share/nav2_rosdevday_2021/hook/cmake_prefix_path.dsv'
[3.448s] INFO:colcon.colcon_core.shell:Creating environment hook '/home/robot/beka_gau/install/nav2_rosdevday_2021/share/nav2_rosdevday_2021/hook/cmake_prefix_path.sh'
[3.451s] Level 1:colcon.colcon_core.environment:checking '/home/robot/beka_gau/install/nav2_rosdevday_2021/bin'
[3.451s] Level 1:colcon.colcon_core.environment:checking '/home/robot/beka_gau/install/nav2_rosdevday_2021/lib/pkgconfig/nav2_rosdevday_2021.pc'
[3.453s] Level 1:colcon.colcon_core.environment:checking '/home/robot/beka_gau/install/nav2_rosdevday_2021/lib/python3.10/site-packages'
[3.454s] Level 1:colcon.colcon_core.environment:checking '/home/robot/beka_gau/install/nav2_rosdevday_2021/bin'
[3.456s] INFO:colcon.colcon_core.shell:Creating package script '/home/robot/beka_gau/install/nav2_rosdevday_2021/share/nav2_rosdevday_2021/package.ps1'
[3.458s] INFO:colcon.colcon_core.shell:Creating package descriptor '/home/robot/beka_gau/install/nav2_rosdevday_2021/share/nav2_rosdevday_2021/package.dsv'
[3.461s] INFO:colcon.colcon_core.shell:Creating package script '/home/robot/beka_gau/install/nav2_rosdevday_2021/share/nav2_rosdevday_2021/package.sh'
[3.463s] INFO:colcon.colcon_core.shell:Creating package script '/home/robot/beka_gau/install/nav2_rosdevday_2021/share/nav2_rosdevday_2021/package.bash'
[3.465s] INFO:colcon.colcon_core.shell:Creating package script '/home/robot/beka_gau/install/nav2_rosdevday_2021/share/nav2_rosdevday_2021/package.zsh'
[3.467s] Level 1:colcon.colcon_core.environment:create_file_with_runtime_dependencies(/home/robot/beka_gau/install/nav2_rosdevday_2021/share/colcon-core/packages/nav2_rosdevday_2021)
[3.471s] Level 1:colcon.colcon_core.environment:create_environment_scripts_only(wheelchair_description)
[3.473s] Level 1:colcon.colcon_core.environment:checking '/home/robot/beka_gau/install/wheelchair_description' for CMake module files
[3.475s] DEBUG:colcon.colcon_core.event_handler.log_command:Invoked command in '/home/robot/beka_gau/build/wheelchair_description' returned '0': CMAKE_PREFIX_PATH=${CMAKE_PREFIX_PATH}:/home/robot/beka_gau/install/my_python_pkg:/home/robot/beka_gau/install/nav2_simple_commander:/home/robot/beka_gau/install/nav2_gazebo_spawner:/opt/ros/humble /usr/bin/cmake --install /home/robot/beka_gau/build/wheelchair_description
[3.477s] Level 1:colcon.colcon_core.environment:checking '/home/robot/beka_gau/install/wheelchair_description' for CMake config files
[3.480s] Level 1:colcon.colcon_core.shell:create_environment_hook('wheelchair_description', 'cmake_prefix_path')
[3.481s] INFO:colcon.colcon_core.shell:Creating environment hook '/home/robot/beka_gau/install/wheelchair_description/share/wheelchair_description/hook/cmake_prefix_path.ps1'
[3.483s] INFO:colcon.colcon_core.shell:Creating environment descriptor '/home/robot/beka_gau/install/wheelchair_description/share/wheelchair_description/hook/cmake_prefix_path.dsv'
[3.485s] INFO:colcon.colcon_core.shell:Creating environment hook '/home/robot/beka_gau/install/wheelchair_description/share/wheelchair_description/hook/cmake_prefix_path.sh'
[3.488s] Level 1:colcon.colcon_core.environment:checking '/home/robot/beka_gau/install/wheelchair_description/bin'
[3.488s] Level 1:colcon.colcon_core.environment:checking '/home/robot/beka_gau/install/wheelchair_description/lib/pkgconfig/wheelchair_description.pc'
[3.489s] Level 1:colcon.colcon_core.environment:checking '/home/robot/beka_gau/install/wheelchair_description/lib/python3.10/site-packages'
[3.490s] Level 1:colcon.colcon_core.environment:checking '/home/robot/beka_gau/install/wheelchair_description/bin'
[3.492s] INFO:colcon.colcon_core.shell:Creating package script '/home/robot/beka_gau/install/wheelchair_description/share/wheelchair_description/package.ps1'
[3.494s] INFO:colcon.colcon_core.shell:Creating package descriptor '/home/robot/beka_gau/install/wheelchair_description/share/wheelchair_description/package.dsv'
[3.496s] INFO:colcon.colcon_core.shell:Creating package script '/home/robot/beka_gau/install/wheelchair_description/share/wheelchair_description/package.sh'
[3.498s] INFO:colcon.colcon_core.shell:Creating package script '/home/robot/beka_gau/install/wheelchair_description/share/wheelchair_description/package.bash'
[3.500s] INFO:colcon.colcon_core.shell:Creating package script '/home/robot/beka_gau/install/wheelchair_description/share/wheelchair_description/package.zsh'
[3.502s] Level 1:colcon.colcon_core.environment:create_file_with_runtime_dependencies(/home/robot/beka_gau/install/wheelchair_description/share/colcon-core/packages/wheelchair_description)
[3.505s] Level 1:colcon.colcon_core.environment:create_environment_scripts_only(wheelchair_description)
[3.506s] Level 1:colcon.colcon_core.environment:checking '/home/robot/beka_gau/install/wheelchair_description' for CMake module files
[3.508s] Level 1:colcon.colcon_core.environment:checking '/home/robot/beka_gau/install/wheelchair_description' for CMake config files
[3.511s] Level 1:colcon.colcon_core.shell:create_environment_hook('wheelchair_description', 'cmake_prefix_path')
[3.512s] INFO:colcon.colcon_core.shell:Creating environment hook '/home/robot/beka_gau/install/wheelchair_description/share/wheelchair_description/hook/cmake_prefix_path.ps1'
[3.514s] INFO:colcon.colcon_core.shell:Creating environment descriptor '/home/robot/beka_gau/install/wheelchair_description/share/wheelchair_description/hook/cmake_prefix_path.dsv'
[3.515s] INFO:colcon.colcon_core.shell:Creating environment hook '/home/robot/beka_gau/install/wheelchair_description/share/wheelchair_description/hook/cmake_prefix_path.sh'
[3.518s] Level 1:colcon.colcon_core.environment:checking '/home/robot/beka_gau/install/wheelchair_description/bin'
[3.518s] Level 1:colcon.colcon_core.environment:checking '/home/robot/beka_gau/install/wheelchair_description/lib/pkgconfig/wheelchair_description.pc'
[3.519s] Level 1:colcon.colcon_core.environment:checking '/home/robot/beka_gau/install/wheelchair_description/lib/python3.10/site-packages'
[3.520s] Level 1:colcon.colcon_core.environment:checking '/home/robot/beka_gau/install/wheelchair_description/bin'
[3.522s] INFO:colcon.colcon_core.shell:Creating package script '/home/robot/beka_gau/install/wheelchair_description/share/wheelchair_description/package.ps1'
[3.524s] INFO:colcon.colcon_core.shell:Creating package descriptor '/home/robot/beka_gau/install/wheelchair_description/share/wheelchair_description/package.dsv'
[3.526s] INFO:colcon.colcon_core.shell:Creating package script '/home/robot/beka_gau/install/wheelchair_description/share/wheelchair_description/package.sh'
[3.528s] INFO:colcon.colcon_core.shell:Creating package script '/home/robot/beka_gau/install/wheelchair_description/share/wheelchair_description/package.bash'
[3.530s] INFO:colcon.colcon_core.shell:Creating package script '/home/robot/beka_gau/install/wheelchair_description/share/wheelchair_description/package.zsh'
[3.532s] Level 1:colcon.colcon_core.environment:create_file_with_runtime_dependencies(/home/robot/beka_gau/install/wheelchair_description/share/colcon-core/packages/wheelchair_description)
[4.734s] DEBUG:colcon.colcon_core.event_handler.log_command:Invoking command in '/home/robot/beka_gau/src/my_python_pkg': PYTHONPATH=/home/robot/beka_gau/build/my_python_pkg/prefix_override:/usr/lib/python3/dist-packages/colcon_core/task/python/colcon_distutils_commands:/home/robot/beka_gau/install/my_python_pkg/lib/python3.10/site-packages:${PYTHONPATH} /usr/bin/python3 -W ignore:setup.py install is deprecated -W ignore:easy_install command is deprecated setup.py egg_info --egg-base ../../build/my_python_pkg build --build-base /home/robot/beka_gau/build/my_python_pkg/build install --record /home/robot/beka_gau/build/my_python_pkg/install.log --single-version-externally-managed install_data
[6.176s] Level 1:colcon.colcon_core.environment:checking '/home/robot/beka_gau/install/my_python_pkg' for CMake module files
[6.179s] DEBUG:colcon.colcon_core.event_handler.log_command:Invoked command in '/home/robot/beka_gau/src/my_python_pkg' returned '0': PYTHONPATH=/home/robot/beka_gau/build/my_python_pkg/prefix_override:/usr/lib/python3/dist-packages/colcon_core/task/python/colcon_distutils_commands:/home/robot/beka_gau/install/my_python_pkg/lib/python3.10/site-packages:${PYTHONPATH} /usr/bin/python3 -W ignore:setup.py install is deprecated -W ignore:easy_install command is deprecated setup.py egg_info --egg-base ../../build/my_python_pkg build --build-base /home/robot/beka_gau/build/my_python_pkg/build install --record /home/robot/beka_gau/build/my_python_pkg/install.log --single-version-externally-managed install_data
[6.180s] Level 1:colcon.colcon_core.environment:checking '/home/robot/beka_gau/install/my_python_pkg' for CMake config files
[6.182s] Level 1:colcon.colcon_core.environment:checking '/home/robot/beka_gau/install/my_python_pkg/lib'
[6.182s] Level 1:colcon.colcon_core.environment:checking '/home/robot/beka_gau/install/my_python_pkg/bin'
[6.183s] Level 1:colcon.colcon_core.environment:checking '/home/robot/beka_gau/install/my_python_pkg/lib/pkgconfig/my_python_pkg.pc'
[6.184s] Level 1:colcon.colcon_core.environment:checking '/home/robot/beka_gau/install/my_python_pkg/lib/python3.10/site-packages'
[6.184s] Level 1:colcon.colcon_core.shell:create_environment_hook('my_python_pkg', 'pythonpath')
[6.185s] INFO:colcon.colcon_core.shell:Creating environment hook '/home/robot/beka_gau/install/my_python_pkg/share/my_python_pkg/hook/pythonpath.ps1'
[6.187s] INFO:colcon.colcon_core.shell:Creating environment descriptor '/home/robot/beka_gau/install/my_python_pkg/share/my_python_pkg/hook/pythonpath.dsv'
[6.189s] INFO:colcon.colcon_core.shell:Creating environment hook '/home/robot/beka_gau/install/my_python_pkg/share/my_python_pkg/hook/pythonpath.sh'
[6.191s] Level 1:colcon.colcon_core.environment:checking '/home/robot/beka_gau/install/my_python_pkg/bin'
[6.192s] Level 1:colcon.colcon_core.environment:create_environment_scripts_only(my_python_pkg)
[6.193s] INFO:colcon.colcon_core.shell:Creating package script '/home/robot/beka_gau/install/my_python_pkg/share/my_python_pkg/package.ps1'
[6.195s] INFO:colcon.colcon_core.shell:Creating package descriptor '/home/robot/beka_gau/install/my_python_pkg/share/my_python_pkg/package.dsv'
[6.197s] INFO:colcon.colcon_core.shell:Creating package script '/home/robot/beka_gau/install/my_python_pkg/share/my_python_pkg/package.sh'
[6.200s] INFO:colcon.colcon_core.shell:Creating package script '/home/robot/beka_gau/install/my_python_pkg/share/my_python_pkg/package.bash'
[6.202s] INFO:colcon.colcon_core.shell:Creating package script '/home/robot/beka_gau/install/my_python_pkg/share/my_python_pkg/package.zsh'
[6.203s] Level 1:colcon.colcon_core.environment:create_file_with_runtime_dependencies(/home/robot/beka_gau/install/my_python_pkg/share/colcon-core/packages/my_python_pkg)
[6.204s] DEBUG:colcon.colcon_parallel_executor.executor.parallel:closing loop
[6.205s] DEBUG:colcon.colcon_parallel_executor.executor.parallel:loop closed
[6.207s] DEBUG:colcon.colcon_parallel_executor.executor.parallel:run_until_complete finished with '0'
[6.207s] DEBUG:colcon.colcon_core.event_reactor:joining thread
[6.228s] INFO:colcon.colcon_core.plugin_system:Skipping extension 'colcon_notification.desktop_notification.terminal_notifier': Not used on non-Darwin systems
[6.228s] INFO:colcon.colcon_core.plugin_system:Skipping extension 'colcon_notification.desktop_notification.win32': Not used on non-Windows systems
[6.228s] INFO:colcon.colcon_notification.desktop_notification:Sending desktop notification using 'notify2'
[6.273s] DEBUG:colcon.colcon_core.event_reactor:joined thread
[6.275s] INFO:colcon.colcon_core.shell:Creating prefix script '/home/robot/beka_gau/install/local_setup.ps1'
[6.279s] INFO:colcon.colcon_core.shell:Creating prefix util module '/home/robot/beka_gau/install/_local_setup_util_ps1.py'
[6.285s] INFO:colcon.colcon_core.shell:Creating prefix chain script '/home/robot/beka_gau/install/setup.ps1'
[6.292s] INFO:colcon.colcon_core.shell:Creating prefix script '/home/robot/beka_gau/install/local_setup.sh'
[6.294s] INFO:colcon.colcon_core.shell:Creating prefix util module '/home/robot/beka_gau/install/_local_setup_util_sh.py'
[6.297s] INFO:colcon.colcon_core.shell:Creating prefix chain script '/home/robot/beka_gau/install/setup.sh'
[6.304s] INFO:colcon.colcon_core.shell:Creating prefix script '/home/robot/beka_gau/install/local_setup.bash'
[6.306s] INFO:colcon.colcon_core.shell:Creating prefix chain script '/home/robot/beka_gau/install/setup.bash'
[6.312s] INFO:colcon.colcon_core.shell:Creating prefix script '/home/robot/beka_gau/install/local_setup.zsh'
[6.314s] INFO:colcon.colcon_core.shell:Creating prefix chain script '/home/robot/beka_gau/install/setup.zsh'
