[0.023s] Invoking command in '/home/robot/beka_gau/build/wheelchair_description': CMAKE_PREFIX_PATH=${CMAKE_PREFIX_PATH}:/opt/ros/humble /usr/bin/cmake --build /home/robot/beka_gau/build/wheelchair_description -- -j12 -l12
[0.123s] Invoked command in '/home/robot/beka_gau/build/wheelchair_description' returned '0': CMAKE_PREFIX_PATH=${CMAKE_PREFIX_PATH}:/opt/ros/humble /usr/bin/cmake --build /home/robot/beka_gau/build/wheelchair_description -- -j12 -l12
[0.126s] Invoking command in '/home/robot/beka_gau/build/wheelchair_description': CMAKE_PREFIX_PATH=${CMAKE_PREFIX_PATH}:/opt/ros/humble /usr/bin/cmake --install /home/robot/beka_gau/build/wheelchair_description
[0.148s] -- Install configuration: ""
[0.156s] -- Up-to-date: /home/robot/beka_gau/install/wheelchair_description/share/wheelchair_description//launch
[0.157s] -- Up-to-date: /home/robot/beka_gau/install/wheelchair_description/share/wheelchair_description//launch/wheelchair_visualize.launch.py
[0.157s] -- Up-to-date: /home/robot/beka_gau/install/wheelchair_description/share/wheelchair_description//launch/spawn_robot.launch.py
[0.157s] -- Up-to-date: /home/robot/beka_gau/install/wheelchair_description/share/wheelchair_description//launch/simulation.launch.py
[0.157s] -- Up-to-date: /home/robot/beka_gau/install/wheelchair_description/share/wheelchair_description//launch/state_robot_publisher.launch.py
[0.158s] -- Up-to-date: /home/robot/beka_gau/install/wheelchair_description/share/wheelchair_description//launch/rtab_sim_demo.launch.py
[0.158s] -- Up-to-date: /home/robot/beka_gau/install/wheelchair_description/share/wheelchair_description//config
[0.158s] -- Up-to-date: /home/robot/beka_gau/install/wheelchair_description/share/wheelchair_description//config/controller.yaml
[0.158s] -- Up-to-date: /home/robot/beka_gau/install/wheelchair_description/share/wheelchair_description//config/nav2_params2.yaml
[0.158s] -- Up-to-date: /home/robot/beka_gau/install/wheelchair_description/share/wheelchair_description//config/ekf.yaml
[0.158s] -- Up-to-date: /home/robot/beka_gau/install/wheelchair_description/share/wheelchair_description//config/ekf_localization.yaml
[0.158s] -- Up-to-date: /home/robot/beka_gau/install/wheelchair_description/share/wheelchair_description//config/robot_localization.yaml
[0.159s] -- Up-to-date: /home/robot/beka_gau/install/wheelchair_description/share/wheelchair_description//config/diff_drive_controller.yaml
[0.159s] -- Up-to-date: /home/robot/beka_gau/install/wheelchair_description/share/wheelchair_description//config/nav2_params.yaml
[0.159s] -- Up-to-date: /home/robot/beka_gau/install/wheelchair_description/share/wheelchair_description//meshes
[0.159s] -- Up-to-date: /home/robot/beka_gau/install/wheelchair_description/share/wheelchair_description//meshes/frontwheel_r.dae
[0.159s] -- Up-to-date: /home/robot/beka_gau/install/wheelchair_description/share/wheelchair_description//meshes/wheel3.STL
[0.159s] -- Up-to-date: /home/robot/beka_gau/install/wheelchair_description/share/wheelchair_description//meshes/frontsupport_l.dae
[0.160s] -- Up-to-date: /home/robot/beka_gau/install/wheelchair_description/share/wheelchair_description//meshes/wheel1.STL
[0.160s] -- Up-to-date: /home/robot/beka_gau/install/wheelchair_description/share/wheelchair_description//meshes/frontwheel_l.dae
[0.160s] -- Up-to-date: /home/robot/beka_gau/install/wheelchair_description/share/wheelchair_description//meshes/wheel2.STL
[0.160s] -- Up-to-date: /home/robot/beka_gau/install/wheelchair_description/share/wheelchair_description//meshes/base_link.STL
[0.160s] -- Up-to-date: /home/robot/beka_gau/install/wheelchair_description/share/wheelchair_description//meshes/base_link.dae
[0.160s] -- Up-to-date: /home/robot/beka_gau/install/wheelchair_description/share/wheelchair_description//meshes/imu.dae
[0.160s] -- Up-to-date: /home/robot/beka_gau/install/wheelchair_description/share/wheelchair_description//meshes/BackWheel_L.STL
[0.160s] -- Up-to-date: /home/robot/beka_gau/install/wheelchair_description/share/wheelchair_description//meshes/wheel4.STL
[0.160s] -- Up-to-date: /home/robot/beka_gau/install/wheelchair_description/share/wheelchair_description//meshes/backcam.dae
[0.160s] -- Up-to-date: /home/robot/beka_gau/install/wheelchair_description/share/wheelchair_description//meshes/frontWheel_L.STL
[0.160s] -- Up-to-date: /home/robot/beka_gau/install/wheelchair_description/share/wheelchair_description//meshes/base_link3.STL
[0.161s] -- Up-to-date: /home/robot/beka_gau/install/wheelchair_description/share/wheelchair_description//meshes/IMU.STL
[0.161s] -- Up-to-date: /home/robot/beka_gau/install/wheelchair_description/share/wheelchair_description//meshes/camera.STL
[0.161s] -- Up-to-date: /home/robot/beka_gau/install/wheelchair_description/share/wheelchair_description//meshes/frontCam.STL
[0.161s] -- Up-to-date: /home/robot/beka_gau/install/wheelchair_description/share/wheelchair_description//meshes/frontWheel_R.STL
[0.161s] -- Up-to-date: /home/robot/beka_gau/install/wheelchair_description/share/wheelchair_description//meshes/worlds
[0.161s] -- Up-to-date: /home/robot/beka_gau/install/wheelchair_description/share/wheelchair_description//meshes/worlds/turtlebot3_world.world
[0.161s] -- Up-to-date: /home/robot/beka_gau/install/wheelchair_description/share/wheelchair_description//meshes/worlds/harmonic.sdf
[0.161s] -- Up-to-date: /home/robot/beka_gau/install/wheelchair_description/share/wheelchair_description//meshes/worlds/model.config
[0.162s] -- Up-to-date: /home/robot/beka_gau/install/wheelchair_description/share/wheelchair_description//meshes/worlds/small_house.world
[0.162s] -- Up-to-date: /home/robot/beka_gau/install/wheelchair_description/share/wheelchair_description//meshes/worlds/simple.world
[0.162s] -- Up-to-date: /home/robot/beka_gau/install/wheelchair_description/share/wheelchair_description//meshes/worlds/thumbnails
[0.162s] -- Up-to-date: /home/robot/beka_gau/install/wheelchair_description/share/wheelchair_description//meshes/worlds/thumbnails/5.png
[0.162s] -- Up-to-date: /home/robot/beka_gau/install/wheelchair_description/share/wheelchair_description//meshes/worlds/thumbnails/2.png
[0.162s] -- Up-to-date: /home/robot/beka_gau/install/wheelchair_description/share/wheelchair_description//meshes/worlds/thumbnails/3.png
[0.162s] -- Up-to-date: /home/robot/beka_gau/install/wheelchair_description/share/wheelchair_description//meshes/worlds/thumbnails/4.png
[0.162s] -- Up-to-date: /home/robot/beka_gau/install/wheelchair_description/share/wheelchair_description//meshes/worlds/thumbnails/1.png
[0.162s] -- Up-to-date: /home/robot/beka_gau/install/wheelchair_description/share/wheelchair_description//meshes/worlds/world_dynamic.world
[0.162s] -- Up-to-date: /home/robot/beka_gau/install/wheelchair_description/share/wheelchair_description//meshes/worlds/tugbot_depot.sdf
[0.162s] -- Up-to-date: /home/robot/beka_gau/install/wheelchair_description/share/wheelchair_description//meshes/worlds/industrial-warehouse.sdf
[0.162s] -- Up-to-date: /home/robot/beka_gau/install/wheelchair_description/share/wheelchair_description//meshes/worlds/my_world.world
[0.162s] -- Up-to-date: /home/robot/beka_gau/install/wheelchair_description/share/wheelchair_description//meshes/worlds/model.sdf
[0.162s] -- Up-to-date: /home/robot/beka_gau/install/wheelchair_description/share/wheelchair_description//meshes/worlds/empty_world.world
[0.162s] -- Up-to-date: /home/robot/beka_gau/install/wheelchair_description/share/wheelchair_description//meshes/worlds/industrial_warehouse.sdf
[0.163s] -- Up-to-date: /home/robot/beka_gau/install/wheelchair_description/share/wheelchair_description//meshes/backwheel_r.dae
[0.163s] -- Up-to-date: /home/robot/beka_gau/install/wheelchair_description/share/wheelchair_description//meshes/frontcam.dae
[0.163s] -- Up-to-date: /home/robot/beka_gau/install/wheelchair_description/share/wheelchair_description//meshes/BackWheel_R.STL
[0.163s] -- Up-to-date: /home/robot/beka_gau/install/wheelchair_description/share/wheelchair_description//meshes/frontSupport_R.STL
[0.163s] -- Up-to-date: /home/robot/beka_gau/install/wheelchair_description/share/wheelchair_description//meshes/frontsupport_r.dae
[0.163s] -- Up-to-date: /home/robot/beka_gau/install/wheelchair_description/share/wheelchair_description//meshes/backCam.STL
[0.163s] -- Up-to-date: /home/robot/beka_gau/install/wheelchair_description/share/wheelchair_description//meshes/frontSupport_L.STL
[0.163s] -- Up-to-date: /home/robot/beka_gau/install/wheelchair_description/share/wheelchair_description//meshes/wheelchair.srdf
[0.163s] -- Up-to-date: /home/robot/beka_gau/install/wheelchair_description/share/wheelchair_description//urdf
[0.163s] -- Up-to-date: /home/robot/beka_gau/install/wheelchair_description/share/wheelchair_description//urdf/wheelchair_gazebo.urdf
[0.163s] -- Up-to-date: /home/robot/beka_gau/install/wheelchair_description/share/wheelchair_description//urdf/materials.xacro
[0.163s] -- Up-to-date: /home/robot/beka_gau/install/wheelchair_description/share/wheelchair_description//urdf/wheelchair.urdf
[0.164s] -- Up-to-date: /home/robot/beka_gau/install/wheelchair_description/share/wheelchair_description//urdf/wheelchair_full.urdf
[0.164s] -- Up-to-date: /home/robot/beka_gau/install/wheelchair_description/share/wheelchair_description//urdf/wheelchair_calibration.urdf
[0.164s] -- Up-to-date: /home/robot/beka_gau/install/wheelchair_description/share/wheelchair_description//urdf/wheelchair_depthcamera.urdf
[0.164s] -- Up-to-date: /home/robot/beka_gau/install/wheelchair_description/share/wheelchair_description//urdf/wcurdf.urdf
[0.164s] -- Up-to-date: /home/robot/beka_gau/install/wheelchair_description/share/wheelchair_description//urdf/wheelchair.xacro
[0.165s] -- Up-to-date: /home/robot/beka_gau/install/wheelchair_description/share/wheelchair_description//urdf/wheelchair_body.urdf
[0.165s] -- Up-to-date: /home/robot/beka_gau/install/wheelchair_description/share/wheelchair_description//urdf/wheelchair.trans
[0.165s] -- Up-to-date: /home/robot/beka_gau/install/wheelchair_description/share/wheelchair_description//urdf/rtab.rviz
[0.165s] -- Up-to-date: /home/robot/beka_gau/install/wheelchair_description/share/wheelchair_description//urdf/urdf.rviz
[0.165s] -- Up-to-date: /home/robot/beka_gau/install/wheelchair_description/share/wheelchair_description//urdf/wheelchair.gazebo
[0.165s] -- Up-to-date: /home/robot/beka_gau/install/wheelchair_description/share/wheelchair_description//urdf/wheelchair_new.urdf
[0.165s] -- Up-to-date: /home/robot/beka_gau/install/wheelchair_description/share/wheelchair_description//src
[0.169s] -- Up-to-date: /home/robot/beka_gau/install/wheelchair_description/share/wheelchair_description//src/nav2_simulations.launch.py
[0.170s] -- Up-to-date: /home/robot/beka_gau/install/wheelchair_description/share/wheelchair_description//src/cmd_vel_republisher.py
[0.170s] -- Up-to-date: /home/robot/beka_gau/install/wheelchair_description/share/ament_index/resource_index/package_run_dependencies/wheelchair_description
[0.170s] -- Up-to-date: /home/robot/beka_gau/install/wheelchair_description/share/ament_index/resource_index/parent_prefix_path/wheelchair_description
[0.170s] -- Up-to-date: /home/robot/beka_gau/install/wheelchair_description/share/wheelchair_description/environment/ament_prefix_path.sh
[0.171s] -- Up-to-date: /home/robot/beka_gau/install/wheelchair_description/share/wheelchair_description/environment/ament_prefix_path.dsv
[0.171s] -- Up-to-date: /home/robot/beka_gau/install/wheelchair_description/share/wheelchair_description/environment/path.sh
[0.175s] -- Up-to-date: /home/robot/beka_gau/install/wheelchair_description/share/wheelchair_description/environment/path.dsv
[0.175s] -- Up-to-date: /home/robot/beka_gau/install/wheelchair_description/share/wheelchair_description/local_setup.bash
[0.176s] -- Up-to-date: /home/robot/beka_gau/install/wheelchair_description/share/wheelchair_description/local_setup.sh
[0.176s] -- Up-to-date: /home/robot/beka_gau/install/wheelchair_description/share/wheelchair_description/local_setup.zsh
[0.176s] -- Up-to-date: /home/robot/beka_gau/install/wheelchair_description/share/wheelchair_description/local_setup.dsv
[0.176s] -- Installing: /home/robot/beka_gau/install/wheelchair_description/share/wheelchair_description/package.dsv
[0.176s] -- Up-to-date: /home/robot/beka_gau/install/wheelchair_description/share/ament_index/resource_index/packages/wheelchair_description
[0.176s] -- Up-to-date: /home/robot/beka_gau/install/wheelchair_description/share/wheelchair_description/cmake/wheelchair_descriptionConfig.cmake
[0.177s] -- Up-to-date: /home/robot/beka_gau/install/wheelchair_description/share/wheelchair_description/cmake/wheelchair_descriptionConfig-version.cmake
[0.177s] -- Up-to-date: /home/robot/beka_gau/install/wheelchair_description/share/wheelchair_description/package.xml
[0.180s] Invoked command in '/home/robot/beka_gau/build/wheelchair_description' returned '0': CMAKE_PREFIX_PATH=${CMAKE_PREFIX_PATH}:/opt/ros/humble /usr/bin/cmake --install /home/robot/beka_gau/build/wheelchair_description
