[0.015s] Invoking command in '/home/robot/beka_gau/build/wheelchair_description': CMAKE_PREFIX_PATH=${CMAKE_PREFIX_PATH}:/home/robot/beka_gau/install/nav2_simple_commander:/home/robot/beka_gau/install/nav2_gazebo_spawner:/opt/ros/humble /usr/bin/cmake --build /home/robot/beka_gau/build/wheelchair_description -- -j12 -l12
[0.061s] Invoked command in '/home/robot/beka_gau/build/wheelchair_description' returned '0': CMAKE_PREFIX_PATH=${CMAKE_PREFIX_PATH}:/home/robot/beka_gau/install/nav2_simple_commander:/home/robot/beka_gau/install/nav2_gazebo_spawner:/opt/ros/humble /usr/bin/cmake --build /home/robot/beka_gau/build/wheelchair_description -- -j12 -l12
[0.062s] Invoking command in '/home/robot/beka_gau/build/wheelchair_description': CMAKE_PREFIX_PATH=${CMAKE_PREFIX_PATH}:/home/robot/beka_gau/install/nav2_simple_commander:/home/robot/beka_gau/install/nav2_gazebo_spawner:/opt/ros/humble /usr/bin/cmake --install /home/robot/beka_gau/build/wheelchair_description
[0.071s] -- Install configuration: ""
[0.071s] -- Up-to-date: /home/robot/beka_gau/install/wheelchair_description/share/wheelchair_description//launch
[0.072s] -- Up-to-date: /home/robot/beka_gau/install/wheelchair_description/share/wheelchair_description//launch/wheelchair_visualize.launch.py
[0.072s] -- Up-to-date: /home/robot/beka_gau/install/wheelchair_description/share/wheelchair_description//launch/spawn_robot.launch.py
[0.072s] -- Up-to-date: /home/robot/beka_gau/install/wheelchair_description/share/wheelchair_description//launch/simulation.launch.py
[0.072s] -- Up-to-date: /home/robot/beka_gau/install/wheelchair_description/share/wheelchair_description//launch/state_robot_publisher.launch.py
[0.072s] -- Up-to-date: /home/robot/beka_gau/install/wheelchair_description/share/wheelchair_description//launch/rtab_sim_demo.launch.py
[0.072s] -- Up-to-date: /home/robot/beka_gau/install/wheelchair_description/share/wheelchair_description//config
[0.073s] -- Up-to-date: /home/robot/beka_gau/install/wheelchair_description/share/wheelchair_description//config/controller.yaml
[0.074s] -- Up-to-date: /home/robot/beka_gau/install/wheelchair_description/share/wheelchair_description//config/nav2_params2.yaml
[0.074s] -- Up-to-date: /home/robot/beka_gau/install/wheelchair_description/share/wheelchair_description//config/ekf.yaml
[0.074s] -- Up-to-date: /home/robot/beka_gau/install/wheelchair_description/share/wheelchair_description//config/ekf_localization.yaml
[0.074s] -- Up-to-date: /home/robot/beka_gau/install/wheelchair_description/share/wheelchair_description//config/robot_localization.yaml
[0.074s] -- Up-to-date: /home/robot/beka_gau/install/wheelchair_description/share/wheelchair_description//config/diff_drive_controller.yaml
[0.074s] -- Up-to-date: /home/robot/beka_gau/install/wheelchair_description/share/wheelchair_description//config/nav2_params.yaml
[0.074s] -- Up-to-date: /home/robot/beka_gau/install/wheelchair_description/share/wheelchair_description//config/wheelchair.yaml
[0.074s] -- Up-to-date: /home/robot/beka_gau/install/wheelchair_description/share/wheelchair_description//meshes
[0.074s] -- Up-to-date: /home/robot/beka_gau/install/wheelchair_description/share/wheelchair_description//meshes/frontwheel_r.dae
[0.074s] -- Up-to-date: /home/robot/beka_gau/install/wheelchair_description/share/wheelchair_description//meshes/wheel3.STL
[0.074s] -- Up-to-date: /home/robot/beka_gau/install/wheelchair_description/share/wheelchair_description//meshes/frontsupport_l.dae
[0.074s] -- Up-to-date: /home/robot/beka_gau/install/wheelchair_description/share/wheelchair_description//meshes/wheel1.STL
[0.074s] -- Up-to-date: /home/robot/beka_gau/install/wheelchair_description/share/wheelchair_description//meshes/frontwheel_l.dae
[0.075s] -- Up-to-date: /home/robot/beka_gau/install/wheelchair_description/share/wheelchair_description//meshes/wheel2.STL
[0.075s] -- Up-to-date: /home/robot/beka_gau/install/wheelchair_description/share/wheelchair_description//meshes/base_link.STL
[0.075s] -- Up-to-date: /home/robot/beka_gau/install/wheelchair_description/share/wheelchair_description//meshes/base_link.dae
[0.075s] -- Up-to-date: /home/robot/beka_gau/install/wheelchair_description/share/wheelchair_description//meshes/imu.dae
[0.075s] -- Up-to-date: /home/robot/beka_gau/install/wheelchair_description/share/wheelchair_description//meshes/BackWheel_L.STL
[0.076s] -- Up-to-date: /home/robot/beka_gau/install/wheelchair_description/share/wheelchair_description//meshes/wheel4.STL
[0.076s] -- Up-to-date: /home/robot/beka_gau/install/wheelchair_description/share/wheelchair_description//meshes/backcam.dae
[0.076s] -- Up-to-date: /home/robot/beka_gau/install/wheelchair_description/share/wheelchair_description//meshes/frontWheel_L.STL
[0.076s] -- Up-to-date: /home/robot/beka_gau/install/wheelchair_description/share/wheelchair_description//meshes/base_link3.STL
[0.076s] -- Up-to-date: /home/robot/beka_gau/install/wheelchair_description/share/wheelchair_description//meshes/IMU.STL
[0.076s] -- Up-to-date: /home/robot/beka_gau/install/wheelchair_description/share/wheelchair_description//meshes/camera.STL
[0.076s] -- Up-to-date: /home/robot/beka_gau/install/wheelchair_description/share/wheelchair_description//meshes/frontCam.STL
[0.076s] -- Up-to-date: /home/robot/beka_gau/install/wheelchair_description/share/wheelchair_description//meshes/frontWheel_R.STL
[0.076s] -- Up-to-date: /home/robot/beka_gau/install/wheelchair_description/share/wheelchair_description//meshes/worlds
[0.076s] -- Up-to-date: /home/robot/beka_gau/install/wheelchair_description/share/wheelchair_description//meshes/worlds/turtlebot3_world.world
[0.076s] -- Up-to-date: /home/robot/beka_gau/install/wheelchair_description/share/wheelchair_description//meshes/worlds/harmonic.sdf
[0.077s] -- Up-to-date: /home/robot/beka_gau/install/wheelchair_description/share/wheelchair_description//meshes/worlds/model.config
[0.077s] -- Up-to-date: /home/robot/beka_gau/install/wheelchair_description/share/wheelchair_description//meshes/worlds/small_house.world
[0.077s] -- Up-to-date: /home/robot/beka_gau/install/wheelchair_description/share/wheelchair_description//meshes/worlds/simple.world
[0.077s] -- Up-to-date: /home/robot/beka_gau/install/wheelchair_description/share/wheelchair_description//meshes/worlds/thumbnails
[0.077s] -- Up-to-date: /home/robot/beka_gau/install/wheelchair_description/share/wheelchair_description//meshes/worlds/thumbnails/5.png
[0.077s] -- Up-to-date: /home/robot/beka_gau/install/wheelchair_description/share/wheelchair_description//meshes/worlds/thumbnails/2.png
[0.077s] -- Up-to-date: /home/robot/beka_gau/install/wheelchair_description/share/wheelchair_description//meshes/worlds/thumbnails/3.png
[0.077s] -- Up-to-date: /home/robot/beka_gau/install/wheelchair_description/share/wheelchair_description//meshes/worlds/thumbnails/4.png
[0.077s] -- Up-to-date: /home/robot/beka_gau/install/wheelchair_description/share/wheelchair_description//meshes/worlds/thumbnails/1.png
[0.078s] -- Up-to-date: /home/robot/beka_gau/install/wheelchair_description/share/wheelchair_description//meshes/worlds/world_dynamic.world
[0.078s] -- Up-to-date: /home/robot/beka_gau/install/wheelchair_description/share/wheelchair_description//meshes/worlds/tugbot_depot.sdf
[0.078s] -- Up-to-date: /home/robot/beka_gau/install/wheelchair_description/share/wheelchair_description//meshes/worlds/industrial-warehouse.sdf
[0.079s] -- Up-to-date: /home/robot/beka_gau/install/wheelchair_description/share/wheelchair_description//meshes/worlds/my_world.world
[0.079s] -- Up-to-date: /home/robot/beka_gau/install/wheelchair_description/share/wheelchair_description//meshes/worlds/model.sdf
[0.079s] -- Up-to-date: /home/robot/beka_gau/install/wheelchair_description/share/wheelchair_description//meshes/worlds/empty_world.world
[0.079s] -- Up-to-date: /home/robot/beka_gau/install/wheelchair_description/share/wheelchair_description//meshes/worlds/industrial_warehouse.sdf
[0.079s] -- Up-to-date: /home/robot/beka_gau/install/wheelchair_description/share/wheelchair_description//meshes/backwheel_r.dae
[0.079s] -- Up-to-date: /home/robot/beka_gau/install/wheelchair_description/share/wheelchair_description//meshes/frontcam.dae
[0.079s] -- Up-to-date: /home/robot/beka_gau/install/wheelchair_description/share/wheelchair_description//meshes/BackWheel_R.STL
[0.079s] -- Up-to-date: /home/robot/beka_gau/install/wheelchair_description/share/wheelchair_description//meshes/frontSupport_R.STL
[0.079s] -- Up-to-date: /home/robot/beka_gau/install/wheelchair_description/share/wheelchair_description//meshes/frontsupport_r.dae
[0.080s] -- Up-to-date: /home/robot/beka_gau/install/wheelchair_description/share/wheelchair_description//meshes/backCam.STL
[0.080s] -- Up-to-date: /home/robot/beka_gau/install/wheelchair_description/share/wheelchair_description//meshes/frontSupport_L.STL
[0.080s] -- Up-to-date: /home/robot/beka_gau/install/wheelchair_description/share/wheelchair_description//meshes/wheelchair.srdf
[0.080s] -- Up-to-date: /home/robot/beka_gau/install/wheelchair_description/share/wheelchair_description//urdf
[0.081s] -- Up-to-date: /home/robot/beka_gau/install/wheelchair_description/share/wheelchair_description//urdf/wheelchair_gazebo.urdf
[0.081s] -- Up-to-date: /home/robot/beka_gau/install/wheelchair_description/share/wheelchair_description//urdf/materials.xacro
[0.081s] -- Up-to-date: /home/robot/beka_gau/install/wheelchair_description/share/wheelchair_description//urdf/imu_sensor.xacro
[0.081s] -- Up-to-date: /home/robot/beka_gau/install/wheelchair_description/share/wheelchair_description//urdf/wheelchair.urdf
[0.081s] -- Up-to-date: /home/robot/beka_gau/install/wheelchair_description/share/wheelchair_description//urdf/wheelchair_full.urdf
[0.081s] -- Up-to-date: /home/robot/beka_gau/install/wheelchair_description/share/wheelchair_description//urdf/wheelchair_calibration.urdf
[0.081s] -- Up-to-date: /home/robot/beka_gau/install/wheelchair_description/share/wheelchair_description//urdf/wheelchair_depthcamera.urdf
[0.081s] -- Up-to-date: /home/robot/beka_gau/install/wheelchair_description/share/wheelchair_description//urdf/wcurdf.urdf
[0.081s] -- Up-to-date: /home/robot/beka_gau/install/wheelchair_description/share/wheelchair_description//urdf/wheelchair.xacro
[0.081s] -- Up-to-date: /home/robot/beka_gau/install/wheelchair_description/share/wheelchair_description//urdf/wheelchair_body.urdf
[0.081s] -- Up-to-date: /home/robot/beka_gau/install/wheelchair_description/share/wheelchair_description//urdf/wheelchair.trans
[0.081s] -- Up-to-date: /home/robot/beka_gau/install/wheelchair_description/share/wheelchair_description//urdf/rtab.rviz
[0.083s] -- Up-to-date: /home/robot/beka_gau/install/wheelchair_description/share/wheelchair_description//urdf/urdf.rviz
[0.083s] -- Up-to-date: /home/robot/beka_gau/install/wheelchair_description/share/wheelchair_description//urdf/wheelchair.gazebo
[0.083s] -- Up-to-date: /home/robot/beka_gau/install/wheelchair_description/share/wheelchair_description//urdf/wheelchair_new.urdf
[0.083s] -- Up-to-date: /home/robot/beka_gau/install/wheelchair_description/share/wheelchair_description//src
[0.084s] -- Up-to-date: /home/robot/beka_gau/install/wheelchair_description/share/wheelchair_description//src/nav_through_poses_demo.py
[0.084s] -- Up-to-date: /home/robot/beka_gau/install/wheelchair_description/share/wheelchair_description//src/nav2_simulations.launch.py
[0.085s] -- Up-to-date: /home/robot/beka_gau/install/wheelchair_description/share/wheelchair_description//src/nav_to_pose_demo.py
[0.085s] -- Up-to-date: /home/robot/beka_gau/install/wheelchair_description/share/wheelchair_description//src/robot_navigator.py
[0.085s] -- Up-to-date: /home/robot/beka_gau/install/wheelchair_description/share/wheelchair_description//src/waypoint_follower_demo.py
[0.086s] -- Up-to-date: /home/robot/beka_gau/install/wheelchair_description/share/wheelchair_description//src/cmd_vel_republisher.py
[0.086s] -- Up-to-date: /home/robot/beka_gau/install/wheelchair_description/share/wheelchair_description//src/security_demo.py
[0.086s] -- Up-to-date: /home/robot/beka_gau/install/wheelchair_description/share/wheelchair_description//src/picking_demo.py
[0.086s] -- Up-to-date: /home/robot/beka_gau/install/wheelchair_description/share/wheelchair_description//src/inspection_demo.py
[0.087s] -- Up-to-date: /home/robot/beka_gau/install/wheelchair_description/share/ament_index/resource_index/package_run_dependencies/wheelchair_description
[0.088s] -- Up-to-date: /home/robot/beka_gau/install/wheelchair_description/share/ament_index/resource_index/parent_prefix_path/wheelchair_description
[0.088s] -- Up-to-date: /home/robot/beka_gau/install/wheelchair_description/share/wheelchair_description/environment/ament_prefix_path.sh
[0.088s] -- Up-to-date: /home/robot/beka_gau/install/wheelchair_description/share/wheelchair_description/environment/ament_prefix_path.dsv
[0.088s] -- Up-to-date: /home/robot/beka_gau/install/wheelchair_description/share/wheelchair_description/environment/path.sh
[0.088s] -- Up-to-date: /home/robot/beka_gau/install/wheelchair_description/share/wheelchair_description/environment/path.dsv
[0.089s] -- Up-to-date: /home/robot/beka_gau/install/wheelchair_description/share/wheelchair_description/local_setup.bash
[0.089s] -- Up-to-date: /home/robot/beka_gau/install/wheelchair_description/share/wheelchair_description/local_setup.sh
[0.089s] -- Up-to-date: /home/robot/beka_gau/install/wheelchair_description/share/wheelchair_description/local_setup.zsh
[0.089s] -- Up-to-date: /home/robot/beka_gau/install/wheelchair_description/share/wheelchair_description/local_setup.dsv
[0.089s] -- Installing: /home/robot/beka_gau/install/wheelchair_description/share/wheelchair_description/package.dsv
[0.090s] -- Up-to-date: /home/robot/beka_gau/install/wheelchair_description/share/ament_index/resource_index/packages/wheelchair_description
[0.091s] -- Up-to-date: /home/robot/beka_gau/install/wheelchair_description/share/wheelchair_description/cmake/wheelchair_descriptionConfig.cmake
[0.091s] -- Up-to-date: /home/robot/beka_gau/install/wheelchair_description/share/wheelchair_description/cmake/wheelchair_descriptionConfig-version.cmake
[0.091s] -- Up-to-date: /home/robot/beka_gau/install/wheelchair_description/share/wheelchair_description/package.xml
[0.097s] Invoked command in '/home/robot/beka_gau/build/wheelchair_description' returned '0': CMAKE_PREFIX_PATH=${CMAKE_PREFIX_PATH}:/home/robot/beka_gau/install/nav2_simple_commander:/home/robot/beka_gau/install/nav2_gazebo_spawner:/opt/ros/humble /usr/bin/cmake --install /home/robot/beka_gau/build/wheelchair_description
