[0.835s] Invoking command in '/home/robot/beka_gau/src/my_python_pkg': PYTHONPATH=/home/robot/beka_gau/build/my_python_pkg/prefix_override:/usr/lib/python3/dist-packages/colcon_core/task/python/colcon_distutils_commands:/home/robot/beka_gau/install/my_python_pkg/lib/python3.10/site-packages:${PYTHONPATH} /usr/bin/python3 -W ignore:setup.py install is deprecated -W ignore:easy_install command is deprecated setup.py egg_info --egg-base ../../build/my_python_pkg build --build-base /home/robot/beka_gau/build/my_python_pkg/build install --record /home/robot/beka_gau/build/my_python_pkg/install.log --single-version-externally-managed install_data
[1.060s] running egg_info
[1.061s] writing ../../build/my_python_pkg/my_python_pkg.egg-info/PKG-INFO
[1.061s] writing dependency_links to ../../build/my_python_pkg/my_python_pkg.egg-info/dependency_links.txt
[1.061s] writing entry points to ../../build/my_python_pkg/my_python_pkg.egg-info/entry_points.txt
[1.062s] writing requirements to ../../build/my_python_pkg/my_python_pkg.egg-info/requires.txt
[1.062s] writing top-level names to ../../build/my_python_pkg/my_python_pkg.egg-info/top_level.txt
[1.063s] reading manifest file '../../build/my_python_pkg/my_python_pkg.egg-info/SOURCES.txt'
[1.064s] writing manifest file '../../build/my_python_pkg/my_python_pkg.egg-info/SOURCES.txt'
[1.064s] running build
[1.065s] running build_py
[1.066s] running install
[1.066s] running install_lib
[1.069s] running install_data
[1.069s] running install_egg_info
[1.071s] removing '/home/robot/beka_gau/install/my_python_pkg/lib/python3.10/site-packages/my_python_pkg-0.0.0-py3.10.egg-info' (and everything under it)
[1.071s] Copying ../../build/my_python_pkg/my_python_pkg.egg-info to /home/robot/beka_gau/install/my_python_pkg/lib/python3.10/site-packages/my_python_pkg-0.0.0-py3.10.egg-info
[1.072s] running install_scripts
[1.090s] Installing udp_twist script to /home/robot/beka_gau/install/my_python_pkg/lib/my_python_pkg
[1.090s] writing list of installed files to '/home/robot/beka_gau/build/my_python_pkg/install.log'
[1.108s] Invoked command in '/home/robot/beka_gau/src/my_python_pkg' returned '0': PYTHONPATH=/home/robot/beka_gau/build/my_python_pkg/prefix_override:/usr/lib/python3/dist-packages/colcon_core/task/python/colcon_distutils_commands:/home/robot/beka_gau/install/my_python_pkg/lib/python3.10/site-packages:${PYTHONPATH} /usr/bin/python3 -W ignore:setup.py install is deprecated -W ignore:easy_install command is deprecated setup.py egg_info --egg-base ../../build/my_python_pkg build --build-base /home/robot/beka_gau/build/my_python_pkg/build install --record /home/robot/beka_gau/build/my_python_pkg/install.log --single-version-externally-managed install_data
