[0.027s] Invoking command in '/home/robot/beka_gau/build/neo_simulation2': CMAKE_PREFIX_PATH=${CMAKE_PREFIX_PATH}:/opt/ros/humble /usr/bin/cmake /home/robot/beka_gau/src/neobotix/neo_simulation2 -DCMAKE_INSTALL_PREFIX=/home/robot/beka_gau/install/neo_simulation2
[0.135s] -- The C compiler identification is GNU 11.4.0
[0.239s] -- The CXX compiler identification is GNU 11.4.0
[0.251s] -- Detecting C compiler ABI info
[0.379s] -- Detecting C compiler ABI info - done
[0.401s] -- Check for working C compiler: /usr/bin/cc - skipped
[0.401s] -- Detecting C compile features
[0.402s] -- Detecting C compile features - done
[0.409s] -- Detecting CXX compiler ABI info
[0.550s] -- Detecting CXX compiler ABI info - done
[0.563s] -- Check for working CXX compiler: /usr/bin/c++ - skipped
[0.563s] -- Detecting CXX compile features
[0.564s] -- Detecting CXX compile features - done
[0.568s] -- Found ament_cmake: 1.3.11 (/opt/ros/humble/share/ament_cmake/cmake)
[0.811s] -- Found Python3: /usr/bin/python3 (found version "3.10.12") found components: Interpreter 
[0.979s] -- Found nav2_bringup: 1.1.18 (/opt/ros/humble/share/nav2_bringup/cmake)
[0.983s] -- Found navigation2: 1.1.18 (/opt/ros/humble/share/navigation2/cmake)
[1.094s] -- Configuring done
[1.098s] -- Generating done
[1.099s] -- Build files have been written to: /home/robot/beka_gau/build/neo_simulation2
[1.104s] Invoked command in '/home/robot/beka_gau/build/neo_simulation2' returned '0': CMAKE_PREFIX_PATH=${CMAKE_PREFIX_PATH}:/opt/ros/humble /usr/bin/cmake /home/robot/beka_gau/src/neobotix/neo_simulation2 -DCMAKE_INSTALL_PREFIX=/home/robot/beka_gau/install/neo_simulation2
[1.107s] Invoking command in '/home/robot/beka_gau/build/neo_simulation2': CMAKE_PREFIX_PATH=${CMAKE_PREFIX_PATH}:/opt/ros/humble /usr/bin/cmake --build /home/robot/beka_gau/build/neo_simulation2 -- -j12 -l12
[1.175s] Invoked command in '/home/robot/beka_gau/build/neo_simulation2' returned '0': CMAKE_PREFIX_PATH=${CMAKE_PREFIX_PATH}:/opt/ros/humble /usr/bin/cmake --build /home/robot/beka_gau/build/neo_simulation2 -- -j12 -l12
[1.177s] Invoking command in '/home/robot/beka_gau/build/neo_simulation2': CMAKE_PREFIX_PATH=${CMAKE_PREFIX_PATH}:/opt/ros/humble /usr/bin/cmake --install /home/robot/beka_gau/build/neo_simulation2
[1.190s] -- Install configuration: ""
[1.190s] -- Installing: /home/robot/beka_gau/install/neo_simulation2/share/neo_simulation2/launch
[1.191s] -- Installing: /home/robot/beka_gau/install/neo_simulation2/share/neo_simulation2/launch/navigation.launch.py
[1.191s] -- Installing: /home/robot/beka_gau/install/neo_simulation2/share/neo_simulation2/launch/simulation.launch.py
[1.191s] -- Installing: /home/robot/beka_gau/install/neo_simulation2/share/neo_simulation2/launch/mapping.launch.py
[1.191s] -- Installing: /home/robot/beka_gau/install/neo_simulation2/share/neo_simulation2/configs
[1.192s] -- Installing: /home/robot/beka_gau/install/neo_simulation2/share/neo_simulation2/configs/mp_500
[1.192s] -- Installing: /home/robot/beka_gau/install/neo_simulation2/share/neo_simulation2/configs/mp_500/mapping.yaml
[1.192s] -- Installing: /home/robot/beka_gau/install/neo_simulation2/share/neo_simulation2/configs/mp_500/navigation.yaml
[1.192s] -- Installing: /home/robot/beka_gau/install/neo_simulation2/share/neo_simulation2/configs/mpo_700
[1.192s] -- Installing: /home/robot/beka_gau/install/neo_simulation2/share/neo_simulation2/configs/mpo_700/mapping.yaml
[1.192s] -- Installing: /home/robot/beka_gau/install/neo_simulation2/share/neo_simulation2/configs/mpo_700/navigation.yaml
[1.192s] -- Installing: /home/robot/beka_gau/install/neo_simulation2/share/neo_simulation2/configs/mp_400
[1.192s] -- Installing: /home/robot/beka_gau/install/neo_simulation2/share/neo_simulation2/configs/mp_400/mapping.yaml
[1.193s] -- Installing: /home/robot/beka_gau/install/neo_simulation2/share/neo_simulation2/configs/mp_400/navigation.yaml
[1.193s] -- Installing: /home/robot/beka_gau/install/neo_simulation2/share/neo_simulation2/configs/mpo_500
[1.193s] -- Installing: /home/robot/beka_gau/install/neo_simulation2/share/neo_simulation2/configs/mpo_500/mapping.yaml
[1.193s] -- Installing: /home/robot/beka_gau/install/neo_simulation2/share/neo_simulation2/configs/mpo_500/navigation.yaml
[1.193s] -- Installing: /home/robot/beka_gau/install/neo_simulation2/share/neo_simulation2/maps
[1.193s] -- Installing: /home/robot/beka_gau/install/neo_simulation2/share/neo_simulation2/maps/neo_track1.pgm
[1.211s] -- Installing: /home/robot/beka_gau/install/neo_simulation2/share/neo_simulation2/maps/neo_track1.yaml
[1.211s] -- Installing: /home/robot/beka_gau/install/neo_simulation2/share/neo_simulation2/maps/neo_workshop.yaml
[1.211s] -- Installing: /home/robot/beka_gau/install/neo_simulation2/share/neo_simulation2/maps/aws.pgm
[1.211s] -- Installing: /home/robot/beka_gau/install/neo_simulation2/share/neo_simulation2/maps/aws.yaml
[1.211s] -- Installing: /home/robot/beka_gau/install/neo_simulation2/share/neo_simulation2/maps/neo_workshop.pgm
[1.231s] -- Installing: /home/robot/beka_gau/install/neo_simulation2/share/neo_simulation2/worlds
[1.231s] -- Installing: /home/robot/beka_gau/install/neo_simulation2/share/neo_simulation2/worlds/neo_track1.world
[1.232s] -- Installing: /home/robot/beka_gau/install/neo_simulation2/share/neo_simulation2/worlds/neo_workshop.world
[1.232s] -- Installing: /home/robot/beka_gau/install/neo_simulation2/share/neo_simulation2/worlds/aws.world
[1.232s] -- Installing: /home/robot/beka_gau/install/neo_simulation2/share/neo_simulation2/worlds/neo_track2.world
[1.233s] -- Installing: /home/robot/beka_gau/install/neo_simulation2/share/neo_simulation2/robots
[1.233s] -- Installing: /home/robot/beka_gau/install/neo_simulation2/share/neo_simulation2/robots/mp_500
[1.233s] -- Installing: /home/robot/beka_gau/install/neo_simulation2/share/neo_simulation2/robots/mp_500/meshes
[1.234s] -- Installing: /home/robot/beka_gau/install/neo_simulation2/share/neo_simulation2/robots/mp_500/meshes/MP-500-WHEEL-LEFT.dae
[1.235s] -- Installing: /home/robot/beka_gau/install/neo_simulation2/share/neo_simulation2/robots/mp_500/meshes/MP-500-WHEEL-RIGHT.dae
[1.236s] -- Installing: /home/robot/beka_gau/install/neo_simulation2/share/neo_simulation2/robots/mp_500/meshes/MP-500-WHEEL.dae
[1.237s] -- Installing: /home/robot/beka_gau/install/neo_simulation2/share/neo_simulation2/robots/mp_500/meshes/d435.dae
[1.271s] -- Installing: /home/robot/beka_gau/install/neo_simulation2/share/neo_simulation2/robots/mp_500/meshes/MP-500-BODY.dae
[1.272s] -- Installing: /home/robot/beka_gau/install/neo_simulation2/share/neo_simulation2/robots/mp_500/mp_500.urdf
[1.272s] -- Installing: /home/robot/beka_gau/install/neo_simulation2/share/neo_simulation2/robots/mpo_700
[1.272s] -- Installing: /home/robot/beka_gau/install/neo_simulation2/share/neo_simulation2/robots/mpo_700/mpo_700.urdf
[1.272s] -- Installing: /home/robot/beka_gau/install/neo_simulation2/share/neo_simulation2/robots/mpo_700/meshes
[1.272s] -- Installing: /home/robot/beka_gau/install/neo_simulation2/share/neo_simulation2/robots/mpo_700/meshes/MPO-700-HEAD.dae
[1.272s] -- Installing: /home/robot/beka_gau/install/neo_simulation2/share/neo_simulation2/robots/mpo_700/meshes/MPO-700-BODY.dae
[1.273s] -- Installing: /home/robot/beka_gau/install/neo_simulation2/share/neo_simulation2/robots/mpo_700/meshes/MPO-700-charge-port.dae
[1.274s] -- Installing: /home/robot/beka_gau/install/neo_simulation2/share/neo_simulation2/robots/mpo_700/meshes/MPO-700-WHEEL.dae
[1.274s] -- Installing: /home/robot/beka_gau/install/neo_simulation2/share/neo_simulation2/robots/mpo_700/meshes/MPO-700-caster.dae
[1.274s] -- Installing: /home/robot/beka_gau/install/neo_simulation2/share/neo_simulation2/robots/mp_400
[1.275s] -- Installing: /home/robot/beka_gau/install/neo_simulation2/share/neo_simulation2/robots/mp_400/mp_400.urdf
[1.275s] -- Installing: /home/robot/beka_gau/install/neo_simulation2/share/neo_simulation2/robots/mp_400/meshes
[1.275s] -- Installing: /home/robot/beka_gau/install/neo_simulation2/share/neo_simulation2/robots/mp_400/meshes/MP-400-FIXED-WHEEL-LEFT.dae
[1.275s] -- Installing: /home/robot/beka_gau/install/neo_simulation2/share/neo_simulation2/robots/mp_400/meshes/MP-400-FIXED-WHEEL-RIGHT.dae
[1.275s] -- Installing: /home/robot/beka_gau/install/neo_simulation2/share/neo_simulation2/robots/mp_400/meshes/MP-400-BODY.dae
[1.276s] -- Installing: /home/robot/beka_gau/install/neo_simulation2/share/neo_simulation2/robots/mp_400/meshes/MP-400-CASTER-WHEEL.dae
[1.277s] -- Installing: /home/robot/beka_gau/install/neo_simulation2/share/neo_simulation2/robots/mpo_500
[1.277s] -- Installing: /home/robot/beka_gau/install/neo_simulation2/share/neo_simulation2/robots/mpo_500/mpo_500.urdf
[1.277s] -- Installing: /home/robot/beka_gau/install/neo_simulation2/share/neo_simulation2/robots/mpo_500/meshes
[1.277s] -- Installing: /home/robot/beka_gau/install/neo_simulation2/share/neo_simulation2/robots/mpo_500/meshes/MPO-500-BODY.dae
[1.279s] -- Installing: /home/robot/beka_gau/install/neo_simulation2/share/neo_simulation2/robots/mpo_500/meshes/MPO-500-WHEEL.dae
[1.292s] -- Installing: /home/robot/beka_gau/install/neo_simulation2/share/neo_simulation2/components
[1.292s] -- Installing: /home/robot/beka_gau/install/neo_simulation2/share/neo_simulation2/components/sensors
[1.292s] -- Installing: /home/robot/beka_gau/install/neo_simulation2/share/neo_simulation2/components/sensors/SICK-S300.dae
[1.293s] -- Installing: /home/robot/beka_gau/install/neo_simulation2/share/neo_simulation2/components/sensors/SICK-MICROSCAN3.dae
[1.302s] -- Installing: /home/robot/beka_gau/install/neo_simulation2/share/neo_simulation2/components/sensors/d435.dae
[1.333s] -- Installing: /home/robot/beka_gau/install/neo_simulation2/share/neo_simulation2/models
[1.333s] -- Installing: /home/robot/beka_gau/install/neo_simulation2/share/neo_simulation2/models/Ar_tags_nr12
[1.334s] -- Installing: /home/robot/beka_gau/install/neo_simulation2/share/neo_simulation2/models/Ar_tags_nr12/model.config
[1.334s] -- Installing: /home/robot/beka_gau/install/neo_simulation2/share/neo_simulation2/models/Ar_tags_nr12/materials
[1.334s] -- Installing: /home/robot/beka_gau/install/neo_simulation2/share/neo_simulation2/models/Ar_tags_nr12/materials/scripts
[1.334s] -- Installing: /home/robot/beka_gau/install/neo_simulation2/share/neo_simulation2/models/Ar_tags_nr12/materials/scripts/ar_tag.material
[1.334s] -- Installing: /home/robot/beka_gau/install/neo_simulation2/share/neo_simulation2/models/Ar_tags_nr12/materials/textures
[1.334s] -- Installing: /home/robot/beka_gau/install/neo_simulation2/share/neo_simulation2/models/Ar_tags_nr12/materials/textures/MarkerData_12.png
[1.334s] -- Installing: /home/robot/beka_gau/install/neo_simulation2/share/neo_simulation2/models/Ar_tags_nr12/model.sdf
[1.334s] -- Installing: /home/robot/beka_gau/install/neo_simulation2/share/neo_simulation2/models/Ar_tags_nr12/meshes
[1.334s] -- Installing: /home/robot/beka_gau/install/neo_simulation2/share/neo_simulation2/models/Ar_tags_nr12/meshes/plate.blend
[1.335s] -- Installing: /home/robot/beka_gau/install/neo_simulation2/share/neo_simulation2/models/Ar_tags_nr12/meshes/Ar_tag_nr12.dae
[1.335s] -- Installing: /home/robot/beka_gau/install/neo_simulation2/share/neo_simulation2/models/aws_robomaker_warehouse_TrashCanC_01
[1.335s] -- Installing: /home/robot/beka_gau/install/neo_simulation2/share/neo_simulation2/models/aws_robomaker_warehouse_TrashCanC_01/model.config
[1.335s] -- Installing: /home/robot/beka_gau/install/neo_simulation2/share/neo_simulation2/models/aws_robomaker_warehouse_TrashCanC_01/materials
[1.335s] -- Installing: /home/robot/beka_gau/install/neo_simulation2/share/neo_simulation2/models/aws_robomaker_warehouse_TrashCanC_01/materials/textures
[1.335s] -- Installing: /home/robot/beka_gau/install/neo_simulation2/share/neo_simulation2/models/aws_robomaker_warehouse_TrashCanC_01/materials/textures/aws_robomaker_warehouse_TrashCanC_01.png
[1.336s] -- Installing: /home/robot/beka_gau/install/neo_simulation2/share/neo_simulation2/models/aws_robomaker_warehouse_TrashCanC_01/model.sdf
[1.336s] -- Installing: /home/robot/beka_gau/install/neo_simulation2/share/neo_simulation2/models/aws_robomaker_warehouse_TrashCanC_01/meshes
[1.336s] -- Installing: /home/robot/beka_gau/install/neo_simulation2/share/neo_simulation2/models/aws_robomaker_warehouse_TrashCanC_01/meshes/aws_robomaker_warehouse_TrashCanC_01_collision.DAE
[1.336s] -- Installing: /home/robot/beka_gau/install/neo_simulation2/share/neo_simulation2/models/aws_robomaker_warehouse_TrashCanC_01/meshes/aws_robomaker_warehouse_TrashCanC_01_visual.DAE
[1.336s] -- Installing: /home/robot/beka_gau/install/neo_simulation2/share/neo_simulation2/models/aws_robomaker_warehouse_PalletJackB_01
[1.336s] -- Installing: /home/robot/beka_gau/install/neo_simulation2/share/neo_simulation2/models/aws_robomaker_warehouse_PalletJackB_01/model.config
[1.337s] -- Installing: /home/robot/beka_gau/install/neo_simulation2/share/neo_simulation2/models/aws_robomaker_warehouse_PalletJackB_01/.DS_Store
[1.337s] -- Installing: /home/robot/beka_gau/install/neo_simulation2/share/neo_simulation2/models/aws_robomaker_warehouse_PalletJackB_01/materials
[1.337s] -- Installing: /home/robot/beka_gau/install/neo_simulation2/share/neo_simulation2/models/aws_robomaker_warehouse_PalletJackB_01/materials/.DS_Store
[1.337s] -- Installing: /home/robot/beka_gau/install/neo_simulation2/share/neo_simulation2/models/aws_robomaker_warehouse_PalletJackB_01/materials/textures
[1.337s] -- Installing: /home/robot/beka_gau/install/neo_simulation2/share/neo_simulation2/models/aws_robomaker_warehouse_PalletJackB_01/materials/textures/aws_robomaker_warehouse_PalletJackB_02.png
[1.338s] -- Installing: /home/robot/beka_gau/install/neo_simulation2/share/neo_simulation2/models/aws_robomaker_warehouse_PalletJackB_01/materials/textures/aws_robomaker_warehouse_PalletJackB_01.png
[1.338s] -- Installing: /home/robot/beka_gau/install/neo_simulation2/share/neo_simulation2/models/aws_robomaker_warehouse_PalletJackB_01/model.sdf
[1.338s] -- Installing: /home/robot/beka_gau/install/neo_simulation2/share/neo_simulation2/models/aws_robomaker_warehouse_PalletJackB_01/meshes
[1.339s] -- Installing: /home/robot/beka_gau/install/neo_simulation2/share/neo_simulation2/models/aws_robomaker_warehouse_PalletJackB_01/meshes/aws_robomaker_warehouse_PalletJackB_01_collision.DAE
[1.339s] -- Installing: /home/robot/beka_gau/install/neo_simulation2/share/neo_simulation2/models/aws_robomaker_warehouse_PalletJackB_01/meshes/aws_robomaker_warehouse_PalletJackB_01_visual.DAE
[1.339s] -- Installing: /home/robot/beka_gau/install/neo_simulation2/share/neo_simulation2/models/aws_robomaker_warehouse_GroundB_01
[1.340s] -- Installing: /home/robot/beka_gau/install/neo_simulation2/share/neo_simulation2/models/aws_robomaker_warehouse_GroundB_01/model.config
[1.340s] -- Installing: /home/robot/beka_gau/install/neo_simulation2/share/neo_simulation2/models/aws_robomaker_warehouse_GroundB_01/materials
[1.340s] -- Installing: /home/robot/beka_gau/install/neo_simulation2/share/neo_simulation2/models/aws_robomaker_warehouse_GroundB_01/materials/textures
[1.340s] -- Installing: /home/robot/beka_gau/install/neo_simulation2/share/neo_simulation2/models/aws_robomaker_warehouse_GroundB_01/materials/textures/aws_robomaker_warehouse_GroundB_02.png
[1.340s] -- Installing: /home/robot/beka_gau/install/neo_simulation2/share/neo_simulation2/models/aws_robomaker_warehouse_GroundB_01/materials/textures/aws_robomaker_warehouse_GroundB_01.png
[1.342s] -- Installing: /home/robot/beka_gau/install/neo_simulation2/share/neo_simulation2/models/aws_robomaker_warehouse_GroundB_01/model.sdf
[1.342s] -- Installing: /home/robot/beka_gau/install/neo_simulation2/share/neo_simulation2/models/aws_robomaker_warehouse_GroundB_01/meshes
[1.343s] -- Installing: /home/robot/beka_gau/install/neo_simulation2/share/neo_simulation2/models/aws_robomaker_warehouse_GroundB_01/meshes/aws_robomaker_warehouse_GroundB_01_visual.DAE
[1.343s] -- Installing: /home/robot/beka_gau/install/neo_simulation2/share/neo_simulation2/models/aws_robomaker_warehouse_GroundB_01/meshes/aws_robomaker_warehouse_GroundB_01_collision.DAE
[1.343s] -- Installing: /home/robot/beka_gau/install/neo_simulation2/share/neo_simulation2/models/aws_robomaker_warehouse_ClutteringD_01
[1.343s] -- Installing: /home/robot/beka_gau/install/neo_simulation2/share/neo_simulation2/models/aws_robomaker_warehouse_ClutteringD_01/model.config
[1.343s] -- Installing: /home/robot/beka_gau/install/neo_simulation2/share/neo_simulation2/models/aws_robomaker_warehouse_ClutteringD_01/materials
[1.344s] -- Installing: /home/robot/beka_gau/install/neo_simulation2/share/neo_simulation2/models/aws_robomaker_warehouse_ClutteringD_01/materials/textures
[1.344s] -- Installing: /home/robot/beka_gau/install/neo_simulation2/share/neo_simulation2/models/aws_robomaker_warehouse_ClutteringD_01/materials/textures/aws_robomaker_warehouse_ClutteringD_01.png
[1.344s] -- Installing: /home/robot/beka_gau/install/neo_simulation2/share/neo_simulation2/models/aws_robomaker_warehouse_ClutteringD_01/materials/textures/aws_robomaker_warehouse_ClutteringD_02.png
[1.345s] -- Installing: /home/robot/beka_gau/install/neo_simulation2/share/neo_simulation2/models/aws_robomaker_warehouse_ClutteringD_01/model.sdf
[1.346s] -- Installing: /home/robot/beka_gau/install/neo_simulation2/share/neo_simulation2/models/aws_robomaker_warehouse_ClutteringD_01/meshes
[1.347s] -- Installing: /home/robot/beka_gau/install/neo_simulation2/share/neo_simulation2/models/aws_robomaker_warehouse_ClutteringD_01/meshes/aws_robomaker_warehouse_ClutteringD_01_visual.DAE
[1.348s] -- Installing: /home/robot/beka_gau/install/neo_simulation2/share/neo_simulation2/models/aws_robomaker_warehouse_ClutteringD_01/meshes/aws_robomaker_warehouse_ClutteringD_01_collision.DAE
[1.348s] -- Installing: /home/robot/beka_gau/install/neo_simulation2/share/neo_simulation2/models/Ar_tags
[1.349s] -- Installing: /home/robot/beka_gau/install/neo_simulation2/share/neo_simulation2/models/Ar_tags/model.config
[1.349s] -- Installing: /home/robot/beka_gau/install/neo_simulation2/share/neo_simulation2/models/Ar_tags/materials
[1.350s] -- Installing: /home/robot/beka_gau/install/neo_simulation2/share/neo_simulation2/models/Ar_tags/materials/scripts
[1.350s] -- Installing: /home/robot/beka_gau/install/neo_simulation2/share/neo_simulation2/models/Ar_tags/materials/scripts/ar_tag.material
[1.350s] -- Installing: /home/robot/beka_gau/install/neo_simulation2/share/neo_simulation2/models/Ar_tags/materials/textures
[1.350s] -- Installing: /home/robot/beka_gau/install/neo_simulation2/share/neo_simulation2/models/Ar_tags/materials/textures/MarkerData_2.png
[1.350s] -- Installing: /home/robot/beka_gau/install/neo_simulation2/share/neo_simulation2/models/Ar_tags/model.sdf
[1.351s] -- Installing: /home/robot/beka_gau/install/neo_simulation2/share/neo_simulation2/models/Ar_tags/meshes
[1.351s] -- Installing: /home/robot/beka_gau/install/neo_simulation2/share/neo_simulation2/models/Ar_tags/meshes/Ar_tag.dae
[1.351s] -- Installing: /home/robot/beka_gau/install/neo_simulation2/share/neo_simulation2/models/door
[1.351s] -- Installing: /home/robot/beka_gau/install/neo_simulation2/share/neo_simulation2/models/door/model.config
[1.351s] -- Installing: /home/robot/beka_gau/install/neo_simulation2/share/neo_simulation2/models/door/materials
[1.351s] -- Installing: /home/robot/beka_gau/install/neo_simulation2/share/neo_simulation2/models/door/materials/scripts
[1.351s] -- Installing: /home/robot/beka_gau/install/neo_simulation2/share/neo_simulation2/models/door/materials/scripts/door.material
[1.351s] -- Installing: /home/robot/beka_gau/install/neo_simulation2/share/neo_simulation2/models/door/materials/textures
[1.351s] -- Installing: /home/robot/beka_gau/install/neo_simulation2/share/neo_simulation2/models/door/materials/textures/door.jpg
[1.351s] -- Installing: /home/robot/beka_gau/install/neo_simulation2/share/neo_simulation2/models/door/model.sdf
[1.352s] -- Installing: /home/robot/beka_gau/install/neo_simulation2/share/neo_simulation2/models/window
[1.352s] -- Installing: /home/robot/beka_gau/install/neo_simulation2/share/neo_simulation2/models/window/model.config
[1.352s] -- Installing: /home/robot/beka_gau/install/neo_simulation2/share/neo_simulation2/models/window/model.sdf
[1.352s] -- Installing: /home/robot/beka_gau/install/neo_simulation2/share/neo_simulation2/models/aws_robomaker_warehouse_ShelfE_01
[1.352s] -- Installing: /home/robot/beka_gau/install/neo_simulation2/share/neo_simulation2/models/aws_robomaker_warehouse_ShelfE_01/model.config
[1.352s] -- Installing: /home/robot/beka_gau/install/neo_simulation2/share/neo_simulation2/models/aws_robomaker_warehouse_ShelfE_01/.DS_Store
[1.352s] -- Installing: /home/robot/beka_gau/install/neo_simulation2/share/neo_simulation2/models/aws_robomaker_warehouse_ShelfE_01/materials
[1.352s] -- Installing: /home/robot/beka_gau/install/neo_simulation2/share/neo_simulation2/models/aws_robomaker_warehouse_ShelfE_01/materials/.DS_Store
[1.352s] -- Installing: /home/robot/beka_gau/install/neo_simulation2/share/neo_simulation2/models/aws_robomaker_warehouse_ShelfE_01/materials/textures
[1.352s] -- Installing: /home/robot/beka_gau/install/neo_simulation2/share/neo_simulation2/models/aws_robomaker_warehouse_ShelfE_01/materials/textures/aws_robomaker_warehouse_ShelfE_03.png
[1.353s] -- Installing: /home/robot/beka_gau/install/neo_simulation2/share/neo_simulation2/models/aws_robomaker_warehouse_ShelfE_01/materials/textures/aws_robomaker_warehouse_ShelfE_04.png
[1.355s] -- Installing: /home/robot/beka_gau/install/neo_simulation2/share/neo_simulation2/models/aws_robomaker_warehouse_ShelfE_01/materials/textures/aws_robomaker_warehouse_ShelfE_01.png
[1.355s] -- Installing: /home/robot/beka_gau/install/neo_simulation2/share/neo_simulation2/models/aws_robomaker_warehouse_ShelfE_01/materials/textures/aws_robomaker_warehouse_ShelfE_02.png
[1.356s] -- Installing: /home/robot/beka_gau/install/neo_simulation2/share/neo_simulation2/models/aws_robomaker_warehouse_ShelfE_01/model.sdf
[1.356s] -- Installing: /home/robot/beka_gau/install/neo_simulation2/share/neo_simulation2/models/aws_robomaker_warehouse_ShelfE_01/meshes
[1.356s] -- Installing: /home/robot/beka_gau/install/neo_simulation2/share/neo_simulation2/models/aws_robomaker_warehouse_ShelfE_01/meshes/aws_robomaker_warehouse_ShelfE_01_collision.DAE
[1.357s] -- Installing: /home/robot/beka_gau/install/neo_simulation2/share/neo_simulation2/models/aws_robomaker_warehouse_ShelfE_01/meshes/aws_robomaker_warehouse_ShelfE_01_visual.DAE
[1.357s] -- Installing: /home/robot/beka_gau/install/neo_simulation2/share/neo_simulation2/models/construction_cone
[1.357s] -- Installing: /home/robot/beka_gau/install/neo_simulation2/share/neo_simulation2/models/construction_cone/model.config
[1.357s] -- Installing: /home/robot/beka_gau/install/neo_simulation2/share/neo_simulation2/models/construction_cone/materials
[1.357s] -- Installing: /home/robot/beka_gau/install/neo_simulation2/share/neo_simulation2/models/construction_cone/materials/textures
[1.358s] -- Installing: /home/robot/beka_gau/install/neo_simulation2/share/neo_simulation2/models/construction_cone/materials/textures/Construction_Cone_Diffuse.png
[1.358s] -- Installing: /home/robot/beka_gau/install/neo_simulation2/share/neo_simulation2/models/construction_cone/model-1_4.sdf
[1.359s] -- Installing: /home/robot/beka_gau/install/neo_simulation2/share/neo_simulation2/models/construction_cone/model.sdf
[1.359s] -- Installing: /home/robot/beka_gau/install/neo_simulation2/share/neo_simulation2/models/construction_cone/meshes
[1.359s] -- Installing: /home/robot/beka_gau/install/neo_simulation2/share/neo_simulation2/models/construction_cone/meshes/construction_cone.dae
[1.360s] -- Installing: /home/robot/beka_gau/install/neo_simulation2/share/neo_simulation2/models/construction_cone/model-1_3.sdf
[1.360s] -- Installing: /home/robot/beka_gau/install/neo_simulation2/share/neo_simulation2/models/office_env_w_complete
[1.360s] -- Installing: /home/robot/beka_gau/install/neo_simulation2/share/neo_simulation2/models/office_env_w_complete/model.config
[1.360s] -- Installing: /home/robot/beka_gau/install/neo_simulation2/share/neo_simulation2/models/office_env_w_complete/materials
[1.360s] -- Installing: /home/robot/beka_gau/install/neo_simulation2/share/neo_simulation2/models/office_env_w_complete/materials/scripts
[1.360s] -- Installing: /home/robot/beka_gau/install/neo_simulation2/share/neo_simulation2/models/office_env_w_complete/materials/scripts/wall_white.material
[1.360s] -- Installing: /home/robot/beka_gau/install/neo_simulation2/share/neo_simulation2/models/office_env_w_complete/materials/textures
[1.361s] -- Installing: /home/robot/beka_gau/install/neo_simulation2/share/neo_simulation2/models/office_env_w_complete/materials/textures/wall_color_white.jpg
[1.361s] -- Installing: /home/robot/beka_gau/install/neo_simulation2/share/neo_simulation2/models/office_env_w_complete/model.sdf
[1.361s] -- Installing: /home/robot/beka_gau/install/neo_simulation2/share/neo_simulation2/models/yellow_bin
[1.361s] -- Installing: /home/robot/beka_gau/install/neo_simulation2/share/neo_simulation2/models/yellow_bin/model.config
[1.361s] -- Installing: /home/robot/beka_gau/install/neo_simulation2/share/neo_simulation2/models/yellow_bin/model.sdf
[1.362s] -- Installing: /home/robot/beka_gau/install/neo_simulation2/share/neo_simulation2/models/yellow_bin/meshes
[1.363s] -- Installing: /home/robot/beka_gau/install/neo_simulation2/share/neo_simulation2/models/yellow_bin/meshes/green_cylinder.stl
[1.365s] -- Installing: /home/robot/beka_gau/install/neo_simulation2/share/neo_simulation2/models/office_small
[1.365s] -- Installing: /home/robot/beka_gau/install/neo_simulation2/share/neo_simulation2/models/office_small/model.config
[1.365s] -- Installing: /home/robot/beka_gau/install/neo_simulation2/share/neo_simulation2/models/office_small/materials
[1.366s] -- Installing: /home/robot/beka_gau/install/neo_simulation2/share/neo_simulation2/models/office_small/materials/scripts
[1.366s] -- Installing: /home/robot/beka_gau/install/neo_simulation2/share/neo_simulation2/models/office_small/materials/scripts/wall_white.material
[1.366s] -- Installing: /home/robot/beka_gau/install/neo_simulation2/share/neo_simulation2/models/office_small/materials/scripts/Floor.material
[1.366s] -- Installing: /home/robot/beka_gau/install/neo_simulation2/share/neo_simulation2/models/office_small/materials/textures
[1.366s] -- Installing: /home/robot/beka_gau/install/neo_simulation2/share/neo_simulation2/models/office_small/materials/textures/hd7.jpg
[1.366s] -- Installing: /home/robot/beka_gau/install/neo_simulation2/share/neo_simulation2/models/office_small/materials/textures/cl1.jpg
[1.367s] -- Installing: /home/robot/beka_gau/install/neo_simulation2/share/neo_simulation2/models/office_small/materials/textures/cp7.jpg
[1.367s] -- Installing: /home/robot/beka_gau/install/neo_simulation2/share/neo_simulation2/models/office_small/materials/textures/cp12.jpg
[1.368s] -- Installing: /home/robot/beka_gau/install/neo_simulation2/share/neo_simulation2/models/office_small/materials/textures/cp9.jpg
[1.368s] -- Installing: /home/robot/beka_gau/install/neo_simulation2/share/neo_simulation2/models/office_small/materials/textures/cl2.jpg
[1.368s] -- Installing: /home/robot/beka_gau/install/neo_simulation2/share/neo_simulation2/models/office_small/materials/textures/hd8.jpg
[1.368s] -- Installing: /home/robot/beka_gau/install/neo_simulation2/share/neo_simulation2/models/office_small/materials/textures/hd3.jpg
[1.368s] -- Installing: /home/robot/beka_gau/install/neo_simulation2/share/neo_simulation2/models/office_small/materials/textures/hd4.jpg
[1.369s] -- Installing: /home/robot/beka_gau/install/neo_simulation2/share/neo_simulation2/models/office_small/materials/textures/cp4.jpg
[1.369s] -- Installing: /home/robot/beka_gau/install/neo_simulation2/share/neo_simulation2/models/office_small/materials/textures/wall_color_white.jpg
[1.369s] -- Installing: /home/robot/beka_gau/install/neo_simulation2/share/neo_simulation2/models/office_small/materials/textures/hd6.png
[1.370s] -- Installing: /home/robot/beka_gau/install/neo_simulation2/share/neo_simulation2/models/office_small/materials/textures/cl6.jpg
[1.370s] -- Installing: /home/robot/beka_gau/install/neo_simulation2/share/neo_simulation2/models/office_small/materials/textures/hd1.jpg
[1.370s] -- Installing: /home/robot/beka_gau/install/neo_simulation2/share/neo_simulation2/models/office_small/materials/textures/hd2.gif
[1.370s] -- Installing: /home/robot/beka_gau/install/neo_simulation2/share/neo_simulation2/models/office_small/materials/textures/cp3.jpg
[1.371s] -- Installing: /home/robot/beka_gau/install/neo_simulation2/share/neo_simulation2/models/office_small/materials/textures/cl3.jpg
[1.371s] -- Installing: /home/robot/beka_gau/install/neo_simulation2/share/neo_simulation2/models/office_small/materials/textures/cp11.jpg
[1.372s] -- Installing: /home/robot/beka_gau/install/neo_simulation2/share/neo_simulation2/models/office_small/materials/textures/cp1.jpg
[1.372s] -- Installing: /home/robot/beka_gau/install/neo_simulation2/share/neo_simulation2/models/office_small/materials/textures/cp8.jpg
[1.373s] -- Installing: /home/robot/beka_gau/install/neo_simulation2/share/neo_simulation2/models/office_small/materials/textures/cl4.jpg
[1.373s] -- Installing: /home/robot/beka_gau/install/neo_simulation2/share/neo_simulation2/models/office_small/materials/textures/cp2.jpg
[1.376s] -- Installing: /home/robot/beka_gau/install/neo_simulation2/share/neo_simulation2/models/office_small/materials/textures/hd5.jpg
[1.376s] -- Installing: /home/robot/beka_gau/install/neo_simulation2/share/neo_simulation2/models/office_small/materials/textures/cp10.jpg
[1.376s] -- Installing: /home/robot/beka_gau/install/neo_simulation2/share/neo_simulation2/models/office_small/materials/textures/cp5.png
[1.383s] -- Installing: /home/robot/beka_gau/install/neo_simulation2/share/neo_simulation2/models/office_small/materials/textures/cl5.jpg
[1.383s] -- Installing: /home/robot/beka_gau/install/neo_simulation2/share/neo_simulation2/models/office_small/materials/textures/cp6.jpg
[1.384s] -- Installing: /home/robot/beka_gau/install/neo_simulation2/share/neo_simulation2/models/office_small/model.sdf
[1.384s] -- Installing: /home/robot/beka_gau/install/neo_simulation2/share/neo_simulation2/models/drc_practice_straight
[1.384s] -- Installing: /home/robot/beka_gau/install/neo_simulation2/share/neo_simulation2/models/drc_practice_straight/model.config
[1.384s] -- Installing: /home/robot/beka_gau/install/neo_simulation2/share/neo_simulation2/models/drc_practice_straight/model.sdf
[1.385s] -- Installing: /home/robot/beka_gau/install/neo_simulation2/share/neo_simulation2/models/aws_robomaker_warehouse_Lamp_01
[1.385s] -- Installing: /home/robot/beka_gau/install/neo_simulation2/share/neo_simulation2/models/aws_robomaker_warehouse_Lamp_01/model.config
[1.385s] -- Installing: /home/robot/beka_gau/install/neo_simulation2/share/neo_simulation2/models/aws_robomaker_warehouse_Lamp_01/materials
[1.385s] -- Installing: /home/robot/beka_gau/install/neo_simulation2/share/neo_simulation2/models/aws_robomaker_warehouse_Lamp_01/materials/textures
[1.385s] -- Installing: /home/robot/beka_gau/install/neo_simulation2/share/neo_simulation2/models/aws_robomaker_warehouse_Lamp_01/materials/textures/aws_robomaker_warehouse_Lamp_01.png
[1.385s] -- Installing: /home/robot/beka_gau/install/neo_simulation2/share/neo_simulation2/models/aws_robomaker_warehouse_Lamp_01/model.sdf
[1.385s] -- Installing: /home/robot/beka_gau/install/neo_simulation2/share/neo_simulation2/models/aws_robomaker_warehouse_Lamp_01/meshes
[1.386s] -- Installing: /home/robot/beka_gau/install/neo_simulation2/share/neo_simulation2/models/aws_robomaker_warehouse_Lamp_01/meshes/aws_robomaker_warehouse_Lamp_01_visual.DAE
[1.386s] -- Installing: /home/robot/beka_gau/install/neo_simulation2/share/neo_simulation2/models/aws_robomaker_warehouse_Lamp_01/meshes/aws_robomaker_warehouse_Lamp_01_collision.DAE
[1.386s] -- Installing: /home/robot/beka_gau/install/neo_simulation2/share/neo_simulation2/models/office_env_w 2
[1.386s] -- Installing: /home/robot/beka_gau/install/neo_simulation2/share/neo_simulation2/models/office_env_w 2/model.config
[1.386s] -- Installing: /home/robot/beka_gau/install/neo_simulation2/share/neo_simulation2/models/office_env_w 2/materials
[1.386s] -- Installing: /home/robot/beka_gau/install/neo_simulation2/share/neo_simulation2/models/office_env_w 2/materials/scripts
[1.386s] -- Installing: /home/robot/beka_gau/install/neo_simulation2/share/neo_simulation2/models/office_env_w 2/materials/scripts/wall_white.material
[1.386s] -- Installing: /home/robot/beka_gau/install/neo_simulation2/share/neo_simulation2/models/office_env_w 2/materials/textures
[1.387s] -- Installing: /home/robot/beka_gau/install/neo_simulation2/share/neo_simulation2/models/office_env_w 2/materials/textures/wall_color_white.jpg
[1.387s] -- Installing: /home/robot/beka_gau/install/neo_simulation2/share/neo_simulation2/models/office_env_w 2/model.sdf
[1.388s] -- Installing: /home/robot/beka_gau/install/neo_simulation2/share/neo_simulation2/models/aws_robomaker_warehouse_ShelfD_01
[1.388s] -- Installing: /home/robot/beka_gau/install/neo_simulation2/share/neo_simulation2/models/aws_robomaker_warehouse_ShelfD_01/model.config
[1.388s] -- Installing: /home/robot/beka_gau/install/neo_simulation2/share/neo_simulation2/models/aws_robomaker_warehouse_ShelfD_01/materials
[1.389s] -- Installing: /home/robot/beka_gau/install/neo_simulation2/share/neo_simulation2/models/aws_robomaker_warehouse_ShelfD_01/materials/textures
[1.389s] -- Installing: /home/robot/beka_gau/install/neo_simulation2/share/neo_simulation2/models/aws_robomaker_warehouse_ShelfD_01/materials/textures/aws_robomaker_warehouse_ShelfD_01.png
[1.389s] -- Installing: /home/robot/beka_gau/install/neo_simulation2/share/neo_simulation2/models/aws_robomaker_warehouse_ShelfD_01/materials/textures/aws_robomaker_warehouse_ShelfD_04.png
[1.389s] -- Installing: /home/robot/beka_gau/install/neo_simulation2/share/neo_simulation2/models/aws_robomaker_warehouse_ShelfD_01/materials/textures/aws_robomaker_warehouse_ShelfD_02.png
[1.389s] -- Installing: /home/robot/beka_gau/install/neo_simulation2/share/neo_simulation2/models/aws_robomaker_warehouse_ShelfD_01/materials/textures/aws_robomaker_warehouse_ShelfD_03.png
[1.390s] -- Installing: /home/robot/beka_gau/install/neo_simulation2/share/neo_simulation2/models/aws_robomaker_warehouse_ShelfD_01/model.sdf
[1.390s] -- Installing: /home/robot/beka_gau/install/neo_simulation2/share/neo_simulation2/models/aws_robomaker_warehouse_ShelfD_01/meshes
[1.390s] -- Installing: /home/robot/beka_gau/install/neo_simulation2/share/neo_simulation2/models/aws_robomaker_warehouse_ShelfD_01/meshes/aws_robomaker_warehouse_ShelfD_01_visual.DAE
[1.390s] -- Installing: /home/robot/beka_gau/install/neo_simulation2/share/neo_simulation2/models/aws_robomaker_warehouse_ShelfD_01/meshes/aws_robomaker_warehouse_ShelfD_01_collision.DAE
[1.390s] -- Installing: /home/robot/beka_gau/install/neo_simulation2/share/neo_simulation2/models/aws_robomaker_warehouse_WallB_01
[1.391s] -- Installing: /home/robot/beka_gau/install/neo_simulation2/share/neo_simulation2/models/aws_robomaker_warehouse_WallB_01/model.config
[1.391s] -- Installing: /home/robot/beka_gau/install/neo_simulation2/share/neo_simulation2/models/aws_robomaker_warehouse_WallB_01/materials
[1.391s] -- Installing: /home/robot/beka_gau/install/neo_simulation2/share/neo_simulation2/models/aws_robomaker_warehouse_WallB_01/materials/textures
[1.391s] -- Installing: /home/robot/beka_gau/install/neo_simulation2/share/neo_simulation2/models/aws_robomaker_warehouse_WallB_01/materials/textures/aws_robomaker_warehouse_WallB_01.png
[1.391s] -- Installing: /home/robot/beka_gau/install/neo_simulation2/share/neo_simulation2/models/aws_robomaker_warehouse_WallB_01/model.sdf
[1.392s] -- Installing: /home/robot/beka_gau/install/neo_simulation2/share/neo_simulation2/models/aws_robomaker_warehouse_WallB_01/meshes
[1.392s] -- Installing: /home/robot/beka_gau/install/neo_simulation2/share/neo_simulation2/models/aws_robomaker_warehouse_WallB_01/meshes/aws_robomaker_warehouse_WallB_01_collision.DAE
[1.392s] -- Installing: /home/robot/beka_gau/install/neo_simulation2/share/neo_simulation2/models/aws_robomaker_warehouse_WallB_01/meshes/aws_robomaker_warehouse_WallB_01_visual.DAE
[1.392s] -- Installing: /home/robot/beka_gau/install/neo_simulation2/share/neo_simulation2/models/neobotix_ground_plane
[1.392s] -- Installing: /home/robot/beka_gau/install/neo_simulation2/share/neo_simulation2/models/neobotix_ground_plane/model.config
[1.392s] -- Installing: /home/robot/beka_gau/install/neo_simulation2/share/neo_simulation2/models/neobotix_ground_plane/materials
[1.393s] -- Installing: /home/robot/beka_gau/install/neo_simulation2/share/neo_simulation2/models/neobotix_ground_plane/materials/scripts
[1.393s] -- Installing: /home/robot/beka_gau/install/neo_simulation2/share/neo_simulation2/models/neobotix_ground_plane/materials/scripts/neobotix_ground_plane.material
[1.393s] -- Installing: /home/robot/beka_gau/install/neo_simulation2/share/neo_simulation2/models/neobotix_ground_plane/materials/textures
[1.393s] -- Installing: /home/robot/beka_gau/install/neo_simulation2/share/neo_simulation2/models/neobotix_ground_plane/materials/textures/MyImage.jpg
[1.393s] -- Installing: /home/robot/beka_gau/install/neo_simulation2/share/neo_simulation2/models/neobotix_ground_plane/model.sdf
[1.394s] -- Installing: /home/robot/beka_gau/install/neo_simulation2/share/neo_simulation2/models/door_3d
[1.395s] -- Installing: /home/robot/beka_gau/install/neo_simulation2/share/neo_simulation2/models/door_3d/model.config
[1.395s] -- Installing: /home/robot/beka_gau/install/neo_simulation2/share/neo_simulation2/models/door_3d/materials
[1.395s] -- Installing: /home/robot/beka_gau/install/neo_simulation2/share/neo_simulation2/models/door_3d/materials/scripts
[1.395s] -- Installing: /home/robot/beka_gau/install/neo_simulation2/share/neo_simulation2/models/door_3d/materials/scripts/door_3d.material
[1.396s] -- Installing: /home/robot/beka_gau/install/neo_simulation2/share/neo_simulation2/models/door_3d/materials/scripts/door_handle.material
[1.396s] -- Installing: /home/robot/beka_gau/install/neo_simulation2/share/neo_simulation2/models/door_3d/materials/textures
[1.397s] -- Installing: /home/robot/beka_gau/install/neo_simulation2/share/neo_simulation2/models/door_3d/materials/textures/door_3d.jpg
[1.397s] -- Installing: /home/robot/beka_gau/install/neo_simulation2/share/neo_simulation2/models/door_3d/materials/textures/silver_door.jpg
[1.398s] -- Installing: /home/robot/beka_gau/install/neo_simulation2/share/neo_simulation2/models/door_3d/model.sdf
[1.398s] -- Installing: /home/robot/beka_gau/install/neo_simulation2/share/neo_simulation2/models/door_3d/meshes
[1.398s] -- Installing: /home/robot/beka_gau/install/neo_simulation2/share/neo_simulation2/models/door_3d/meshes/door_v2.dae
[1.399s] -- Installing: /home/robot/beka_gau/install/neo_simulation2/share/neo_simulation2/models/door_3d/meshes/model.dae
[1.399s] -- Installing: /home/robot/beka_gau/install/neo_simulation2/share/neo_simulation2/models/door_3d/meshes/door.dae
[1.400s] -- Installing: /home/robot/beka_gau/install/neo_simulation2/share/neo_simulation2/models/door_3d/meshes/door_v2_handle.dae
[1.400s] -- Installing: /home/robot/beka_gau/install/neo_simulation2/share/neo_simulation2/models/door_3d/meshes/door_v2_door.dae
[1.400s] -- Installing: /home/robot/beka_gau/install/neo_simulation2/share/neo_simulation2/models/aws_robomaker_warehouse_ClutteringC_01
[1.400s] -- Installing: /home/robot/beka_gau/install/neo_simulation2/share/neo_simulation2/models/aws_robomaker_warehouse_ClutteringC_01/model.config
[1.400s] -- Installing: /home/robot/beka_gau/install/neo_simulation2/share/neo_simulation2/models/aws_robomaker_warehouse_ClutteringC_01/materials
[1.401s] -- Installing: /home/robot/beka_gau/install/neo_simulation2/share/neo_simulation2/models/aws_robomaker_warehouse_ClutteringC_01/materials/textures
[1.401s] -- Installing: /home/robot/beka_gau/install/neo_simulation2/share/neo_simulation2/models/aws_robomaker_warehouse_ClutteringC_01/materials/textures/aws_robomaker_warehouse_ClutteringC_02.png
[1.401s] -- Installing: /home/robot/beka_gau/install/neo_simulation2/share/neo_simulation2/models/aws_robomaker_warehouse_ClutteringC_01/materials/textures/aws_robomaker_warehouse_ClutteringC_01.png
[1.402s] -- Installing: /home/robot/beka_gau/install/neo_simulation2/share/neo_simulation2/models/aws_robomaker_warehouse_ClutteringC_01/model.sdf
[1.402s] -- Installing: /home/robot/beka_gau/install/neo_simulation2/share/neo_simulation2/models/aws_robomaker_warehouse_ClutteringC_01/meshes
[1.402s] -- Installing: /home/robot/beka_gau/install/neo_simulation2/share/neo_simulation2/models/aws_robomaker_warehouse_ClutteringC_01/meshes/aws_robomaker_warehouse_ClutteringC_01_visual.DAE
[1.402s] -- Installing: /home/robot/beka_gau/install/neo_simulation2/share/neo_simulation2/models/aws_robomaker_warehouse_ClutteringC_01/meshes/aws_robomaker_warehouse_ClutteringC_01_collision.DAE
[1.402s] -- Installing: /home/robot/beka_gau/install/neo_simulation2/share/neo_simulation2/models/aws_robomaker_warehouse_DeskC_01
[1.403s] -- Installing: /home/robot/beka_gau/install/neo_simulation2/share/neo_simulation2/models/aws_robomaker_warehouse_DeskC_01/model.config
[1.403s] -- Installing: /home/robot/beka_gau/install/neo_simulation2/share/neo_simulation2/models/aws_robomaker_warehouse_DeskC_01/materials
[1.403s] -- Installing: /home/robot/beka_gau/install/neo_simulation2/share/neo_simulation2/models/aws_robomaker_warehouse_DeskC_01/materials/.DS_Store
[1.403s] -- Installing: /home/robot/beka_gau/install/neo_simulation2/share/neo_simulation2/models/aws_robomaker_warehouse_DeskC_01/materials/textures
[1.403s] -- Installing: /home/robot/beka_gau/install/neo_simulation2/share/neo_simulation2/models/aws_robomaker_warehouse_DeskC_01/materials/textures/aws_robomaker_warehouse_DeskC_02.png
[1.403s] -- Installing: /home/robot/beka_gau/install/neo_simulation2/share/neo_simulation2/models/aws_robomaker_warehouse_DeskC_01/materials/textures/aws_robomaker_warehouse_DeskC_04.png
[1.403s] -- Installing: /home/robot/beka_gau/install/neo_simulation2/share/neo_simulation2/models/aws_robomaker_warehouse_DeskC_01/materials/textures/aws_robomaker_warehouse_DeskC_03.psd
[1.405s] -- Installing: /home/robot/beka_gau/install/neo_simulation2/share/neo_simulation2/models/aws_robomaker_warehouse_DeskC_01/materials/textures/aws_robomaker_warehouse_DeskC_03.png
[1.406s] -- Installing: /home/robot/beka_gau/install/neo_simulation2/share/neo_simulation2/models/aws_robomaker_warehouse_DeskC_01/materials/textures/aws_robomaker_warehouse_DeskC_01.png
[1.407s] -- Installing: /home/robot/beka_gau/install/neo_simulation2/share/neo_simulation2/models/aws_robomaker_warehouse_DeskC_01/model.sdf
[1.407s] -- Installing: /home/robot/beka_gau/install/neo_simulation2/share/neo_simulation2/models/aws_robomaker_warehouse_DeskC_01/meshes
[1.407s] -- Installing: /home/robot/beka_gau/install/neo_simulation2/share/neo_simulation2/models/aws_robomaker_warehouse_DeskC_01/meshes/aws_robomaker_warehouse_DeskC_01_collision.DAE
[1.407s] -- Installing: /home/robot/beka_gau/install/neo_simulation2/share/neo_simulation2/models/aws_robomaker_warehouse_DeskC_01/meshes/aws_robomaker_warehouse_DeskC_01_visual.DAE
[1.407s] -- Installing: /home/robot/beka_gau/install/neo_simulation2/share/neo_simulation2/models/Ar_tags_nr11
[1.407s] -- Installing: /home/robot/beka_gau/install/neo_simulation2/share/neo_simulation2/models/Ar_tags_nr11/model.config
[1.408s] -- Installing: /home/robot/beka_gau/install/neo_simulation2/share/neo_simulation2/models/Ar_tags_nr11/materials
[1.408s] -- Installing: /home/robot/beka_gau/install/neo_simulation2/share/neo_simulation2/models/Ar_tags_nr11/materials/scripts
[1.409s] -- Installing: /home/robot/beka_gau/install/neo_simulation2/share/neo_simulation2/models/Ar_tags_nr11/materials/scripts/ar_tag.material
[1.410s] -- Installing: /home/robot/beka_gau/install/neo_simulation2/share/neo_simulation2/models/Ar_tags_nr11/materials/textures
[1.411s] -- Installing: /home/robot/beka_gau/install/neo_simulation2/share/neo_simulation2/models/Ar_tags_nr11/materials/textures/MarkerData_11.png
[1.411s] -- Installing: /home/robot/beka_gau/install/neo_simulation2/share/neo_simulation2/models/Ar_tags_nr11/model.sdf
[1.412s] -- Installing: /home/robot/beka_gau/install/neo_simulation2/share/neo_simulation2/models/Ar_tags_nr11/meshes
[1.412s] -- Installing: /home/robot/beka_gau/install/neo_simulation2/share/neo_simulation2/models/Ar_tags_nr11/meshes/Ar_tag_nr11.dae
[1.413s] -- Installing: /home/robot/beka_gau/install/neo_simulation2/share/neo_simulation2/models/Ar_tags_nr11/meshes/plate.blend
[1.414s] -- Installing: /home/robot/beka_gau/install/neo_simulation2/share/neo_simulation2/models/aws_robomaker_warehouse_RoofB_01
[1.414s] -- Installing: /home/robot/beka_gau/install/neo_simulation2/share/neo_simulation2/models/aws_robomaker_warehouse_RoofB_01/model.config
[1.414s] -- Installing: /home/robot/beka_gau/install/neo_simulation2/share/neo_simulation2/models/aws_robomaker_warehouse_RoofB_01/materials
[1.414s] -- Installing: /home/robot/beka_gau/install/neo_simulation2/share/neo_simulation2/models/aws_robomaker_warehouse_RoofB_01/materials/textures
[1.415s] -- Installing: /home/robot/beka_gau/install/neo_simulation2/share/neo_simulation2/models/aws_robomaker_warehouse_RoofB_01/materials/textures/aws_robomaker_warehouse_RoofB_01.png
[1.415s] -- Installing: /home/robot/beka_gau/install/neo_simulation2/share/neo_simulation2/models/aws_robomaker_warehouse_RoofB_01/model.sdf
[1.415s] -- Installing: /home/robot/beka_gau/install/neo_simulation2/share/neo_simulation2/models/aws_robomaker_warehouse_RoofB_01/meshes
[1.415s] -- Installing: /home/robot/beka_gau/install/neo_simulation2/share/neo_simulation2/models/aws_robomaker_warehouse_RoofB_01/meshes/aws_robomaker_warehouse_RoofB_01_collision.DAE
[1.415s] -- Installing: /home/robot/beka_gau/install/neo_simulation2/share/neo_simulation2/models/aws_robomaker_warehouse_RoofB_01/meshes/aws_robomaker_warehouse_RoofB_01_visual.DAE
[1.415s] -- Installing: /home/robot/beka_gau/install/neo_simulation2/share/neo_simulation2/models/Ar_tags_nr8
[1.415s] -- Installing: /home/robot/beka_gau/install/neo_simulation2/share/neo_simulation2/models/Ar_tags_nr8/model.config
[1.415s] -- Installing: /home/robot/beka_gau/install/neo_simulation2/share/neo_simulation2/models/Ar_tags_nr8/materials
[1.415s] -- Installing: /home/robot/beka_gau/install/neo_simulation2/share/neo_simulation2/models/Ar_tags_nr8/materials/scripts
[1.416s] -- Installing: /home/robot/beka_gau/install/neo_simulation2/share/neo_simulation2/models/Ar_tags_nr8/materials/scripts/ar_tag.material
[1.416s] -- Installing: /home/robot/beka_gau/install/neo_simulation2/share/neo_simulation2/models/Ar_tags_nr8/materials/textures
[1.416s] -- Installing: /home/robot/beka_gau/install/neo_simulation2/share/neo_simulation2/models/Ar_tags_nr8/materials/textures/MarkerData_8.png
[1.416s] -- Installing: /home/robot/beka_gau/install/neo_simulation2/share/neo_simulation2/models/Ar_tags_nr8/model.sdf
[1.416s] -- Installing: /home/robot/beka_gau/install/neo_simulation2/share/neo_simulation2/models/Ar_tags_nr8/meshes
[1.416s] -- Installing: /home/robot/beka_gau/install/neo_simulation2/share/neo_simulation2/models/Ar_tags_nr8/meshes/plate.blend
[1.416s] -- Installing: /home/robot/beka_gau/install/neo_simulation2/share/neo_simulation2/models/Ar_tags_nr8/meshes/Ar_tag_nr8.dae
[1.417s] -- Installing: /home/robot/beka_gau/install/neo_simulation2/share/neo_simulation2/models/office_env_w 1
[1.417s] -- Installing: /home/robot/beka_gau/install/neo_simulation2/share/neo_simulation2/models/office_env_w 1/model.config
[1.417s] -- Installing: /home/robot/beka_gau/install/neo_simulation2/share/neo_simulation2/models/office_env_w 1/materials
[1.418s] -- Installing: /home/robot/beka_gau/install/neo_simulation2/share/neo_simulation2/models/office_env_w 1/materials/scripts
[1.418s] -- Installing: /home/robot/beka_gau/install/neo_simulation2/share/neo_simulation2/models/office_env_w 1/materials/scripts/wall_white.material
[1.418s] -- Installing: /home/robot/beka_gau/install/neo_simulation2/share/neo_simulation2/models/office_env_w 1/materials/textures
[1.418s] -- Installing: /home/robot/beka_gau/install/neo_simulation2/share/neo_simulation2/models/office_env_w 1/materials/textures/wall_color_white.jpg
[1.419s] -- Installing: /home/robot/beka_gau/install/neo_simulation2/share/neo_simulation2/models/office_env_w 1/model.sdf
[1.419s] -- Installing: /home/robot/beka_gau/install/neo_simulation2/share/neo_simulation2/models/aws_robomaker_warehouse_ShelfF_01
[1.419s] -- Installing: /home/robot/beka_gau/install/neo_simulation2/share/neo_simulation2/models/aws_robomaker_warehouse_ShelfF_01/model.config
[1.419s] -- Installing: /home/robot/beka_gau/install/neo_simulation2/share/neo_simulation2/models/aws_robomaker_warehouse_ShelfF_01/materials
[1.419s] -- Installing: /home/robot/beka_gau/install/neo_simulation2/share/neo_simulation2/models/aws_robomaker_warehouse_ShelfF_01/materials/textures
[1.420s] -- Installing: /home/robot/beka_gau/install/neo_simulation2/share/neo_simulation2/models/aws_robomaker_warehouse_ShelfF_01/materials/textures/aws_robomaker_warehouse_ShelfF_03.png
[1.420s] -- Installing: /home/robot/beka_gau/install/neo_simulation2/share/neo_simulation2/models/aws_robomaker_warehouse_ShelfF_01/materials/textures/aws_robomaker_warehouse_ShelfF_02.png
[1.420s] -- Installing: /home/robot/beka_gau/install/neo_simulation2/share/neo_simulation2/models/aws_robomaker_warehouse_ShelfF_01/materials/textures/aws_robomaker_warehouse_ShelfF_01.png
[1.420s] -- Installing: /home/robot/beka_gau/install/neo_simulation2/share/neo_simulation2/models/aws_robomaker_warehouse_ShelfF_01/model.sdf
[1.420s] -- Installing: /home/robot/beka_gau/install/neo_simulation2/share/neo_simulation2/models/aws_robomaker_warehouse_ShelfF_01/meshes
[1.421s] -- Installing: /home/robot/beka_gau/install/neo_simulation2/share/neo_simulation2/models/aws_robomaker_warehouse_ShelfF_01/meshes/aws_robomaker_warehouse_ShelfF_01_collision.DAE
[1.421s] -- Installing: /home/robot/beka_gau/install/neo_simulation2/share/neo_simulation2/models/aws_robomaker_warehouse_ShelfF_01/meshes/aws_robomaker_warehouse_ShelfF_01_visual.DAE
[1.422s] -- Installing: /home/robot/beka_gau/install/neo_simulation2/share/neo_simulation2/models/neobotix_wall_stickers
[1.422s] -- Installing: /home/robot/beka_gau/install/neo_simulation2/share/neo_simulation2/models/neobotix_wall_stickers/model.config
[1.422s] -- Installing: /home/robot/beka_gau/install/neo_simulation2/share/neo_simulation2/models/neobotix_wall_stickers/materials
[1.422s] -- Installing: /home/robot/beka_gau/install/neo_simulation2/share/neo_simulation2/models/neobotix_wall_stickers/materials/scripts
[1.422s] -- Installing: /home/robot/beka_gau/install/neo_simulation2/share/neo_simulation2/models/neobotix_wall_stickers/materials/scripts/neobotix_ground_plane.material
[1.422s] -- Installing: /home/robot/beka_gau/install/neo_simulation2/share/neo_simulation2/models/neobotix_wall_stickers/materials/textures
[1.423s] -- Installing: /home/robot/beka_gau/install/neo_simulation2/share/neo_simulation2/models/neobotix_wall_stickers/materials/textures/MyImage.jpg
[1.423s] -- Installing: /home/robot/beka_gau/install/neo_simulation2/share/neo_simulation2/models/neobotix_wall_stickers/model.sdf
[1.423s] -- Installing: /home/robot/beka_gau/install/neo_simulation2/share/neo_simulation2/models/Ar_tags_nr9
[1.423s] -- Installing: /home/robot/beka_gau/install/neo_simulation2/share/neo_simulation2/models/Ar_tags_nr9/model.config
[1.423s] -- Installing: /home/robot/beka_gau/install/neo_simulation2/share/neo_simulation2/models/Ar_tags_nr9/materials
[1.423s] -- Installing: /home/robot/beka_gau/install/neo_simulation2/share/neo_simulation2/models/Ar_tags_nr9/materials/scripts
[1.423s] -- Installing: /home/robot/beka_gau/install/neo_simulation2/share/neo_simulation2/models/Ar_tags_nr9/materials/scripts/ar_tag.material
[1.424s] -- Installing: /home/robot/beka_gau/install/neo_simulation2/share/neo_simulation2/models/Ar_tags_nr9/materials/textures
[1.424s] -- Installing: /home/robot/beka_gau/install/neo_simulation2/share/neo_simulation2/models/Ar_tags_nr9/materials/textures/qrcode.png
[1.424s] -- Installing: /home/robot/beka_gau/install/neo_simulation2/share/neo_simulation2/models/Ar_tags_nr9/materials/textures/MarkerData_9.png
[1.424s] -- Installing: /home/robot/beka_gau/install/neo_simulation2/share/neo_simulation2/models/Ar_tags_nr9/materials/textures/qrcode1.png
[1.424s] -- Installing: /home/robot/beka_gau/install/neo_simulation2/share/neo_simulation2/models/Ar_tags_nr9/materials/textures/MarkerData_2.png
[1.424s] -- Installing: /home/robot/beka_gau/install/neo_simulation2/share/neo_simulation2/models/Ar_tags_nr9/materials/textures/MarkerData_10.png
[1.424s] -- Installing: /home/robot/beka_gau/install/neo_simulation2/share/neo_simulation2/models/Ar_tags_nr9/model.sdf
[1.425s] -- Installing: /home/robot/beka_gau/install/neo_simulation2/share/neo_simulation2/models/Ar_tags_nr9/meshes
[1.425s] -- Installing: /home/robot/beka_gau/install/neo_simulation2/share/neo_simulation2/models/Ar_tags_nr9/meshes/plate.blend
[1.425s] -- Installing: /home/robot/beka_gau/install/neo_simulation2/share/neo_simulation2/models/Ar_tags_nr9/meshes/Ar_tag_nr9.dae
[1.425s] -- Installing: /home/robot/beka_gau/install/neo_simulation2/share/neo_simulation2/models/Ar_tags_nr9/meshes/Ar_tag_nr2.dae
[1.425s] -- Installing: /home/robot/beka_gau/install/neo_simulation2/share/neo_simulation2/models/Ar_tags_nr13
[1.425s] -- Installing: /home/robot/beka_gau/install/neo_simulation2/share/neo_simulation2/models/Ar_tags_nr13/model.config
[1.426s] -- Installing: /home/robot/beka_gau/install/neo_simulation2/share/neo_simulation2/models/Ar_tags_nr13/materials
[1.426s] -- Installing: /home/robot/beka_gau/install/neo_simulation2/share/neo_simulation2/models/Ar_tags_nr13/materials/scripts
[1.426s] -- Installing: /home/robot/beka_gau/install/neo_simulation2/share/neo_simulation2/models/Ar_tags_nr13/materials/scripts/ar_tag.material
[1.426s] -- Installing: /home/robot/beka_gau/install/neo_simulation2/share/neo_simulation2/models/Ar_tags_nr13/materials/textures
[1.427s] -- Installing: /home/robot/beka_gau/install/neo_simulation2/share/neo_simulation2/models/Ar_tags_nr13/materials/textures/MarkerData_13.png
[1.429s] -- Installing: /home/robot/beka_gau/install/neo_simulation2/share/neo_simulation2/models/Ar_tags_nr13/model.sdf
[1.429s] -- Installing: /home/robot/beka_gau/install/neo_simulation2/share/neo_simulation2/models/Ar_tags_nr13/meshes
[1.430s] -- Installing: /home/robot/beka_gau/install/neo_simulation2/share/neo_simulation2/models/Ar_tags_nr13/meshes/plate.blend
[1.430s] -- Installing: /home/robot/beka_gau/install/neo_simulation2/share/neo_simulation2/models/Ar_tags_nr13/meshes/Ar_tag_nr13.dae
[1.430s] -- Installing: /home/robot/beka_gau/install/neo_simulation2/share/neo_simulation2/models/office_env
[1.430s] -- Installing: /home/robot/beka_gau/install/neo_simulation2/share/neo_simulation2/models/office_env/model.config
[1.430s] -- Installing: /home/robot/beka_gau/install/neo_simulation2/share/neo_simulation2/models/office_env/materials
[1.431s] -- Installing: /home/robot/beka_gau/install/neo_simulation2/share/neo_simulation2/models/office_env/materials/scripts
[1.431s] -- Installing: /home/robot/beka_gau/install/neo_simulation2/share/neo_simulation2/models/office_env/materials/scripts/wall.material
[1.431s] -- Installing: /home/robot/beka_gau/install/neo_simulation2/share/neo_simulation2/models/office_env/materials/textures
[1.431s] -- Installing: /home/robot/beka_gau/install/neo_simulation2/share/neo_simulation2/models/office_env/materials/textures/wall_color.jpg
[1.431s] -- Installing: /home/robot/beka_gau/install/neo_simulation2/share/neo_simulation2/models/office_env/model.sdf
[1.431s] -- Installing: /home/robot/beka_gau/install/neo_simulation2/share/neo_simulation2/models/Ar_tags_nr2
[1.431s] -- Installing: /home/robot/beka_gau/install/neo_simulation2/share/neo_simulation2/models/Ar_tags_nr2/model.config
[1.431s] -- Installing: /home/robot/beka_gau/install/neo_simulation2/share/neo_simulation2/models/Ar_tags_nr2/materials
[1.432s] -- Installing: /home/robot/beka_gau/install/neo_simulation2/share/neo_simulation2/models/Ar_tags_nr2/materials/scripts
[1.432s] -- Installing: /home/robot/beka_gau/install/neo_simulation2/share/neo_simulation2/models/Ar_tags_nr2/materials/scripts/ar_tag.material
[1.432s] -- Installing: /home/robot/beka_gau/install/neo_simulation2/share/neo_simulation2/models/Ar_tags_nr2/materials/textures
[1.432s] -- Installing: /home/robot/beka_gau/install/neo_simulation2/share/neo_simulation2/models/Ar_tags_nr2/materials/textures/qrcode.png
[1.432s] -- Installing: /home/robot/beka_gau/install/neo_simulation2/share/neo_simulation2/models/Ar_tags_nr2/materials/textures/qrcode1.png
[1.432s] -- Installing: /home/robot/beka_gau/install/neo_simulation2/share/neo_simulation2/models/Ar_tags_nr2/materials/textures/MarkerData_2.png
[1.432s] -- Installing: /home/robot/beka_gau/install/neo_simulation2/share/neo_simulation2/models/Ar_tags_nr2/materials/textures/MarkerData_10.png
[1.432s] -- Installing: /home/robot/beka_gau/install/neo_simulation2/share/neo_simulation2/models/Ar_tags_nr2/model.sdf
[1.432s] -- Installing: /home/robot/beka_gau/install/neo_simulation2/share/neo_simulation2/models/Ar_tags_nr2/meshes
[1.432s] -- Installing: /home/robot/beka_gau/install/neo_simulation2/share/neo_simulation2/models/Ar_tags_nr2/meshes/plate.blend
[1.433s] -- Installing: /home/robot/beka_gau/install/neo_simulation2/share/neo_simulation2/models/Ar_tags_nr2/meshes/Ar_tag_nr2.dae
[1.433s] -- Installing: /home/robot/beka_gau/install/neo_simulation2/share/neo_simulation2/models/Ar_tags_nr2/meshes/Ar_tag.dae
[1.433s] -- Installing: /home/robot/beka_gau/install/neo_simulation2/share/neo_simulation2/models/Ar_tag.dae
[1.433s] -- Installing: /home/robot/beka_gau/install/neo_simulation2/share/neo_simulation2/models/aws_robomaker_warehouse_Bucket_01
[1.433s] -- Installing: /home/robot/beka_gau/install/neo_simulation2/share/neo_simulation2/models/aws_robomaker_warehouse_Bucket_01/model.config
[1.434s] -- Installing: /home/robot/beka_gau/install/neo_simulation2/share/neo_simulation2/models/aws_robomaker_warehouse_Bucket_01/.DS_Store
[1.434s] -- Installing: /home/robot/beka_gau/install/neo_simulation2/share/neo_simulation2/models/aws_robomaker_warehouse_Bucket_01/materials
[1.434s] -- Installing: /home/robot/beka_gau/install/neo_simulation2/share/neo_simulation2/models/aws_robomaker_warehouse_Bucket_01/materials/.DS_Store
[1.434s] -- Installing: /home/robot/beka_gau/install/neo_simulation2/share/neo_simulation2/models/aws_robomaker_warehouse_Bucket_01/materials/textures
[1.434s] -- Installing: /home/robot/beka_gau/install/neo_simulation2/share/neo_simulation2/models/aws_robomaker_warehouse_Bucket_01/materials/textures/aws_robomaker_warehouse_Bucket_01.png
[1.435s] -- Installing: /home/robot/beka_gau/install/neo_simulation2/share/neo_simulation2/models/aws_robomaker_warehouse_Bucket_01/model.sdf
[1.435s] -- Installing: /home/robot/beka_gau/install/neo_simulation2/share/neo_simulation2/models/aws_robomaker_warehouse_Bucket_01/meshes
[1.435s] -- Installing: /home/robot/beka_gau/install/neo_simulation2/share/neo_simulation2/models/aws_robomaker_warehouse_Bucket_01/meshes/aws_robomaker_warehouse_Bucket_01_collision.DAE
[1.435s] -- Installing: /home/robot/beka_gau/install/neo_simulation2/share/neo_simulation2/models/aws_robomaker_warehouse_Bucket_01/meshes/aws_robomaker_warehouse_Bucket_01_visual.DAE
[1.435s] -- Installing: /home/robot/beka_gau/install/neo_simulation2/share/neo_simulation2/models/docking_station
[1.435s] -- Installing: /home/robot/beka_gau/install/neo_simulation2/share/neo_simulation2/models/docking_station/model.config
[1.435s] -- Installing: /home/robot/beka_gau/install/neo_simulation2/share/neo_simulation2/models/docking_station/materials
[1.435s] -- Installing: /home/robot/beka_gau/install/neo_simulation2/share/neo_simulation2/models/docking_station/materials/scripts
[1.436s] -- Installing: /home/robot/beka_gau/install/neo_simulation2/share/neo_simulation2/models/docking_station/materials/scripts/door_3d.material
[1.436s] -- Installing: /home/robot/beka_gau/install/neo_simulation2/share/neo_simulation2/models/docking_station/materials/scripts/door_handle.material
[1.436s] -- Installing: /home/robot/beka_gau/install/neo_simulation2/share/neo_simulation2/models/docking_station/materials/textures
[1.436s] -- Installing: /home/robot/beka_gau/install/neo_simulation2/share/neo_simulation2/models/docking_station/materials/textures/door_3d.jpg
[1.436s] -- Installing: /home/robot/beka_gau/install/neo_simulation2/share/neo_simulation2/models/docking_station/materials/textures/silver_door.jpg
[1.436s] -- Installing: /home/robot/beka_gau/install/neo_simulation2/share/neo_simulation2/models/docking_station/model.sdf
[1.436s] -- Installing: /home/robot/beka_gau/install/neo_simulation2/share/neo_simulation2/models/docking_station/meshes
[1.436s] -- Installing: /home/robot/beka_gau/install/neo_simulation2/share/neo_simulation2/models/docking_station/meshes/d1.dae
[1.436s] -- Installing: /home/robot/beka_gau/install/neo_simulation2/share/neo_simulation2/models/docking_station/meshes/d1_back1.dae
[1.437s] -- Installing: /home/robot/beka_gau/install/neo_simulation2/share/neo_simulation2/models/docking_station/meshes/d1.stl
[1.437s] -- Installing: /home/robot/beka_gau/install/neo_simulation2/share/neo_simulation2/models/aws_robomaker_warehouse_ClutteringA_01
[1.437s] -- Installing: /home/robot/beka_gau/install/neo_simulation2/share/neo_simulation2/models/aws_robomaker_warehouse_ClutteringA_01/model.config
[1.437s] -- Installing: /home/robot/beka_gau/install/neo_simulation2/share/neo_simulation2/models/aws_robomaker_warehouse_ClutteringA_01/.DS_Store
[1.437s] -- Installing: /home/robot/beka_gau/install/neo_simulation2/share/neo_simulation2/models/aws_robomaker_warehouse_ClutteringA_01/materials
[1.437s] -- Installing: /home/robot/beka_gau/install/neo_simulation2/share/neo_simulation2/models/aws_robomaker_warehouse_ClutteringA_01/materials/.DS_Store
[1.438s] -- Installing: /home/robot/beka_gau/install/neo_simulation2/share/neo_simulation2/models/aws_robomaker_warehouse_ClutteringA_01/materials/textures
[1.438s] -- Installing: /home/robot/beka_gau/install/neo_simulation2/share/neo_simulation2/models/aws_robomaker_warehouse_ClutteringA_01/materials/textures/.DS_Store
[1.438s] -- Installing: /home/robot/beka_gau/install/neo_simulation2/share/neo_simulation2/models/aws_robomaker_warehouse_ClutteringA_01/materials/textures/aws_robomaker_warehouse_ClutteringA_01.png
[1.438s] -- Installing: /home/robot/beka_gau/install/neo_simulation2/share/neo_simulation2/models/aws_robomaker_warehouse_ClutteringA_01/materials/textures/aws_robomaker_warehouse_ClutteringA_02.png
[1.438s] -- Installing: /home/robot/beka_gau/install/neo_simulation2/share/neo_simulation2/models/aws_robomaker_warehouse_ClutteringA_01/materials/textures/aws_robomaker_warehouse_ClutteringA_03.png
[1.439s] -- Installing: /home/robot/beka_gau/install/neo_simulation2/share/neo_simulation2/models/aws_robomaker_warehouse_ClutteringA_01/model.sdf
[1.439s] -- Installing: /home/robot/beka_gau/install/neo_simulation2/share/neo_simulation2/models/aws_robomaker_warehouse_ClutteringA_01/meshes
[1.439s] -- Installing: /home/robot/beka_gau/install/neo_simulation2/share/neo_simulation2/models/aws_robomaker_warehouse_ClutteringA_01/meshes/aws_robomaker_warehouse_ClutteringA_01_visual.DAE
[1.439s] -- Installing: /home/robot/beka_gau/install/neo_simulation2/share/neo_simulation2/models/aws_robomaker_warehouse_ClutteringA_01/meshes/aws_robomaker_warehouse_ClutteringA_01_collision.DAE
[1.439s] -- Installing: /home/robot/beka_gau/install/neo_simulation2/share/neo_simulation2/models/office_env_w
[1.439s] -- Installing: /home/robot/beka_gau/install/neo_simulation2/share/neo_simulation2/models/office_env_w/model.config
[1.439s] -- Installing: /home/robot/beka_gau/install/neo_simulation2/share/neo_simulation2/models/office_env_w/materials
[1.439s] -- Installing: /home/robot/beka_gau/install/neo_simulation2/share/neo_simulation2/models/office_env_w/materials/scripts
[1.439s] -- Installing: /home/robot/beka_gau/install/neo_simulation2/share/neo_simulation2/models/office_env_w/materials/scripts/wall_white.material
[1.440s] -- Installing: /home/robot/beka_gau/install/neo_simulation2/share/neo_simulation2/models/office_env_w/materials/textures
[1.440s] -- Installing: /home/robot/beka_gau/install/neo_simulation2/share/neo_simulation2/models/office_env_w/materials/textures/wall_color_white.jpg
[1.440s] -- Installing: /home/robot/beka_gau/install/neo_simulation2/share/neo_simulation2/models/office_env_w/model.sdf
[1.440s] -- Installing: /home/robot/beka_gau/install/neo_simulation2/share/ament_index/resource_index/package_run_dependencies/neo_simulation2
[1.440s] -- Installing: /home/robot/beka_gau/install/neo_simulation2/share/ament_index/resource_index/parent_prefix_path/neo_simulation2
[1.441s] -- Installing: /home/robot/beka_gau/install/neo_simulation2/share/neo_simulation2/environment/ament_prefix_path.sh
[1.441s] -- Installing: /home/robot/beka_gau/install/neo_simulation2/share/neo_simulation2/environment/ament_prefix_path.dsv
[1.442s] -- Installing: /home/robot/beka_gau/install/neo_simulation2/share/neo_simulation2/environment/path.sh
[1.445s] -- Installing: /home/robot/beka_gau/install/neo_simulation2/share/neo_simulation2/environment/path.dsv
[1.446s] -- Installing: /home/robot/beka_gau/install/neo_simulation2/share/neo_simulation2/local_setup.bash
[1.447s] -- Installing: /home/robot/beka_gau/install/neo_simulation2/share/neo_simulation2/local_setup.sh
[1.447s] -- Installing: /home/robot/beka_gau/install/neo_simulation2/share/neo_simulation2/local_setup.zsh
[1.447s] -- Installing: /home/robot/beka_gau/install/neo_simulation2/share/neo_simulation2/local_setup.dsv
[1.447s] -- Installing: /home/robot/beka_gau/install/neo_simulation2/share/neo_simulation2/package.dsv
[1.447s] -- Installing: /home/robot/beka_gau/install/neo_simulation2/share/ament_index/resource_index/packages/neo_simulation2
[1.447s] -- Installing: /home/robot/beka_gau/install/neo_simulation2/share/neo_simulation2/cmake/neo_simulation2Config.cmake
[1.448s] -- Installing: /home/robot/beka_gau/install/neo_simulation2/share/neo_simulation2/cmake/neo_simulation2Config-version.cmake
[1.448s] -- Installing: /home/robot/beka_gau/install/neo_simulation2/share/neo_simulation2/package.xml
[1.451s] Invoked command in '/home/robot/beka_gau/build/neo_simulation2' returned '0': CMAKE_PREFIX_PATH=${CMAKE_PREFIX_PATH}:/opt/ros/humble /usr/bin/cmake --install /home/robot/beka_gau/build/neo_simulation2
