[1.423s] Invoking command in '/home/robot/beka_gau/build/nav2_rosdevday_2021': CMAKE_PREFIX_PATH=${CMAKE_PREFIX_PATH}:/home/robot/beka_gau/install/my_python_pkg:/home/robot/beka_gau/install/nav2_simple_commander:/home/robot/beka_gau/install/nav2_gazebo_spawner:/opt/ros/humble /usr/bin/cmake --build /home/robot/beka_gau/build/nav2_rosdevday_2021 -- -j12 -l12
[1.596s] Invoked command in '/home/robot/beka_gau/build/nav2_rosdevday_2021' returned '0': CMAKE_PREFIX_PATH=${CMAKE_PREFIX_PATH}:/home/robot/beka_gau/install/my_python_pkg:/home/robot/beka_gau/install/nav2_simple_commander:/home/robot/beka_gau/install/nav2_gazebo_spawner:/opt/ros/humble /usr/bin/cmake --build /home/robot/beka_gau/build/nav2_rosdevday_2021 -- -j12 -l12
[1.641s] Invoking command in '/home/robot/beka_gau/build/nav2_rosdevday_2021': CMAKE_PREFIX_PATH=${CMAKE_PREFIX_PATH}:/home/robot/beka_gau/install/my_python_pkg:/home/robot/beka_gau/install/nav2_simple_commander:/home/robot/beka_gau/install/nav2_gazebo_spawner:/opt/ros/humble /usr/bin/cmake --install /home/robot/beka_gau/build/nav2_rosdevday_2021
[1.674s] -- Install configuration: ""
[1.675s] -- Up-to-date: /home/robot/beka_gau/install/nav2_rosdevday_2021/share/nav2_rosdevday_2021/launch
[1.675s] -- Up-to-date: /home/robot/beka_gau/install/nav2_rosdevday_2021/share/nav2_rosdevday_2021/launch/system_launch.py
[1.676s] -- Up-to-date: /home/robot/beka_gau/install/nav2_rosdevday_2021/share/nav2_rosdevday_2021/maps
[1.677s] -- Up-to-date: /home/robot/beka_gau/install/nav2_rosdevday_2021/share/nav2_rosdevday_2021/maps/keepout_rotated2.pgm
[1.678s] -- Up-to-date: /home/robot/beka_gau/install/nav2_rosdevday_2021/share/nav2_rosdevday_2021/maps/keepout2.yaml
[1.679s] -- Up-to-date: /home/robot/beka_gau/install/nav2_rosdevday_2021/share/nav2_rosdevday_2021/maps/lanes_rotated.pgm
[1.679s] -- Up-to-date: /home/robot/beka_gau/install/nav2_rosdevday_2021/share/nav2_rosdevday_2021/maps/lanes.yaml
[1.680s] -- Up-to-date: /home/robot/beka_gau/install/nav2_rosdevday_2021/share/nav2_rosdevday_2021/params
[1.680s] -- Up-to-date: /home/robot/beka_gau/install/nav2_rosdevday_2021/share/nav2_rosdevday_2021/params/basic_params.yaml
[1.681s] -- Up-to-date: /home/robot/beka_gau/install/nav2_rosdevday_2021/share/nav2_rosdevday_2021/scripts
[1.681s] -- Up-to-date: /home/robot/beka_gau/install/nav2_rosdevday_2021/share/nav2_rosdevday_2021/scripts/nav_through_poses_demo.py
[1.682s] -- Up-to-date: /home/robot/beka_gau/install/nav2_rosdevday_2021/share/nav2_rosdevday_2021/scripts/nav_to_pose_demo.py
[1.682s] -- Up-to-date: /home/robot/beka_gau/install/nav2_rosdevday_2021/share/nav2_rosdevday_2021/scripts/robot_navigator.py
[1.683s] -- Up-to-date: /home/robot/beka_gau/install/nav2_rosdevday_2021/share/nav2_rosdevday_2021/scripts/waypoint_follower_demo.py
[1.683s] -- Up-to-date: /home/robot/beka_gau/install/nav2_rosdevday_2021/share/nav2_rosdevday_2021/scripts/security_demo.py
[1.684s] -- Up-to-date: /home/robot/beka_gau/install/nav2_rosdevday_2021/share/nav2_rosdevday_2021/scripts/picking_demo.py
[1.684s] -- Up-to-date: /home/robot/beka_gau/install/nav2_rosdevday_2021/share/nav2_rosdevday_2021/scripts/inspection_demo.py
[1.685s] -- Up-to-date: /home/robot/beka_gau/install/nav2_rosdevday_2021/share/nav2_rosdevday_2021/worlds
[1.685s] -- Up-to-date: /home/robot/beka_gau/install/nav2_rosdevday_2021/share/nav2_rosdevday_2021/worlds/industrial_sim.world
[1.686s] -- Up-to-date: /home/robot/beka_gau/install/nav2_rosdevday_2021/share/ament_index/resource_index/package_run_dependencies/nav2_rosdevday_2021
[1.687s] -- Up-to-date: /home/robot/beka_gau/install/nav2_rosdevday_2021/share/ament_index/resource_index/parent_prefix_path/nav2_rosdevday_2021
[1.688s] -- Up-to-date: /home/robot/beka_gau/install/nav2_rosdevday_2021/share/nav2_rosdevday_2021/environment/ament_prefix_path.sh
[1.688s] -- Up-to-date: /home/robot/beka_gau/install/nav2_rosdevday_2021/share/nav2_rosdevday_2021/environment/ament_prefix_path.dsv
[1.689s] -- Up-to-date: /home/robot/beka_gau/install/nav2_rosdevday_2021/share/nav2_rosdevday_2021/environment/path.sh
[1.689s] -- Up-to-date: /home/robot/beka_gau/install/nav2_rosdevday_2021/share/nav2_rosdevday_2021/environment/path.dsv
[1.690s] -- Up-to-date: /home/robot/beka_gau/install/nav2_rosdevday_2021/share/nav2_rosdevday_2021/local_setup.bash
[1.691s] -- Up-to-date: /home/robot/beka_gau/install/nav2_rosdevday_2021/share/nav2_rosdevday_2021/local_setup.sh
[1.692s] -- Up-to-date: /home/robot/beka_gau/install/nav2_rosdevday_2021/share/nav2_rosdevday_2021/local_setup.zsh
[1.694s] -- Up-to-date: /home/robot/beka_gau/install/nav2_rosdevday_2021/share/nav2_rosdevday_2021/local_setup.dsv
[1.694s] -- Installing: /home/robot/beka_gau/install/nav2_rosdevday_2021/share/nav2_rosdevday_2021/package.dsv
[1.695s] -- Up-to-date: /home/robot/beka_gau/install/nav2_rosdevday_2021/share/ament_index/resource_index/packages/nav2_rosdevday_2021
[1.697s] -- Up-to-date: /home/robot/beka_gau/install/nav2_rosdevday_2021/share/nav2_rosdevday_2021/cmake/nav2_rosdevday_2021Config.cmake
[1.700s] -- Up-to-date: /home/robot/beka_gau/install/nav2_rosdevday_2021/share/nav2_rosdevday_2021/cmake/nav2_rosdevday_2021Config-version.cmake
[1.700s] -- Up-to-date: /home/robot/beka_gau/install/nav2_rosdevday_2021/share/nav2_rosdevday_2021/package.xml
[1.708s] Invoked command in '/home/robot/beka_gau/build/nav2_rosdevday_2021' returned '0': CMAKE_PREFIX_PATH=${CMAKE_PREFIX_PATH}:/home/robot/beka_gau/install/my_python_pkg:/home/robot/beka_gau/install/nav2_simple_commander:/home/robot/beka_gau/install/nav2_gazebo_spawner:/opt/ros/humble /usr/bin/cmake --install /home/robot/beka_gau/build/nav2_rosdevday_2021
