[0.102s] DEBUG:colcon:Command line arguments: ['/usr/bin/colcon', 'build']
[0.102s] DEBUG:colcon:Parsed command line arguments: Namespace(log_base=None, log_level=None, verb_name='build', build_base='build', install_base='install', merge_install=False, symlink_install=False, test_result_base=None, continue_on_error=False, executor='parallel', parallel_workers=12, event_handlers=None, ignore_user_meta=False, metas=['./colcon.meta'], base_paths=['.'], packages_ignore=None, packages_ignore_regex=None, paths=None, packages_up_to=None, packages_up_to_regex=None, packages_above=None, packages_above_and_dependencies=None, packages_above_depth=None, packages_select_by_dep=None, packages_skip_by_dep=None, packages_skip_up_to=None, packages_select_build_failed=False, packages_skip_build_finished=False, packages_select_test_failures=False, packages_skip_test_passed=False, packages_select=None, packages_skip=None, packages_select_regex=None, packages_skip_regex=None, packages_start=None, packages_end=None, allow_overriding=[], cmake_args=None, cmake_target=None, cmake_target_skip_unavailable=False, cmake_clean_cache=False, cmake_clean_first=False, cmake_force_configure=False, ament_cmake_args=None, catkin_cmake_args=None, catkin_skip_building_tests=False, mixin_files=None, mixin=None, verb_parser=<colcon_mixin.mixin.mixin_argument.MixinArgumentDecorator object at 0x72c3736570d0>, verb_extension=<colcon_core.verb.build.BuildVerb object at 0x72c373656b00>, main=<bound method BuildVerb.main of <colcon_core.verb.build.BuildVerb object at 0x72c373656b00>>, mixin_verb=('build',))
[0.270s] Level 1:colcon.colcon_core.package_discovery:discover_packages(colcon_meta) check parameters
[0.270s] Level 1:colcon.colcon_core.package_discovery:discover_packages(recursive) check parameters
[0.270s] Level 1:colcon.colcon_core.package_discovery:discover_packages(ignore) check parameters
[0.270s] Level 1:colcon.colcon_core.package_discovery:discover_packages(path) check parameters
[0.270s] Level 1:colcon.colcon_core.package_discovery:discover_packages(colcon_meta) discover
[0.270s] Level 1:colcon.colcon_core.package_discovery:discover_packages(recursive) discover
[0.270s] INFO:colcon.colcon_core.package_discovery:Crawling recursively for packages in '/home/robot/beka_gau'
[0.270s] Level 1:colcon.colcon_core.package_identification:_identify(.) by extensions ['ignore', 'ignore_ament_install']
[0.270s] Level 1:colcon.colcon_core.package_identification:_identify(.) by extension 'ignore'
[0.270s] Level 1:colcon.colcon_core.package_identification:_identify(.) by extension 'ignore_ament_install'
[0.270s] Level 1:colcon.colcon_core.package_identification:_identify(.) by extensions ['colcon_pkg']
[0.270s] Level 1:colcon.colcon_core.package_identification:_identify(.) by extension 'colcon_pkg'
[0.270s] Level 1:colcon.colcon_core.package_identification:_identify(.) by extensions ['colcon_meta']
[0.270s] Level 1:colcon.colcon_core.package_identification:_identify(.) by extension 'colcon_meta'
[0.270s] Level 1:colcon.colcon_core.package_identification:_identify(.) by extensions ['ros']
[0.270s] Level 1:colcon.colcon_core.package_identification:_identify(.) by extension 'ros'
[0.280s] Level 1:colcon.colcon_core.package_identification:_identify(.) by extensions ['cmake', 'python']
[0.280s] Level 1:colcon.colcon_core.package_identification:_identify(.) by extension 'cmake'
[0.280s] Level 1:colcon.colcon_core.package_identification:_identify(.) by extension 'python'
[0.280s] Level 1:colcon.colcon_core.package_identification:_identify(.) by extensions ['python_setup_py']
[0.280s] Level 1:colcon.colcon_core.package_identification:_identify(.) by extension 'python_setup_py'
[0.280s] Level 1:colcon.colcon_core.package_identification:_identify(build) by extensions ['ignore', 'ignore_ament_install']
[0.280s] Level 1:colcon.colcon_core.package_identification:_identify(build) by extension 'ignore'
[0.280s] Level 1:colcon.colcon_core.package_identification:_identify(build) ignored
[0.280s] Level 1:colcon.colcon_core.package_identification:_identify(install) by extensions ['ignore', 'ignore_ament_install']
[0.281s] Level 1:colcon.colcon_core.package_identification:_identify(install) by extension 'ignore'
[0.281s] Level 1:colcon.colcon_core.package_identification:_identify(install) ignored
[0.281s] Level 1:colcon.colcon_core.package_identification:_identify(log) by extensions ['ignore', 'ignore_ament_install']
[0.281s] Level 1:colcon.colcon_core.package_identification:_identify(log) by extension 'ignore'
[0.281s] Level 1:colcon.colcon_core.package_identification:_identify(log) ignored
[0.281s] Level 1:colcon.colcon_core.package_identification:_identify(src) by extensions ['ignore', 'ignore_ament_install']
[0.281s] Level 1:colcon.colcon_core.package_identification:_identify(src) by extension 'ignore'
[0.281s] Level 1:colcon.colcon_core.package_identification:_identify(src) by extension 'ignore_ament_install'
[0.281s] Level 1:colcon.colcon_core.package_identification:_identify(src) by extensions ['colcon_pkg']
[0.281s] Level 1:colcon.colcon_core.package_identification:_identify(src) by extension 'colcon_pkg'
[0.281s] Level 1:colcon.colcon_core.package_identification:_identify(src) by extensions ['colcon_meta']
[0.281s] Level 1:colcon.colcon_core.package_identification:_identify(src) by extension 'colcon_meta'
[0.281s] Level 1:colcon.colcon_core.package_identification:_identify(src) by extensions ['ros']
[0.281s] Level 1:colcon.colcon_core.package_identification:_identify(src) by extension 'ros'
[0.281s] Level 1:colcon.colcon_core.package_identification:_identify(src) by extensions ['cmake', 'python']
[0.281s] Level 1:colcon.colcon_core.package_identification:_identify(src) by extension 'cmake'
[0.281s] Level 1:colcon.colcon_core.package_identification:_identify(src) by extension 'python'
[0.281s] Level 1:colcon.colcon_core.package_identification:_identify(src) by extensions ['python_setup_py']
[0.281s] Level 1:colcon.colcon_core.package_identification:_identify(src) by extension 'python_setup_py'
[0.282s] Level 1:colcon.colcon_core.package_identification:_identify(src/meshes) by extensions ['ignore', 'ignore_ament_install']
[0.282s] Level 1:colcon.colcon_core.package_identification:_identify(src/meshes) by extension 'ignore'
[0.282s] Level 1:colcon.colcon_core.package_identification:_identify(src/meshes) by extension 'ignore_ament_install'
[0.282s] Level 1:colcon.colcon_core.package_identification:_identify(src/meshes) by extensions ['colcon_pkg']
[0.282s] Level 1:colcon.colcon_core.package_identification:_identify(src/meshes) by extension 'colcon_pkg'
[0.282s] Level 1:colcon.colcon_core.package_identification:_identify(src/meshes) by extensions ['colcon_meta']
[0.282s] Level 1:colcon.colcon_core.package_identification:_identify(src/meshes) by extension 'colcon_meta'
[0.282s] Level 1:colcon.colcon_core.package_identification:_identify(src/meshes) by extensions ['ros']
[0.282s] Level 1:colcon.colcon_core.package_identification:_identify(src/meshes) by extension 'ros'
[0.282s] Level 1:colcon.colcon_core.package_identification:_identify(src/meshes) by extensions ['cmake', 'python']
[0.282s] Level 1:colcon.colcon_core.package_identification:_identify(src/meshes) by extension 'cmake'
[0.282s] Level 1:colcon.colcon_core.package_identification:_identify(src/meshes) by extension 'python'
[0.282s] Level 1:colcon.colcon_core.package_identification:_identify(src/meshes) by extensions ['python_setup_py']
[0.282s] Level 1:colcon.colcon_core.package_identification:_identify(src/meshes) by extension 'python_setup_py'
[0.282s] Level 1:colcon.colcon_core.package_identification:_identify(src/nav2_rosdevday_2021-main) by extensions ['ignore', 'ignore_ament_install']
[0.282s] Level 1:colcon.colcon_core.package_identification:_identify(src/nav2_rosdevday_2021-main) by extension 'ignore'
[0.282s] Level 1:colcon.colcon_core.package_identification:_identify(src/nav2_rosdevday_2021-main) by extension 'ignore_ament_install'
[0.282s] Level 1:colcon.colcon_core.package_identification:_identify(src/nav2_rosdevday_2021-main) by extensions ['colcon_pkg']
[0.282s] Level 1:colcon.colcon_core.package_identification:_identify(src/nav2_rosdevday_2021-main) by extension 'colcon_pkg'
[0.282s] Level 1:colcon.colcon_core.package_identification:_identify(src/nav2_rosdevday_2021-main) by extensions ['colcon_meta']
[0.282s] Level 1:colcon.colcon_core.package_identification:_identify(src/nav2_rosdevday_2021-main) by extension 'colcon_meta'
[0.282s] Level 1:colcon.colcon_core.package_identification:_identify(src/nav2_rosdevday_2021-main) by extensions ['ros']
[0.282s] Level 1:colcon.colcon_core.package_identification:_identify(src/nav2_rosdevday_2021-main) by extension 'ros'
[0.283s] Level 1:colcon.colcon_core.package_identification:_identify(src/nav2_rosdevday_2021-main) by extensions ['cmake', 'python']
[0.283s] Level 1:colcon.colcon_core.package_identification:_identify(src/nav2_rosdevday_2021-main) by extension 'cmake'
[0.283s] Level 1:colcon.colcon_core.package_identification:_identify(src/nav2_rosdevday_2021-main) by extension 'python'
[0.283s] Level 1:colcon.colcon_core.package_identification:_identify(src/nav2_rosdevday_2021-main) by extensions ['python_setup_py']
[0.283s] Level 1:colcon.colcon_core.package_identification:_identify(src/nav2_rosdevday_2021-main) by extension 'python_setup_py'
[0.283s] Level 1:colcon.colcon_core.package_identification:_identify(src/nav2_rosdevday_2021-main/media) by extensions ['ignore', 'ignore_ament_install']
[0.283s] Level 1:colcon.colcon_core.package_identification:_identify(src/nav2_rosdevday_2021-main/media) by extension 'ignore'
[0.283s] Level 1:colcon.colcon_core.package_identification:_identify(src/nav2_rosdevday_2021-main/media) by extension 'ignore_ament_install'
[0.283s] Level 1:colcon.colcon_core.package_identification:_identify(src/nav2_rosdevday_2021-main/media) by extensions ['colcon_pkg']
[0.283s] Level 1:colcon.colcon_core.package_identification:_identify(src/nav2_rosdevday_2021-main/media) by extension 'colcon_pkg'
[0.283s] Level 1:colcon.colcon_core.package_identification:_identify(src/nav2_rosdevday_2021-main/media) by extensions ['colcon_meta']
[0.283s] Level 1:colcon.colcon_core.package_identification:_identify(src/nav2_rosdevday_2021-main/media) by extension 'colcon_meta'
[0.283s] Level 1:colcon.colcon_core.package_identification:_identify(src/nav2_rosdevday_2021-main/media) by extensions ['ros']
[0.283s] Level 1:colcon.colcon_core.package_identification:_identify(src/nav2_rosdevday_2021-main/media) by extension 'ros'
[0.283s] Level 1:colcon.colcon_core.package_identification:_identify(src/nav2_rosdevday_2021-main/media) by extensions ['cmake', 'python']
[0.283s] Level 1:colcon.colcon_core.package_identification:_identify(src/nav2_rosdevday_2021-main/media) by extension 'cmake'
[0.283s] Level 1:colcon.colcon_core.package_identification:_identify(src/nav2_rosdevday_2021-main/media) by extension 'python'
[0.283s] Level 1:colcon.colcon_core.package_identification:_identify(src/nav2_rosdevday_2021-main/media) by extensions ['python_setup_py']
[0.283s] Level 1:colcon.colcon_core.package_identification:_identify(src/nav2_rosdevday_2021-main/media) by extension 'python_setup_py'
[0.283s] Level 1:colcon.colcon_core.package_identification:_identify(src/nav2_rosdevday_2021-main/nav2_rosdevday_2021) by extensions ['ignore', 'ignore_ament_install']
[0.284s] Level 1:colcon.colcon_core.package_identification:_identify(src/nav2_rosdevday_2021-main/nav2_rosdevday_2021) by extension 'ignore'
[0.284s] Level 1:colcon.colcon_core.package_identification:_identify(src/nav2_rosdevday_2021-main/nav2_rosdevday_2021) by extension 'ignore_ament_install'
[0.284s] Level 1:colcon.colcon_core.package_identification:_identify(src/nav2_rosdevday_2021-main/nav2_rosdevday_2021) by extensions ['colcon_pkg']
[0.284s] Level 1:colcon.colcon_core.package_identification:_identify(src/nav2_rosdevday_2021-main/nav2_rosdevday_2021) by extension 'colcon_pkg'
[0.284s] Level 1:colcon.colcon_core.package_identification:_identify(src/nav2_rosdevday_2021-main/nav2_rosdevday_2021) by extensions ['colcon_meta']
[0.284s] Level 1:colcon.colcon_core.package_identification:_identify(src/nav2_rosdevday_2021-main/nav2_rosdevday_2021) by extension 'colcon_meta'
[0.284s] Level 1:colcon.colcon_core.package_identification:_identify(src/nav2_rosdevday_2021-main/nav2_rosdevday_2021) by extensions ['ros']
[0.284s] Level 1:colcon.colcon_core.package_identification:_identify(src/nav2_rosdevday_2021-main/nav2_rosdevday_2021) by extension 'ros'
[0.286s] DEBUG:colcon.colcon_core.package_identification:Package 'src/nav2_rosdevday_2021-main/nav2_rosdevday_2021' with type 'ros.ament_cmake' and name 'nav2_rosdevday_2021'
[0.286s] Level 1:colcon.colcon_core.package_identification:_identify(src/wheelchair_description) by extensions ['ignore', 'ignore_ament_install']
[0.286s] Level 1:colcon.colcon_core.package_identification:_identify(src/wheelchair_description) by extension 'ignore'
[0.286s] Level 1:colcon.colcon_core.package_identification:_identify(src/wheelchair_description) by extension 'ignore_ament_install'
[0.286s] Level 1:colcon.colcon_core.package_identification:_identify(src/wheelchair_description) by extensions ['colcon_pkg']
[0.286s] Level 1:colcon.colcon_core.package_identification:_identify(src/wheelchair_description) by extension 'colcon_pkg'
[0.286s] Level 1:colcon.colcon_core.package_identification:_identify(src/wheelchair_description) by extensions ['colcon_meta']
[0.286s] Level 1:colcon.colcon_core.package_identification:_identify(src/wheelchair_description) by extension 'colcon_meta'
[0.286s] Level 1:colcon.colcon_core.package_identification:_identify(src/wheelchair_description) by extensions ['ros']
[0.286s] Level 1:colcon.colcon_core.package_identification:_identify(src/wheelchair_description) by extension 'ros'
[0.287s] DEBUG:colcon.colcon_core.package_identification:Package 'src/wheelchair_description' with type 'ros.ament_cmake' and name 'wheelchair_description'
[0.287s] Level 1:colcon.colcon_core.package_discovery:discover_packages(recursive) using defaults
[0.287s] Level 1:colcon.colcon_core.package_discovery:discover_packages(ignore) discover
[0.287s] Level 1:colcon.colcon_core.package_discovery:discover_packages(ignore) using defaults
[0.287s] Level 1:colcon.colcon_core.package_discovery:discover_packages(path) discover
[0.287s] Level 1:colcon.colcon_core.package_discovery:discover_packages(path) using defaults
[0.313s] Level 1:colcon.colcon_core.package_discovery:discover_packages(prefix_path) check parameters
[0.313s] Level 1:colcon.colcon_core.package_discovery:discover_packages(prefix_path) discover
[0.319s] DEBUG:colcon.colcon_installed_package_information.package_discovery:Found 12 installed packages in /home/robot/beka_gau/install
[0.321s] DEBUG:colcon.colcon_installed_package_information.package_discovery:Found 381 installed packages in /opt/ros/humble
[0.322s] Level 1:colcon.colcon_core.package_discovery:discover_packages(prefix_path) using defaults
[0.366s] Level 5:colcon.colcon_core.verb:set package 'nav2_rosdevday_2021' build argument 'cmake_args' from command line to 'None'
[0.366s] Level 5:colcon.colcon_core.verb:set package 'nav2_rosdevday_2021' build argument 'cmake_target' from command line to 'None'
[0.366s] Level 5:colcon.colcon_core.verb:set package 'nav2_rosdevday_2021' build argument 'cmake_target_skip_unavailable' from command line to 'False'
[0.367s] Level 5:colcon.colcon_core.verb:set package 'nav2_rosdevday_2021' build argument 'cmake_clean_cache' from command line to 'False'
[0.367s] Level 5:colcon.colcon_core.verb:set package 'nav2_rosdevday_2021' build argument 'cmake_clean_first' from command line to 'False'
[0.367s] Level 5:colcon.colcon_core.verb:set package 'nav2_rosdevday_2021' build argument 'cmake_force_configure' from command line to 'False'
[0.367s] Level 5:colcon.colcon_core.verb:set package 'nav2_rosdevday_2021' build argument 'ament_cmake_args' from command line to 'None'
[0.367s] Level 5:colcon.colcon_core.verb:set package 'nav2_rosdevday_2021' build argument 'catkin_cmake_args' from command line to 'None'
[0.367s] Level 5:colcon.colcon_core.verb:set package 'nav2_rosdevday_2021' build argument 'catkin_skip_building_tests' from command line to 'False'
[0.367s] DEBUG:colcon.colcon_core.verb:Building package 'nav2_rosdevday_2021' with the following arguments: {'ament_cmake_args': None, 'build_base': '/home/robot/beka_gau/build/nav2_rosdevday_2021', 'catkin_cmake_args': None, 'catkin_skip_building_tests': False, 'cmake_args': None, 'cmake_clean_cache': False, 'cmake_clean_first': False, 'cmake_force_configure': False, 'cmake_target': None, 'cmake_target_skip_unavailable': False, 'install_base': '/home/robot/beka_gau/install/nav2_rosdevday_2021', 'merge_install': False, 'path': '/home/robot/beka_gau/src/nav2_rosdevday_2021-main/nav2_rosdevday_2021', 'symlink_install': False, 'test_result_base': None}
[0.367s] Level 5:colcon.colcon_core.verb:set package 'wheelchair_description' build argument 'cmake_args' from command line to 'None'
[0.367s] Level 5:colcon.colcon_core.verb:set package 'wheelchair_description' build argument 'cmake_target' from command line to 'None'
[0.367s] Level 5:colcon.colcon_core.verb:set package 'wheelchair_description' build argument 'cmake_target_skip_unavailable' from command line to 'False'
[0.367s] Level 5:colcon.colcon_core.verb:set package 'wheelchair_description' build argument 'cmake_clean_cache' from command line to 'False'
[0.367s] Level 5:colcon.colcon_core.verb:set package 'wheelchair_description' build argument 'cmake_clean_first' from command line to 'False'
[0.367s] Level 5:colcon.colcon_core.verb:set package 'wheelchair_description' build argument 'cmake_force_configure' from command line to 'False'
[0.367s] Level 5:colcon.colcon_core.verb:set package 'wheelchair_description' build argument 'ament_cmake_args' from command line to 'None'
[0.367s] Level 5:colcon.colcon_core.verb:set package 'wheelchair_description' build argument 'catkin_cmake_args' from command line to 'None'
[0.367s] Level 5:colcon.colcon_core.verb:set package 'wheelchair_description' build argument 'catkin_skip_building_tests' from command line to 'False'
[0.367s] DEBUG:colcon.colcon_core.verb:Building package 'wheelchair_description' with the following arguments: {'ament_cmake_args': None, 'build_base': '/home/robot/beka_gau/build/wheelchair_description', 'catkin_cmake_args': None, 'catkin_skip_building_tests': False, 'cmake_args': None, 'cmake_clean_cache': False, 'cmake_clean_first': False, 'cmake_force_configure': False, 'cmake_target': None, 'cmake_target_skip_unavailable': False, 'install_base': '/home/robot/beka_gau/install/wheelchair_description', 'merge_install': False, 'path': '/home/robot/beka_gau/src/wheelchair_description', 'symlink_install': False, 'test_result_base': None}
[0.367s] INFO:colcon.colcon_core.executor:Executing jobs using 'parallel' executor
[0.368s] DEBUG:colcon.colcon_parallel_executor.executor.parallel:run_until_complete
[0.369s] INFO:colcon.colcon_ros.task.ament_cmake.build:Building ROS package in '/home/robot/beka_gau/src/nav2_rosdevday_2021-main/nav2_rosdevday_2021' with build type 'ament_cmake'
[0.369s] INFO:colcon.colcon_cmake.task.cmake.build:Building CMake package in '/home/robot/beka_gau/src/nav2_rosdevday_2021-main/nav2_rosdevday_2021'
[0.370s] INFO:colcon.colcon_core.plugin_system:Skipping extension 'colcon_core.shell.bat': Not used on non-Windows systems
[0.371s] INFO:colcon.colcon_core.shell:Skip shell extension 'powershell' for command environment: Not usable outside of PowerShell
[0.371s] DEBUG:colcon.colcon_core.shell:Skip shell extension 'dsv' for command environment
[0.375s] INFO:colcon.colcon_ros.task.ament_cmake.build:Building ROS package in '/home/robot/beka_gau/src/wheelchair_description' with build type 'ament_cmake'
[0.375s] INFO:colcon.colcon_cmake.task.cmake.build:Building CMake package in '/home/robot/beka_gau/src/wheelchair_description'
[0.375s] INFO:colcon.colcon_core.shell:Skip shell extension 'powershell' for command environment: Not usable outside of PowerShell
[0.375s] DEBUG:colcon.colcon_core.shell:Skip shell extension 'dsv' for command environment
[0.384s] DEBUG:colcon.colcon_core.event_handler.log_command:Invoking command in '/home/robot/beka_gau/build/nav2_rosdevday_2021': CMAKE_PREFIX_PATH=${CMAKE_PREFIX_PATH}:/home/robot/beka_gau/install/nav2_simple_commander:/home/robot/beka_gau/install/nav2_gazebo_spawner:/opt/ros/humble /usr/bin/cmake --build /home/robot/beka_gau/build/nav2_rosdevday_2021 -- -j12 -l12
[0.388s] DEBUG:colcon.colcon_core.event_handler.log_command:Invoking command in '/home/robot/beka_gau/build/wheelchair_description': CMAKE_PREFIX_PATH=${CMAKE_PREFIX_PATH}:/home/robot/beka_gau/install/nav2_simple_commander:/home/robot/beka_gau/install/nav2_gazebo_spawner:/opt/ros/humble /usr/bin/cmake --build /home/robot/beka_gau/build/wheelchair_description -- -j12 -l12
[0.421s] DEBUG:colcon.colcon_core.event_handler.log_command:Invoked command in '/home/robot/beka_gau/build/nav2_rosdevday_2021' returned '0': CMAKE_PREFIX_PATH=${CMAKE_PREFIX_PATH}:/home/robot/beka_gau/install/nav2_simple_commander:/home/robot/beka_gau/install/nav2_gazebo_spawner:/opt/ros/humble /usr/bin/cmake --build /home/robot/beka_gau/build/nav2_rosdevday_2021 -- -j12 -l12
[0.430s] DEBUG:colcon.colcon_core.event_handler.log_command:Invoking command in '/home/robot/beka_gau/build/nav2_rosdevday_2021': CMAKE_PREFIX_PATH=${CMAKE_PREFIX_PATH}:/home/robot/beka_gau/install/nav2_simple_commander:/home/robot/beka_gau/install/nav2_gazebo_spawner:/opt/ros/humble /usr/bin/cmake --install /home/robot/beka_gau/build/nav2_rosdevday_2021
[0.441s] Level 1:colcon.colcon_core.environment:create_environment_scripts_only(nav2_rosdevday_2021)
[0.442s] DEBUG:colcon.colcon_core.event_handler.log_command:Invoked command in '/home/robot/beka_gau/build/nav2_rosdevday_2021' returned '0': CMAKE_PREFIX_PATH=${CMAKE_PREFIX_PATH}:/home/robot/beka_gau/install/nav2_simple_commander:/home/robot/beka_gau/install/nav2_gazebo_spawner:/opt/ros/humble /usr/bin/cmake --install /home/robot/beka_gau/build/nav2_rosdevday_2021
[0.444s] Level 1:colcon.colcon_core.environment:checking '/home/robot/beka_gau/install/nav2_rosdevday_2021' for CMake module files
[0.444s] Level 1:colcon.colcon_core.environment:checking '/home/robot/beka_gau/install/nav2_rosdevday_2021' for CMake config files
[0.445s] Level 1:colcon.colcon_core.shell:create_environment_hook('nav2_rosdevday_2021', 'cmake_prefix_path')
[0.445s] INFO:colcon.colcon_core.shell:Creating environment hook '/home/robot/beka_gau/install/nav2_rosdevday_2021/share/nav2_rosdevday_2021/hook/cmake_prefix_path.ps1'
[0.446s] INFO:colcon.colcon_core.shell:Creating environment descriptor '/home/robot/beka_gau/install/nav2_rosdevday_2021/share/nav2_rosdevday_2021/hook/cmake_prefix_path.dsv'
[0.446s] INFO:colcon.colcon_core.shell:Creating environment hook '/home/robot/beka_gau/install/nav2_rosdevday_2021/share/nav2_rosdevday_2021/hook/cmake_prefix_path.sh'
[0.447s] Level 1:colcon.colcon_core.environment:checking '/home/robot/beka_gau/install/nav2_rosdevday_2021/bin'
[0.448s] Level 1:colcon.colcon_core.environment:checking '/home/robot/beka_gau/install/nav2_rosdevday_2021/lib/pkgconfig/nav2_rosdevday_2021.pc'
[0.448s] Level 1:colcon.colcon_core.environment:checking '/home/robot/beka_gau/install/nav2_rosdevday_2021/lib/python3.10/site-packages'
[0.448s] Level 1:colcon.colcon_core.environment:checking '/home/robot/beka_gau/install/nav2_rosdevday_2021/bin'
[0.448s] INFO:colcon.colcon_core.shell:Creating package script '/home/robot/beka_gau/install/nav2_rosdevday_2021/share/nav2_rosdevday_2021/package.ps1'
[0.449s] INFO:colcon.colcon_core.shell:Creating package descriptor '/home/robot/beka_gau/install/nav2_rosdevday_2021/share/nav2_rosdevday_2021/package.dsv'
[0.449s] INFO:colcon.colcon_core.shell:Creating package script '/home/robot/beka_gau/install/nav2_rosdevday_2021/share/nav2_rosdevday_2021/package.sh'
[0.450s] INFO:colcon.colcon_core.shell:Creating package script '/home/robot/beka_gau/install/nav2_rosdevday_2021/share/nav2_rosdevday_2021/package.bash'
[0.451s] INFO:colcon.colcon_core.shell:Creating package script '/home/robot/beka_gau/install/nav2_rosdevday_2021/share/nav2_rosdevday_2021/package.zsh'
[0.451s] Level 1:colcon.colcon_core.environment:create_file_with_runtime_dependencies(/home/robot/beka_gau/install/nav2_rosdevday_2021/share/colcon-core/packages/nav2_rosdevday_2021)
[0.452s] Level 1:colcon.colcon_core.environment:create_environment_scripts_only(nav2_rosdevday_2021)
[0.452s] Level 1:colcon.colcon_core.environment:checking '/home/robot/beka_gau/install/nav2_rosdevday_2021' for CMake module files
[0.452s] Level 1:colcon.colcon_core.environment:checking '/home/robot/beka_gau/install/nav2_rosdevday_2021' for CMake config files
[0.453s] Level 1:colcon.colcon_core.shell:create_environment_hook('nav2_rosdevday_2021', 'cmake_prefix_path')
[0.453s] INFO:colcon.colcon_core.shell:Creating environment hook '/home/robot/beka_gau/install/nav2_rosdevday_2021/share/nav2_rosdevday_2021/hook/cmake_prefix_path.ps1'
[0.453s] INFO:colcon.colcon_core.shell:Creating environment descriptor '/home/robot/beka_gau/install/nav2_rosdevday_2021/share/nav2_rosdevday_2021/hook/cmake_prefix_path.dsv'
[0.453s] INFO:colcon.colcon_core.shell:Creating environment hook '/home/robot/beka_gau/install/nav2_rosdevday_2021/share/nav2_rosdevday_2021/hook/cmake_prefix_path.sh'
[0.454s] Level 1:colcon.colcon_core.environment:checking '/home/robot/beka_gau/install/nav2_rosdevday_2021/bin'
[0.454s] Level 1:colcon.colcon_core.environment:checking '/home/robot/beka_gau/install/nav2_rosdevday_2021/lib/pkgconfig/nav2_rosdevday_2021.pc'
[0.454s] Level 1:colcon.colcon_core.environment:checking '/home/robot/beka_gau/install/nav2_rosdevday_2021/lib/python3.10/site-packages'
[0.454s] Level 1:colcon.colcon_core.environment:checking '/home/robot/beka_gau/install/nav2_rosdevday_2021/bin'
[0.455s] INFO:colcon.colcon_core.shell:Creating package script '/home/robot/beka_gau/install/nav2_rosdevday_2021/share/nav2_rosdevday_2021/package.ps1'
[0.455s] INFO:colcon.colcon_core.shell:Creating package descriptor '/home/robot/beka_gau/install/nav2_rosdevday_2021/share/nav2_rosdevday_2021/package.dsv'
[0.455s] INFO:colcon.colcon_core.shell:Creating package script '/home/robot/beka_gau/install/nav2_rosdevday_2021/share/nav2_rosdevday_2021/package.sh'
[0.456s] INFO:colcon.colcon_core.shell:Creating package script '/home/robot/beka_gau/install/nav2_rosdevday_2021/share/nav2_rosdevday_2021/package.bash'
[0.456s] INFO:colcon.colcon_core.shell:Creating package script '/home/robot/beka_gau/install/nav2_rosdevday_2021/share/nav2_rosdevday_2021/package.zsh'
[0.456s] Level 1:colcon.colcon_core.environment:create_file_with_runtime_dependencies(/home/robot/beka_gau/install/nav2_rosdevday_2021/share/colcon-core/packages/nav2_rosdevday_2021)
[0.626s] DEBUG:colcon.colcon_core.event_handler.log_command:Invoked command in '/home/robot/beka_gau/build/wheelchair_description' returned '0': CMAKE_PREFIX_PATH=${CMAKE_PREFIX_PATH}:/home/robot/beka_gau/install/nav2_simple_commander:/home/robot/beka_gau/install/nav2_gazebo_spawner:/opt/ros/humble /usr/bin/cmake --build /home/robot/beka_gau/build/wheelchair_description -- -j12 -l12
[0.628s] DEBUG:colcon.colcon_core.event_handler.log_command:Invoking command in '/home/robot/beka_gau/build/wheelchair_description': CMAKE_PREFIX_PATH=${CMAKE_PREFIX_PATH}:/home/robot/beka_gau/install/nav2_simple_commander:/home/robot/beka_gau/install/nav2_gazebo_spawner:/opt/ros/humble /usr/bin/cmake --install /home/robot/beka_gau/build/wheelchair_description
[0.642s] Level 1:colcon.colcon_core.environment:create_environment_scripts_only(wheelchair_description)
[0.642s] Level 1:colcon.colcon_core.environment:checking '/home/robot/beka_gau/install/wheelchair_description' for CMake module files
[0.645s] Level 1:colcon.colcon_core.environment:checking '/home/robot/beka_gau/install/wheelchair_description' for CMake config files
[0.646s] DEBUG:colcon.colcon_core.event_handler.log_command:Invoked command in '/home/robot/beka_gau/build/wheelchair_description' returned '0': CMAKE_PREFIX_PATH=${CMAKE_PREFIX_PATH}:/home/robot/beka_gau/install/nav2_simple_commander:/home/robot/beka_gau/install/nav2_gazebo_spawner:/opt/ros/humble /usr/bin/cmake --install /home/robot/beka_gau/build/wheelchair_description
[0.646s] Level 1:colcon.colcon_core.shell:create_environment_hook('wheelchair_description', 'cmake_prefix_path')
[0.646s] INFO:colcon.colcon_core.shell:Creating environment hook '/home/robot/beka_gau/install/wheelchair_description/share/wheelchair_description/hook/cmake_prefix_path.ps1'
[0.647s] INFO:colcon.colcon_core.shell:Creating environment descriptor '/home/robot/beka_gau/install/wheelchair_description/share/wheelchair_description/hook/cmake_prefix_path.dsv'
[0.647s] INFO:colcon.colcon_core.shell:Creating environment hook '/home/robot/beka_gau/install/wheelchair_description/share/wheelchair_description/hook/cmake_prefix_path.sh'
[0.647s] Level 1:colcon.colcon_core.environment:checking '/home/robot/beka_gau/install/wheelchair_description/bin'
[0.647s] Level 1:colcon.colcon_core.environment:checking '/home/robot/beka_gau/install/wheelchair_description/lib/pkgconfig/wheelchair_description.pc'
[0.648s] Level 1:colcon.colcon_core.environment:checking '/home/robot/beka_gau/install/wheelchair_description/lib/python3.10/site-packages'
[0.648s] Level 1:colcon.colcon_core.environment:checking '/home/robot/beka_gau/install/wheelchair_description/bin'
[0.648s] INFO:colcon.colcon_core.shell:Creating package script '/home/robot/beka_gau/install/wheelchair_description/share/wheelchair_description/package.ps1'
[0.648s] INFO:colcon.colcon_core.shell:Creating package descriptor '/home/robot/beka_gau/install/wheelchair_description/share/wheelchair_description/package.dsv'
[0.649s] INFO:colcon.colcon_core.shell:Creating package script '/home/robot/beka_gau/install/wheelchair_description/share/wheelchair_description/package.sh'
[0.649s] INFO:colcon.colcon_core.shell:Creating package script '/home/robot/beka_gau/install/wheelchair_description/share/wheelchair_description/package.bash'
[0.649s] INFO:colcon.colcon_core.shell:Creating package script '/home/robot/beka_gau/install/wheelchair_description/share/wheelchair_description/package.zsh'
[0.650s] Level 1:colcon.colcon_core.environment:create_file_with_runtime_dependencies(/home/robot/beka_gau/install/wheelchair_description/share/colcon-core/packages/wheelchair_description)
[0.650s] Level 1:colcon.colcon_core.environment:create_environment_scripts_only(wheelchair_description)
[0.650s] Level 1:colcon.colcon_core.environment:checking '/home/robot/beka_gau/install/wheelchair_description' for CMake module files
[0.651s] Level 1:colcon.colcon_core.environment:checking '/home/robot/beka_gau/install/wheelchair_description' for CMake config files
[0.651s] Level 1:colcon.colcon_core.shell:create_environment_hook('wheelchair_description', 'cmake_prefix_path')
[0.651s] INFO:colcon.colcon_core.shell:Creating environment hook '/home/robot/beka_gau/install/wheelchair_description/share/wheelchair_description/hook/cmake_prefix_path.ps1'
[0.651s] INFO:colcon.colcon_core.shell:Creating environment descriptor '/home/robot/beka_gau/install/wheelchair_description/share/wheelchair_description/hook/cmake_prefix_path.dsv'
[0.652s] INFO:colcon.colcon_core.shell:Creating environment hook '/home/robot/beka_gau/install/wheelchair_description/share/wheelchair_description/hook/cmake_prefix_path.sh'
[0.652s] Level 1:colcon.colcon_core.environment:checking '/home/robot/beka_gau/install/wheelchair_description/bin'
[0.652s] Level 1:colcon.colcon_core.environment:checking '/home/robot/beka_gau/install/wheelchair_description/lib/pkgconfig/wheelchair_description.pc'
[0.652s] Level 1:colcon.colcon_core.environment:checking '/home/robot/beka_gau/install/wheelchair_description/lib/python3.10/site-packages'
[0.653s] Level 1:colcon.colcon_core.environment:checking '/home/robot/beka_gau/install/wheelchair_description/bin'
[0.653s] INFO:colcon.colcon_core.shell:Creating package script '/home/robot/beka_gau/install/wheelchair_description/share/wheelchair_description/package.ps1'
[0.653s] INFO:colcon.colcon_core.shell:Creating package descriptor '/home/robot/beka_gau/install/wheelchair_description/share/wheelchair_description/package.dsv'
[0.654s] INFO:colcon.colcon_core.shell:Creating package script '/home/robot/beka_gau/install/wheelchair_description/share/wheelchair_description/package.sh'
[0.654s] INFO:colcon.colcon_core.shell:Creating package script '/home/robot/beka_gau/install/wheelchair_description/share/wheelchair_description/package.bash'
[0.654s] INFO:colcon.colcon_core.shell:Creating package script '/home/robot/beka_gau/install/wheelchair_description/share/wheelchair_description/package.zsh'
[0.655s] Level 1:colcon.colcon_core.environment:create_file_with_runtime_dependencies(/home/robot/beka_gau/install/wheelchair_description/share/colcon-core/packages/wheelchair_description)
[0.655s] DEBUG:colcon.colcon_parallel_executor.executor.parallel:closing loop
[0.655s] DEBUG:colcon.colcon_parallel_executor.executor.parallel:loop closed
[0.655s] DEBUG:colcon.colcon_parallel_executor.executor.parallel:run_until_complete finished with '0'
[0.655s] DEBUG:colcon.colcon_core.event_reactor:joining thread
[0.661s] INFO:colcon.colcon_core.plugin_system:Skipping extension 'colcon_notification.desktop_notification.terminal_notifier': Not used on non-Darwin systems
[0.661s] INFO:colcon.colcon_core.plugin_system:Skipping extension 'colcon_notification.desktop_notification.win32': Not used on non-Windows systems
[0.662s] INFO:colcon.colcon_notification.desktop_notification:Sending desktop notification using 'notify2'
[0.672s] DEBUG:colcon.colcon_core.event_reactor:joined thread
[0.672s] INFO:colcon.colcon_core.shell:Creating prefix script '/home/robot/beka_gau/install/local_setup.ps1'
[0.673s] INFO:colcon.colcon_core.shell:Creating prefix util module '/home/robot/beka_gau/install/_local_setup_util_ps1.py'
[0.675s] INFO:colcon.colcon_core.shell:Creating prefix chain script '/home/robot/beka_gau/install/setup.ps1'
[0.677s] INFO:colcon.colcon_core.shell:Creating prefix script '/home/robot/beka_gau/install/local_setup.sh'
[0.677s] INFO:colcon.colcon_core.shell:Creating prefix util module '/home/robot/beka_gau/install/_local_setup_util_sh.py'
[0.678s] INFO:colcon.colcon_core.shell:Creating prefix chain script '/home/robot/beka_gau/install/setup.sh'
[0.679s] INFO:colcon.colcon_core.shell:Creating prefix script '/home/robot/beka_gau/install/local_setup.bash'
[0.679s] INFO:colcon.colcon_core.shell:Creating prefix chain script '/home/robot/beka_gau/install/setup.bash'
[0.681s] INFO:colcon.colcon_core.shell:Creating prefix script '/home/robot/beka_gau/install/local_setup.zsh'
[0.681s] INFO:colcon.colcon_core.shell:Creating prefix chain script '/home/robot/beka_gau/install/setup.zsh'
