[0.039s] Invoking command in '/home/robot/beka_gau/build/nav2_voxel_grid': AMENT_PREFIX_PATH=/home/robot/beka_gau/install/nav2_common:${AMENT_PREFIX_PATH} CMAKE_PREFIX_PATH=/home/robot/beka_gau/install/nav2_common:/home/robot/beka_gau/install/wheelchair_description:/opt/ros/humble PYTHONPATH=/home/robot/beka_gau/install/nav2_common/local/lib/python3.10/dist-packages:${PYTHONPATH} /usr/bin/cmake /home/robot/beka_gau/src/ros-planning/navigation2/nav2_voxel_grid -DCMAKE_INSTALL_PREFIX=/home/robot/beka_gau/install/nav2_voxel_grid
[0.173s] -- The C compiler identification is GNU 11.4.0
[0.317s] -- The CXX compiler identification is GNU 11.4.0
[0.335s] -- Detecting C compiler ABI info
[0.501s] -- Detecting C compiler ABI info - done
[0.528s] -- Check for working C compiler: /usr/bin/cc - skipped
[0.529s] -- Detecting C compile features
[0.530s] -- Detecting C compile features - done
[0.535s] -- Detecting CXX compiler ABI info
[0.703s] -- Detecting CXX compiler ABI info - done
[0.721s] -- Check for working CXX compiler: /usr/bin/c++ - skipped
[0.722s] -- Detecting CXX compile features
[0.723s] -- Detecting CXX compile features - done
[0.734s] -- Found ament_cmake: 1.3.11 (/opt/ros/humble/share/ament_cmake/cmake)
[1.087s] -- Found Python3: /usr/bin/python3 (found version "3.10.12") found components: Interpreter 
[1.311s] -- Found nav2_common: 1.0.12 (/home/robot/beka_gau/install/nav2_common/share/nav2_common/cmake)
[1.314s] -- Found rclcpp: 16.0.11 (/opt/ros/humble/share/rclcpp/cmake)
[1.424s] -- Found rosidl_generator_c: 3.1.6 (/opt/ros/humble/share/rosidl_generator_c/cmake)
[1.436s] -- Found rosidl_adapter: 3.1.6 (/opt/ros/humble/share/rosidl_adapter/cmake)
[1.454s] -- Found rosidl_generator_cpp: 3.1.6 (/opt/ros/humble/share/rosidl_generator_cpp/cmake)
[1.476s] -- Using all available rosidl_typesupport_c: rosidl_typesupport_fastrtps_c;rosidl_typesupport_introspection_c
[1.515s] -- Using all available rosidl_typesupport_cpp: rosidl_typesupport_fastrtps_cpp;rosidl_typesupport_introspection_cpp
[1.619s] -- Found rmw_implementation_cmake: 6.1.2 (/opt/ros/humble/share/rmw_implementation_cmake/cmake)
[1.628s] -- Found rmw_fastrtps_cpp: 6.2.7 (/opt/ros/humble/share/rmw_fastrtps_cpp/cmake)
[1.833s] -- Found OpenSSL: /usr/lib/x86_64-linux-gnu/libcrypto.so (found version "3.0.2")  
[1.902s] -- Found FastRTPS: /opt/ros/humble/include  
[2.001s] -- Using RMW implementation 'rmw_fastrtps_cpp' as default
[2.020s] -- Looking for pthread.h
[2.193s] -- Looking for pthread.h - found
[2.193s] -- Performing Test CMAKE_HAVE_LIBC_PTHREAD
[2.355s] -- Performing Test CMAKE_HAVE_LIBC_PTHREAD - Success
[2.357s] -- Found Threads: TRUE  
[2.506s] -- Setting build type to Release as none was specified.
[2.515s] -- Found ament_lint_auto: 0.12.11 (/opt/ros/humble/share/ament_lint_auto/cmake)
[2.756s] -- Found gtest sources under '/opt/ros/humble/src/gtest_vendor': C++ tests using 'Google Test' will be built
[2.785s] -- Added test 'cppcheck' to perform static code analysis on C / C++ code
[2.786s] -- Configured cppcheck include dirs: /home/robot/beka_gau/src/ros-planning/navigation2/nav2_voxel_grid/include
[2.786s] -- Configured cppcheck exclude dirs and/or files: 
[2.788s] -- Added test 'cpplint' to check C / C++ code against the Google style
[2.788s] -- Configured cpplint exclude dirs and/or files: 
[2.790s] -- Added test 'lint_cmake' to check CMake code style
[2.797s] -- Added test 'uncrustify' to check C / C++ code style
[2.798s] -- Configured uncrustify additional arguments: 
[2.799s] -- Added test 'xmllint' to check XML markup files
[2.806s] -- Configuring done
[2.868s] -- Generating done
[2.890s] -- Build files have been written to: /home/robot/beka_gau/build/nav2_voxel_grid
[2.928s] Invoked command in '/home/robot/beka_gau/build/nav2_voxel_grid' returned '0': AMENT_PREFIX_PATH=/home/robot/beka_gau/install/nav2_common:${AMENT_PREFIX_PATH} CMAKE_PREFIX_PATH=/home/robot/beka_gau/install/nav2_common:/home/robot/beka_gau/install/wheelchair_description:/opt/ros/humble PYTHONPATH=/home/robot/beka_gau/install/nav2_common/local/lib/python3.10/dist-packages:${PYTHONPATH} /usr/bin/cmake /home/robot/beka_gau/src/ros-planning/navigation2/nav2_voxel_grid -DCMAKE_INSTALL_PREFIX=/home/robot/beka_gau/install/nav2_voxel_grid
[2.930s] Invoking command in '/home/robot/beka_gau/build/nav2_voxel_grid': AMENT_PREFIX_PATH=/home/robot/beka_gau/install/nav2_common:${AMENT_PREFIX_PATH} CMAKE_PREFIX_PATH=/home/robot/beka_gau/install/nav2_common:/home/robot/beka_gau/install/wheelchair_description:/opt/ros/humble PYTHONPATH=/home/robot/beka_gau/install/nav2_common/local/lib/python3.10/dist-packages:${PYTHONPATH} /usr/bin/cmake --build /home/robot/beka_gau/build/nav2_voxel_grid -- -j12 -l12
[3.068s] [ 10%] [32mBuilding CXX object CMakeFiles/voxel_grid.dir/src/voxel_grid.cpp.o[0m
[3.069s] [ 20%] [32mBuilding CXX object gtest/CMakeFiles/gtest_main.dir/src/gtest_main.cc.o[0m
[3.076s] [ 30%] [32mBuilding CXX object gtest/CMakeFiles/gtest.dir/src/gtest-all.cc.o[0m
[8.450s] [ 40%] [32m[1mLinking CXX static library libgtest_main.a[0m
[8.588s] [ 40%] Built target gtest_main
[15.825s] [ 50%] [32m[1mLinking CXX shared library libvoxel_grid.so[0m
[16.154s] [ 50%] Built target voxel_grid
[34.388s] [ 60%] [32m[1mLinking CXX static library libgtest.a[0m
[34.579s] [ 60%] Built target gtest
[34.660s] [ 70%] [32mBuilding CXX object test/CMakeFiles/voxel_grid_tests.dir/voxel_grid_tests.cpp.o[0m
[49.370s] [ 80%] [32m[1mLinking CXX executable voxel_grid_tests[0m
[49.734s] [ 80%] Built target voxel_grid_tests
[49.787s] [ 90%] [32mBuilding CXX object test/CMakeFiles/voxel_grid_bresenham_3d.dir/voxel_grid_bresenham_3d.cpp.o[0m
[60.859s] [100%] [32m[1mLinking CXX executable voxel_grid_bresenham_3d[0m
[61.190s] [100%] Built target voxel_grid_bresenham_3d
[61.211s] Invoked command in '/home/robot/beka_gau/build/nav2_voxel_grid' returned '0': AMENT_PREFIX_PATH=/home/robot/beka_gau/install/nav2_common:${AMENT_PREFIX_PATH} CMAKE_PREFIX_PATH=/home/robot/beka_gau/install/nav2_common:/home/robot/beka_gau/install/wheelchair_description:/opt/ros/humble PYTHONPATH=/home/robot/beka_gau/install/nav2_common/local/lib/python3.10/dist-packages:${PYTHONPATH} /usr/bin/cmake --build /home/robot/beka_gau/build/nav2_voxel_grid -- -j12 -l12
[61.214s] Invoking command in '/home/robot/beka_gau/build/nav2_voxel_grid': AMENT_PREFIX_PATH=/home/robot/beka_gau/install/nav2_common:${AMENT_PREFIX_PATH} CMAKE_PREFIX_PATH=/home/robot/beka_gau/install/nav2_common:/home/robot/beka_gau/install/wheelchair_description:/opt/ros/humble PYTHONPATH=/home/robot/beka_gau/install/nav2_common/local/lib/python3.10/dist-packages:${PYTHONPATH} /usr/bin/cmake --install /home/robot/beka_gau/build/nav2_voxel_grid
[61.231s] -- Install configuration: "Release"
[61.232s] -- Installing: /home/robot/beka_gau/install/nav2_voxel_grid/lib/libvoxel_grid.so
[61.232s] -- Set runtime path of "/home/robot/beka_gau/install/nav2_voxel_grid/lib/libvoxel_grid.so" to ""
[61.233s] -- Installing: /home/robot/beka_gau/install/nav2_voxel_grid/include
[61.233s] -- Installing: /home/robot/beka_gau/install/nav2_voxel_grid/include/nav2_voxel_grid
[61.233s] -- Installing: /home/robot/beka_gau/install/nav2_voxel_grid/include/nav2_voxel_grid/voxel_grid.hpp
[61.233s] -- Installing: /home/robot/beka_gau/install/nav2_voxel_grid/share/nav2_voxel_grid/environment/library_path.sh
[61.233s] -- Installing: /home/robot/beka_gau/install/nav2_voxel_grid/share/nav2_voxel_grid/environment/library_path.dsv
[61.233s] -- Installing: /home/robot/beka_gau/install/nav2_voxel_grid/share/ament_index/resource_index/package_run_dependencies/nav2_voxel_grid
[61.234s] -- Installing: /home/robot/beka_gau/install/nav2_voxel_grid/share/ament_index/resource_index/parent_prefix_path/nav2_voxel_grid
[61.237s] -- Installing: /home/robot/beka_gau/install/nav2_voxel_grid/share/nav2_voxel_grid/environment/ament_prefix_path.sh
[61.238s] -- Installing: /home/robot/beka_gau/install/nav2_voxel_grid/share/nav2_voxel_grid/environment/ament_prefix_path.dsv
[61.238s] -- Installing: /home/robot/beka_gau/install/nav2_voxel_grid/share/nav2_voxel_grid/environment/path.sh
[61.238s] -- Installing: /home/robot/beka_gau/install/nav2_voxel_grid/share/nav2_voxel_grid/environment/path.dsv
[61.239s] -- Installing: /home/robot/beka_gau/install/nav2_voxel_grid/share/nav2_voxel_grid/local_setup.bash
[61.240s] -- Installing: /home/robot/beka_gau/install/nav2_voxel_grid/share/nav2_voxel_grid/local_setup.sh
[61.240s] -- Installing: /home/robot/beka_gau/install/nav2_voxel_grid/share/nav2_voxel_grid/local_setup.zsh
[61.240s] -- Installing: /home/robot/beka_gau/install/nav2_voxel_grid/share/nav2_voxel_grid/local_setup.dsv
[61.240s] -- Installing: /home/robot/beka_gau/install/nav2_voxel_grid/share/nav2_voxel_grid/package.dsv
[61.241s] -- Installing: /home/robot/beka_gau/install/nav2_voxel_grid/share/ament_index/resource_index/packages/nav2_voxel_grid
[61.241s] -- Installing: /home/robot/beka_gau/install/nav2_voxel_grid/share/nav2_voxel_grid/cmake/ament_cmake_export_dependencies-extras.cmake
[61.241s] -- Installing: /home/robot/beka_gau/install/nav2_voxel_grid/share/nav2_voxel_grid/cmake/ament_cmake_export_include_directories-extras.cmake
[61.241s] -- Installing: /home/robot/beka_gau/install/nav2_voxel_grid/share/nav2_voxel_grid/cmake/ament_cmake_export_libraries-extras.cmake
[61.242s] -- Installing: /home/robot/beka_gau/install/nav2_voxel_grid/share/nav2_voxel_grid/cmake/nav2_voxel_gridConfig.cmake
[61.242s] -- Installing: /home/robot/beka_gau/install/nav2_voxel_grid/share/nav2_voxel_grid/cmake/nav2_voxel_gridConfig-version.cmake
[61.244s] -- Installing: /home/robot/beka_gau/install/nav2_voxel_grid/share/nav2_voxel_grid/package.xml
[61.249s] Invoked command in '/home/robot/beka_gau/build/nav2_voxel_grid' returned '0': AMENT_PREFIX_PATH=/home/robot/beka_gau/install/nav2_common:${AMENT_PREFIX_PATH} CMAKE_PREFIX_PATH=/home/robot/beka_gau/install/nav2_common:/home/robot/beka_gau/install/wheelchair_description:/opt/ros/humble PYTHONPATH=/home/robot/beka_gau/install/nav2_common/local/lib/python3.10/dist-packages:${PYTHONPATH} /usr/bin/cmake --install /home/robot/beka_gau/build/nav2_voxel_grid
