[0.050s] Invoking command in '/home/robot/beka_gau/build/nav2_common': CMAKE_PREFIX_PATH=${CMAKE_PREFIX_PATH}:/opt/ros/humble /usr/bin/cmake /home/robot/beka_gau/src/ros-planning/navigation2/nav2_common -DCMAKE_INSTALL_PREFIX=/home/robot/beka_gau/install/nav2_common
[0.081s] -- Found ament_cmake_core: 1.3.11 (/opt/ros/humble/share/ament_cmake_core/cmake)
[0.469s] -- Found Python3: /usr/bin/python3 (found version "3.10.12") found components: Interpreter 
[0.647s] -- Found ament_cmake_python: 1.3.11 (/opt/ros/humble/share/ament_cmake_python/cmake)
[1.032s] -- Configuring done
[1.043s] -- Generating done
[1.045s] -- Build files have been written to: /home/robot/beka_gau/build/nav2_common
[1.053s] Invoked command in '/home/robot/beka_gau/build/nav2_common' returned '0': CMAKE_PREFIX_PATH=${CMAKE_PREFIX_PATH}:/opt/ros/humble /usr/bin/cmake /home/robot/beka_gau/src/ros-planning/navigation2/nav2_common -DCMAKE_INSTALL_PREFIX=/home/robot/beka_gau/install/nav2_common
[1.056s] Invoking command in '/home/robot/beka_gau/build/nav2_common': CMAKE_PREFIX_PATH=${CMAKE_PREFIX_PATH}:/opt/ros/humble /usr/bin/cmake --build /home/robot/beka_gau/build/nav2_common -- -j12 -l12
[1.178s] Built target ament_cmake_python_copy_nav2_common
[1.848s] running egg_info
[1.849s] creating nav2_common.egg-info
[1.852s] writing nav2_common.egg-info/PKG-INFO
[1.853s] writing dependency_links to nav2_common.egg-info/dependency_links.txt
[1.853s] writing top-level names to nav2_common.egg-info/top_level.txt
[1.854s] writing manifest file 'nav2_common.egg-info/SOURCES.txt'
[1.859s] reading manifest file 'nav2_common.egg-info/SOURCES.txt'
[1.860s] writing manifest file 'nav2_common.egg-info/SOURCES.txt'
[1.937s] Built target ament_cmake_python_build_nav2_common_egg
[1.962s] Invoked command in '/home/robot/beka_gau/build/nav2_common' returned '0': CMAKE_PREFIX_PATH=${CMAKE_PREFIX_PATH}:/opt/ros/humble /usr/bin/cmake --build /home/robot/beka_gau/build/nav2_common -- -j12 -l12
[1.985s] Invoking command in '/home/robot/beka_gau/build/nav2_common': CMAKE_PREFIX_PATH=${CMAKE_PREFIX_PATH}:/opt/ros/humble /usr/bin/cmake --install /home/robot/beka_gau/build/nav2_common
[1.999s] -- Install configuration: ""
[1.999s] -- Installing: /home/robot/beka_gau/install/nav2_common/share/nav2_common/environment/pythonpath.sh
[2.000s] -- Installing: /home/robot/beka_gau/install/nav2_common/share/nav2_common/environment/pythonpath.dsv
[2.000s] -- Installing: /home/robot/beka_gau/install/nav2_common/local/lib/python3.10/dist-packages/nav2_common-1.0.12-py3.10.egg-info
[2.000s] -- Installing: /home/robot/beka_gau/install/nav2_common/local/lib/python3.10/dist-packages/nav2_common-1.0.12-py3.10.egg-info/top_level.txt
[2.000s] -- Installing: /home/robot/beka_gau/install/nav2_common/local/lib/python3.10/dist-packages/nav2_common-1.0.12-py3.10.egg-info/PKG-INFO
[2.001s] -- Installing: /home/robot/beka_gau/install/nav2_common/local/lib/python3.10/dist-packages/nav2_common-1.0.12-py3.10.egg-info/SOURCES.txt
[2.001s] -- Installing: /home/robot/beka_gau/install/nav2_common/local/lib/python3.10/dist-packages/nav2_common-1.0.12-py3.10.egg-info/dependency_links.txt
[2.001s] -- Installing: /home/robot/beka_gau/install/nav2_common/local/lib/python3.10/dist-packages/nav2_common
[2.001s] -- Installing: /home/robot/beka_gau/install/nav2_common/local/lib/python3.10/dist-packages/nav2_common/launch
[2.002s] -- Installing: /home/robot/beka_gau/install/nav2_common/local/lib/python3.10/dist-packages/nav2_common/launch/rewritten_yaml.py
[2.002s] -- Installing: /home/robot/beka_gau/install/nav2_common/local/lib/python3.10/dist-packages/nav2_common/launch/replace_string.py
[2.002s] -- Installing: /home/robot/beka_gau/install/nav2_common/local/lib/python3.10/dist-packages/nav2_common/launch/__init__.py
[2.002s] -- Installing: /home/robot/beka_gau/install/nav2_common/local/lib/python3.10/dist-packages/nav2_common/launch/has_node_params.py
[2.003s] -- Installing: /home/robot/beka_gau/install/nav2_common/local/lib/python3.10/dist-packages/nav2_common/__init__.py
[2.088s] Listing '/home/robot/beka_gau/install/nav2_common/local/lib/python3.10/dist-packages/nav2_common'...
[2.088s] Compiling '/home/robot/beka_gau/install/nav2_common/local/lib/python3.10/dist-packages/nav2_common/__init__.py'...
[2.088s] Listing '/home/robot/beka_gau/install/nav2_common/local/lib/python3.10/dist-packages/nav2_common/launch'...
[2.088s] Compiling '/home/robot/beka_gau/install/nav2_common/local/lib/python3.10/dist-packages/nav2_common/launch/__init__.py'...
[2.088s] Compiling '/home/robot/beka_gau/install/nav2_common/local/lib/python3.10/dist-packages/nav2_common/launch/has_node_params.py'...
[2.089s] Compiling '/home/robot/beka_gau/install/nav2_common/local/lib/python3.10/dist-packages/nav2_common/launch/replace_string.py'...
[2.089s] Compiling '/home/robot/beka_gau/install/nav2_common/local/lib/python3.10/dist-packages/nav2_common/launch/rewritten_yaml.py'...
[2.102s] -- Installing: /home/robot/beka_gau/install/nav2_common/share/ament_index/resource_index/package_run_dependencies/nav2_common
[2.102s] -- Installing: /home/robot/beka_gau/install/nav2_common/share/ament_index/resource_index/parent_prefix_path/nav2_common
[2.102s] -- Installing: /home/robot/beka_gau/install/nav2_common/share/nav2_common/environment/ament_prefix_path.sh
[2.103s] -- Installing: /home/robot/beka_gau/install/nav2_common/share/nav2_common/environment/ament_prefix_path.dsv
[2.103s] -- Installing: /home/robot/beka_gau/install/nav2_common/share/nav2_common/environment/path.sh
[2.103s] -- Installing: /home/robot/beka_gau/install/nav2_common/share/nav2_common/environment/path.dsv
[2.105s] -- Installing: /home/robot/beka_gau/install/nav2_common/share/nav2_common/local_setup.bash
[2.107s] -- Installing: /home/robot/beka_gau/install/nav2_common/share/nav2_common/local_setup.sh
[2.109s] -- Installing: /home/robot/beka_gau/install/nav2_common/share/nav2_common/local_setup.zsh
[2.109s] -- Installing: /home/robot/beka_gau/install/nav2_common/share/nav2_common/local_setup.dsv
[2.110s] -- Installing: /home/robot/beka_gau/install/nav2_common/share/nav2_common/package.dsv
[2.110s] -- Installing: /home/robot/beka_gau/install/nav2_common/share/ament_index/resource_index/packages/nav2_common
[2.110s] -- Installing: /home/robot/beka_gau/install/nav2_common/share/nav2_common/cmake/nav2_common-extras.cmake
[2.111s] -- Installing: /home/robot/beka_gau/install/nav2_common/share/nav2_common/cmake/nav2_commonConfig.cmake
[2.111s] -- Installing: /home/robot/beka_gau/install/nav2_common/share/nav2_common/cmake/nav2_commonConfig-version.cmake
[2.111s] -- Installing: /home/robot/beka_gau/install/nav2_common/share/nav2_common/package.xml
[2.111s] -- Up-to-date: /home/robot/beka_gau/install/nav2_common/share/nav2_common/cmake
[2.112s] -- Installing: /home/robot/beka_gau/install/nav2_common/share/nav2_common/cmake/nav2_package.cmake
[2.115s] Invoked command in '/home/robot/beka_gau/build/nav2_common' returned '0': CMAKE_PREFIX_PATH=${CMAKE_PREFIX_PATH}:/opt/ros/humble /usr/bin/cmake --install /home/robot/beka_gau/build/nav2_common
