[0.874s] Invoking command in '/home/robot/beka_gau/src/my_python_pkg': PYTHONPATH=/home/robot/beka_gau/build/my_python_pkg/prefix_override:/usr/lib/python3/dist-packages/colcon_core/task/python/colcon_distutils_commands:/home/robot/beka_gau/install/my_python_pkg/lib/python3.10/site-packages:${PYTHONPATH} /usr/bin/python3 -W ignore:setup.py install is deprecated -W ignore:easy_install command is deprecated setup.py egg_info --egg-base ../../build/my_python_pkg build --build-base /home/robot/beka_gau/build/my_python_pkg/build install --record /home/robot/beka_gau/build/my_python_pkg/install.log --single-version-externally-managed install_data
[1.099s] running egg_info
[1.100s] creating ../../build/my_python_pkg/my_python_pkg.egg-info
[1.100s] writing ../../build/my_python_pkg/my_python_pkg.egg-info/PKG-INFO
[1.100s] writing dependency_links to ../../build/my_python_pkg/my_python_pkg.egg-info/dependency_links.txt
[1.100s] writing entry points to ../../build/my_python_pkg/my_python_pkg.egg-info/entry_points.txt
[1.100s] writing requirements to ../../build/my_python_pkg/my_python_pkg.egg-info/requires.txt
[1.100s] writing top-level names to ../../build/my_python_pkg/my_python_pkg.egg-info/top_level.txt
[1.100s] writing manifest file '../../build/my_python_pkg/my_python_pkg.egg-info/SOURCES.txt'
[1.102s] reading manifest file '../../build/my_python_pkg/my_python_pkg.egg-info/SOURCES.txt'
[1.102s] writing manifest file '../../build/my_python_pkg/my_python_pkg.egg-info/SOURCES.txt'
[1.103s] running build
[1.103s] running build_py
[1.103s] creating /home/robot/beka_gau/build/my_python_pkg/build
[1.103s] creating /home/robot/beka_gau/build/my_python_pkg/build/lib
[1.103s] creating /home/robot/beka_gau/build/my_python_pkg/build/lib/my_python_pkg
[1.103s] copying my_python_pkg/udp_twist_bridge.py -> /home/robot/beka_gau/build/my_python_pkg/build/lib/my_python_pkg
[1.103s] copying my_python_pkg/__init__.py -> /home/robot/beka_gau/build/my_python_pkg/build/lib/my_python_pkg
[1.103s] running install
[1.103s] running install_lib
[1.104s] creating /home/robot/beka_gau/install/my_python_pkg/lib/python3.10/site-packages/my_python_pkg
[1.104s] copying /home/robot/beka_gau/build/my_python_pkg/build/lib/my_python_pkg/udp_twist_bridge.py -> /home/robot/beka_gau/install/my_python_pkg/lib/python3.10/site-packages/my_python_pkg
[1.104s] copying /home/robot/beka_gau/build/my_python_pkg/build/lib/my_python_pkg/__init__.py -> /home/robot/beka_gau/install/my_python_pkg/lib/python3.10/site-packages/my_python_pkg
[1.104s] byte-compiling /home/robot/beka_gau/install/my_python_pkg/lib/python3.10/site-packages/my_python_pkg/udp_twist_bridge.py to udp_twist_bridge.cpython-310.pyc
[1.105s] byte-compiling /home/robot/beka_gau/install/my_python_pkg/lib/python3.10/site-packages/my_python_pkg/__init__.py to __init__.cpython-310.pyc
[1.105s] running install_data
[1.105s] creating /home/robot/beka_gau/install/my_python_pkg/share/ament_index
[1.105s] creating /home/robot/beka_gau/install/my_python_pkg/share/ament_index/resource_index
[1.105s] creating /home/robot/beka_gau/install/my_python_pkg/share/ament_index/resource_index/packages
[1.105s] copying resource/my_python_pkg -> /home/robot/beka_gau/install/my_python_pkg/share/ament_index/resource_index/packages
[1.105s] copying package.xml -> /home/robot/beka_gau/install/my_python_pkg/share/my_python_pkg
[1.105s] running install_egg_info
[1.107s] Copying ../../build/my_python_pkg/my_python_pkg.egg-info to /home/robot/beka_gau/install/my_python_pkg/lib/python3.10/site-packages/my_python_pkg-0.0.0-py3.10.egg-info
[1.108s] running install_scripts
[1.126s] Installing udp_twist script to /home/robot/beka_gau/install/my_python_pkg/lib/my_python_pkg
[1.126s] writing list of installed files to '/home/robot/beka_gau/build/my_python_pkg/install.log'
[1.146s] Invoked command in '/home/robot/beka_gau/src/my_python_pkg' returned '0': PYTHONPATH=/home/robot/beka_gau/build/my_python_pkg/prefix_override:/usr/lib/python3/dist-packages/colcon_core/task/python/colcon_distutils_commands:/home/robot/beka_gau/install/my_python_pkg/lib/python3.10/site-packages:${PYTHONPATH} /usr/bin/python3 -W ignore:setup.py install is deprecated -W ignore:easy_install command is deprecated setup.py egg_info --egg-base ../../build/my_python_pkg build --build-base /home/robot/beka_gau/build/my_python_pkg/build install --record /home/robot/beka_gau/build/my_python_pkg/install.log --single-version-externally-managed install_data
