[0.032s] Invoking command in '/home/robot/beka_gau/build/dwb_msgs': AMENT_PREFIX_PATH=/home/robot/beka_gau/install/nav_2d_msgs:${AMENT_PREFIX_PATH} CMAKE_PREFIX_PATH=/home/robot/beka_gau/install/nav_2d_msgs:/home/robot/beka_gau/install/wheelchair_description:/opt/ros/humble LD_LIBRARY_PATH=/home/robot/beka_gau/install/nav_2d_msgs/lib:${LD_LIBRARY_PATH} PYTHONPATH=/home/robot/beka_gau/install/nav_2d_msgs/local/lib/python3.10/dist-packages:${PYTHONPATH} /usr/bin/cmake /home/robot/beka_gau/src/ros-planning/navigation2/nav2_dwb_controller/dwb_msgs -DCMAKE_INSTALL_PREFIX=/home/robot/beka_gau/install/dwb_msgs
[0.179s] -- The C compiler identification is GNU 11.4.0
[0.322s] -- The CXX compiler identification is GNU 11.4.0
[0.338s] -- Detecting C compiler ABI info
[0.513s] -- Detecting C compiler ABI info - done
[0.535s] -- Check for working C compiler: /usr/bin/cc - skipped
[0.536s] -- Detecting C compile features
[0.537s] -- Detecting C compile features - done
[0.544s] -- Detecting CXX compiler ABI info
[0.738s] -- Detecting CXX compiler ABI info - done
[0.768s] -- Check for working CXX compiler: /usr/bin/c++ - skipped
[0.769s] -- Detecting CXX compile features
[0.769s] -- Detecting CXX compile features - done
[0.773s] -- Found builtin_interfaces: 1.2.1 (/opt/ros/humble/share/builtin_interfaces/cmake)
[1.167s] -- Found Python3: /usr/bin/python3 (found version "3.10.12") found components: Interpreter 
[1.470s] -- Found rosidl_generator_c: 3.1.6 (/opt/ros/humble/share/rosidl_generator_c/cmake)
[1.486s] -- Found rosidl_adapter: 3.1.6 (/opt/ros/humble/share/rosidl_adapter/cmake)
[1.505s] -- Found rosidl_generator_cpp: 3.1.6 (/opt/ros/humble/share/rosidl_generator_cpp/cmake)
[1.539s] -- Using all available rosidl_typesupport_c: rosidl_typesupport_fastrtps_c;rosidl_typesupport_introspection_c
[1.583s] -- Using all available rosidl_typesupport_cpp: rosidl_typesupport_fastrtps_cpp;rosidl_typesupport_introspection_cpp
[1.617s] -- Found geometry_msgs: 4.2.4 (/opt/ros/humble/share/geometry_msgs/cmake)
[1.687s] -- Found nav_2d_msgs: 1.0.12 (/home/robot/beka_gau/install/nav_2d_msgs/share/nav_2d_msgs/cmake)
[1.725s] -- Found nav_msgs: 4.2.4 (/opt/ros/humble/share/nav_msgs/cmake)
[1.775s] -- Found rosidl_default_generators: 1.2.0 (/opt/ros/humble/share/rosidl_default_generators/cmake)
[2.716s] -- Found ament_cmake_ros: 0.10.0 (/opt/ros/humble/share/ament_cmake_ros/cmake)
[3.897s] -- Using all available rosidl_typesupport_c: rosidl_typesupport_fastrtps_c;rosidl_typesupport_introspection_c
[4.294s] -- Using all available rosidl_typesupport_cpp: rosidl_typesupport_fastrtps_cpp;rosidl_typesupport_introspection_cpp
[4.351s] -- Found PythonInterp: /usr/bin/python3 (found suitable version "3.10.12", minimum required is "3.6") 
[4.355s] -- Found python_cmake_module: 0.10.0 (/opt/ros/humble/share/python_cmake_module/cmake)
[4.403s] -- Found PythonLibs: /usr/lib/x86_64-linux-gnu/libpython3.10.so (found suitable version "3.10.12", minimum required is "3.5") 
[4.403s] -- Using PYTHON_EXECUTABLE: /usr/bin/python3
[4.404s] -- Using PYTHON_INCLUDE_DIRS: /usr/include/python3.10
[4.404s] -- Using PYTHON_LIBRARIES: /usr/lib/x86_64-linux-gnu/libpython3.10.so
[4.451s] -- Found PythonExtra: .so  
[4.627s] -- Configuring done
[4.723s] -- Generating done
[4.751s] -- Build files have been written to: /home/robot/beka_gau/build/dwb_msgs
[4.776s] Invoked command in '/home/robot/beka_gau/build/dwb_msgs' returned '0': AMENT_PREFIX_PATH=/home/robot/beka_gau/install/nav_2d_msgs:${AMENT_PREFIX_PATH} CMAKE_PREFIX_PATH=/home/robot/beka_gau/install/nav_2d_msgs:/home/robot/beka_gau/install/wheelchair_description:/opt/ros/humble LD_LIBRARY_PATH=/home/robot/beka_gau/install/nav_2d_msgs/lib:${LD_LIBRARY_PATH} PYTHONPATH=/home/robot/beka_gau/install/nav_2d_msgs/local/lib/python3.10/dist-packages:${PYTHONPATH} /usr/bin/cmake /home/robot/beka_gau/src/ros-planning/navigation2/nav2_dwb_controller/dwb_msgs -DCMAKE_INSTALL_PREFIX=/home/robot/beka_gau/install/dwb_msgs
[4.779s] Invoking command in '/home/robot/beka_gau/build/dwb_msgs': AMENT_PREFIX_PATH=/home/robot/beka_gau/install/nav_2d_msgs:${AMENT_PREFIX_PATH} CMAKE_PREFIX_PATH=/home/robot/beka_gau/install/nav_2d_msgs:/home/robot/beka_gau/install/wheelchair_description:/opt/ros/humble LD_LIBRARY_PATH=/home/robot/beka_gau/install/nav_2d_msgs/lib:${LD_LIBRARY_PATH} PYTHONPATH=/home/robot/beka_gau/install/nav_2d_msgs/local/lib/python3.10/dist-packages:${PYTHONPATH} /usr/bin/cmake --build /home/robot/beka_gau/build/dwb_msgs -- -j12 -l12
[4.888s] [  1%] [34m[1mGenerating C code for ROS interfaces[0m
[4.916s] [  2%] [34m[1mGenerating C++ code for ROS interfaces[0m
[4.943s] [  2%] Built target ament_cmake_python_copy_dwb_msgs
[5.808s] running egg_info
[5.813s] creating dwb_msgs.egg-info
[5.813s] writing dwb_msgs.egg-info/PKG-INFO
[5.813s] writing dependency_links to dwb_msgs.egg-info/dependency_links.txt
[5.813s] writing top-level names to dwb_msgs.egg-info/top_level.txt
[5.813s] writing manifest file 'dwb_msgs.egg-info/SOURCES.txt'
[5.823s] reading manifest file 'dwb_msgs.egg-info/SOURCES.txt'
[5.826s] writing manifest file 'dwb_msgs.egg-info/SOURCES.txt'
[5.992s] [  2%] Built target ament_cmake_python_build_dwb_msgs_egg
[10.455s] [  3%] [32mBuilding C object CMakeFiles/dwb_msgs__rosidl_generator_c.dir/rosidl_generator_c/dwb_msgs/msg/detail/critic_score__functions.c.o[0m
[10.461s] [  4%] [32mBuilding C object CMakeFiles/dwb_msgs__rosidl_generator_c.dir/rosidl_generator_c/dwb_msgs/msg/detail/local_plan_evaluation__functions.c.o[0m
[10.469s] [  5%] [32mBuilding C object CMakeFiles/dwb_msgs__rosidl_generator_c.dir/rosidl_generator_c/dwb_msgs/msg/detail/trajectory2_d__functions.c.o[0m
[10.509s] [  6%] [32mBuilding C object CMakeFiles/dwb_msgs__rosidl_generator_c.dir/rosidl_generator_c/dwb_msgs/msg/detail/trajectory_score__functions.c.o[0m
[10.511s] [  7%] [32mBuilding C object CMakeFiles/dwb_msgs__rosidl_generator_c.dir/rosidl_generator_c/dwb_msgs/srv/detail/get_critic_score__functions.c.o[0m
[10.512s] [  8%] [32mBuilding C object CMakeFiles/dwb_msgs__rosidl_generator_c.dir/rosidl_generator_c/dwb_msgs/srv/detail/generate_twists__functions.c.o[0m
[10.513s] [  9%] [32mBuilding C object CMakeFiles/dwb_msgs__rosidl_generator_c.dir/rosidl_generator_c/dwb_msgs/srv/detail/score_trajectory__functions.c.o[0m
[10.516s] [ 10%] [32mBuilding C object CMakeFiles/dwb_msgs__rosidl_generator_c.dir/rosidl_generator_c/dwb_msgs/srv/detail/generate_trajectory__functions.c.o[0m
[10.522s] [ 11%] [32mBuilding C object CMakeFiles/dwb_msgs__rosidl_generator_c.dir/rosidl_generator_c/dwb_msgs/srv/detail/debug_local_plan__functions.c.o[0m
[10.546s] [ 11%] Built target dwb_msgs__cpp
[10.612s] [ 12%] [34m[1mGenerating C++ type support for eProsima Fast-RTPS[0m
[10.626s] [ 13%] [34m[1mGenerating C++ type support dispatch for ROS interfaces[0m
[10.670s] [ 14%] [34m[1mGenerating C++ introspection for ROS interfaces[0m
[10.931s] [ 15%] [32m[1mLinking C shared library libdwb_msgs__rosidl_generator_c.so[0m
[11.091s] [ 15%] Built target dwb_msgs__rosidl_generator_c
[11.134s] [ 16%] [34m[1mGenerating C introspection for ROS interfaces[0m
[11.138s] [ 17%] [34m[1mGenerating C type support for eProsima Fast-RTPS[0m
[11.173s] [ 18%] [34m[1mGenerating C type support dispatch for ROS interfaces[0m
[14.249s] [ 20%] [32mBuilding CXX object CMakeFiles/dwb_msgs__rosidl_typesupport_c.dir/rosidl_typesupport_c/dwb_msgs/msg/critic_score__type_support.cpp.o[0m
[14.250s] [ 21%] [32mBuilding CXX object CMakeFiles/dwb_msgs__rosidl_typesupport_c.dir/rosidl_typesupport_c/dwb_msgs/msg/local_plan_evaluation__type_support.cpp.o[0m
[14.272s] [ 22%] [32mBuilding CXX object CMakeFiles/dwb_msgs__rosidl_typesupport_c.dir/rosidl_typesupport_c/dwb_msgs/msg/trajectory2_d__type_support.cpp.o[0m
[14.457s] [ 23%] [32mBuilding CXX object CMakeFiles/dwb_msgs__rosidl_typesupport_c.dir/rosidl_typesupport_c/dwb_msgs/srv/generate_trajectory__type_support.cpp.o[0m
[14.458s] [ 24%] [32mBuilding CXX object CMakeFiles/dwb_msgs__rosidl_typesupport_c.dir/rosidl_typesupport_c/dwb_msgs/srv/generate_twists__type_support.cpp.o[0m
[14.460s] [ 25%] [32mBuilding CXX object CMakeFiles/dwb_msgs__rosidl_typesupport_c.dir/rosidl_typesupport_c/dwb_msgs/srv/debug_local_plan__type_support.cpp.o[0m
[14.647s] [ 26%] [32mBuilding CXX object CMakeFiles/dwb_msgs__rosidl_typesupport_c.dir/rosidl_typesupport_c/dwb_msgs/msg/trajectory_score__type_support.cpp.o[0m
[14.651s] [ 27%] [32mBuilding CXX object CMakeFiles/dwb_msgs__rosidl_typesupport_c.dir/rosidl_typesupport_c/dwb_msgs/srv/get_critic_score__type_support.cpp.o[0m
[14.679s] [ 28%] [32mBuilding CXX object CMakeFiles/dwb_msgs__rosidl_typesupport_c.dir/rosidl_typesupport_c/dwb_msgs/srv/score_trajectory__type_support.cpp.o[0m
[14.766s] [ 29%] [32mBuilding CXX object CMakeFiles/dwb_msgs__rosidl_typesupport_cpp.dir/rosidl_typesupport_cpp/dwb_msgs/msg/trajectory2_d__type_support.cpp.o[0m
[14.774s] [ 30%] [32mBuilding CXX object CMakeFiles/dwb_msgs__rosidl_typesupport_cpp.dir/rosidl_typesupport_cpp/dwb_msgs/msg/local_plan_evaluation__type_support.cpp.o[0m
[14.776s] [ 31%] [32mBuilding CXX object CMakeFiles/dwb_msgs__rosidl_typesupport_cpp.dir/rosidl_typesupport_cpp/dwb_msgs/msg/critic_score__type_support.cpp.o[0m
[14.844s] [ 32%] [32m[1mLinking CXX shared library libdwb_msgs__rosidl_typesupport_c.so[0m
[14.899s] [ 33%] [32mBuilding CXX object CMakeFiles/dwb_msgs__rosidl_typesupport_introspection_cpp.dir/rosidl_typesupport_introspection_cpp/dwb_msgs/msg/detail/critic_score__type_support.cpp.o[0m
[15.144s] [ 33%] Built target dwb_msgs__rosidl_typesupport_c
[16.000s] [ 34%] [32mBuilding CXX object CMakeFiles/dwb_msgs__rosidl_typesupport_fastrtps_cpp.dir/rosidl_typesupport_fastrtps_cpp/dwb_msgs/msg/detail/dds_fastrtps/critic_score__type_support.cpp.o[0m
[16.037s] [ 35%] [32mBuilding C object CMakeFiles/dwb_msgs__rosidl_typesupport_introspection_c.dir/rosidl_typesupport_introspection_c/dwb_msgs/msg/detail/critic_score__type_support.c.o[0m
[16.241s] [ 36%] [32mBuilding CXX object CMakeFiles/dwb_msgs__rosidl_typesupport_cpp.dir/rosidl_typesupport_cpp/dwb_msgs/srv/generate_twists__type_support.cpp.o[0m
[16.248s] [ 37%] [32mBuilding CXX object CMakeFiles/dwb_msgs__rosidl_typesupport_cpp.dir/rosidl_typesupport_cpp/dwb_msgs/srv/get_critic_score__type_support.cpp.o[0m
[16.325s] [ 38%] [32mBuilding C object CMakeFiles/dwb_msgs__rosidl_typesupport_introspection_c.dir/rosidl_typesupport_introspection_c/dwb_msgs/msg/detail/local_plan_evaluation__type_support.c.o[0m
[16.336s] [ 40%] [32mBuilding CXX object CMakeFiles/dwb_msgs__rosidl_typesupport_cpp.dir/rosidl_typesupport_cpp/dwb_msgs/srv/generate_trajectory__type_support.cpp.o[0m
[16.446s] [ 41%] [32mBuilding CXX object CMakeFiles/dwb_msgs__rosidl_typesupport_introspection_cpp.dir/rosidl_typesupport_introspection_cpp/dwb_msgs/msg/detail/local_plan_evaluation__type_support.cpp.o[0m
[16.458s] [ 42%] [32mBuilding CXX object CMakeFiles/dwb_msgs__rosidl_typesupport_cpp.dir/rosidl_typesupport_cpp/dwb_msgs/srv/debug_local_plan__type_support.cpp.o[0m
[16.516s] [ 43%] [32mBuilding CXX object CMakeFiles/dwb_msgs__rosidl_typesupport_fastrtps_cpp.dir/rosidl_typesupport_fastrtps_cpp/dwb_msgs/msg/detail/dds_fastrtps/local_plan_evaluation__type_support.cpp.o[0m
[16.565s] [ 44%] [32mBuilding C object CMakeFiles/dwb_msgs__rosidl_typesupport_introspection_c.dir/rosidl_typesupport_introspection_c/dwb_msgs/msg/detail/trajectory2_d__type_support.c.o[0m
[16.607s] [ 45%] [32mBuilding CXX object CMakeFiles/dwb_msgs__rosidl_typesupport_cpp.dir/rosidl_typesupport_cpp/dwb_msgs/msg/trajectory_score__type_support.cpp.o[0m
[16.615s] [ 46%] [32mBuilding CXX object CMakeFiles/dwb_msgs__rosidl_typesupport_introspection_cpp.dir/rosidl_typesupport_introspection_cpp/dwb_msgs/msg/detail/trajectory2_d__type_support.cpp.o[0m
[16.867s] [ 47%] [32mBuilding C object CMakeFiles/dwb_msgs__rosidl_typesupport_introspection_c.dir/rosidl_typesupport_introspection_c/dwb_msgs/msg/detail/trajectory_score__type_support.c.o[0m
[16.874s] [ 48%] [32mBuilding CXX object CMakeFiles/dwb_msgs__rosidl_typesupport_fastrtps_c.dir/rosidl_typesupport_fastrtps_c/dwb_msgs/msg/detail/critic_score__type_support_c.cpp.o[0m
[17.201s] [ 49%] [32mBuilding C object CMakeFiles/dwb_msgs__rosidl_typesupport_introspection_c.dir/rosidl_typesupport_introspection_c/dwb_msgs/srv/detail/debug_local_plan__type_support.c.o[0m
[17.441s] [ 50%] [32mBuilding C object CMakeFiles/dwb_msgs__rosidl_typesupport_introspection_c.dir/rosidl_typesupport_introspection_c/dwb_msgs/srv/detail/generate_trajectory__type_support.c.o[0m
[17.610s] [ 51%] [32mBuilding C object CMakeFiles/dwb_msgs__rosidl_typesupport_introspection_c.dir/rosidl_typesupport_introspection_c/dwb_msgs/srv/detail/generate_twists__type_support.c.o[0m
[17.789s] [ 52%] [32mBuilding C object CMakeFiles/dwb_msgs__rosidl_typesupport_introspection_c.dir/rosidl_typesupport_introspection_c/dwb_msgs/srv/detail/get_critic_score__type_support.c.o[0m
[17.929s] [ 53%] [32mBuilding CXX object CMakeFiles/dwb_msgs__rosidl_typesupport_fastrtps_cpp.dir/rosidl_typesupport_fastrtps_cpp/dwb_msgs/msg/detail/dds_fastrtps/trajectory2_d__type_support.cpp.o[0m
[18.177s] [ 54%] [32mBuilding C object CMakeFiles/dwb_msgs__rosidl_typesupport_introspection_c.dir/rosidl_typesupport_introspection_c/dwb_msgs/srv/detail/score_trajectory__type_support.c.o[0m
[18.343s] [ 55%] [32m[1mLinking C shared library libdwb_msgs__rosidl_typesupport_introspection_c.so[0m
[18.590s] [ 55%] Built target dwb_msgs__rosidl_typesupport_introspection_c
[18.935s] [ 56%] [32mBuilding CXX object CMakeFiles/dwb_msgs__rosidl_typesupport_cpp.dir/rosidl_typesupport_cpp/dwb_msgs/srv/score_trajectory__type_support.cpp.o[0m
[19.188s] [ 57%] [32mBuilding CXX object CMakeFiles/dwb_msgs__rosidl_typesupport_fastrtps_c.dir/rosidl_typesupport_fastrtps_c/dwb_msgs/msg/detail/trajectory2_d__type_support_c.cpp.o[0m
[20.143s] [ 58%] [32m[1mLinking CXX shared library libdwb_msgs__rosidl_typesupport_cpp.so[0m
[20.329s] [ 60%] [32mBuilding CXX object CMakeFiles/dwb_msgs__rosidl_typesupport_fastrtps_cpp.dir/rosidl_typesupport_fastrtps_cpp/dwb_msgs/srv/detail/dds_fastrtps/generate_trajectory__type_support.cpp.o[0m
[20.336s] [ 61%] [32mBuilding CXX object CMakeFiles/dwb_msgs__rosidl_typesupport_introspection_cpp.dir/rosidl_typesupport_introspection_cpp/dwb_msgs/srv/detail/generate_twists__type_support.cpp.o[0m
[20.338s] [ 61%] Built target dwb_msgs__rosidl_typesupport_cpp
[20.412s] [ 62%] [32mBuilding CXX object CMakeFiles/dwb_msgs__rosidl_typesupport_fastrtps_c.dir/rosidl_typesupport_fastrtps_c/dwb_msgs/srv/detail/generate_trajectory__type_support_c.cpp.o[0m
[21.779s] [ 63%] [32mBuilding CXX object CMakeFiles/dwb_msgs__rosidl_typesupport_fastrtps_c.dir/rosidl_typesupport_fastrtps_c/dwb_msgs/srv/detail/debug_local_plan__type_support_c.cpp.o[0m
[22.041s] [ 64%] [32mBuilding CXX object CMakeFiles/dwb_msgs__rosidl_typesupport_fastrtps_cpp.dir/rosidl_typesupport_fastrtps_cpp/dwb_msgs/srv/detail/dds_fastrtps/generate_twists__type_support.cpp.o[0m
[22.087s] [ 65%] [32mBuilding CXX object CMakeFiles/dwb_msgs__rosidl_typesupport_introspection_cpp.dir/rosidl_typesupport_introspection_cpp/dwb_msgs/srv/detail/get_critic_score__type_support.cpp.o[0m
[23.372s] [ 66%] [32mBuilding CXX object CMakeFiles/dwb_msgs__rosidl_typesupport_fastrtps_c.dir/rosidl_typesupport_fastrtps_c/dwb_msgs/srv/detail/get_critic_score__type_support_c.cpp.o[0m
[23.458s] [ 67%] [32mBuilding CXX object CMakeFiles/dwb_msgs__rosidl_typesupport_introspection_cpp.dir/rosidl_typesupport_introspection_cpp/dwb_msgs/srv/detail/score_trajectory__type_support.cpp.o[0m
[24.018s] [ 68%] [32mBuilding CXX object CMakeFiles/dwb_msgs__rosidl_typesupport_fastrtps_cpp.dir/rosidl_typesupport_fastrtps_cpp/dwb_msgs/srv/detail/dds_fastrtps/debug_local_plan__type_support.cpp.o[0m
[24.896s] [ 69%] [32mBuilding CXX object CMakeFiles/dwb_msgs__rosidl_typesupport_fastrtps_c.dir/rosidl_typesupport_fastrtps_c/dwb_msgs/srv/detail/score_trajectory__type_support_c.cpp.o[0m
[24.941s] [ 70%] [32mBuilding CXX object CMakeFiles/dwb_msgs__rosidl_typesupport_introspection_cpp.dir/rosidl_typesupport_introspection_cpp/dwb_msgs/srv/detail/generate_trajectory__type_support.cpp.o[0m
[25.593s] [ 71%] [32mBuilding CXX object CMakeFiles/dwb_msgs__rosidl_typesupport_fastrtps_cpp.dir/rosidl_typesupport_fastrtps_cpp/dwb_msgs/srv/detail/dds_fastrtps/score_trajectory__type_support.cpp.o[0m
[26.264s] [ 72%] [32mBuilding CXX object CMakeFiles/dwb_msgs__rosidl_typesupport_fastrtps_c.dir/rosidl_typesupport_fastrtps_c/dwb_msgs/srv/detail/generate_twists__type_support_c.cpp.o[0m
[26.528s] [ 73%] [32mBuilding CXX object CMakeFiles/dwb_msgs__rosidl_typesupport_introspection_cpp.dir/rosidl_typesupport_introspection_cpp/dwb_msgs/srv/detail/debug_local_plan__type_support.cpp.o[0m
[27.259s] [ 74%] [32mBuilding CXX object CMakeFiles/dwb_msgs__rosidl_typesupport_fastrtps_cpp.dir/rosidl_typesupport_fastrtps_cpp/dwb_msgs/srv/detail/dds_fastrtps/get_critic_score__type_support.cpp.o[0m
[27.693s] [ 75%] [32mBuilding CXX object CMakeFiles/dwb_msgs__rosidl_typesupport_fastrtps_c.dir/rosidl_typesupport_fastrtps_c/dwb_msgs/msg/detail/trajectory_score__type_support_c.cpp.o[0m
[28.263s] [ 76%] [32mBuilding CXX object CMakeFiles/dwb_msgs__rosidl_typesupport_introspection_cpp.dir/rosidl_typesupport_introspection_cpp/dwb_msgs/msg/detail/trajectory_score__type_support.cpp.o[0m
[28.812s] [ 77%] [32mBuilding CXX object CMakeFiles/dwb_msgs__rosidl_typesupport_fastrtps_cpp.dir/rosidl_typesupport_fastrtps_cpp/dwb_msgs/msg/detail/dds_fastrtps/trajectory_score__type_support.cpp.o[0m
[28.912s] [ 78%] [32mBuilding CXX object CMakeFiles/dwb_msgs__rosidl_typesupport_fastrtps_c.dir/rosidl_typesupport_fastrtps_c/dwb_msgs/msg/detail/local_plan_evaluation__type_support_c.cpp.o[0m
[29.851s] [ 80%] [32m[1mLinking CXX shared library libdwb_msgs__rosidl_typesupport_introspection_cpp.so[0m
[30.185s] [ 81%] [32m[1mLinking CXX shared library libdwb_msgs__rosidl_typesupport_fastrtps_c.so[0m
[30.213s] [ 81%] Built target dwb_msgs__rosidl_typesupport_introspection_cpp
[30.510s] [ 82%] [32m[1mLinking CXX shared library libdwb_msgs__rosidl_typesupport_fastrtps_cpp.so[0m
[30.542s] [ 82%] Built target dwb_msgs__rosidl_typesupport_fastrtps_c
[30.821s] [ 82%] Built target dwb_msgs__rosidl_typesupport_fastrtps_cpp
[30.908s] [ 82%] Built target dwb_msgs
[30.985s] [ 83%] [34m[1mGenerating Python code for ROS interfaces[0m
[36.892s] [ 83%] Built target dwb_msgs__py
[36.952s] [ 84%] [32mBuilding C object CMakeFiles/dwb_msgs__rosidl_generator_py.dir/rosidl_generator_py/dwb_msgs/msg/_critic_score_s.c.o[0m
[37.246s] [ 85%] [32mBuilding C object CMakeFiles/dwb_msgs__rosidl_generator_py.dir/rosidl_generator_py/dwb_msgs/srv/_score_trajectory_s.c.o[0m
[37.587s] [ 86%] [32mBuilding C object CMakeFiles/dwb_msgs__rosidl_generator_py.dir/rosidl_generator_py/dwb_msgs/srv/_get_critic_score_s.c.o[0m
[37.944s] [ 87%] [32mBuilding C object CMakeFiles/dwb_msgs__rosidl_generator_py.dir/rosidl_generator_py/dwb_msgs/srv/_generate_twists_s.c.o[0m
[38.268s] [ 88%] [32mBuilding C object CMakeFiles/dwb_msgs__rosidl_generator_py.dir/rosidl_generator_py/dwb_msgs/srv/_generate_trajectory_s.c.o[0m
[38.615s] [ 89%] [32mBuilding C object CMakeFiles/dwb_msgs__rosidl_generator_py.dir/rosidl_generator_py/dwb_msgs/srv/_debug_local_plan_s.c.o[0m
[38.949s] [ 90%] [32mBuilding C object CMakeFiles/dwb_msgs__rosidl_generator_py.dir/rosidl_generator_py/dwb_msgs/msg/_trajectory_score_s.c.o[0m
[39.276s] [ 91%] [32mBuilding C object CMakeFiles/dwb_msgs__rosidl_generator_py.dir/rosidl_generator_py/dwb_msgs/msg/_trajectory2_d_s.c.o[0m
[39.645s] [ 92%] [32mBuilding C object CMakeFiles/dwb_msgs__rosidl_generator_py.dir/rosidl_generator_py/dwb_msgs/msg/_local_plan_evaluation_s.c.o[0m
[39.968s] [ 93%] [32m[1mLinking C shared library rosidl_generator_py/dwb_msgs/libdwb_msgs__rosidl_generator_py.so[0m
[40.126s] [ 93%] Built target dwb_msgs__rosidl_generator_py
[40.169s] [ 94%] [32mBuilding C object CMakeFiles/dwb_msgs__rosidl_typesupport_fastrtps_c__pyext.dir/rosidl_generator_py/dwb_msgs/_dwb_msgs_s.ep.rosidl_typesupport_fastrtps_c.c.o[0m
[40.621s] [ 95%] [32m[1mLinking C shared library rosidl_generator_py/dwb_msgs/dwb_msgs_s__rosidl_typesupport_fastrtps_c.cpython-310-x86_64-linux-gnu.so[0m
[40.764s] [ 95%] Built target dwb_msgs__rosidl_typesupport_fastrtps_c__pyext
[40.813s] [ 96%] [32mBuilding C object CMakeFiles/dwb_msgs__rosidl_typesupport_c__pyext.dir/rosidl_generator_py/dwb_msgs/_dwb_msgs_s.ep.rosidl_typesupport_c.c.o[0m
[41.211s] [ 97%] [32m[1mLinking C shared library rosidl_generator_py/dwb_msgs/dwb_msgs_s__rosidl_typesupport_c.cpython-310-x86_64-linux-gnu.so[0m
[41.355s] [ 97%] Built target dwb_msgs__rosidl_typesupport_c__pyext
[41.398s] [ 98%] [32mBuilding C object CMakeFiles/dwb_msgs__rosidl_typesupport_introspection_c__pyext.dir/rosidl_generator_py/dwb_msgs/_dwb_msgs_s.ep.rosidl_typesupport_introspection_c.c.o[0m
[41.824s] [100%] [32m[1mLinking C shared library rosidl_generator_py/dwb_msgs/dwb_msgs_s__rosidl_typesupport_introspection_c.cpython-310-x86_64-linux-gnu.so[0m
[41.966s] [100%] Built target dwb_msgs__rosidl_typesupport_introspection_c__pyext
[42.002s] Invoked command in '/home/robot/beka_gau/build/dwb_msgs' returned '0': AMENT_PREFIX_PATH=/home/robot/beka_gau/install/nav_2d_msgs:${AMENT_PREFIX_PATH} CMAKE_PREFIX_PATH=/home/robot/beka_gau/install/nav_2d_msgs:/home/robot/beka_gau/install/wheelchair_description:/opt/ros/humble LD_LIBRARY_PATH=/home/robot/beka_gau/install/nav_2d_msgs/lib:${LD_LIBRARY_PATH} PYTHONPATH=/home/robot/beka_gau/install/nav_2d_msgs/local/lib/python3.10/dist-packages:${PYTHONPATH} /usr/bin/cmake --build /home/robot/beka_gau/build/dwb_msgs -- -j12 -l12
[42.014s] Invoking command in '/home/robot/beka_gau/build/dwb_msgs': AMENT_PREFIX_PATH=/home/robot/beka_gau/install/nav_2d_msgs:${AMENT_PREFIX_PATH} CMAKE_PREFIX_PATH=/home/robot/beka_gau/install/nav_2d_msgs:/home/robot/beka_gau/install/wheelchair_description:/opt/ros/humble LD_LIBRARY_PATH=/home/robot/beka_gau/install/nav_2d_msgs/lib:${LD_LIBRARY_PATH} PYTHONPATH=/home/robot/beka_gau/install/nav_2d_msgs/local/lib/python3.10/dist-packages:${PYTHONPATH} /usr/bin/cmake --install /home/robot/beka_gau/build/dwb_msgs
[42.037s] -- Install configuration: ""
[42.037s] -- Installing: /home/robot/beka_gau/install/dwb_msgs/share/ament_index/resource_index/rosidl_interfaces/dwb_msgs
[42.040s] -- Installing: /home/robot/beka_gau/install/dwb_msgs/include/dwb_msgs/dwb_msgs
[42.041s] -- Installing: /home/robot/beka_gau/install/dwb_msgs/include/dwb_msgs/dwb_msgs/msg
[42.042s] -- Installing: /home/robot/beka_gau/install/dwb_msgs/include/dwb_msgs/dwb_msgs/msg/trajectory2_d.h
[42.042s] -- Installing: /home/robot/beka_gau/install/dwb_msgs/include/dwb_msgs/dwb_msgs/msg/trajectory_score.h
[42.042s] -- Installing: /home/robot/beka_gau/install/dwb_msgs/include/dwb_msgs/dwb_msgs/msg/rosidl_generator_c__visibility_control.h
[42.042s] -- Installing: /home/robot/beka_gau/install/dwb_msgs/include/dwb_msgs/dwb_msgs/msg/critic_score.h
[42.042s] -- Installing: /home/robot/beka_gau/install/dwb_msgs/include/dwb_msgs/dwb_msgs/msg/detail
[42.043s] -- Installing: /home/robot/beka_gau/install/dwb_msgs/include/dwb_msgs/dwb_msgs/msg/detail/critic_score__type_support.h
[42.043s] -- Installing: /home/robot/beka_gau/install/dwb_msgs/include/dwb_msgs/dwb_msgs/msg/detail/trajectory2_d__functions.c
[42.043s] -- Installing: /home/robot/beka_gau/install/dwb_msgs/include/dwb_msgs/dwb_msgs/msg/detail/trajectory_score__struct.h
[42.043s] -- Installing: /home/robot/beka_gau/install/dwb_msgs/include/dwb_msgs/dwb_msgs/msg/detail/trajectory_score__functions.h
[42.044s] -- Installing: /home/robot/beka_gau/install/dwb_msgs/include/dwb_msgs/dwb_msgs/msg/detail/local_plan_evaluation__functions.h
[42.044s] -- Installing: /home/robot/beka_gau/install/dwb_msgs/include/dwb_msgs/dwb_msgs/msg/detail/trajectory_score__type_support.h
[42.044s] -- Installing: /home/robot/beka_gau/install/dwb_msgs/include/dwb_msgs/dwb_msgs/msg/detail/trajectory2_d__type_support.h
[42.044s] -- Installing: /home/robot/beka_gau/install/dwb_msgs/include/dwb_msgs/dwb_msgs/msg/detail/local_plan_evaluation__type_support.h
[42.045s] -- Installing: /home/robot/beka_gau/install/dwb_msgs/include/dwb_msgs/dwb_msgs/msg/detail/critic_score__functions.h
[42.045s] -- Installing: /home/robot/beka_gau/install/dwb_msgs/include/dwb_msgs/dwb_msgs/msg/detail/trajectory_score__functions.c
[42.045s] -- Installing: /home/robot/beka_gau/install/dwb_msgs/include/dwb_msgs/dwb_msgs/msg/detail/trajectory2_d__functions.h
[42.045s] -- Installing: /home/robot/beka_gau/install/dwb_msgs/include/dwb_msgs/dwb_msgs/msg/detail/critic_score__struct.h
[42.046s] -- Installing: /home/robot/beka_gau/install/dwb_msgs/include/dwb_msgs/dwb_msgs/msg/detail/critic_score__functions.c
[42.046s] -- Installing: /home/robot/beka_gau/install/dwb_msgs/include/dwb_msgs/dwb_msgs/msg/detail/local_plan_evaluation__struct.h
[42.046s] -- Installing: /home/robot/beka_gau/install/dwb_msgs/include/dwb_msgs/dwb_msgs/msg/detail/trajectory2_d__struct.h
[42.046s] -- Installing: /home/robot/beka_gau/install/dwb_msgs/include/dwb_msgs/dwb_msgs/msg/detail/local_plan_evaluation__functions.c
[42.046s] -- Installing: /home/robot/beka_gau/install/dwb_msgs/include/dwb_msgs/dwb_msgs/msg/local_plan_evaluation.h
[42.046s] -- Installing: /home/robot/beka_gau/install/dwb_msgs/include/dwb_msgs/dwb_msgs/srv
[42.047s] -- Installing: /home/robot/beka_gau/install/dwb_msgs/include/dwb_msgs/dwb_msgs/srv/debug_local_plan.h
[42.047s] -- Installing: /home/robot/beka_gau/install/dwb_msgs/include/dwb_msgs/dwb_msgs/srv/generate_twists.h
[42.047s] -- Installing: /home/robot/beka_gau/install/dwb_msgs/include/dwb_msgs/dwb_msgs/srv/generate_trajectory.h
[42.047s] -- Installing: /home/robot/beka_gau/install/dwb_msgs/include/dwb_msgs/dwb_msgs/srv/detail
[42.047s] -- Installing: /home/robot/beka_gau/install/dwb_msgs/include/dwb_msgs/dwb_msgs/srv/detail/generate_twists__functions.c
[42.047s] -- Installing: /home/robot/beka_gau/install/dwb_msgs/include/dwb_msgs/dwb_msgs/srv/detail/get_critic_score__struct.h
[42.047s] -- Installing: /home/robot/beka_gau/install/dwb_msgs/include/dwb_msgs/dwb_msgs/srv/detail/generate_twists__struct.h
[42.047s] -- Installing: /home/robot/beka_gau/install/dwb_msgs/include/dwb_msgs/dwb_msgs/srv/detail/debug_local_plan__functions.c
[42.048s] -- Installing: /home/robot/beka_gau/install/dwb_msgs/include/dwb_msgs/dwb_msgs/srv/detail/score_trajectory__type_support.h
[42.048s] -- Installing: /home/robot/beka_gau/install/dwb_msgs/include/dwb_msgs/dwb_msgs/srv/detail/score_trajectory__functions.h
[42.048s] -- Installing: /home/robot/beka_gau/install/dwb_msgs/include/dwb_msgs/dwb_msgs/srv/detail/generate_trajectory__struct.h
[42.048s] -- Installing: /home/robot/beka_gau/install/dwb_msgs/include/dwb_msgs/dwb_msgs/srv/detail/generate_trajectory__type_support.h
[42.048s] -- Installing: /home/robot/beka_gau/install/dwb_msgs/include/dwb_msgs/dwb_msgs/srv/detail/score_trajectory__struct.h
[42.048s] -- Installing: /home/robot/beka_gau/install/dwb_msgs/include/dwb_msgs/dwb_msgs/srv/detail/debug_local_plan__type_support.h
[42.049s] -- Installing: /home/robot/beka_gau/install/dwb_msgs/include/dwb_msgs/dwb_msgs/srv/detail/generate_twists__type_support.h
[42.049s] -- Installing: /home/robot/beka_gau/install/dwb_msgs/include/dwb_msgs/dwb_msgs/srv/detail/score_trajectory__functions.c
[42.049s] -- Installing: /home/robot/beka_gau/install/dwb_msgs/include/dwb_msgs/dwb_msgs/srv/detail/get_critic_score__type_support.h
[42.049s] -- Installing: /home/robot/beka_gau/install/dwb_msgs/include/dwb_msgs/dwb_msgs/srv/detail/generate_trajectory__functions.h
[42.051s] -- Installing: /home/robot/beka_gau/install/dwb_msgs/include/dwb_msgs/dwb_msgs/srv/detail/debug_local_plan__functions.h
[42.051s] -- Installing: /home/robot/beka_gau/install/dwb_msgs/include/dwb_msgs/dwb_msgs/srv/detail/get_critic_score__functions.h
[42.051s] -- Installing: /home/robot/beka_gau/install/dwb_msgs/include/dwb_msgs/dwb_msgs/srv/detail/debug_local_plan__struct.h
[42.052s] -- Installing: /home/robot/beka_gau/install/dwb_msgs/include/dwb_msgs/dwb_msgs/srv/detail/generate_trajectory__functions.c
[42.053s] -- Installing: /home/robot/beka_gau/install/dwb_msgs/include/dwb_msgs/dwb_msgs/srv/detail/get_critic_score__functions.c
[42.056s] -- Installing: /home/robot/beka_gau/install/dwb_msgs/include/dwb_msgs/dwb_msgs/srv/detail/generate_twists__functions.h
[42.056s] -- Installing: /home/robot/beka_gau/install/dwb_msgs/include/dwb_msgs/dwb_msgs/srv/score_trajectory.h
[42.057s] -- Installing: /home/robot/beka_gau/install/dwb_msgs/include/dwb_msgs/dwb_msgs/srv/get_critic_score.h
[42.057s] -- Installing: /home/robot/beka_gau/install/dwb_msgs/share/dwb_msgs/environment/library_path.sh
[42.057s] -- Installing: /home/robot/beka_gau/install/dwb_msgs/share/dwb_msgs/environment/library_path.dsv
[42.057s] -- Installing: /home/robot/beka_gau/install/dwb_msgs/lib/libdwb_msgs__rosidl_generator_c.so
[42.057s] -- Set runtime path of "/home/robot/beka_gau/install/dwb_msgs/lib/libdwb_msgs__rosidl_generator_c.so" to ""
[42.058s] -- Up-to-date: /home/robot/beka_gau/install/dwb_msgs/include/dwb_msgs/dwb_msgs
[42.058s] -- Up-to-date: /home/robot/beka_gau/install/dwb_msgs/include/dwb_msgs/dwb_msgs/msg
[42.058s] -- Installing: /home/robot/beka_gau/install/dwb_msgs/include/dwb_msgs/dwb_msgs/msg/rosidl_typesupport_fastrtps_c__visibility_control.h
[42.059s] -- Up-to-date: /home/robot/beka_gau/install/dwb_msgs/include/dwb_msgs/dwb_msgs/msg/detail
[42.059s] -- Installing: /home/robot/beka_gau/install/dwb_msgs/include/dwb_msgs/dwb_msgs/msg/detail/trajectory2_d__rosidl_typesupport_fastrtps_c.h
[42.059s] -- Installing: /home/robot/beka_gau/install/dwb_msgs/include/dwb_msgs/dwb_msgs/msg/detail/local_plan_evaluation__rosidl_typesupport_fastrtps_c.h
[42.059s] -- Installing: /home/robot/beka_gau/install/dwb_msgs/include/dwb_msgs/dwb_msgs/msg/detail/trajectory_score__rosidl_typesupport_fastrtps_c.h
[42.059s] -- Installing: /home/robot/beka_gau/install/dwb_msgs/include/dwb_msgs/dwb_msgs/msg/detail/critic_score__rosidl_typesupport_fastrtps_c.h
[42.059s] -- Up-to-date: /home/robot/beka_gau/install/dwb_msgs/include/dwb_msgs/dwb_msgs/srv
[42.059s] -- Up-to-date: /home/robot/beka_gau/install/dwb_msgs/include/dwb_msgs/dwb_msgs/srv/detail
[42.059s] -- Installing: /home/robot/beka_gau/install/dwb_msgs/include/dwb_msgs/dwb_msgs/srv/detail/generate_twists__rosidl_typesupport_fastrtps_c.h
[42.059s] -- Installing: /home/robot/beka_gau/install/dwb_msgs/include/dwb_msgs/dwb_msgs/srv/detail/generate_trajectory__rosidl_typesupport_fastrtps_c.h
[42.060s] -- Installing: /home/robot/beka_gau/install/dwb_msgs/include/dwb_msgs/dwb_msgs/srv/detail/debug_local_plan__rosidl_typesupport_fastrtps_c.h
[42.060s] -- Installing: /home/robot/beka_gau/install/dwb_msgs/include/dwb_msgs/dwb_msgs/srv/detail/get_critic_score__rosidl_typesupport_fastrtps_c.h
[42.060s] -- Installing: /home/robot/beka_gau/install/dwb_msgs/include/dwb_msgs/dwb_msgs/srv/detail/score_trajectory__rosidl_typesupport_fastrtps_c.h
[42.060s] -- Installing: /home/robot/beka_gau/install/dwb_msgs/lib/libdwb_msgs__rosidl_typesupport_fastrtps_c.so
[42.060s] -- Set runtime path of "/home/robot/beka_gau/install/dwb_msgs/lib/libdwb_msgs__rosidl_typesupport_fastrtps_c.so" to ""
[42.060s] -- Up-to-date: /home/robot/beka_gau/install/dwb_msgs/include/dwb_msgs/dwb_msgs
[42.061s] -- Up-to-date: /home/robot/beka_gau/install/dwb_msgs/include/dwb_msgs/dwb_msgs/msg
[42.061s] -- Installing: /home/robot/beka_gau/install/dwb_msgs/include/dwb_msgs/dwb_msgs/msg/rosidl_generator_cpp__visibility_control.hpp
[42.061s] -- Installing: /home/robot/beka_gau/install/dwb_msgs/include/dwb_msgs/dwb_msgs/msg/critic_score.hpp
[42.061s] -- Installing: /home/robot/beka_gau/install/dwb_msgs/include/dwb_msgs/dwb_msgs/msg/local_plan_evaluation.hpp
[42.061s] -- Installing: /home/robot/beka_gau/install/dwb_msgs/include/dwb_msgs/dwb_msgs/msg/trajectory2_d.hpp
[42.061s] -- Up-to-date: /home/robot/beka_gau/install/dwb_msgs/include/dwb_msgs/dwb_msgs/msg/detail
[42.061s] -- Installing: /home/robot/beka_gau/install/dwb_msgs/include/dwb_msgs/dwb_msgs/msg/detail/critic_score__builder.hpp
[42.062s] -- Installing: /home/robot/beka_gau/install/dwb_msgs/include/dwb_msgs/dwb_msgs/msg/detail/critic_score__type_support.hpp
[42.062s] -- Installing: /home/robot/beka_gau/install/dwb_msgs/include/dwb_msgs/dwb_msgs/msg/detail/trajectory2_d__traits.hpp
[42.063s] -- Installing: /home/robot/beka_gau/install/dwb_msgs/include/dwb_msgs/dwb_msgs/msg/detail/local_plan_evaluation__builder.hpp
[42.063s] -- Installing: /home/robot/beka_gau/install/dwb_msgs/include/dwb_msgs/dwb_msgs/msg/detail/local_plan_evaluation__type_support.hpp
[42.064s] -- Installing: /home/robot/beka_gau/install/dwb_msgs/include/dwb_msgs/dwb_msgs/msg/detail/critic_score__traits.hpp
[42.064s] -- Installing: /home/robot/beka_gau/install/dwb_msgs/include/dwb_msgs/dwb_msgs/msg/detail/trajectory2_d__builder.hpp
[42.064s] -- Installing: /home/robot/beka_gau/install/dwb_msgs/include/dwb_msgs/dwb_msgs/msg/detail/trajectory2_d__type_support.hpp
[42.064s] -- Installing: /home/robot/beka_gau/install/dwb_msgs/include/dwb_msgs/dwb_msgs/msg/detail/trajectory_score__type_support.hpp
[42.065s] -- Installing: /home/robot/beka_gau/install/dwb_msgs/include/dwb_msgs/dwb_msgs/msg/detail/critic_score__struct.hpp
[42.065s] -- Installing: /home/robot/beka_gau/install/dwb_msgs/include/dwb_msgs/dwb_msgs/msg/detail/trajectory_score__builder.hpp
[42.065s] -- Installing: /home/robot/beka_gau/install/dwb_msgs/include/dwb_msgs/dwb_msgs/msg/detail/local_plan_evaluation__traits.hpp
[42.065s] -- Installing: /home/robot/beka_gau/install/dwb_msgs/include/dwb_msgs/dwb_msgs/msg/detail/trajectory_score__struct.hpp
[42.065s] -- Installing: /home/robot/beka_gau/install/dwb_msgs/include/dwb_msgs/dwb_msgs/msg/detail/local_plan_evaluation__struct.hpp
[42.065s] -- Installing: /home/robot/beka_gau/install/dwb_msgs/include/dwb_msgs/dwb_msgs/msg/detail/trajectory2_d__struct.hpp
[42.065s] -- Installing: /home/robot/beka_gau/install/dwb_msgs/include/dwb_msgs/dwb_msgs/msg/detail/trajectory_score__traits.hpp
[42.066s] -- Installing: /home/robot/beka_gau/install/dwb_msgs/include/dwb_msgs/dwb_msgs/msg/trajectory_score.hpp
[42.066s] -- Up-to-date: /home/robot/beka_gau/install/dwb_msgs/include/dwb_msgs/dwb_msgs/srv
[42.066s] -- Installing: /home/robot/beka_gau/install/dwb_msgs/include/dwb_msgs/dwb_msgs/srv/generate_trajectory.hpp
[42.066s] -- Installing: /home/robot/beka_gau/install/dwb_msgs/include/dwb_msgs/dwb_msgs/srv/debug_local_plan.hpp
[42.066s] -- Up-to-date: /home/robot/beka_gau/install/dwb_msgs/include/dwb_msgs/dwb_msgs/srv/detail
[42.066s] -- Installing: /home/robot/beka_gau/install/dwb_msgs/include/dwb_msgs/dwb_msgs/srv/detail/score_trajectory__struct.hpp
[42.067s] -- Installing: /home/robot/beka_gau/install/dwb_msgs/include/dwb_msgs/dwb_msgs/srv/detail/score_trajectory__builder.hpp
[42.067s] -- Installing: /home/robot/beka_gau/install/dwb_msgs/include/dwb_msgs/dwb_msgs/srv/detail/debug_local_plan__type_support.hpp
[42.067s] -- Installing: /home/robot/beka_gau/install/dwb_msgs/include/dwb_msgs/dwb_msgs/srv/detail/get_critic_score__traits.hpp
[42.069s] -- Installing: /home/robot/beka_gau/install/dwb_msgs/include/dwb_msgs/dwb_msgs/srv/detail/get_critic_score__type_support.hpp
[42.069s] -- Installing: /home/robot/beka_gau/install/dwb_msgs/include/dwb_msgs/dwb_msgs/srv/detail/generate_trajectory__type_support.hpp
[42.069s] -- Installing: /home/robot/beka_gau/install/dwb_msgs/include/dwb_msgs/dwb_msgs/srv/detail/debug_local_plan__traits.hpp
[42.070s] -- Installing: /home/robot/beka_gau/install/dwb_msgs/include/dwb_msgs/dwb_msgs/srv/detail/debug_local_plan__builder.hpp
[42.070s] -- Installing: /home/robot/beka_gau/install/dwb_msgs/include/dwb_msgs/dwb_msgs/srv/detail/generate_twists__struct.hpp
[42.070s] -- Installing: /home/robot/beka_gau/install/dwb_msgs/include/dwb_msgs/dwb_msgs/srv/detail/generate_trajectory__builder.hpp
[42.070s] -- Installing: /home/robot/beka_gau/install/dwb_msgs/include/dwb_msgs/dwb_msgs/srv/detail/get_critic_score__struct.hpp
[42.070s] -- Installing: /home/robot/beka_gau/install/dwb_msgs/include/dwb_msgs/dwb_msgs/srv/detail/generate_twists__traits.hpp
[42.071s] -- Installing: /home/robot/beka_gau/install/dwb_msgs/include/dwb_msgs/dwb_msgs/srv/detail/score_trajectory__type_support.hpp
[42.071s] -- Installing: /home/robot/beka_gau/install/dwb_msgs/include/dwb_msgs/dwb_msgs/srv/detail/generate_twists__type_support.hpp
[42.072s] -- Installing: /home/robot/beka_gau/install/dwb_msgs/include/dwb_msgs/dwb_msgs/srv/detail/debug_local_plan__struct.hpp
[42.073s] -- Installing: /home/robot/beka_gau/install/dwb_msgs/include/dwb_msgs/dwb_msgs/srv/detail/generate_trajectory__struct.hpp
[42.073s] -- Installing: /home/robot/beka_gau/install/dwb_msgs/include/dwb_msgs/dwb_msgs/srv/detail/get_critic_score__builder.hpp
[42.074s] -- Installing: /home/robot/beka_gau/install/dwb_msgs/include/dwb_msgs/dwb_msgs/srv/detail/score_trajectory__traits.hpp
[42.074s] -- Installing: /home/robot/beka_gau/install/dwb_msgs/include/dwb_msgs/dwb_msgs/srv/detail/generate_twists__builder.hpp
[42.075s] -- Installing: /home/robot/beka_gau/install/dwb_msgs/include/dwb_msgs/dwb_msgs/srv/detail/generate_trajectory__traits.hpp
[42.075s] -- Installing: /home/robot/beka_gau/install/dwb_msgs/include/dwb_msgs/dwb_msgs/srv/generate_twists.hpp
[42.076s] -- Installing: /home/robot/beka_gau/install/dwb_msgs/include/dwb_msgs/dwb_msgs/srv/score_trajectory.hpp
[42.076s] -- Installing: /home/robot/beka_gau/install/dwb_msgs/include/dwb_msgs/dwb_msgs/srv/get_critic_score.hpp
[42.076s] -- Up-to-date: /home/robot/beka_gau/install/dwb_msgs/include/dwb_msgs/dwb_msgs
[42.077s] -- Up-to-date: /home/robot/beka_gau/install/dwb_msgs/include/dwb_msgs/dwb_msgs/msg
[42.077s] -- Installing: /home/robot/beka_gau/install/dwb_msgs/include/dwb_msgs/dwb_msgs/msg/rosidl_typesupport_fastrtps_cpp__visibility_control.h
[42.077s] -- Up-to-date: /home/robot/beka_gau/install/dwb_msgs/include/dwb_msgs/dwb_msgs/msg/detail
[42.078s] -- Installing: /home/robot/beka_gau/install/dwb_msgs/include/dwb_msgs/dwb_msgs/msg/detail/critic_score__rosidl_typesupport_fastrtps_cpp.hpp
[42.078s] -- Installing: /home/robot/beka_gau/install/dwb_msgs/include/dwb_msgs/dwb_msgs/msg/detail/dds_fastrtps
[42.078s] -- Installing: /home/robot/beka_gau/install/dwb_msgs/include/dwb_msgs/dwb_msgs/msg/detail/local_plan_evaluation__rosidl_typesupport_fastrtps_cpp.hpp
[42.079s] -- Installing: /home/robot/beka_gau/install/dwb_msgs/include/dwb_msgs/dwb_msgs/msg/detail/trajectory2_d__rosidl_typesupport_fastrtps_cpp.hpp
[42.079s] -- Installing: /home/robot/beka_gau/install/dwb_msgs/include/dwb_msgs/dwb_msgs/msg/detail/trajectory_score__rosidl_typesupport_fastrtps_cpp.hpp
[42.079s] -- Up-to-date: /home/robot/beka_gau/install/dwb_msgs/include/dwb_msgs/dwb_msgs/srv
[42.080s] -- Up-to-date: /home/robot/beka_gau/install/dwb_msgs/include/dwb_msgs/dwb_msgs/srv/detail
[42.080s] -- Installing: /home/robot/beka_gau/install/dwb_msgs/include/dwb_msgs/dwb_msgs/srv/detail/get_critic_score__rosidl_typesupport_fastrtps_cpp.hpp
[42.080s] -- Installing: /home/robot/beka_gau/install/dwb_msgs/include/dwb_msgs/dwb_msgs/srv/detail/generate_trajectory__rosidl_typesupport_fastrtps_cpp.hpp
[42.081s] -- Installing: /home/robot/beka_gau/install/dwb_msgs/include/dwb_msgs/dwb_msgs/srv/detail/dds_fastrtps
[42.081s] -- Installing: /home/robot/beka_gau/install/dwb_msgs/include/dwb_msgs/dwb_msgs/srv/detail/generate_twists__rosidl_typesupport_fastrtps_cpp.hpp
[42.081s] -- Installing: /home/robot/beka_gau/install/dwb_msgs/include/dwb_msgs/dwb_msgs/srv/detail/score_trajectory__rosidl_typesupport_fastrtps_cpp.hpp
[42.082s] -- Installing: /home/robot/beka_gau/install/dwb_msgs/include/dwb_msgs/dwb_msgs/srv/detail/debug_local_plan__rosidl_typesupport_fastrtps_cpp.hpp
[42.082s] -- Installing: /home/robot/beka_gau/install/dwb_msgs/lib/libdwb_msgs__rosidl_typesupport_fastrtps_cpp.so
[42.082s] -- Set runtime path of "/home/robot/beka_gau/install/dwb_msgs/lib/libdwb_msgs__rosidl_typesupport_fastrtps_cpp.so" to ""
[42.082s] -- Up-to-date: /home/robot/beka_gau/install/dwb_msgs/include/dwb_msgs/dwb_msgs
[42.082s] -- Up-to-date: /home/robot/beka_gau/install/dwb_msgs/include/dwb_msgs/dwb_msgs/msg
[42.082s] -- Up-to-date: /home/robot/beka_gau/install/dwb_msgs/include/dwb_msgs/dwb_msgs/msg/detail
[42.082s] -- Installing: /home/robot/beka_gau/install/dwb_msgs/include/dwb_msgs/dwb_msgs/msg/detail/trajectory2_d__type_support.c
[42.083s] -- Installing: /home/robot/beka_gau/install/dwb_msgs/include/dwb_msgs/dwb_msgs/msg/detail/trajectory2_d__rosidl_typesupport_introspection_c.h
[42.083s] -- Installing: /home/robot/beka_gau/install/dwb_msgs/include/dwb_msgs/dwb_msgs/msg/detail/local_plan_evaluation__rosidl_typesupport_introspection_c.h
[42.083s] -- Installing: /home/robot/beka_gau/install/dwb_msgs/include/dwb_msgs/dwb_msgs/msg/detail/trajectory_score__type_support.c
[42.083s] -- Installing: /home/robot/beka_gau/install/dwb_msgs/include/dwb_msgs/dwb_msgs/msg/detail/critic_score__rosidl_typesupport_introspection_c.h
[42.085s] -- Installing: /home/robot/beka_gau/install/dwb_msgs/include/dwb_msgs/dwb_msgs/msg/detail/critic_score__type_support.c
[42.086s] -- Installing: /home/robot/beka_gau/install/dwb_msgs/include/dwb_msgs/dwb_msgs/msg/detail/local_plan_evaluation__type_support.c
[42.087s] -- Installing: /home/robot/beka_gau/install/dwb_msgs/include/dwb_msgs/dwb_msgs/msg/detail/trajectory_score__rosidl_typesupport_introspection_c.h
[42.088s] -- Installing: /home/robot/beka_gau/install/dwb_msgs/include/dwb_msgs/dwb_msgs/msg/rosidl_typesupport_introspection_c__visibility_control.h
[42.088s] -- Up-to-date: /home/robot/beka_gau/install/dwb_msgs/include/dwb_msgs/dwb_msgs/srv
[42.089s] -- Up-to-date: /home/robot/beka_gau/install/dwb_msgs/include/dwb_msgs/dwb_msgs/srv/detail
[42.090s] -- Installing: /home/robot/beka_gau/install/dwb_msgs/include/dwb_msgs/dwb_msgs/srv/detail/get_critic_score__rosidl_typesupport_introspection_c.h
[42.090s] -- Installing: /home/robot/beka_gau/install/dwb_msgs/include/dwb_msgs/dwb_msgs/srv/detail/generate_trajectory__type_support.c
[42.090s] -- Installing: /home/robot/beka_gau/install/dwb_msgs/include/dwb_msgs/dwb_msgs/srv/detail/debug_local_plan__type_support.c
[42.091s] -- Installing: /home/robot/beka_gau/install/dwb_msgs/include/dwb_msgs/dwb_msgs/srv/detail/generate_twists__rosidl_typesupport_introspection_c.h
[42.093s] -- Installing: /home/robot/beka_gau/install/dwb_msgs/include/dwb_msgs/dwb_msgs/srv/detail/generate_trajectory__rosidl_typesupport_introspection_c.h
[42.095s] -- Installing: /home/robot/beka_gau/install/dwb_msgs/include/dwb_msgs/dwb_msgs/srv/detail/score_trajectory__rosidl_typesupport_introspection_c.h
[42.095s] -- Installing: /home/robot/beka_gau/install/dwb_msgs/include/dwb_msgs/dwb_msgs/srv/detail/debug_local_plan__rosidl_typesupport_introspection_c.h
[42.095s] -- Installing: /home/robot/beka_gau/install/dwb_msgs/include/dwb_msgs/dwb_msgs/srv/detail/generate_twists__type_support.c
[42.095s] -- Installing: /home/robot/beka_gau/install/dwb_msgs/include/dwb_msgs/dwb_msgs/srv/detail/score_trajectory__type_support.c
[42.096s] -- Installing: /home/robot/beka_gau/install/dwb_msgs/include/dwb_msgs/dwb_msgs/srv/detail/get_critic_score__type_support.c
[42.096s] -- Installing: /home/robot/beka_gau/install/dwb_msgs/lib/libdwb_msgs__rosidl_typesupport_introspection_c.so
[42.096s] -- Set runtime path of "/home/robot/beka_gau/install/dwb_msgs/lib/libdwb_msgs__rosidl_typesupport_introspection_c.so" to ""
[42.096s] -- Installing: /home/robot/beka_gau/install/dwb_msgs/lib/libdwb_msgs__rosidl_typesupport_c.so
[42.097s] -- Set runtime path of "/home/robot/beka_gau/install/dwb_msgs/lib/libdwb_msgs__rosidl_typesupport_c.so" to ""
[42.097s] -- Up-to-date: /home/robot/beka_gau/install/dwb_msgs/include/dwb_msgs/dwb_msgs
[42.097s] -- Up-to-date: /home/robot/beka_gau/install/dwb_msgs/include/dwb_msgs/dwb_msgs/msg
[42.097s] -- Up-to-date: /home/robot/beka_gau/install/dwb_msgs/include/dwb_msgs/dwb_msgs/msg/detail
[42.098s] -- Installing: /home/robot/beka_gau/install/dwb_msgs/include/dwb_msgs/dwb_msgs/msg/detail/local_plan_evaluation__rosidl_typesupport_introspection_cpp.hpp
[42.098s] -- Installing: /home/robot/beka_gau/install/dwb_msgs/include/dwb_msgs/dwb_msgs/msg/detail/critic_score__rosidl_typesupport_introspection_cpp.hpp
[42.098s] -- Installing: /home/robot/beka_gau/install/dwb_msgs/include/dwb_msgs/dwb_msgs/msg/detail/critic_score__type_support.cpp
[42.098s] -- Installing: /home/robot/beka_gau/install/dwb_msgs/include/dwb_msgs/dwb_msgs/msg/detail/trajectory2_d__type_support.cpp
[42.098s] -- Installing: /home/robot/beka_gau/install/dwb_msgs/include/dwb_msgs/dwb_msgs/msg/detail/trajectory_score__type_support.cpp
[42.098s] -- Installing: /home/robot/beka_gau/install/dwb_msgs/include/dwb_msgs/dwb_msgs/msg/detail/local_plan_evaluation__type_support.cpp
[42.099s] -- Installing: /home/robot/beka_gau/install/dwb_msgs/include/dwb_msgs/dwb_msgs/msg/detail/trajectory_score__rosidl_typesupport_introspection_cpp.hpp
[42.099s] -- Installing: /home/robot/beka_gau/install/dwb_msgs/include/dwb_msgs/dwb_msgs/msg/detail/trajectory2_d__rosidl_typesupport_introspection_cpp.hpp
[42.099s] -- Up-to-date: /home/robot/beka_gau/install/dwb_msgs/include/dwb_msgs/dwb_msgs/srv
[42.099s] -- Up-to-date: /home/robot/beka_gau/install/dwb_msgs/include/dwb_msgs/dwb_msgs/srv/detail
[42.099s] -- Installing: /home/robot/beka_gau/install/dwb_msgs/include/dwb_msgs/dwb_msgs/srv/detail/generate_trajectory__type_support.cpp
[42.099s] -- Installing: /home/robot/beka_gau/install/dwb_msgs/include/dwb_msgs/dwb_msgs/srv/detail/score_trajectory__type_support.cpp
[42.099s] -- Installing: /home/robot/beka_gau/install/dwb_msgs/include/dwb_msgs/dwb_msgs/srv/detail/score_trajectory__rosidl_typesupport_introspection_cpp.hpp
[42.100s] -- Installing: /home/robot/beka_gau/install/dwb_msgs/include/dwb_msgs/dwb_msgs/srv/detail/get_critic_score__rosidl_typesupport_introspection_cpp.hpp
[42.100s] -- Installing: /home/robot/beka_gau/install/dwb_msgs/include/dwb_msgs/dwb_msgs/srv/detail/generate_twists__rosidl_typesupport_introspection_cpp.hpp
[42.100s] -- Installing: /home/robot/beka_gau/install/dwb_msgs/include/dwb_msgs/dwb_msgs/srv/detail/generate_twists__type_support.cpp
[42.100s] -- Installing: /home/robot/beka_gau/install/dwb_msgs/include/dwb_msgs/dwb_msgs/srv/detail/debug_local_plan__type_support.cpp
[42.100s] -- Installing: /home/robot/beka_gau/install/dwb_msgs/include/dwb_msgs/dwb_msgs/srv/detail/debug_local_plan__rosidl_typesupport_introspection_cpp.hpp
[42.100s] -- Installing: /home/robot/beka_gau/install/dwb_msgs/include/dwb_msgs/dwb_msgs/srv/detail/get_critic_score__type_support.cpp
[42.100s] -- Installing: /home/robot/beka_gau/install/dwb_msgs/include/dwb_msgs/dwb_msgs/srv/detail/generate_trajectory__rosidl_typesupport_introspection_cpp.hpp
[42.101s] -- Installing: /home/robot/beka_gau/install/dwb_msgs/lib/libdwb_msgs__rosidl_typesupport_introspection_cpp.so
[42.102s] -- Set runtime path of "/home/robot/beka_gau/install/dwb_msgs/lib/libdwb_msgs__rosidl_typesupport_introspection_cpp.so" to ""
[42.102s] -- Installing: /home/robot/beka_gau/install/dwb_msgs/lib/libdwb_msgs__rosidl_typesupport_cpp.so
[42.102s] -- Set runtime path of "/home/robot/beka_gau/install/dwb_msgs/lib/libdwb_msgs__rosidl_typesupport_cpp.so" to ""
[42.102s] -- Installing: /home/robot/beka_gau/install/dwb_msgs/share/dwb_msgs/environment/pythonpath.sh
[42.102s] -- Installing: /home/robot/beka_gau/install/dwb_msgs/share/dwb_msgs/environment/pythonpath.dsv
[42.104s] -- Installing: /home/robot/beka_gau/install/dwb_msgs/local/lib/python3.10/dist-packages/dwb_msgs-1.0.12-py3.10.egg-info
[42.107s] -- Installing: /home/robot/beka_gau/install/dwb_msgs/local/lib/python3.10/dist-packages/dwb_msgs-1.0.12-py3.10.egg-info/top_level.txt
[42.108s] -- Installing: /home/robot/beka_gau/install/dwb_msgs/local/lib/python3.10/dist-packages/dwb_msgs-1.0.12-py3.10.egg-info/PKG-INFO
[42.109s] -- Installing: /home/robot/beka_gau/install/dwb_msgs/local/lib/python3.10/dist-packages/dwb_msgs-1.0.12-py3.10.egg-info/SOURCES.txt
[42.110s] -- Installing: /home/robot/beka_gau/install/dwb_msgs/local/lib/python3.10/dist-packages/dwb_msgs-1.0.12-py3.10.egg-info/dependency_links.txt
[42.110s] -- Installing: /home/robot/beka_gau/install/dwb_msgs/local/lib/python3.10/dist-packages/dwb_msgs
[42.111s] -- Installing: /home/robot/beka_gau/install/dwb_msgs/local/lib/python3.10/dist-packages/dwb_msgs/_dwb_msgs_s.ep.rosidl_typesupport_c.c
[42.111s] -- Installing: /home/robot/beka_gau/install/dwb_msgs/local/lib/python3.10/dist-packages/dwb_msgs/msg
[42.111s] -- Installing: /home/robot/beka_gau/install/dwb_msgs/local/lib/python3.10/dist-packages/dwb_msgs/msg/_trajectory_score.py
[42.111s] -- Installing: /home/robot/beka_gau/install/dwb_msgs/local/lib/python3.10/dist-packages/dwb_msgs/msg/_critic_score.py
[42.111s] -- Installing: /home/robot/beka_gau/install/dwb_msgs/local/lib/python3.10/dist-packages/dwb_msgs/msg/_critic_score_s.c
[42.112s] -- Installing: /home/robot/beka_gau/install/dwb_msgs/local/lib/python3.10/dist-packages/dwb_msgs/msg/_local_plan_evaluation.py
[42.112s] -- Installing: /home/robot/beka_gau/install/dwb_msgs/local/lib/python3.10/dist-packages/dwb_msgs/msg/_local_plan_evaluation_s.c
[42.112s] -- Installing: /home/robot/beka_gau/install/dwb_msgs/local/lib/python3.10/dist-packages/dwb_msgs/msg/_trajectory_score_s.c
[42.112s] -- Installing: /home/robot/beka_gau/install/dwb_msgs/local/lib/python3.10/dist-packages/dwb_msgs/msg/_trajectory2_d.py
[42.112s] -- Installing: /home/robot/beka_gau/install/dwb_msgs/local/lib/python3.10/dist-packages/dwb_msgs/msg/__init__.py
[42.112s] -- Installing: /home/robot/beka_gau/install/dwb_msgs/local/lib/python3.10/dist-packages/dwb_msgs/msg/_trajectory2_d_s.c
[42.113s] -- Installing: /home/robot/beka_gau/install/dwb_msgs/local/lib/python3.10/dist-packages/dwb_msgs/_dwb_msgs_s.ep.rosidl_typesupport_introspection_c.c
[42.113s] -- Installing: /home/robot/beka_gau/install/dwb_msgs/local/lib/python3.10/dist-packages/dwb_msgs/dwb_msgs_s__rosidl_typesupport_fastrtps_c.cpython-310-x86_64-linux-gnu.so
[42.113s] -- Installing: /home/robot/beka_gau/install/dwb_msgs/local/lib/python3.10/dist-packages/dwb_msgs/_dwb_msgs_s.ep.rosidl_typesupport_fastrtps_c.c
[42.113s] -- Installing: /home/robot/beka_gau/install/dwb_msgs/local/lib/python3.10/dist-packages/dwb_msgs/dwb_msgs_s__rosidl_typesupport_c.cpython-310-x86_64-linux-gnu.so
[42.113s] -- Installing: /home/robot/beka_gau/install/dwb_msgs/local/lib/python3.10/dist-packages/dwb_msgs/srv
[42.114s] -- Installing: /home/robot/beka_gau/install/dwb_msgs/local/lib/python3.10/dist-packages/dwb_msgs/srv/_generate_twists_s.c
[42.114s] -- Installing: /home/robot/beka_gau/install/dwb_msgs/local/lib/python3.10/dist-packages/dwb_msgs/srv/_debug_local_plan.py
[42.114s] -- Installing: /home/robot/beka_gau/install/dwb_msgs/local/lib/python3.10/dist-packages/dwb_msgs/srv/_generate_trajectory.py
[42.115s] -- Installing: /home/robot/beka_gau/install/dwb_msgs/local/lib/python3.10/dist-packages/dwb_msgs/srv/_get_critic_score_s.c
[42.115s] -- Installing: /home/robot/beka_gau/install/dwb_msgs/local/lib/python3.10/dist-packages/dwb_msgs/srv/_generate_trajectory_s.c
[42.115s] -- Installing: /home/robot/beka_gau/install/dwb_msgs/local/lib/python3.10/dist-packages/dwb_msgs/srv/_get_critic_score.py
[42.115s] -- Installing: /home/robot/beka_gau/install/dwb_msgs/local/lib/python3.10/dist-packages/dwb_msgs/srv/_score_trajectory_s.c
[42.116s] -- Installing: /home/robot/beka_gau/install/dwb_msgs/local/lib/python3.10/dist-packages/dwb_msgs/srv/_generate_twists.py
[42.116s] -- Installing: /home/robot/beka_gau/install/dwb_msgs/local/lib/python3.10/dist-packages/dwb_msgs/srv/_debug_local_plan_s.c
[42.116s] -- Installing: /home/robot/beka_gau/install/dwb_msgs/local/lib/python3.10/dist-packages/dwb_msgs/srv/__init__.py
[42.116s] -- Installing: /home/robot/beka_gau/install/dwb_msgs/local/lib/python3.10/dist-packages/dwb_msgs/srv/_score_trajectory.py
[42.116s] -- Installing: /home/robot/beka_gau/install/dwb_msgs/local/lib/python3.10/dist-packages/dwb_msgs/__init__.py
[42.116s] -- Installing: /home/robot/beka_gau/install/dwb_msgs/local/lib/python3.10/dist-packages/dwb_msgs/libdwb_msgs__rosidl_generator_py.so
[42.117s] -- Installing: /home/robot/beka_gau/install/dwb_msgs/local/lib/python3.10/dist-packages/dwb_msgs/dwb_msgs_s__rosidl_typesupport_introspection_c.cpython-310-x86_64-linux-gnu.so
[42.282s] Listing '/home/robot/beka_gau/install/dwb_msgs/local/lib/python3.10/dist-packages/dwb_msgs'...
[42.283s] Compiling '/home/robot/beka_gau/install/dwb_msgs/local/lib/python3.10/dist-packages/dwb_msgs/__init__.py'...
[42.283s] Listing '/home/robot/beka_gau/install/dwb_msgs/local/lib/python3.10/dist-packages/dwb_msgs/msg'...
[42.283s] Compiling '/home/robot/beka_gau/install/dwb_msgs/local/lib/python3.10/dist-packages/dwb_msgs/msg/__init__.py'...
[42.283s] Compiling '/home/robot/beka_gau/install/dwb_msgs/local/lib/python3.10/dist-packages/dwb_msgs/msg/_critic_score.py'...
[42.283s] Compiling '/home/robot/beka_gau/install/dwb_msgs/local/lib/python3.10/dist-packages/dwb_msgs/msg/_local_plan_evaluation.py'...
[42.283s] Compiling '/home/robot/beka_gau/install/dwb_msgs/local/lib/python3.10/dist-packages/dwb_msgs/msg/_trajectory2_d.py'...
[42.284s] Compiling '/home/robot/beka_gau/install/dwb_msgs/local/lib/python3.10/dist-packages/dwb_msgs/msg/_trajectory_score.py'...
[42.284s] Listing '/home/robot/beka_gau/install/dwb_msgs/local/lib/python3.10/dist-packages/dwb_msgs/srv'...
[42.284s] Compiling '/home/robot/beka_gau/install/dwb_msgs/local/lib/python3.10/dist-packages/dwb_msgs/srv/__init__.py'...
[42.284s] Compiling '/home/robot/beka_gau/install/dwb_msgs/local/lib/python3.10/dist-packages/dwb_msgs/srv/_debug_local_plan.py'...
[42.284s] Compiling '/home/robot/beka_gau/install/dwb_msgs/local/lib/python3.10/dist-packages/dwb_msgs/srv/_generate_trajectory.py'...
[42.284s] Compiling '/home/robot/beka_gau/install/dwb_msgs/local/lib/python3.10/dist-packages/dwb_msgs/srv/_generate_twists.py'...
[42.284s] Compiling '/home/robot/beka_gau/install/dwb_msgs/local/lib/python3.10/dist-packages/dwb_msgs/srv/_get_critic_score.py'...
[42.284s] Compiling '/home/robot/beka_gau/install/dwb_msgs/local/lib/python3.10/dist-packages/dwb_msgs/srv/_score_trajectory.py'...
[42.295s] -- Installing: /home/robot/beka_gau/install/dwb_msgs/local/lib/python3.10/dist-packages/dwb_msgs/dwb_msgs_s__rosidl_typesupport_fastrtps_c.cpython-310-x86_64-linux-gnu.so
[42.296s] -- Set runtime path of "/home/robot/beka_gau/install/dwb_msgs/local/lib/python3.10/dist-packages/dwb_msgs/dwb_msgs_s__rosidl_typesupport_fastrtps_c.cpython-310-x86_64-linux-gnu.so" to ""
[42.296s] -- Installing: /home/robot/beka_gau/install/dwb_msgs/local/lib/python3.10/dist-packages/dwb_msgs/dwb_msgs_s__rosidl_typesupport_introspection_c.cpython-310-x86_64-linux-gnu.so
[42.297s] -- Set runtime path of "/home/robot/beka_gau/install/dwb_msgs/local/lib/python3.10/dist-packages/dwb_msgs/dwb_msgs_s__rosidl_typesupport_introspection_c.cpython-310-x86_64-linux-gnu.so" to ""
[42.299s] -- Installing: /home/robot/beka_gau/install/dwb_msgs/local/lib/python3.10/dist-packages/dwb_msgs/dwb_msgs_s__rosidl_typesupport_c.cpython-310-x86_64-linux-gnu.so
[42.299s] -- Set runtime path of "/home/robot/beka_gau/install/dwb_msgs/local/lib/python3.10/dist-packages/dwb_msgs/dwb_msgs_s__rosidl_typesupport_c.cpython-310-x86_64-linux-gnu.so" to ""
[42.300s] -- Installing: /home/robot/beka_gau/install/dwb_msgs/lib/libdwb_msgs__rosidl_generator_py.so
[42.300s] -- Set runtime path of "/home/robot/beka_gau/install/dwb_msgs/lib/libdwb_msgs__rosidl_generator_py.so" to ""
[42.300s] -- Installing: /home/robot/beka_gau/install/dwb_msgs/share/dwb_msgs/msg/CriticScore.idl
[42.300s] -- Installing: /home/robot/beka_gau/install/dwb_msgs/share/dwb_msgs/msg/LocalPlanEvaluation.idl
[42.300s] -- Installing: /home/robot/beka_gau/install/dwb_msgs/share/dwb_msgs/msg/Trajectory2D.idl
[42.301s] -- Installing: /home/robot/beka_gau/install/dwb_msgs/share/dwb_msgs/msg/TrajectoryScore.idl
[42.301s] -- Installing: /home/robot/beka_gau/install/dwb_msgs/share/dwb_msgs/srv/DebugLocalPlan.idl
[42.301s] -- Installing: /home/robot/beka_gau/install/dwb_msgs/share/dwb_msgs/srv/GenerateTrajectory.idl
[42.301s] -- Installing: /home/robot/beka_gau/install/dwb_msgs/share/dwb_msgs/srv/GenerateTwists.idl
[42.302s] -- Installing: /home/robot/beka_gau/install/dwb_msgs/share/dwb_msgs/srv/GetCriticScore.idl
[42.302s] -- Installing: /home/robot/beka_gau/install/dwb_msgs/share/dwb_msgs/srv/ScoreTrajectory.idl
[42.303s] -- Installing: /home/robot/beka_gau/install/dwb_msgs/share/dwb_msgs/msg/CriticScore.msg
[42.303s] -- Installing: /home/robot/beka_gau/install/dwb_msgs/share/dwb_msgs/msg/LocalPlanEvaluation.msg
[42.303s] -- Installing: /home/robot/beka_gau/install/dwb_msgs/share/dwb_msgs/msg/Trajectory2D.msg
[42.304s] -- Installing: /home/robot/beka_gau/install/dwb_msgs/share/dwb_msgs/msg/TrajectoryScore.msg
[42.304s] -- Installing: /home/robot/beka_gau/install/dwb_msgs/share/dwb_msgs/srv/DebugLocalPlan.srv
[42.304s] -- Installing: /home/robot/beka_gau/install/dwb_msgs/share/dwb_msgs/srv/DebugLocalPlan_Request.msg
[42.305s] -- Installing: /home/robot/beka_gau/install/dwb_msgs/share/dwb_msgs/srv/DebugLocalPlan_Response.msg
[42.310s] -- Installing: /home/robot/beka_gau/install/dwb_msgs/share/dwb_msgs/srv/GenerateTrajectory.srv
[42.310s] -- Installing: /home/robot/beka_gau/install/dwb_msgs/share/dwb_msgs/srv/GenerateTrajectory_Request.msg
[42.311s] -- Installing: /home/robot/beka_gau/install/dwb_msgs/share/dwb_msgs/srv/GenerateTrajectory_Response.msg
[42.312s] -- Installing: /home/robot/beka_gau/install/dwb_msgs/share/dwb_msgs/srv/GenerateTwists.srv
[42.314s] -- Installing: /home/robot/beka_gau/install/dwb_msgs/share/dwb_msgs/srv/GenerateTwists_Request.msg
[42.314s] -- Installing: /home/robot/beka_gau/install/dwb_msgs/share/dwb_msgs/srv/GenerateTwists_Response.msg
[42.315s] -- Installing: /home/robot/beka_gau/install/dwb_msgs/share/dwb_msgs/srv/GetCriticScore.srv
[42.315s] -- Installing: /home/robot/beka_gau/install/dwb_msgs/share/dwb_msgs/srv/GetCriticScore_Request.msg
[42.315s] -- Installing: /home/robot/beka_gau/install/dwb_msgs/share/dwb_msgs/srv/GetCriticScore_Response.msg
[42.315s] -- Installing: /home/robot/beka_gau/install/dwb_msgs/share/dwb_msgs/srv/ScoreTrajectory.srv
[42.315s] -- Installing: /home/robot/beka_gau/install/dwb_msgs/share/dwb_msgs/srv/ScoreTrajectory_Request.msg
[42.316s] -- Installing: /home/robot/beka_gau/install/dwb_msgs/share/dwb_msgs/srv/ScoreTrajectory_Response.msg
[42.317s] -- Installing: /home/robot/beka_gau/install/dwb_msgs/share/ament_index/resource_index/package_run_dependencies/dwb_msgs
[42.317s] -- Installing: /home/robot/beka_gau/install/dwb_msgs/share/ament_index/resource_index/parent_prefix_path/dwb_msgs
[42.317s] -- Installing: /home/robot/beka_gau/install/dwb_msgs/share/dwb_msgs/environment/ament_prefix_path.sh
[42.318s] -- Installing: /home/robot/beka_gau/install/dwb_msgs/share/dwb_msgs/environment/ament_prefix_path.dsv
[42.318s] -- Installing: /home/robot/beka_gau/install/dwb_msgs/share/dwb_msgs/environment/path.sh
[42.319s] -- Installing: /home/robot/beka_gau/install/dwb_msgs/share/dwb_msgs/environment/path.dsv
[42.319s] -- Installing: /home/robot/beka_gau/install/dwb_msgs/share/dwb_msgs/local_setup.bash
[42.319s] -- Installing: /home/robot/beka_gau/install/dwb_msgs/share/dwb_msgs/local_setup.sh
[42.320s] -- Installing: /home/robot/beka_gau/install/dwb_msgs/share/dwb_msgs/local_setup.zsh
[42.320s] -- Installing: /home/robot/beka_gau/install/dwb_msgs/share/dwb_msgs/local_setup.dsv
[42.320s] -- Installing: /home/robot/beka_gau/install/dwb_msgs/share/dwb_msgs/package.dsv
[42.320s] -- Installing: /home/robot/beka_gau/install/dwb_msgs/share/ament_index/resource_index/packages/dwb_msgs
[42.320s] -- Installing: /home/robot/beka_gau/install/dwb_msgs/share/dwb_msgs/cmake/export_dwb_msgs__rosidl_generator_cExport.cmake
[42.321s] -- Installing: /home/robot/beka_gau/install/dwb_msgs/share/dwb_msgs/cmake/export_dwb_msgs__rosidl_generator_cExport-noconfig.cmake
[42.321s] -- Installing: /home/robot/beka_gau/install/dwb_msgs/share/dwb_msgs/cmake/export_dwb_msgs__rosidl_typesupport_fastrtps_cExport.cmake
[42.321s] -- Installing: /home/robot/beka_gau/install/dwb_msgs/share/dwb_msgs/cmake/export_dwb_msgs__rosidl_typesupport_fastrtps_cExport-noconfig.cmake
[42.321s] -- Installing: /home/robot/beka_gau/install/dwb_msgs/share/dwb_msgs/cmake/export_dwb_msgs__rosidl_generator_cppExport.cmake
[42.321s] -- Installing: /home/robot/beka_gau/install/dwb_msgs/share/dwb_msgs/cmake/export_dwb_msgs__rosidl_typesupport_fastrtps_cppExport.cmake
[42.321s] -- Installing: /home/robot/beka_gau/install/dwb_msgs/share/dwb_msgs/cmake/export_dwb_msgs__rosidl_typesupport_fastrtps_cppExport-noconfig.cmake
[42.322s] -- Installing: /home/robot/beka_gau/install/dwb_msgs/share/dwb_msgs/cmake/dwb_msgs__rosidl_typesupport_introspection_cExport.cmake
[42.322s] -- Installing: /home/robot/beka_gau/install/dwb_msgs/share/dwb_msgs/cmake/dwb_msgs__rosidl_typesupport_introspection_cExport-noconfig.cmake
[42.322s] -- Installing: /home/robot/beka_gau/install/dwb_msgs/share/dwb_msgs/cmake/dwb_msgs__rosidl_typesupport_cExport.cmake
[42.322s] -- Installing: /home/robot/beka_gau/install/dwb_msgs/share/dwb_msgs/cmake/dwb_msgs__rosidl_typesupport_cExport-noconfig.cmake
[42.322s] -- Installing: /home/robot/beka_gau/install/dwb_msgs/share/dwb_msgs/cmake/dwb_msgs__rosidl_typesupport_introspection_cppExport.cmake
[42.323s] -- Installing: /home/robot/beka_gau/install/dwb_msgs/share/dwb_msgs/cmake/dwb_msgs__rosidl_typesupport_introspection_cppExport-noconfig.cmake
[42.323s] -- Installing: /home/robot/beka_gau/install/dwb_msgs/share/dwb_msgs/cmake/dwb_msgs__rosidl_typesupport_cppExport.cmake
[42.325s] -- Installing: /home/robot/beka_gau/install/dwb_msgs/share/dwb_msgs/cmake/dwb_msgs__rosidl_typesupport_cppExport-noconfig.cmake
[42.326s] -- Installing: /home/robot/beka_gau/install/dwb_msgs/share/dwb_msgs/cmake/export_dwb_msgs__rosidl_generator_pyExport.cmake
[42.326s] -- Installing: /home/robot/beka_gau/install/dwb_msgs/share/dwb_msgs/cmake/export_dwb_msgs__rosidl_generator_pyExport-noconfig.cmake
[42.326s] -- Installing: /home/robot/beka_gau/install/dwb_msgs/share/dwb_msgs/cmake/rosidl_cmake-extras.cmake
[42.326s] -- Installing: /home/robot/beka_gau/install/dwb_msgs/share/dwb_msgs/cmake/ament_cmake_export_dependencies-extras.cmake
[42.326s] -- Installing: /home/robot/beka_gau/install/dwb_msgs/share/dwb_msgs/cmake/ament_cmake_export_include_directories-extras.cmake
[42.326s] -- Installing: /home/robot/beka_gau/install/dwb_msgs/share/dwb_msgs/cmake/ament_cmake_export_libraries-extras.cmake
[42.326s] -- Installing: /home/robot/beka_gau/install/dwb_msgs/share/dwb_msgs/cmake/ament_cmake_export_targets-extras.cmake
[42.326s] -- Installing: /home/robot/beka_gau/install/dwb_msgs/share/dwb_msgs/cmake/rosidl_cmake_export_typesupport_targets-extras.cmake
[42.327s] -- Installing: /home/robot/beka_gau/install/dwb_msgs/share/dwb_msgs/cmake/rosidl_cmake_export_typesupport_libraries-extras.cmake
[42.328s] -- Installing: /home/robot/beka_gau/install/dwb_msgs/share/dwb_msgs/cmake/dwb_msgsConfig.cmake
[42.330s] -- Installing: /home/robot/beka_gau/install/dwb_msgs/share/dwb_msgs/cmake/dwb_msgsConfig-version.cmake
[42.330s] -- Installing: /home/robot/beka_gau/install/dwb_msgs/share/dwb_msgs/package.xml
[42.335s] Invoked command in '/home/robot/beka_gau/build/dwb_msgs' returned '0': AMENT_PREFIX_PATH=/home/robot/beka_gau/install/nav_2d_msgs:${AMENT_PREFIX_PATH} CMAKE_PREFIX_PATH=/home/robot/beka_gau/install/nav_2d_msgs:/home/robot/beka_gau/install/wheelchair_description:/opt/ros/humble LD_LIBRARY_PATH=/home/robot/beka_gau/install/nav_2d_msgs/lib:${LD_LIBRARY_PATH} PYTHONPATH=/home/robot/beka_gau/install/nav_2d_msgs/local/lib/python3.10/dist-packages:${PYTHONPATH} /usr/bin/cmake --install /home/robot/beka_gau/build/dwb_msgs
