[1.889s] Invoking command in '/home/robot/beka_gau/src/ros-planning/navigation2/nav2_bringup/nav2_gazebo_spawner': PYTHONPATH=/home/robot/beka_gau/build/nav2_gazebo_spawner/prefix_override:/usr/lib/python3/dist-packages/colcon_core/task/python/colcon_distutils_commands:/home/robot/beka_gau/install/nav2_gazebo_spawner/lib/python3.10/site-packages:${PYTHONPATH} /usr/bin/python3 -W ignore:setup.py install is deprecated -W ignore:easy_install command is deprecated setup.py egg_info --egg-base ../../../../../build/nav2_gazebo_spawner build --build-base /home/robot/beka_gau/build/nav2_gazebo_spawner/build install --record /home/robot/beka_gau/build/nav2_gazebo_spawner/install.log --install-scripts $base/lib/nav2_gazebo_spawner --single-version-externally-managed install_data
[2.549s] /usr/lib/python3/dist-packages/setuptools/dist.py:723: UserWarning: Usage of dash-separated 'script-dir' will not be supported in future versions. Please use the underscore name 'script_dir' instead
[2.549s]   warnings.warn(
[2.570s] running egg_info
[2.570s] creating ../../../../../build/nav2_gazebo_spawner/nav2_gazebo_spawner.egg-info
[2.571s] writing ../../../../../build/nav2_gazebo_spawner/nav2_gazebo_spawner.egg-info/PKG-INFO
[2.571s] writing dependency_links to ../../../../../build/nav2_gazebo_spawner/nav2_gazebo_spawner.egg-info/dependency_links.txt
[2.571s] writing entry points to ../../../../../build/nav2_gazebo_spawner/nav2_gazebo_spawner.egg-info/entry_points.txt
[2.572s] writing requirements to ../../../../../build/nav2_gazebo_spawner/nav2_gazebo_spawner.egg-info/requires.txt
[2.572s] writing top-level names to ../../../../../build/nav2_gazebo_spawner/nav2_gazebo_spawner.egg-info/top_level.txt
[2.572s] writing manifest file '../../../../../build/nav2_gazebo_spawner/nav2_gazebo_spawner.egg-info/SOURCES.txt'
[2.582s] reading manifest file '../../../../../build/nav2_gazebo_spawner/nav2_gazebo_spawner.egg-info/SOURCES.txt'
[2.582s] writing manifest file '../../../../../build/nav2_gazebo_spawner/nav2_gazebo_spawner.egg-info/SOURCES.txt'
[2.582s] running build
[2.583s] running build_py
[2.583s] creating /home/robot/beka_gau/build/nav2_gazebo_spawner/build
[2.583s] creating /home/robot/beka_gau/build/nav2_gazebo_spawner/build/lib
[2.583s] creating /home/robot/beka_gau/build/nav2_gazebo_spawner/build/lib/nav2_gazebo_spawner
[2.583s] copying nav2_gazebo_spawner/nav2_gazebo_spawner.py -> /home/robot/beka_gau/build/nav2_gazebo_spawner/build/lib/nav2_gazebo_spawner
[2.587s] copying nav2_gazebo_spawner/__init__.py -> /home/robot/beka_gau/build/nav2_gazebo_spawner/build/lib/nav2_gazebo_spawner
[2.587s] running install
[2.587s] running install_lib
[2.587s] creating /home/robot/beka_gau/install/nav2_gazebo_spawner/lib/python3.10/site-packages/nav2_gazebo_spawner
[2.588s] copying /home/robot/beka_gau/build/nav2_gazebo_spawner/build/lib/nav2_gazebo_spawner/nav2_gazebo_spawner.py -> /home/robot/beka_gau/install/nav2_gazebo_spawner/lib/python3.10/site-packages/nav2_gazebo_spawner
[2.588s] copying /home/robot/beka_gau/build/nav2_gazebo_spawner/build/lib/nav2_gazebo_spawner/__init__.py -> /home/robot/beka_gau/install/nav2_gazebo_spawner/lib/python3.10/site-packages/nav2_gazebo_spawner
[2.592s] byte-compiling /home/robot/beka_gau/install/nav2_gazebo_spawner/lib/python3.10/site-packages/nav2_gazebo_spawner/nav2_gazebo_spawner.py to nav2_gazebo_spawner.cpython-310.pyc
[2.595s] byte-compiling /home/robot/beka_gau/install/nav2_gazebo_spawner/lib/python3.10/site-packages/nav2_gazebo_spawner/__init__.py to __init__.cpython-310.pyc
[2.595s] running install_data
[2.595s] creating /home/robot/beka_gau/install/nav2_gazebo_spawner/share/ament_index
[2.595s] creating /home/robot/beka_gau/install/nav2_gazebo_spawner/share/ament_index/resource_index
[2.595s] creating /home/robot/beka_gau/install/nav2_gazebo_spawner/share/ament_index/resource_index/packages
[2.596s] copying resource/nav2_gazebo_spawner -> /home/robot/beka_gau/install/nav2_gazebo_spawner/share/ament_index/resource_index/packages
[2.596s] copying package.xml -> /home/robot/beka_gau/install/nav2_gazebo_spawner/share/nav2_gazebo_spawner
[2.596s] running install_egg_info
[2.598s] Copying ../../../../../build/nav2_gazebo_spawner/nav2_gazebo_spawner.egg-info to /home/robot/beka_gau/install/nav2_gazebo_spawner/lib/python3.10/site-packages/nav2_gazebo_spawner-0.3.0-py3.10.egg-info
[2.600s] running install_scripts
[2.664s] Installing nav2_gazebo_spawner script to /home/robot/beka_gau/install/nav2_gazebo_spawner/lib/nav2_gazebo_spawner
[2.665s] writing list of installed files to '/home/robot/beka_gau/build/nav2_gazebo_spawner/install.log'
[2.732s] Invoked command in '/home/robot/beka_gau/src/ros-planning/navigation2/nav2_bringup/nav2_gazebo_spawner' returned '0': PYTHONPATH=/home/robot/beka_gau/build/nav2_gazebo_spawner/prefix_override:/usr/lib/python3/dist-packages/colcon_core/task/python/colcon_distutils_commands:/home/robot/beka_gau/install/nav2_gazebo_spawner/lib/python3.10/site-packages:${PYTHONPATH} /usr/bin/python3 -W ignore:setup.py install is deprecated -W ignore:easy_install command is deprecated setup.py egg_info --egg-base ../../../../../build/nav2_gazebo_spawner build --build-base /home/robot/beka_gau/build/nav2_gazebo_spawner/build install --record /home/robot/beka_gau/build/nav2_gazebo_spawner/install.log --install-scripts $base/lib/nav2_gazebo_spawner --single-version-externally-managed install_data
